[1.002s] Invoking command in '/home/nuna/ipm-ws/src/ipm/ipm_image_node': AMENT_PREFIX_PATH=/home/nuna/ipm-ws/install/ipm_library:/home/nuna/ipm-ws/install/ipm_interfaces:/home/nuna/ipm-ws/install/vision_msgs:${AMENT_PREFIX_PATH} CMAKE_PREFIX_PATH=/home/nuna/ipm-ws/install/ipm_interfaces:/home/nuna/ipm-ws/install/vision_msgs LD_LIBRARY_PATH=/home/nuna/ipm-ws/install/ipm_interfaces/lib:/home/nuna/ipm-ws/install/vision_msgs/lib:${LD_LIBRARY_PATH} PYTHONPATH=/home/nuna/ipm-ws/build/ipm_image_node/prefix_override:/home/nuna/ipm-ws/install/ipm_image_node/lib/python3.10/site-packages:/home/nuna/ipm-ws/install/ipm_library/lib/python3.10/site-packages:/home/nuna/ipm-ws/install/ipm_interfaces/lib/python3.10/site-packages:/home/nuna/ipm-ws/install/vision_msgs/lib/python3.10/site-packages:${PYTHONPATH} /usr/bin/python3 setup.py egg_info --egg-base ../../../build/ipm_image_node build --build-base /home/nuna/ipm-ws/build/ipm_image_node/build install --record /home/nuna/ipm-ws/build/ipm_image_node/install.log --single-version-externally-managed
[1.257s] running egg_info
[1.258s] writing ../../../build/ipm_image_node/ipm_image_node.egg-info/PKG-INFO
[1.258s] writing dependency_links to ../../../build/ipm_image_node/ipm_image_node.egg-info/dependency_links.txt
[1.258s] writing entry points to ../../../build/ipm_image_node/ipm_image_node.egg-info/entry_points.txt
[1.258s] writing requirements to ../../../build/ipm_image_node/ipm_image_node.egg-info/requires.txt
[1.258s] writing top-level names to ../../../build/ipm_image_node/ipm_image_node.egg-info/top_level.txt
[1.261s] reading manifest file '../../../build/ipm_image_node/ipm_image_node.egg-info/SOURCES.txt'
[1.262s] writing manifest file '../../../build/ipm_image_node/ipm_image_node.egg-info/SOURCES.txt'
[1.262s] running build
[1.262s] running build_py
[1.263s] running install
[1.263s] /usr/lib/python3/dist-packages/setuptools/command/install.py:34: SetuptoolsDeprecationWarning: setup.py install is deprecated. Use build and pip and other standards-based tools.
[1.263s]   warnings.warn(
[1.263s] running install_lib
[1.265s] running install_data
[1.266s] running install_egg_info
[1.268s] removing '/home/nuna/ipm-ws/install/ipm_image_node/lib/python3.10/site-packages/ipm_image_node-0.0.0-py3.10.egg-info' (and everything under it)
[1.268s] Copying ../../../build/ipm_image_node/ipm_image_node.egg-info to /home/nuna/ipm-ws/install/ipm_image_node/lib/python3.10/site-packages/ipm_image_node-0.0.0-py3.10.egg-info
[1.269s] running install_scripts
[1.292s] Installing ipm script to /home/nuna/ipm-ws/install/ipm_image_node/lib/ipm_image_node
[1.293s] writing list of installed files to '/home/nuna/ipm-ws/build/ipm_image_node/install.log'
[1.370s] Invoked command in '/home/nuna/ipm-ws/src/ipm/ipm_image_node' returned '0': AMENT_PREFIX_PATH=/home/nuna/ipm-ws/install/ipm_library:/home/nuna/ipm-ws/install/ipm_interfaces:/home/nuna/ipm-ws/install/vision_msgs:${AMENT_PREFIX_PATH} CMAKE_PREFIX_PATH=/home/nuna/ipm-ws/install/ipm_interfaces:/home/nuna/ipm-ws/install/vision_msgs LD_LIBRARY_PATH=/home/nuna/ipm-ws/install/ipm_interfaces/lib:/home/nuna/ipm-ws/install/vision_msgs/lib:${LD_LIBRARY_PATH} PYTHONPATH=/home/nuna/ipm-ws/build/ipm_image_node/prefix_override:/home/nuna/ipm-ws/install/ipm_image_node/lib/python3.10/site-packages:/home/nuna/ipm-ws/install/ipm_library/lib/python3.10/site-packages:/home/nuna/ipm-ws/install/ipm_interfaces/lib/python3.10/site-packages:/home/nuna/ipm-ws/install/vision_msgs/lib/python3.10/site-packages:${PYTHONPATH} /usr/bin/python3 setup.py egg_info --egg-base ../../../build/ipm_image_node build --build-base /home/nuna/ipm-ws/build/ipm_image_node/build install --record /home/nuna/ipm-ws/build/ipm_image_node/install.log --single-version-externally-managed
