-- The C compiler identification is GNU 11.4.0
-- The CXX compiler identification is GNU 11.4.0
-- Detecting C compiler ABI info
-- Detecting C compiler ABI info - done
-- Check for working C compiler: /usr/bin/cc - skipped
-- Detecting C compile features
-- Detecting C compile features - done
-- Detecting CXX compiler ABI info
-- Detecting CXX compiler ABI info - done
-- Check for working CXX compiler: /usr/bin/c++ - skipped
-- Detecting CXX compile features
-- Detecting CXX compile features - done
-- Found ament_cmake: 2.3.0 (/opt/ros/rolling/share/ament_cmake/cmake)
-- Found Python3: /usr/bin/python3.10 (found version "3.10.12") found components: Interpreter 
-- Found rosidl_default_generators: 1.6.0 (/opt/ros/rolling/share/rosidl_default_generators/cmake)
-- Using all available rosidl_typesupport_c: rosidl_typesupport_fastrtps_c;rosidl_typesupport_introspection_c
-- Using all available rosidl_typesupport_cpp: rosidl_typesupport_fastrtps_cpp;rosidl_typesupport_introspection_cpp
-- Found rosidl_adapter: 4.4.0 (/opt/ros/rolling/share/rosidl_adapter/cmake)
-- Found std_msgs: 5.2.0 (/opt/ros/rolling/share/std_msgs/cmake)
-- Found geometry_msgs: 5.2.0 (/opt/ros/rolling/share/geometry_msgs/cmake)
-- Found ament_cmake_ros: 0.12.0 (/opt/ros/rolling/share/ament_cmake_ros/cmake)
-- Using all available rosidl_typesupport_c: rosidl_typesupport_fastrtps_c;rosidl_typesupport_introspection_c
-- Using all available rosidl_typesupport_cpp: rosidl_typesupport_fastrtps_cpp;rosidl_typesupport_introspection_cpp
-- Found PythonInterp: /usr/bin/python3 (found suitable version "3.10.12", minimum required is "3.6") 
-- Found python_cmake_module: 0.11.0 (/opt/ros/rolling/share/python_cmake_module/cmake)
-- Found PythonLibs: /usr/lib/x86_64-linux-gnu/libpython3.10.so (found suitable version "3.10.12", minimum required is "3.5") 
-- Using PYTHON_EXECUTABLE: /usr/bin/python3
-- Using PYTHON_INCLUDE_DIRS: /usr/include/python3.10
-- Using PYTHON_LIBRARIES: /usr/lib/x86_64-linux-gnu/libpython3.10.so
-- Found PythonExtra: .so  
-- Found ament_lint_auto: 0.15.2 (/opt/ros/rolling/share/ament_lint_auto/cmake)
-- Added test 'copyright' to check source files copyright and LICENSE
-- Added test 'lint_cmake' to check CMake code style
-- Added test 'xmllint' to check XML markup files
-- Configuring done (3.6s)
-- Generating done (0.0s)
-- Build files have been written to: /home/nuna/ipm-ws/build/biped_interfaces
[  2%] [34m[1mGenerating type hashes for ROS interfaces[0m
[  2%] Built target ament_cmake_python_copy_biped_interfaces
[  2%] Built target biped_interfaces__rosidl_generator_type_description
running egg_info
creating biped_interfaces.egg-info
writing biped_interfaces.egg-info/PKG-INFO
writing dependency_links to biped_interfaces.egg-info/dependency_links.txt
writing top-level names to biped_interfaces.egg-info/top_level.txt
writing manifest file 'biped_interfaces.egg-info/SOURCES.txt'
reading manifest file 'biped_interfaces.egg-info/SOURCES.txt'
[  4%] [34m[1mGenerating C++ code for ROS interfaces[0m
writing manifest file 'biped_interfaces.egg-info/SOURCES.txt'
[  6%] [34m[1mGenerating C code for ROS interfaces[0m
[  6%] Built target ament_cmake_python_build_biped_interfaces_egg
[  6%] Built target biped_interfaces__cpp
[  9%] [32mBuilding C object CMakeFiles/biped_interfaces__rosidl_generator_c.dir/rosidl_generator_c/biped_interfaces/msg/detail/sole_poses__description.c.o[0m
[ 11%] [32mBuilding C object CMakeFiles/biped_interfaces__rosidl_generator_c.dir/rosidl_generator_c/biped_interfaces/msg/detail/phase__functions.c.o[0m
[ 13%] [32mBuilding C object CMakeFiles/biped_interfaces__rosidl_generator_c.dir/rosidl_generator_c/biped_interfaces/msg/detail/phase__type_support.c.o[0m
[ 15%] [32mBuilding C object CMakeFiles/biped_interfaces__rosidl_generator_c.dir/rosidl_generator_c/biped_interfaces/msg/detail/phase__description.c.o[0m
[ 18%] [32mBuilding C object CMakeFiles/biped_interfaces__rosidl_generator_c.dir/rosidl_generator_c/biped_interfaces/msg/detail/sole_poses__functions.c.o[0m
[ 20%] [32mBuilding C object CMakeFiles/biped_interfaces__rosidl_generator_c.dir/rosidl_generator_c/biped_interfaces/msg/detail/sole_poses__type_support.c.o[0m
[ 22%] [32m[1mLinking C shared library libbiped_interfaces__rosidl_generator_c.so[0m
[ 22%] Built target biped_interfaces__rosidl_generator_c
[ 25%] [34m[1mGenerating C++ introspection for ROS interfaces[0m
[ 27%] [34m[1mGenerating C++ type support dispatch for ROS interfaces[0m
[ 31%] [34m[1mGenerating C introspection for ROS interfaces[0m
[ 31%] [34m[1mGenerating C type support for eProsima Fast-RTPS[0m
[ 34%] [34m[1mGenerating C type support dispatch for ROS interfaces[0m
[ 36%] [34m[1mGenerating C++ type support for eProsima Fast-RTPS[0m
[ 38%] [32mBuilding CXX object CMakeFiles/biped_interfaces__rosidl_typesupport_introspection_cpp.dir/rosidl_typesupport_introspection_cpp/biped_interfaces/msg/detail/phase__type_support.cpp.o[0m
[ 40%] [32mBuilding CXX object CMakeFiles/biped_interfaces__rosidl_typesupport_introspection_cpp.dir/rosidl_typesupport_introspection_cpp/biped_interfaces/msg/detail/sole_poses__type_support.cpp.o[0m
[ 43%] [32mBuilding CXX object CMakeFiles/biped_interfaces__rosidl_typesupport_fastrtps_c.dir/rosidl_typesupport_fastrtps_c/biped_interfaces/msg/detail/phase__type_support_c.cpp.o[0m
[ 45%] [32mBuilding CXX object CMakeFiles/biped_interfaces__rosidl_typesupport_cpp.dir/rosidl_typesupport_cpp/biped_interfaces/msg/phase__type_support.cpp.o[0m
[ 47%] [32mBuilding CXX object CMakeFiles/biped_interfaces__rosidl_typesupport_fastrtps_c.dir/rosidl_typesupport_fastrtps_c/biped_interfaces/msg/detail/sole_poses__type_support_c.cpp.o[0m
[ 50%] [32mBuilding C object CMakeFiles/biped_interfaces__rosidl_typesupport_introspection_c.dir/rosidl_typesupport_introspection_c/biped_interfaces/msg/detail/phase__type_support.c.o[0m
[ 52%] [32mBuilding CXX object CMakeFiles/biped_interfaces__rosidl_typesupport_c.dir/rosidl_typesupport_c/biped_interfaces/msg/phase__type_support.cpp.o[0m
[ 54%] [32mBuilding C object CMakeFiles/biped_interfaces__rosidl_typesupport_introspection_c.dir/rosidl_typesupport_introspection_c/biped_interfaces/msg/detail/sole_poses__type_support.c.o[0m
[ 56%] [32mBuilding CXX object CMakeFiles/biped_interfaces__rosidl_typesupport_fastrtps_cpp.dir/rosidl_typesupport_fastrtps_cpp/biped_interfaces/msg/detail/dds_fastrtps/phase__type_support.cpp.o[0m
[ 59%] [32mBuilding CXX object CMakeFiles/biped_interfaces__rosidl_typesupport_c.dir/rosidl_typesupport_c/biped_interfaces/msg/sole_poses__type_support.cpp.o[0m
[ 61%] [32m[1mLinking C shared library libbiped_interfaces__rosidl_typesupport_introspection_c.so[0m
[ 63%] [32m[1mLinking CXX shared library libbiped_interfaces__rosidl_typesupport_c.so[0m
[ 63%] Built target biped_interfaces__rosidl_typesupport_introspection_c
[ 63%] Built target biped_interfaces__rosidl_typesupport_c
[ 65%] [32mBuilding CXX object CMakeFiles/biped_interfaces__rosidl_typesupport_cpp.dir/rosidl_typesupport_cpp/biped_interfaces/msg/sole_poses__type_support.cpp.o[0m
[ 68%] [32mBuilding CXX object CMakeFiles/biped_interfaces__rosidl_typesupport_fastrtps_cpp.dir/rosidl_typesupport_fastrtps_cpp/biped_interfaces/msg/detail/dds_fastrtps/sole_poses__type_support.cpp.o[0m
[ 70%] [32m[1mLinking CXX shared library libbiped_interfaces__rosidl_typesupport_fastrtps_c.so[0m
[ 72%] [32m[1mLinking CXX shared library libbiped_interfaces__rosidl_typesupport_introspection_cpp.so[0m
[ 72%] Built target biped_interfaces__rosidl_typesupport_fastrtps_c
[ 75%] [32m[1mLinking CXX shared library libbiped_interfaces__rosidl_typesupport_cpp.so[0m
[ 75%] Built target biped_interfaces__rosidl_typesupport_introspection_cpp
[ 75%] Built target biped_interfaces__rosidl_typesupport_cpp
[ 77%] [32m[1mLinking CXX shared library libbiped_interfaces__rosidl_typesupport_fastrtps_cpp.so[0m
[ 77%] Built target biped_interfaces__rosidl_typesupport_fastrtps_cpp
[ 77%] Built target biped_interfaces
[ 79%] [34m[1mGenerating Python code for ROS interfaces[0m
[ 79%] Built target biped_interfaces__py
[ 81%] [32mBuilding C object CMakeFiles/biped_interfaces__rosidl_generator_py.dir/rosidl_generator_py/biped_interfaces/msg/_phase_s.c.o[0m
[ 84%] [32mBuilding C object CMakeFiles/biped_interfaces__rosidl_generator_py.dir/rosidl_generator_py/biped_interfaces/msg/_sole_poses_s.c.o[0m
[ 86%] [32m[1mLinking C shared library rosidl_generator_py/biped_interfaces/libbiped_interfaces__rosidl_generator_py.so[0m
[ 86%] Built target biped_interfaces__rosidl_generator_py
[ 88%] [32mBuilding C object CMakeFiles/biped_interfaces__rosidl_typesupport_fastrtps_c__pyext.dir/rosidl_generator_py/biped_interfaces/_biped_interfaces_s.ep.rosidl_typesupport_fastrtps_c.c.o[0m
[ 90%] [32mBuilding C object CMakeFiles/biped_interfaces__rosidl_typesupport_introspection_c__pyext.dir/rosidl_generator_py/biped_interfaces/_biped_interfaces_s.ep.rosidl_typesupport_introspection_c.c.o[0m
[ 93%] [32mBuilding C object CMakeFiles/biped_interfaces__rosidl_typesupport_c__pyext.dir/rosidl_generator_py/biped_interfaces/_biped_interfaces_s.ep.rosidl_typesupport_c.c.o[0m
[ 95%] [32m[1mLinking C shared library rosidl_generator_py/biped_interfaces/biped_interfaces_s__rosidl_typesupport_fastrtps_c.cpython-310-x86_64-linux-gnu.so[0m
[ 97%] [32m[1mLinking C shared library rosidl_generator_py/biped_interfaces/biped_interfaces_s__rosidl_typesupport_introspection_c.cpython-310-x86_64-linux-gnu.so[0m
[ 97%] Built target biped_interfaces__rosidl_typesupport_introspection_c__pyext
[100%] [32m[1mLinking C shared library rosidl_generator_py/biped_interfaces/biped_interfaces_s__rosidl_typesupport_c.cpython-310-x86_64-linux-gnu.so[0m
[100%] Built target biped_interfaces__rosidl_typesupport_fastrtps_c__pyext
[100%] Built target biped_interfaces__rosidl_typesupport_c__pyext
-- Install configuration: ""
-- Installing: /home/nuna/ipm-ws/install/biped_interfaces/share/ament_index/resource_index/rosidl_interfaces/biped_interfaces
-- Installing: /home/nuna/ipm-ws/install/biped_interfaces/share/biped_interfaces/msg/Phase.json
-- Installing: /home/nuna/ipm-ws/install/biped_interfaces/share/biped_interfaces/msg/SolePoses.json
-- Installing: /home/nuna/ipm-ws/install/biped_interfaces/include/biped_interfaces/biped_interfaces
-- Installing: /home/nuna/ipm-ws/install/biped_interfaces/include/biped_interfaces/biped_interfaces/msg
-- Installing: /home/nuna/ipm-ws/install/biped_interfaces/include/biped_interfaces/biped_interfaces/msg/phase.h
-- Installing: /home/nuna/ipm-ws/install/biped_interfaces/include/biped_interfaces/biped_interfaces/msg/sole_poses.h
-- Installing: /home/nuna/ipm-ws/install/biped_interfaces/include/biped_interfaces/biped_interfaces/msg/rosidl_generator_c__visibility_control.h
-- Installing: /home/nuna/ipm-ws/install/biped_interfaces/include/biped_interfaces/biped_interfaces/msg/detail
-- Installing: /home/nuna/ipm-ws/install/biped_interfaces/include/biped_interfaces/biped_interfaces/msg/detail/sole_poses__functions.h
-- Installing: /home/nuna/ipm-ws/install/biped_interfaces/include/biped_interfaces/biped_interfaces/msg/detail/sole_poses__type_support.h
-- Installing: /home/nuna/ipm-ws/install/biped_interfaces/include/biped_interfaces/biped_interfaces/msg/detail/sole_poses__struct.h
-- Installing: /home/nuna/ipm-ws/install/biped_interfaces/include/biped_interfaces/biped_interfaces/msg/detail/phase__description.c
-- Installing: /home/nuna/ipm-ws/install/biped_interfaces/include/biped_interfaces/biped_interfaces/msg/detail/phase__struct.h
-- Installing: /home/nuna/ipm-ws/install/biped_interfaces/include/biped_interfaces/biped_interfaces/msg/detail/sole_poses__type_support.c
-- Installing: /home/nuna/ipm-ws/install/biped_interfaces/include/biped_interfaces/biped_interfaces/msg/detail/sole_poses__functions.c
-- Installing: /home/nuna/ipm-ws/install/biped_interfaces/include/biped_interfaces/biped_interfaces/msg/detail/sole_poses__description.c
-- Installing: /home/nuna/ipm-ws/install/biped_interfaces/include/biped_interfaces/biped_interfaces/msg/detail/phase__functions.c
-- Installing: /home/nuna/ipm-ws/install/biped_interfaces/include/biped_interfaces/biped_interfaces/msg/detail/phase__type_support.h
-- Installing: /home/nuna/ipm-ws/install/biped_interfaces/include/biped_interfaces/biped_interfaces/msg/detail/phase__type_support.c
-- Installing: /home/nuna/ipm-ws/install/biped_interfaces/include/biped_interfaces/biped_interfaces/msg/detail/phase__functions.h
-- Installing: /home/nuna/ipm-ws/install/biped_interfaces/share/biped_interfaces/environment/library_path.sh
-- Installing: /home/nuna/ipm-ws/install/biped_interfaces/share/biped_interfaces/environment/library_path.dsv
-- Installing: /home/nuna/ipm-ws/install/biped_interfaces/lib/libbiped_interfaces__rosidl_generator_c.so
-- Set runtime path of "/home/nuna/ipm-ws/install/biped_interfaces/lib/libbiped_interfaces__rosidl_generator_c.so" to ""
-- Up-to-date: /home/nuna/ipm-ws/install/biped_interfaces/include/biped_interfaces/biped_interfaces
-- Up-to-date: /home/nuna/ipm-ws/install/biped_interfaces/include/biped_interfaces/biped_interfaces/msg
-- Installing: /home/nuna/ipm-ws/install/biped_interfaces/include/biped_interfaces/biped_interfaces/msg/rosidl_typesupport_fastrtps_c__visibility_control.h
-- Up-to-date: /home/nuna/ipm-ws/install/biped_interfaces/include/biped_interfaces/biped_interfaces/msg/detail
-- Installing: /home/nuna/ipm-ws/install/biped_interfaces/include/biped_interfaces/biped_interfaces/msg/detail/phase__rosidl_typesupport_fastrtps_c.h
-- Installing: /home/nuna/ipm-ws/install/biped_interfaces/include/biped_interfaces/biped_interfaces/msg/detail/sole_poses__rosidl_typesupport_fastrtps_c.h
-- Installing: /home/nuna/ipm-ws/install/biped_interfaces/lib/libbiped_interfaces__rosidl_typesupport_fastrtps_c.so
-- Set runtime path of "/home/nuna/ipm-ws/install/biped_interfaces/lib/libbiped_interfaces__rosidl_typesupport_fastrtps_c.so" to ""
-- Up-to-date: /home/nuna/ipm-ws/install/biped_interfaces/include/biped_interfaces/biped_interfaces
-- Up-to-date: /home/nuna/ipm-ws/install/biped_interfaces/include/biped_interfaces/biped_interfaces/msg
-- Installing: /home/nuna/ipm-ws/install/biped_interfaces/include/biped_interfaces/biped_interfaces/msg/rosidl_typesupport_introspection_c__visibility_control.h
-- Up-to-date: /home/nuna/ipm-ws/install/biped_interfaces/include/biped_interfaces/biped_interfaces/msg/detail
-- Installing: /home/nuna/ipm-ws/install/biped_interfaces/include/biped_interfaces/biped_interfaces/msg/detail/phase__rosidl_typesupport_introspection_c.h
-- Up-to-date: /home/nuna/ipm-ws/install/biped_interfaces/include/biped_interfaces/biped_interfaces/msg/detail/sole_poses__type_support.c
-- Up-to-date: /home/nuna/ipm-ws/install/biped_interfaces/include/biped_interfaces/biped_interfaces/msg/detail/phase__type_support.c
-- Installing: /home/nuna/ipm-ws/install/biped_interfaces/include/biped_interfaces/biped_interfaces/msg/detail/sole_poses__rosidl_typesupport_introspection_c.h
-- Installing: /home/nuna/ipm-ws/install/biped_interfaces/lib/libbiped_interfaces__rosidl_typesupport_introspection_c.so
-- Set runtime path of "/home/nuna/ipm-ws/install/biped_interfaces/lib/libbiped_interfaces__rosidl_typesupport_introspection_c.so" to ""
-- Installing: /home/nuna/ipm-ws/install/biped_interfaces/lib/libbiped_interfaces__rosidl_typesupport_c.so
-- Set runtime path of "/home/nuna/ipm-ws/install/biped_interfaces/lib/libbiped_interfaces__rosidl_typesupport_c.so" to ""
-- Up-to-date: /home/nuna/ipm-ws/install/biped_interfaces/include/biped_interfaces/biped_interfaces
-- Up-to-date: /home/nuna/ipm-ws/install/biped_interfaces/include/biped_interfaces/biped_interfaces/msg
-- Installing: /home/nuna/ipm-ws/install/biped_interfaces/include/biped_interfaces/biped_interfaces/msg/phase.hpp
-- Installing: /home/nuna/ipm-ws/install/biped_interfaces/include/biped_interfaces/biped_interfaces/msg/rosidl_generator_cpp__visibility_control.hpp
-- Installing: /home/nuna/ipm-ws/install/biped_interfaces/include/biped_interfaces/biped_interfaces/msg/sole_poses.hpp
-- Up-to-date: /home/nuna/ipm-ws/install/biped_interfaces/include/biped_interfaces/biped_interfaces/msg/detail
-- Installing: /home/nuna/ipm-ws/install/biped_interfaces/include/biped_interfaces/biped_interfaces/msg/detail/phase__type_support.hpp
-- Installing: /home/nuna/ipm-ws/install/biped_interfaces/include/biped_interfaces/biped_interfaces/msg/detail/sole_poses__type_support.hpp
-- Installing: /home/nuna/ipm-ws/install/biped_interfaces/include/biped_interfaces/biped_interfaces/msg/detail/phase__struct.hpp
-- Installing: /home/nuna/ipm-ws/install/biped_interfaces/include/biped_interfaces/biped_interfaces/msg/detail/sole_poses__struct.hpp
-- Installing: /home/nuna/ipm-ws/install/biped_interfaces/include/biped_interfaces/biped_interfaces/msg/detail/phase__builder.hpp
-- Installing: /home/nuna/ipm-ws/install/biped_interfaces/include/biped_interfaces/biped_interfaces/msg/detail/sole_poses__builder.hpp
-- Installing: /home/nuna/ipm-ws/install/biped_interfaces/include/biped_interfaces/biped_interfaces/msg/detail/sole_poses__traits.hpp
-- Installing: /home/nuna/ipm-ws/install/biped_interfaces/include/biped_interfaces/biped_interfaces/msg/detail/phase__traits.hpp
-- Up-to-date: /home/nuna/ipm-ws/install/biped_interfaces/include/biped_interfaces/biped_interfaces
-- Up-to-date: /home/nuna/ipm-ws/install/biped_interfaces/include/biped_interfaces/biped_interfaces/msg
-- Installing: /home/nuna/ipm-ws/install/biped_interfaces/include/biped_interfaces/biped_interfaces/msg/rosidl_typesupport_fastrtps_cpp__visibility_control.h
-- Up-to-date: /home/nuna/ipm-ws/install/biped_interfaces/include/biped_interfaces/biped_interfaces/msg/detail
-- Installing: /home/nuna/ipm-ws/install/biped_interfaces/include/biped_interfaces/biped_interfaces/msg/detail/phase__rosidl_typesupport_fastrtps_cpp.hpp
-- Installing: /home/nuna/ipm-ws/install/biped_interfaces/include/biped_interfaces/biped_interfaces/msg/detail/dds_fastrtps
-- Installing: /home/nuna/ipm-ws/install/biped_interfaces/include/biped_interfaces/biped_interfaces/msg/detail/sole_poses__rosidl_typesupport_fastrtps_cpp.hpp
-- Installing: /home/nuna/ipm-ws/install/biped_interfaces/lib/libbiped_interfaces__rosidl_typesupport_fastrtps_cpp.so
-- Set runtime path of "/home/nuna/ipm-ws/install/biped_interfaces/lib/libbiped_interfaces__rosidl_typesupport_fastrtps_cpp.so" to ""
-- Up-to-date: /home/nuna/ipm-ws/install/biped_interfaces/include/biped_interfaces/biped_interfaces
-- Up-to-date: /home/nuna/ipm-ws/install/biped_interfaces/include/biped_interfaces/biped_interfaces/msg
-- Up-to-date: /home/nuna/ipm-ws/install/biped_interfaces/include/biped_interfaces/biped_interfaces/msg/detail
-- Installing: /home/nuna/ipm-ws/install/biped_interfaces/include/biped_interfaces/biped_interfaces/msg/detail/phase__type_support.cpp
-- Installing: /home/nuna/ipm-ws/install/biped_interfaces/include/biped_interfaces/biped_interfaces/msg/detail/phase__rosidl_typesupport_introspection_cpp.hpp
-- Installing: /home/nuna/ipm-ws/install/biped_interfaces/include/biped_interfaces/biped_interfaces/msg/detail/sole_poses__rosidl_typesupport_introspection_cpp.hpp
-- Installing: /home/nuna/ipm-ws/install/biped_interfaces/include/biped_interfaces/biped_interfaces/msg/detail/sole_poses__type_support.cpp
-- Installing: /home/nuna/ipm-ws/install/biped_interfaces/lib/libbiped_interfaces__rosidl_typesupport_introspection_cpp.so
-- Set runtime path of "/home/nuna/ipm-ws/install/biped_interfaces/lib/libbiped_interfaces__rosidl_typesupport_introspection_cpp.so" to ""
-- Installing: /home/nuna/ipm-ws/install/biped_interfaces/lib/libbiped_interfaces__rosidl_typesupport_cpp.so
-- Set runtime path of "/home/nuna/ipm-ws/install/biped_interfaces/lib/libbiped_interfaces__rosidl_typesupport_cpp.so" to ""
-- Installing: /home/nuna/ipm-ws/install/biped_interfaces/share/biped_interfaces/environment/pythonpath.sh
-- Installing: /home/nuna/ipm-ws/install/biped_interfaces/share/biped_interfaces/environment/pythonpath.dsv
-- Installing: /home/nuna/ipm-ws/install/biped_interfaces/lib/python3.10/site-packages/biped_interfaces-0.0.0-py3.10.egg-info
-- Installing: /home/nuna/ipm-ws/install/biped_interfaces/lib/python3.10/site-packages/biped_interfaces-0.0.0-py3.10.egg-info/top_level.txt
-- Installing: /home/nuna/ipm-ws/install/biped_interfaces/lib/python3.10/site-packages/biped_interfaces-0.0.0-py3.10.egg-info/dependency_links.txt
-- Installing: /home/nuna/ipm-ws/install/biped_interfaces/lib/python3.10/site-packages/biped_interfaces-0.0.0-py3.10.egg-info/SOURCES.txt
-- Installing: /home/nuna/ipm-ws/install/biped_interfaces/lib/python3.10/site-packages/biped_interfaces-0.0.0-py3.10.egg-info/PKG-INFO
-- Installing: /home/nuna/ipm-ws/install/biped_interfaces/lib/python3.10/site-packages/biped_interfaces
-- Installing: /home/nuna/ipm-ws/install/biped_interfaces/lib/python3.10/site-packages/biped_interfaces/libbiped_interfaces__rosidl_generator_py.so
-- Installing: /home/nuna/ipm-ws/install/biped_interfaces/lib/python3.10/site-packages/biped_interfaces/_biped_interfaces_s.ep.rosidl_typesupport_fastrtps_c.c
-- Installing: /home/nuna/ipm-ws/install/biped_interfaces/lib/python3.10/site-packages/biped_interfaces/biped_interfaces_s__rosidl_typesupport_c.cpython-310-x86_64-linux-gnu.so
-- Installing: /home/nuna/ipm-ws/install/biped_interfaces/lib/python3.10/site-packages/biped_interfaces/_biped_interfaces_s.ep.rosidl_typesupport_introspection_c.c
-- Installing: /home/nuna/ipm-ws/install/biped_interfaces/lib/python3.10/site-packages/biped_interfaces/msg
-- Installing: /home/nuna/ipm-ws/install/biped_interfaces/lib/python3.10/site-packages/biped_interfaces/msg/_phase.py
-- Installing: /home/nuna/ipm-ws/install/biped_interfaces/lib/python3.10/site-packages/biped_interfaces/msg/_sole_poses_s.c
-- Installing: /home/nuna/ipm-ws/install/biped_interfaces/lib/python3.10/site-packages/biped_interfaces/msg/_phase_s.c
-- Installing: /home/nuna/ipm-ws/install/biped_interfaces/lib/python3.10/site-packages/biped_interfaces/msg/__init__.py
-- Installing: /home/nuna/ipm-ws/install/biped_interfaces/lib/python3.10/site-packages/biped_interfaces/msg/_sole_poses.py
-- Installing: /home/nuna/ipm-ws/install/biped_interfaces/lib/python3.10/site-packages/biped_interfaces/_biped_interfaces_s.ep.rosidl_typesupport_c.c
-- Installing: /home/nuna/ipm-ws/install/biped_interfaces/lib/python3.10/site-packages/biped_interfaces/__init__.py
-- Installing: /home/nuna/ipm-ws/install/biped_interfaces/lib/python3.10/site-packages/biped_interfaces/biped_interfaces_s__rosidl_typesupport_fastrtps_c.cpython-310-x86_64-linux-gnu.so
-- Installing: /home/nuna/ipm-ws/install/biped_interfaces/lib/python3.10/site-packages/biped_interfaces/biped_interfaces_s__rosidl_typesupport_introspection_c.cpython-310-x86_64-linux-gnu.so
Listing '/home/nuna/ipm-ws/install/biped_interfaces/lib/python3.10/site-packages/biped_interfaces'...
Compiling '/home/nuna/ipm-ws/install/biped_interfaces/lib/python3.10/site-packages/biped_interfaces/__init__.py'...
Listing '/home/nuna/ipm-ws/install/biped_interfaces/lib/python3.10/site-packages/biped_interfaces/msg'...
Compiling '/home/nuna/ipm-ws/install/biped_interfaces/lib/python3.10/site-packages/biped_interfaces/msg/__init__.py'...
Compiling '/home/nuna/ipm-ws/install/biped_interfaces/lib/python3.10/site-packages/biped_interfaces/msg/_phase.py'...
Compiling '/home/nuna/ipm-ws/install/biped_interfaces/lib/python3.10/site-packages/biped_interfaces/msg/_sole_poses.py'...
-- Installing: /home/nuna/ipm-ws/install/biped_interfaces/lib/python3.10/site-packages/biped_interfaces/biped_interfaces_s__rosidl_typesupport_fastrtps_c.cpython-310-x86_64-linux-gnu.so
-- Set runtime path of "/home/nuna/ipm-ws/install/biped_interfaces/lib/python3.10/site-packages/biped_interfaces/biped_interfaces_s__rosidl_typesupport_fastrtps_c.cpython-310-x86_64-linux-gnu.so" to ""
-- Installing: /home/nuna/ipm-ws/install/biped_interfaces/lib/python3.10/site-packages/biped_interfaces/biped_interfaces_s__rosidl_typesupport_introspection_c.cpython-310-x86_64-linux-gnu.so
-- Set runtime path of "/home/nuna/ipm-ws/install/biped_interfaces/lib/python3.10/site-packages/biped_interfaces/biped_interfaces_s__rosidl_typesupport_introspection_c.cpython-310-x86_64-linux-gnu.so" to ""
-- Installing: /home/nuna/ipm-ws/install/biped_interfaces/lib/python3.10/site-packages/biped_interfaces/biped_interfaces_s__rosidl_typesupport_c.cpython-310-x86_64-linux-gnu.so
-- Set runtime path of "/home/nuna/ipm-ws/install/biped_interfaces/lib/python3.10/site-packages/biped_interfaces/biped_interfaces_s__rosidl_typesupport_c.cpython-310-x86_64-linux-gnu.so" to ""
-- Installing: /home/nuna/ipm-ws/install/biped_interfaces/lib/libbiped_interfaces__rosidl_generator_py.so
-- Set runtime path of "/home/nuna/ipm-ws/install/biped_interfaces/lib/libbiped_interfaces__rosidl_generator_py.so" to ""
-- Installing: /home/nuna/ipm-ws/install/biped_interfaces/share/biped_interfaces/msg/Phase.idl
-- Installing: /home/nuna/ipm-ws/install/biped_interfaces/share/biped_interfaces/msg/SolePoses.idl
-- Installing: /home/nuna/ipm-ws/install/biped_interfaces/share/biped_interfaces/msg/Phase.msg
-- Installing: /home/nuna/ipm-ws/install/biped_interfaces/share/biped_interfaces/msg/SolePoses.msg
-- Installing: /home/nuna/ipm-ws/install/biped_interfaces/share/ament_index/resource_index/package_run_dependencies/biped_interfaces
-- Installing: /home/nuna/ipm-ws/install/biped_interfaces/share/ament_index/resource_index/parent_prefix_path/biped_interfaces
-- Installing: /home/nuna/ipm-ws/install/biped_interfaces/share/biped_interfaces/environment/ament_prefix_path.sh
-- Installing: /home/nuna/ipm-ws/install/biped_interfaces/share/biped_interfaces/environment/ament_prefix_path.dsv
-- Installing: /home/nuna/ipm-ws/install/biped_interfaces/share/biped_interfaces/environment/path.sh
-- Installing: /home/nuna/ipm-ws/install/biped_interfaces/share/biped_interfaces/environment/path.dsv
-- Installing: /home/nuna/ipm-ws/install/biped_interfaces/share/biped_interfaces/local_setup.bash
-- Installing: /home/nuna/ipm-ws/install/biped_interfaces/share/biped_interfaces/local_setup.sh
-- Installing: /home/nuna/ipm-ws/install/biped_interfaces/share/biped_interfaces/local_setup.zsh
-- Installing: /home/nuna/ipm-ws/install/biped_interfaces/share/biped_interfaces/local_setup.dsv
-- Installing: /home/nuna/ipm-ws/install/biped_interfaces/share/biped_interfaces/package.dsv
-- Installing: /home/nuna/ipm-ws/install/biped_interfaces/share/ament_index/resource_index/packages/biped_interfaces
-- Installing: /home/nuna/ipm-ws/install/biped_interfaces/share/biped_interfaces/cmake/export_biped_interfaces__rosidl_generator_cExport.cmake
-- Installing: /home/nuna/ipm-ws/install/biped_interfaces/share/biped_interfaces/cmake/export_biped_interfaces__rosidl_generator_cExport-noconfig.cmake
-- Installing: /home/nuna/ipm-ws/install/biped_interfaces/share/biped_interfaces/cmake/export_biped_interfaces__rosidl_typesupport_fastrtps_cExport.cmake
-- Installing: /home/nuna/ipm-ws/install/biped_interfaces/share/biped_interfaces/cmake/export_biped_interfaces__rosidl_typesupport_fastrtps_cExport-noconfig.cmake
-- Installing: /home/nuna/ipm-ws/install/biped_interfaces/share/biped_interfaces/cmake/biped_interfaces__rosidl_typesupport_introspection_cExport.cmake
-- Installing: /home/nuna/ipm-ws/install/biped_interfaces/share/biped_interfaces/cmake/biped_interfaces__rosidl_typesupport_introspection_cExport-noconfig.cmake
-- Installing: /home/nuna/ipm-ws/install/biped_interfaces/share/biped_interfaces/cmake/biped_interfaces__rosidl_typesupport_cExport.cmake
-- Installing: /home/nuna/ipm-ws/install/biped_interfaces/share/biped_interfaces/cmake/biped_interfaces__rosidl_typesupport_cExport-noconfig.cmake
-- Installing: /home/nuna/ipm-ws/install/biped_interfaces/share/biped_interfaces/cmake/export_biped_interfaces__rosidl_generator_cppExport.cmake
-- Installing: /home/nuna/ipm-ws/install/biped_interfaces/share/biped_interfaces/cmake/export_biped_interfaces__rosidl_typesupport_fastrtps_cppExport.cmake
-- Installing: /home/nuna/ipm-ws/install/biped_interfaces/share/biped_interfaces/cmake/export_biped_interfaces__rosidl_typesupport_fastrtps_cppExport-noconfig.cmake
-- Installing: /home/nuna/ipm-ws/install/biped_interfaces/share/biped_interfaces/cmake/biped_interfaces__rosidl_typesupport_introspection_cppExport.cmake
-- Installing: /home/nuna/ipm-ws/install/biped_interfaces/share/biped_interfaces/cmake/biped_interfaces__rosidl_typesupport_introspection_cppExport-noconfig.cmake
-- Installing: /home/nuna/ipm-ws/install/biped_interfaces/share/biped_interfaces/cmake/biped_interfaces__rosidl_typesupport_cppExport.cmake
-- Installing: /home/nuna/ipm-ws/install/biped_interfaces/share/biped_interfaces/cmake/biped_interfaces__rosidl_typesupport_cppExport-noconfig.cmake
-- Installing: /home/nuna/ipm-ws/install/biped_interfaces/share/biped_interfaces/cmake/export_biped_interfaces__rosidl_generator_pyExport.cmake
-- Installing: /home/nuna/ipm-ws/install/biped_interfaces/share/biped_interfaces/cmake/export_biped_interfaces__rosidl_generator_pyExport-noconfig.cmake
-- Installing: /home/nuna/ipm-ws/install/biped_interfaces/share/biped_interfaces/cmake/rosidl_cmake-extras.cmake
-- Installing: /home/nuna/ipm-ws/install/biped_interfaces/share/biped_interfaces/cmake/ament_cmake_export_dependencies-extras.cmake
-- Installing: /home/nuna/ipm-ws/install/biped_interfaces/share/biped_interfaces/cmake/ament_cmake_export_include_directories-extras.cmake
-- Installing: /home/nuna/ipm-ws/install/biped_interfaces/share/biped_interfaces/cmake/ament_cmake_export_libraries-extras.cmake
-- Installing: /home/nuna/ipm-ws/install/biped_interfaces/share/biped_interfaces/cmake/ament_cmake_export_targets-extras.cmake
-- Installing: /home/nuna/ipm-ws/install/biped_interfaces/share/biped_interfaces/cmake/rosidl_cmake_export_typesupport_targets-extras.cmake
-- Installing: /home/nuna/ipm-ws/install/biped_interfaces/share/biped_interfaces/cmake/rosidl_cmake_export_typesupport_libraries-extras.cmake
-- Installing: /home/nuna/ipm-ws/install/biped_interfaces/share/biped_interfaces/cmake/biped_interfacesConfig.cmake
-- Installing: /home/nuna/ipm-ws/install/biped_interfaces/share/biped_interfaces/cmake/biped_interfacesConfig-version.cmake
-- Installing: /home/nuna/ipm-ws/install/biped_interfaces/share/biped_interfaces/package.xml
