[0.083s] Invoking command in '/home/nuna/ipm-ws/build/biped_interfaces': CMAKE_PREFIX_PATH=/opt/ros/rolling /home/nuna/.local/bin/cmake /home/nuna/ipm-ws/src/biped_interfaces -DCMAKE_INSTALL_PREFIX=/home/nuna/ipm-ws/install/biped_interfaces
[0.193s] -- The C compiler identification is GNU 11.4.0
[0.284s] -- The CXX compiler identification is GNU 11.4.0
[0.299s] -- Detecting C compiler ABI info
[0.355s] -- Detecting C compiler ABI info - done
[0.372s] -- Check for working C compiler: /usr/bin/cc - skipped
[0.372s] -- Detecting C compile features
[0.372s] -- Detecting C compile features - done
[0.381s] -- Detecting CXX compiler ABI info
[0.439s] -- Detecting CXX compiler ABI info - done
[0.448s] -- Check for working CXX compiler: /usr/bin/c++ - skipped
[0.448s] -- Detecting CXX compile features
[0.448s] -- Detecting CXX compile features - done
[0.450s] -- Found ament_cmake: 2.3.0 (/opt/ros/rolling/share/ament_cmake/cmake)
[0.803s] -- Found Python3: /usr/bin/python3.10 (found version "3.10.12") found components: Interpreter 
[0.887s] -- Found rosidl_default_generators: 1.6.0 (/opt/ros/rolling/share/rosidl_default_generators/cmake)
[0.895s] -- Using all available rosidl_typesupport_c: rosidl_typesupport_fastrtps_c;rosidl_typesupport_introspection_c
[0.943s] -- Using all available rosidl_typesupport_cpp: rosidl_typesupport_fastrtps_cpp;rosidl_typesupport_introspection_cpp
[0.987s] -- Found rosidl_adapter: 4.4.0 (/opt/ros/rolling/share/rosidl_adapter/cmake)
[0.999s] -- Found std_msgs: 5.2.0 (/opt/ros/rolling/share/std_msgs/cmake)
[1.097s] -- Found geometry_msgs: 5.2.0 (/opt/ros/rolling/share/geometry_msgs/cmake)
[2.305s] -- Found ament_cmake_ros: 0.12.0 (/opt/ros/rolling/share/ament_cmake_ros/cmake)
[2.925s] -- Using all available rosidl_typesupport_c: rosidl_typesupport_fastrtps_c;rosidl_typesupport_introspection_c
[3.533s] -- Using all available rosidl_typesupport_cpp: rosidl_typesupport_fastrtps_cpp;rosidl_typesupport_introspection_cpp
[3.536s] [33mCMake Warning (dev) at /opt/ros/rolling/share/rosidl_generator_py/cmake/rosidl_generator_py_generate_interfaces.cmake:20 (find_package):
[3.536s]   Policy CMP0148 is not set: The FindPythonInterp and FindPythonLibs modules
[3.536s]   are removed.  Run "cmake --help-policy CMP0148" for policy details.  Use
[3.536s]   the cmake_policy command to set the policy and suppress this warning.
[3.536s] 
[3.536s] Call Stack (most recent call first):
[3.537s]   /opt/ros/rolling/share/ament_cmake_core/cmake/core/ament_execute_extensions.cmake:48 (include)
[3.537s]   /opt/ros/rolling/share/rosidl_cmake/cmake/rosidl_generate_interfaces.cmake:280 (ament_execute_extensions)
[3.537s]   CMakeLists.txt:14 (rosidl_generate_interfaces)
[3.537s] This warning is for project developers.  Use -Wno-dev to suppress it.
[3.537s] [0m
[3.554s] -- Found PythonInterp: /usr/bin/python3 (found suitable version "3.10.12", minimum required is "3.6") 
[3.555s] -- Found python_cmake_module: 0.11.0 (/opt/ros/rolling/share/python_cmake_module/cmake)
[3.556s] [33mCMake Warning (dev) at /opt/ros/rolling/share/python_cmake_module/cmake/Modules/FindPythonExtra.cmake:52 (find_package):
[3.556s]   Policy CMP0148 is not set: The FindPythonInterp and FindPythonLibs modules
[3.556s]   are removed.  Run "cmake --help-policy CMP0148" for policy details.  Use
[3.556s]   the cmake_policy command to set the policy and suppress this warning.
[3.556s] 
[3.556s] Call Stack (most recent call first):
[3.556s]   /opt/ros/rolling/share/rosidl_generator_py/cmake/rosidl_generator_py_generate_interfaces.cmake:23 (find_package)
[3.556s]   /opt/ros/rolling/share/ament_cmake_core/cmake/core/ament_execute_extensions.cmake:48 (include)
[3.556s]   /opt/ros/rolling/share/rosidl_cmake/cmake/rosidl_generate_interfaces.cmake:280 (ament_execute_extensions)
[3.556s]   CMakeLists.txt:14 (rosidl_generate_interfaces)
[3.556s] This warning is for project developers.  Use -Wno-dev to suppress it.
[3.556s] [0m
[3.575s] [33mCMake Warning (dev) at /opt/ros/rolling/share/python_cmake_module/cmake/Modules/FindPythonExtra.cmake:140 (find_package):
[3.575s]   Policy CMP0148 is not set: The FindPythonInterp and FindPythonLibs modules
[3.575s]   are removed.  Run "cmake --help-policy CMP0148" for policy details.  Use
[3.575s]   the cmake_policy command to set the policy and suppress this warning.
[3.575s] 
[3.575s] Call Stack (most recent call first):
[3.575s]   /opt/ros/rolling/share/rosidl_generator_py/cmake/rosidl_generator_py_generate_interfaces.cmake:23 (find_package)
[3.575s]   /opt/ros/rolling/share/ament_cmake_core/cmake/core/ament_execute_extensions.cmake:48 (include)
[3.576s]   /opt/ros/rolling/share/rosidl_cmake/cmake/rosidl_generate_interfaces.cmake:280 (ament_execute_extensions)
[3.576s]   CMakeLists.txt:14 (rosidl_generate_interfaces)
[3.576s] This warning is for project developers.  Use -Wno-dev to suppress it.
[3.576s] [0m
[3.583s] -- Found PythonLibs: /usr/lib/x86_64-linux-gnu/libpython3.10.so (found suitable version "3.10.12", minimum required is "3.5") 
[3.583s] -- Using PYTHON_EXECUTABLE: /usr/bin/python3
[3.584s] -- Using PYTHON_INCLUDE_DIRS: /usr/include/python3.10
[3.584s] -- Using PYTHON_LIBRARIES: /usr/lib/x86_64-linux-gnu/libpython3.10.so
[3.608s] -- Found PythonExtra: .so  
[3.692s] -- Found ament_lint_auto: 0.15.2 (/opt/ros/rolling/share/ament_lint_auto/cmake)
[3.710s] -- Added test 'copyright' to check source files copyright and LICENSE
[3.716s] -- Added test 'lint_cmake' to check CMake code style
[3.719s] -- Added test 'xmllint' to check XML markup files
[3.721s] -- Configuring done (3.6s)
[3.780s] -- Generating done (0.0s)
[3.782s] -- Build files have been written to: /home/nuna/ipm-ws/build/biped_interfaces
[3.797s] Invoked command in '/home/nuna/ipm-ws/build/biped_interfaces' returned '0': CMAKE_PREFIX_PATH=/opt/ros/rolling /home/nuna/.local/bin/cmake /home/nuna/ipm-ws/src/biped_interfaces -DCMAKE_INSTALL_PREFIX=/home/nuna/ipm-ws/install/biped_interfaces
[3.798s] Invoking command in '/home/nuna/ipm-ws/build/biped_interfaces': CMAKE_PREFIX_PATH=/opt/ros/rolling /home/nuna/.local/bin/cmake --build /home/nuna/ipm-ws/build/biped_interfaces -- -j8 -l8
[3.834s] [  2%] [34m[1mGenerating type hashes for ROS interfaces[0m
[3.837s] [  2%] Built target ament_cmake_python_copy_biped_interfaces
[4.149s] [  2%] Built target biped_interfaces__rosidl_generator_type_description
[4.176s] running egg_info
[4.177s] creating biped_interfaces.egg-info
[4.177s] writing biped_interfaces.egg-info/PKG-INFO
[4.178s] writing dependency_links to biped_interfaces.egg-info/dependency_links.txt
[4.178s] writing top-level names to biped_interfaces.egg-info/top_level.txt
[4.179s] writing manifest file 'biped_interfaces.egg-info/SOURCES.txt'
[4.183s] reading manifest file 'biped_interfaces.egg-info/SOURCES.txt'
[4.190s] [  4%] [34m[1mGenerating C++ code for ROS interfaces[0m
[4.191s] writing manifest file 'biped_interfaces.egg-info/SOURCES.txt'
[4.208s] [  6%] [34m[1mGenerating C code for ROS interfaces[0m
[4.225s] [  6%] Built target ament_cmake_python_build_biped_interfaces_egg
[4.699s] [  6%] Built target biped_interfaces__cpp
[4.867s] [  9%] [32mBuilding C object CMakeFiles/biped_interfaces__rosidl_generator_c.dir/rosidl_generator_c/biped_interfaces/msg/detail/sole_poses__description.c.o[0m
[4.867s] [ 11%] [32mBuilding C object CMakeFiles/biped_interfaces__rosidl_generator_c.dir/rosidl_generator_c/biped_interfaces/msg/detail/phase__functions.c.o[0m
[4.867s] [ 13%] [32mBuilding C object CMakeFiles/biped_interfaces__rosidl_generator_c.dir/rosidl_generator_c/biped_interfaces/msg/detail/phase__type_support.c.o[0m
[4.869s] [ 15%] [32mBuilding C object CMakeFiles/biped_interfaces__rosidl_generator_c.dir/rosidl_generator_c/biped_interfaces/msg/detail/phase__description.c.o[0m
[4.873s] [ 18%] [32mBuilding C object CMakeFiles/biped_interfaces__rosidl_generator_c.dir/rosidl_generator_c/biped_interfaces/msg/detail/sole_poses__functions.c.o[0m
[4.873s] [ 20%] [32mBuilding C object CMakeFiles/biped_interfaces__rosidl_generator_c.dir/rosidl_generator_c/biped_interfaces/msg/detail/sole_poses__type_support.c.o[0m
[4.951s] [ 22%] [32m[1mLinking C shared library libbiped_interfaces__rosidl_generator_c.so[0m
[4.976s] [ 22%] Built target biped_interfaces__rosidl_generator_c
[4.980s] [ 25%] [34m[1mGenerating C++ introspection for ROS interfaces[0m
[4.981s] [ 27%] [34m[1mGenerating C++ type support dispatch for ROS interfaces[0m
[4.983s] [ 31%] [34m[1mGenerating C introspection for ROS interfaces[0m
[4.983s] [ 31%] [34m[1mGenerating C type support for eProsima Fast-RTPS[0m
[4.985s] [ 34%] [34m[1mGenerating C type support dispatch for ROS interfaces[0m
[5.001s] [ 36%] [34m[1mGenerating C++ type support for eProsima Fast-RTPS[0m
[5.546s] [ 38%] [32mBuilding CXX object CMakeFiles/biped_interfaces__rosidl_typesupport_introspection_cpp.dir/rosidl_typesupport_introspection_cpp/biped_interfaces/msg/detail/phase__type_support.cpp.o[0m
[5.551s] [ 40%] [32mBuilding CXX object CMakeFiles/biped_interfaces__rosidl_typesupport_introspection_cpp.dir/rosidl_typesupport_introspection_cpp/biped_interfaces/msg/detail/sole_poses__type_support.cpp.o[0m
[5.609s] [ 43%] [32mBuilding CXX object CMakeFiles/biped_interfaces__rosidl_typesupport_fastrtps_c.dir/rosidl_typesupport_fastrtps_c/biped_interfaces/msg/detail/phase__type_support_c.cpp.o[0m
[5.617s] [ 45%] [32mBuilding CXX object CMakeFiles/biped_interfaces__rosidl_typesupport_cpp.dir/rosidl_typesupport_cpp/biped_interfaces/msg/phase__type_support.cpp.o[0m
[5.621s] [ 47%] [32mBuilding CXX object CMakeFiles/biped_interfaces__rosidl_typesupport_fastrtps_c.dir/rosidl_typesupport_fastrtps_c/biped_interfaces/msg/detail/sole_poses__type_support_c.cpp.o[0m
[5.660s] [ 50%] [32mBuilding C object CMakeFiles/biped_interfaces__rosidl_typesupport_introspection_c.dir/rosidl_typesupport_introspection_c/biped_interfaces/msg/detail/phase__type_support.c.o[0m
[5.692s] [ 52%] [32mBuilding CXX object CMakeFiles/biped_interfaces__rosidl_typesupport_c.dir/rosidl_typesupport_c/biped_interfaces/msg/phase__type_support.cpp.o[0m
[5.741s] [ 54%] [32mBuilding C object CMakeFiles/biped_interfaces__rosidl_typesupport_introspection_c.dir/rosidl_typesupport_introspection_c/biped_interfaces/msg/detail/sole_poses__type_support.c.o[0m
[5.779s] [ 56%] [32mBuilding CXX object CMakeFiles/biped_interfaces__rosidl_typesupport_fastrtps_cpp.dir/rosidl_typesupport_fastrtps_cpp/biped_interfaces/msg/detail/dds_fastrtps/phase__type_support.cpp.o[0m
[5.786s] [ 59%] [32mBuilding CXX object CMakeFiles/biped_interfaces__rosidl_typesupport_c.dir/rosidl_typesupport_c/biped_interfaces/msg/sole_poses__type_support.cpp.o[0m
[5.853s] [ 61%] [32m[1mLinking C shared library libbiped_interfaces__rosidl_typesupport_introspection_c.so[0m
[5.865s] [ 63%] [32m[1mLinking CXX shared library libbiped_interfaces__rosidl_typesupport_c.so[0m
[5.949s] [ 63%] Built target biped_interfaces__rosidl_typesupport_introspection_c
[5.975s] [ 63%] Built target biped_interfaces__rosidl_typesupport_c
[6.005s] [ 65%] [32mBuilding CXX object CMakeFiles/biped_interfaces__rosidl_typesupport_cpp.dir/rosidl_typesupport_cpp/biped_interfaces/msg/sole_poses__type_support.cpp.o[0m
[6.014s] [ 68%] [32mBuilding CXX object CMakeFiles/biped_interfaces__rosidl_typesupport_fastrtps_cpp.dir/rosidl_typesupport_fastrtps_cpp/biped_interfaces/msg/detail/dds_fastrtps/sole_poses__type_support.cpp.o[0m
[6.370s] [ 70%] [32m[1mLinking CXX shared library libbiped_interfaces__rosidl_typesupport_fastrtps_c.so[0m
[6.528s] [ 72%] [32m[1mLinking CXX shared library libbiped_interfaces__rosidl_typesupport_introspection_cpp.so[0m
[6.625s] [ 72%] Built target biped_interfaces__rosidl_typesupport_fastrtps_c
[6.633s] [ 75%] [32m[1mLinking CXX shared library libbiped_interfaces__rosidl_typesupport_cpp.so[0m
[6.686s] [ 75%] Built target biped_interfaces__rosidl_typesupport_introspection_cpp
[6.693s] [ 75%] Built target biped_interfaces__rosidl_typesupport_cpp
[6.797s] [ 77%] [32m[1mLinking CXX shared library libbiped_interfaces__rosidl_typesupport_fastrtps_cpp.so[0m
[6.852s] [ 77%] Built target biped_interfaces__rosidl_typesupport_fastrtps_cpp
[6.859s] [ 77%] Built target biped_interfaces
[6.868s] [ 79%] [34m[1mGenerating Python code for ROS interfaces[0m
[7.299s] [ 79%] Built target biped_interfaces__py
[7.305s] [ 81%] [32mBuilding C object CMakeFiles/biped_interfaces__rosidl_generator_py.dir/rosidl_generator_py/biped_interfaces/msg/_phase_s.c.o[0m
[7.305s] [ 84%] [32mBuilding C object CMakeFiles/biped_interfaces__rosidl_generator_py.dir/rosidl_generator_py/biped_interfaces/msg/_sole_poses_s.c.o[0m
[7.459s] [ 86%] [32m[1mLinking C shared library rosidl_generator_py/biped_interfaces/libbiped_interfaces__rosidl_generator_py.so[0m
[7.507s] [ 86%] Built target biped_interfaces__rosidl_generator_py
[7.534s] [ 88%] [32mBuilding C object CMakeFiles/biped_interfaces__rosidl_typesupport_fastrtps_c__pyext.dir/rosidl_generator_py/biped_interfaces/_biped_interfaces_s.ep.rosidl_typesupport_fastrtps_c.c.o[0m
[7.545s] [ 90%] [32mBuilding C object CMakeFiles/biped_interfaces__rosidl_typesupport_introspection_c__pyext.dir/rosidl_generator_py/biped_interfaces/_biped_interfaces_s.ep.rosidl_typesupport_introspection_c.c.o[0m
[7.545s] [ 93%] [32mBuilding C object CMakeFiles/biped_interfaces__rosidl_typesupport_c__pyext.dir/rosidl_generator_py/biped_interfaces/_biped_interfaces_s.ep.rosidl_typesupport_c.c.o[0m
[7.686s] [ 95%] [32m[1mLinking C shared library rosidl_generator_py/biped_interfaces/biped_interfaces_s__rosidl_typesupport_fastrtps_c.cpython-310-x86_64-linux-gnu.so[0m
[7.687s] [ 97%] [32m[1mLinking C shared library rosidl_generator_py/biped_interfaces/biped_interfaces_s__rosidl_typesupport_introspection_c.cpython-310-x86_64-linux-gnu.so[0m
[7.721s] [ 97%] Built target biped_interfaces__rosidl_typesupport_introspection_c__pyext
[7.723s] [100%] [32m[1mLinking C shared library rosidl_generator_py/biped_interfaces/biped_interfaces_s__rosidl_typesupport_c.cpython-310-x86_64-linux-gnu.so[0m
[7.734s] [100%] Built target biped_interfaces__rosidl_typesupport_fastrtps_c__pyext
[7.746s] [100%] Built target biped_interfaces__rosidl_typesupport_c__pyext
[7.754s] Invoked command in '/home/nuna/ipm-ws/build/biped_interfaces' returned '0': CMAKE_PREFIX_PATH=/opt/ros/rolling /home/nuna/.local/bin/cmake --build /home/nuna/ipm-ws/build/biped_interfaces -- -j8 -l8
[7.843s] Invoking command in '/home/nuna/ipm-ws/build/biped_interfaces': CMAKE_PREFIX_PATH=/opt/ros/rolling /home/nuna/.local/bin/cmake --install /home/nuna/ipm-ws/build/biped_interfaces
[7.883s] -- Install configuration: ""
[7.883s] -- Installing: /home/nuna/ipm-ws/install/biped_interfaces/share/ament_index/resource_index/rosidl_interfaces/biped_interfaces
[7.884s] -- Installing: /home/nuna/ipm-ws/install/biped_interfaces/share/biped_interfaces/msg/Phase.json
[7.884s] -- Installing: /home/nuna/ipm-ws/install/biped_interfaces/share/biped_interfaces/msg/SolePoses.json
[7.884s] -- Installing: /home/nuna/ipm-ws/install/biped_interfaces/include/biped_interfaces/biped_interfaces
[7.884s] -- Installing: /home/nuna/ipm-ws/install/biped_interfaces/include/biped_interfaces/biped_interfaces/msg
[7.884s] -- Installing: /home/nuna/ipm-ws/install/biped_interfaces/include/biped_interfaces/biped_interfaces/msg/phase.h
[7.884s] -- Installing: /home/nuna/ipm-ws/install/biped_interfaces/include/biped_interfaces/biped_interfaces/msg/sole_poses.h
[7.884s] -- Installing: /home/nuna/ipm-ws/install/biped_interfaces/include/biped_interfaces/biped_interfaces/msg/rosidl_generator_c__visibility_control.h
[7.884s] -- Installing: /home/nuna/ipm-ws/install/biped_interfaces/include/biped_interfaces/biped_interfaces/msg/detail
[7.885s] -- Installing: /home/nuna/ipm-ws/install/biped_interfaces/include/biped_interfaces/biped_interfaces/msg/detail/sole_poses__functions.h
[7.885s] -- Installing: /home/nuna/ipm-ws/install/biped_interfaces/include/biped_interfaces/biped_interfaces/msg/detail/sole_poses__type_support.h
[7.885s] -- Installing: /home/nuna/ipm-ws/install/biped_interfaces/include/biped_interfaces/biped_interfaces/msg/detail/sole_poses__struct.h
[7.885s] -- Installing: /home/nuna/ipm-ws/install/biped_interfaces/include/biped_interfaces/biped_interfaces/msg/detail/phase__description.c
[7.885s] -- Installing: /home/nuna/ipm-ws/install/biped_interfaces/include/biped_interfaces/biped_interfaces/msg/detail/phase__struct.h
[7.885s] -- Installing: /home/nuna/ipm-ws/install/biped_interfaces/include/biped_interfaces/biped_interfaces/msg/detail/sole_poses__type_support.c
[7.885s] -- Installing: /home/nuna/ipm-ws/install/biped_interfaces/include/biped_interfaces/biped_interfaces/msg/detail/sole_poses__functions.c
[7.885s] -- Installing: /home/nuna/ipm-ws/install/biped_interfaces/include/biped_interfaces/biped_interfaces/msg/detail/sole_poses__description.c
[7.885s] -- Installing: /home/nuna/ipm-ws/install/biped_interfaces/include/biped_interfaces/biped_interfaces/msg/detail/phase__functions.c
[7.885s] -- Installing: /home/nuna/ipm-ws/install/biped_interfaces/include/biped_interfaces/biped_interfaces/msg/detail/phase__type_support.h
[7.886s] -- Installing: /home/nuna/ipm-ws/install/biped_interfaces/include/biped_interfaces/biped_interfaces/msg/detail/phase__type_support.c
[7.886s] -- Installing: /home/nuna/ipm-ws/install/biped_interfaces/include/biped_interfaces/biped_interfaces/msg/detail/phase__functions.h
[7.886s] -- Installing: /home/nuna/ipm-ws/install/biped_interfaces/share/biped_interfaces/environment/library_path.sh
[7.886s] -- Installing: /home/nuna/ipm-ws/install/biped_interfaces/share/biped_interfaces/environment/library_path.dsv
[7.886s] -- Installing: /home/nuna/ipm-ws/install/biped_interfaces/lib/libbiped_interfaces__rosidl_generator_c.so
[7.887s] -- Set runtime path of "/home/nuna/ipm-ws/install/biped_interfaces/lib/libbiped_interfaces__rosidl_generator_c.so" to ""
[7.887s] -- Up-to-date: /home/nuna/ipm-ws/install/biped_interfaces/include/biped_interfaces/biped_interfaces
[7.887s] -- Up-to-date: /home/nuna/ipm-ws/install/biped_interfaces/include/biped_interfaces/biped_interfaces/msg
[7.887s] -- Installing: /home/nuna/ipm-ws/install/biped_interfaces/include/biped_interfaces/biped_interfaces/msg/rosidl_typesupport_fastrtps_c__visibility_control.h
[7.887s] -- Up-to-date: /home/nuna/ipm-ws/install/biped_interfaces/include/biped_interfaces/biped_interfaces/msg/detail
[7.887s] -- Installing: /home/nuna/ipm-ws/install/biped_interfaces/include/biped_interfaces/biped_interfaces/msg/detail/phase__rosidl_typesupport_fastrtps_c.h
[7.887s] -- Installing: /home/nuna/ipm-ws/install/biped_interfaces/include/biped_interfaces/biped_interfaces/msg/detail/sole_poses__rosidl_typesupport_fastrtps_c.h
[7.887s] -- Installing: /home/nuna/ipm-ws/install/biped_interfaces/lib/libbiped_interfaces__rosidl_typesupport_fastrtps_c.so
[7.888s] -- Set runtime path of "/home/nuna/ipm-ws/install/biped_interfaces/lib/libbiped_interfaces__rosidl_typesupport_fastrtps_c.so" to ""
[7.888s] -- Up-to-date: /home/nuna/ipm-ws/install/biped_interfaces/include/biped_interfaces/biped_interfaces
[7.888s] -- Up-to-date: /home/nuna/ipm-ws/install/biped_interfaces/include/biped_interfaces/biped_interfaces/msg
[7.888s] -- Installing: /home/nuna/ipm-ws/install/biped_interfaces/include/biped_interfaces/biped_interfaces/msg/rosidl_typesupport_introspection_c__visibility_control.h
[7.888s] -- Up-to-date: /home/nuna/ipm-ws/install/biped_interfaces/include/biped_interfaces/biped_interfaces/msg/detail
[7.888s] -- Installing: /home/nuna/ipm-ws/install/biped_interfaces/include/biped_interfaces/biped_interfaces/msg/detail/phase__rosidl_typesupport_introspection_c.h
[7.888s] -- Up-to-date: /home/nuna/ipm-ws/install/biped_interfaces/include/biped_interfaces/biped_interfaces/msg/detail/sole_poses__type_support.c
[7.888s] -- Up-to-date: /home/nuna/ipm-ws/install/biped_interfaces/include/biped_interfaces/biped_interfaces/msg/detail/phase__type_support.c
[7.889s] -- Installing: /home/nuna/ipm-ws/install/biped_interfaces/include/biped_interfaces/biped_interfaces/msg/detail/sole_poses__rosidl_typesupport_introspection_c.h
[7.889s] -- Installing: /home/nuna/ipm-ws/install/biped_interfaces/lib/libbiped_interfaces__rosidl_typesupport_introspection_c.so
[7.889s] -- Set runtime path of "/home/nuna/ipm-ws/install/biped_interfaces/lib/libbiped_interfaces__rosidl_typesupport_introspection_c.so" to ""
[7.889s] -- Installing: /home/nuna/ipm-ws/install/biped_interfaces/lib/libbiped_interfaces__rosidl_typesupport_c.so
[7.889s] -- Set runtime path of "/home/nuna/ipm-ws/install/biped_interfaces/lib/libbiped_interfaces__rosidl_typesupport_c.so" to ""
[7.889s] -- Up-to-date: /home/nuna/ipm-ws/install/biped_interfaces/include/biped_interfaces/biped_interfaces
[7.889s] -- Up-to-date: /home/nuna/ipm-ws/install/biped_interfaces/include/biped_interfaces/biped_interfaces/msg
[7.889s] -- Installing: /home/nuna/ipm-ws/install/biped_interfaces/include/biped_interfaces/biped_interfaces/msg/phase.hpp
[7.890s] -- Installing: /home/nuna/ipm-ws/install/biped_interfaces/include/biped_interfaces/biped_interfaces/msg/rosidl_generator_cpp__visibility_control.hpp
[7.890s] -- Installing: /home/nuna/ipm-ws/install/biped_interfaces/include/biped_interfaces/biped_interfaces/msg/sole_poses.hpp
[7.890s] -- Up-to-date: /home/nuna/ipm-ws/install/biped_interfaces/include/biped_interfaces/biped_interfaces/msg/detail
[7.890s] -- Installing: /home/nuna/ipm-ws/install/biped_interfaces/include/biped_interfaces/biped_interfaces/msg/detail/phase__type_support.hpp
[7.891s] -- Installing: /home/nuna/ipm-ws/install/biped_interfaces/include/biped_interfaces/biped_interfaces/msg/detail/sole_poses__type_support.hpp
[7.892s] -- Installing: /home/nuna/ipm-ws/install/biped_interfaces/include/biped_interfaces/biped_interfaces/msg/detail/phase__struct.hpp
[7.892s] -- Installing: /home/nuna/ipm-ws/install/biped_interfaces/include/biped_interfaces/biped_interfaces/msg/detail/sole_poses__struct.hpp
[7.892s] -- Installing: /home/nuna/ipm-ws/install/biped_interfaces/include/biped_interfaces/biped_interfaces/msg/detail/phase__builder.hpp
[7.892s] -- Installing: /home/nuna/ipm-ws/install/biped_interfaces/include/biped_interfaces/biped_interfaces/msg/detail/sole_poses__builder.hpp
[7.892s] -- Installing: /home/nuna/ipm-ws/install/biped_interfaces/include/biped_interfaces/biped_interfaces/msg/detail/sole_poses__traits.hpp
[7.892s] -- Installing: /home/nuna/ipm-ws/install/biped_interfaces/include/biped_interfaces/biped_interfaces/msg/detail/phase__traits.hpp
[7.892s] -- Up-to-date: /home/nuna/ipm-ws/install/biped_interfaces/include/biped_interfaces/biped_interfaces
[7.892s] -- Up-to-date: /home/nuna/ipm-ws/install/biped_interfaces/include/biped_interfaces/biped_interfaces/msg
[7.893s] -- Installing: /home/nuna/ipm-ws/install/biped_interfaces/include/biped_interfaces/biped_interfaces/msg/rosidl_typesupport_fastrtps_cpp__visibility_control.h
[7.893s] -- Up-to-date: /home/nuna/ipm-ws/install/biped_interfaces/include/biped_interfaces/biped_interfaces/msg/detail
[7.893s] -- Installing: /home/nuna/ipm-ws/install/biped_interfaces/include/biped_interfaces/biped_interfaces/msg/detail/phase__rosidl_typesupport_fastrtps_cpp.hpp
[7.893s] -- Installing: /home/nuna/ipm-ws/install/biped_interfaces/include/biped_interfaces/biped_interfaces/msg/detail/dds_fastrtps
[7.893s] -- Installing: /home/nuna/ipm-ws/install/biped_interfaces/include/biped_interfaces/biped_interfaces/msg/detail/sole_poses__rosidl_typesupport_fastrtps_cpp.hpp
[7.893s] -- Installing: /home/nuna/ipm-ws/install/biped_interfaces/lib/libbiped_interfaces__rosidl_typesupport_fastrtps_cpp.so
[7.894s] -- Set runtime path of "/home/nuna/ipm-ws/install/biped_interfaces/lib/libbiped_interfaces__rosidl_typesupport_fastrtps_cpp.so" to ""
[7.895s] -- Up-to-date: /home/nuna/ipm-ws/install/biped_interfaces/include/biped_interfaces/biped_interfaces
[7.895s] -- Up-to-date: /home/nuna/ipm-ws/install/biped_interfaces/include/biped_interfaces/biped_interfaces/msg
[7.895s] -- Up-to-date: /home/nuna/ipm-ws/install/biped_interfaces/include/biped_interfaces/biped_interfaces/msg/detail
[7.895s] -- Installing: /home/nuna/ipm-ws/install/biped_interfaces/include/biped_interfaces/biped_interfaces/msg/detail/phase__type_support.cpp
[7.895s] -- Installing: /home/nuna/ipm-ws/install/biped_interfaces/include/biped_interfaces/biped_interfaces/msg/detail/phase__rosidl_typesupport_introspection_cpp.hpp
[7.895s] -- Installing: /home/nuna/ipm-ws/install/biped_interfaces/include/biped_interfaces/biped_interfaces/msg/detail/sole_poses__rosidl_typesupport_introspection_cpp.hpp
[7.895s] -- Installing: /home/nuna/ipm-ws/install/biped_interfaces/include/biped_interfaces/biped_interfaces/msg/detail/sole_poses__type_support.cpp
[7.895s] -- Installing: /home/nuna/ipm-ws/install/biped_interfaces/lib/libbiped_interfaces__rosidl_typesupport_introspection_cpp.so
[7.898s] -- Set runtime path of "/home/nuna/ipm-ws/install/biped_interfaces/lib/libbiped_interfaces__rosidl_typesupport_introspection_cpp.so" to ""
[7.898s] -- Installing: /home/nuna/ipm-ws/install/biped_interfaces/lib/libbiped_interfaces__rosidl_typesupport_cpp.so
[7.898s] -- Set runtime path of "/home/nuna/ipm-ws/install/biped_interfaces/lib/libbiped_interfaces__rosidl_typesupport_cpp.so" to ""
[7.898s] -- Installing: /home/nuna/ipm-ws/install/biped_interfaces/share/biped_interfaces/environment/pythonpath.sh
[7.898s] -- Installing: /home/nuna/ipm-ws/install/biped_interfaces/share/biped_interfaces/environment/pythonpath.dsv
[7.899s] -- Installing: /home/nuna/ipm-ws/install/biped_interfaces/lib/python3.10/site-packages/biped_interfaces-0.0.0-py3.10.egg-info
[7.899s] -- Installing: /home/nuna/ipm-ws/install/biped_interfaces/lib/python3.10/site-packages/biped_interfaces-0.0.0-py3.10.egg-info/top_level.txt
[7.899s] -- Installing: /home/nuna/ipm-ws/install/biped_interfaces/lib/python3.10/site-packages/biped_interfaces-0.0.0-py3.10.egg-info/dependency_links.txt
[7.899s] -- Installing: /home/nuna/ipm-ws/install/biped_interfaces/lib/python3.10/site-packages/biped_interfaces-0.0.0-py3.10.egg-info/SOURCES.txt
[7.899s] -- Installing: /home/nuna/ipm-ws/install/biped_interfaces/lib/python3.10/site-packages/biped_interfaces-0.0.0-py3.10.egg-info/PKG-INFO
[7.899s] -- Installing: /home/nuna/ipm-ws/install/biped_interfaces/lib/python3.10/site-packages/biped_interfaces
[7.899s] -- Installing: /home/nuna/ipm-ws/install/biped_interfaces/lib/python3.10/site-packages/biped_interfaces/libbiped_interfaces__rosidl_generator_py.so
[7.899s] -- Installing: /home/nuna/ipm-ws/install/biped_interfaces/lib/python3.10/site-packages/biped_interfaces/_biped_interfaces_s.ep.rosidl_typesupport_fastrtps_c.c
[7.899s] -- Installing: /home/nuna/ipm-ws/install/biped_interfaces/lib/python3.10/site-packages/biped_interfaces/biped_interfaces_s__rosidl_typesupport_c.cpython-310-x86_64-linux-gnu.so
[7.899s] -- Installing: /home/nuna/ipm-ws/install/biped_interfaces/lib/python3.10/site-packages/biped_interfaces/_biped_interfaces_s.ep.rosidl_typesupport_introspection_c.c
[7.899s] -- Installing: /home/nuna/ipm-ws/install/biped_interfaces/lib/python3.10/site-packages/biped_interfaces/msg
[7.899s] -- Installing: /home/nuna/ipm-ws/install/biped_interfaces/lib/python3.10/site-packages/biped_interfaces/msg/_phase.py
[7.899s] -- Installing: /home/nuna/ipm-ws/install/biped_interfaces/lib/python3.10/site-packages/biped_interfaces/msg/_sole_poses_s.c
[7.899s] -- Installing: /home/nuna/ipm-ws/install/biped_interfaces/lib/python3.10/site-packages/biped_interfaces/msg/_phase_s.c
[7.900s] -- Installing: /home/nuna/ipm-ws/install/biped_interfaces/lib/python3.10/site-packages/biped_interfaces/msg/__init__.py
[7.900s] -- Installing: /home/nuna/ipm-ws/install/biped_interfaces/lib/python3.10/site-packages/biped_interfaces/msg/_sole_poses.py
[7.900s] -- Installing: /home/nuna/ipm-ws/install/biped_interfaces/lib/python3.10/site-packages/biped_interfaces/_biped_interfaces_s.ep.rosidl_typesupport_c.c
[7.900s] -- Installing: /home/nuna/ipm-ws/install/biped_interfaces/lib/python3.10/site-packages/biped_interfaces/__init__.py
[7.900s] -- Installing: /home/nuna/ipm-ws/install/biped_interfaces/lib/python3.10/site-packages/biped_interfaces/biped_interfaces_s__rosidl_typesupport_fastrtps_c.cpython-310-x86_64-linux-gnu.so
[7.900s] -- Installing: /home/nuna/ipm-ws/install/biped_interfaces/lib/python3.10/site-packages/biped_interfaces/biped_interfaces_s__rosidl_typesupport_introspection_c.cpython-310-x86_64-linux-gnu.so
[7.946s] Listing '/home/nuna/ipm-ws/install/biped_interfaces/lib/python3.10/site-packages/biped_interfaces'...
[7.946s] Compiling '/home/nuna/ipm-ws/install/biped_interfaces/lib/python3.10/site-packages/biped_interfaces/__init__.py'...
[7.947s] Listing '/home/nuna/ipm-ws/install/biped_interfaces/lib/python3.10/site-packages/biped_interfaces/msg'...
[7.947s] Compiling '/home/nuna/ipm-ws/install/biped_interfaces/lib/python3.10/site-packages/biped_interfaces/msg/__init__.py'...
[7.947s] Compiling '/home/nuna/ipm-ws/install/biped_interfaces/lib/python3.10/site-packages/biped_interfaces/msg/_phase.py'...
[7.947s] Compiling '/home/nuna/ipm-ws/install/biped_interfaces/lib/python3.10/site-packages/biped_interfaces/msg/_sole_poses.py'...
[7.952s] -- Installing: /home/nuna/ipm-ws/install/biped_interfaces/lib/python3.10/site-packages/biped_interfaces/biped_interfaces_s__rosidl_typesupport_fastrtps_c.cpython-310-x86_64-linux-gnu.so
[7.953s] -- Set runtime path of "/home/nuna/ipm-ws/install/biped_interfaces/lib/python3.10/site-packages/biped_interfaces/biped_interfaces_s__rosidl_typesupport_fastrtps_c.cpython-310-x86_64-linux-gnu.so" to ""
[7.954s] -- Installing: /home/nuna/ipm-ws/install/biped_interfaces/lib/python3.10/site-packages/biped_interfaces/biped_interfaces_s__rosidl_typesupport_introspection_c.cpython-310-x86_64-linux-gnu.so
[7.954s] -- Set runtime path of "/home/nuna/ipm-ws/install/biped_interfaces/lib/python3.10/site-packages/biped_interfaces/biped_interfaces_s__rosidl_typesupport_introspection_c.cpython-310-x86_64-linux-gnu.so" to ""
[7.955s] -- Installing: /home/nuna/ipm-ws/install/biped_interfaces/lib/python3.10/site-packages/biped_interfaces/biped_interfaces_s__rosidl_typesupport_c.cpython-310-x86_64-linux-gnu.so
[7.955s] -- Set runtime path of "/home/nuna/ipm-ws/install/biped_interfaces/lib/python3.10/site-packages/biped_interfaces/biped_interfaces_s__rosidl_typesupport_c.cpython-310-x86_64-linux-gnu.so" to ""
[7.955s] -- Installing: /home/nuna/ipm-ws/install/biped_interfaces/lib/libbiped_interfaces__rosidl_generator_py.so
[7.957s] -- Set runtime path of "/home/nuna/ipm-ws/install/biped_interfaces/lib/libbiped_interfaces__rosidl_generator_py.so" to ""
[7.957s] -- Installing: /home/nuna/ipm-ws/install/biped_interfaces/share/biped_interfaces/msg/Phase.idl
[7.958s] -- Installing: /home/nuna/ipm-ws/install/biped_interfaces/share/biped_interfaces/msg/SolePoses.idl
[7.958s] -- Installing: /home/nuna/ipm-ws/install/biped_interfaces/share/biped_interfaces/msg/Phase.msg
[7.958s] -- Installing: /home/nuna/ipm-ws/install/biped_interfaces/share/biped_interfaces/msg/SolePoses.msg
[7.959s] -- Installing: /home/nuna/ipm-ws/install/biped_interfaces/share/ament_index/resource_index/package_run_dependencies/biped_interfaces
[7.959s] -- Installing: /home/nuna/ipm-ws/install/biped_interfaces/share/ament_index/resource_index/parent_prefix_path/biped_interfaces
[7.960s] -- Installing: /home/nuna/ipm-ws/install/biped_interfaces/share/biped_interfaces/environment/ament_prefix_path.sh
[7.960s] -- Installing: /home/nuna/ipm-ws/install/biped_interfaces/share/biped_interfaces/environment/ament_prefix_path.dsv
[7.960s] -- Installing: /home/nuna/ipm-ws/install/biped_interfaces/share/biped_interfaces/environment/path.sh
[7.961s] -- Installing: /home/nuna/ipm-ws/install/biped_interfaces/share/biped_interfaces/environment/path.dsv
[7.961s] -- Installing: /home/nuna/ipm-ws/install/biped_interfaces/share/biped_interfaces/local_setup.bash
[7.962s] -- Installing: /home/nuna/ipm-ws/install/biped_interfaces/share/biped_interfaces/local_setup.sh
[7.963s] -- Installing: /home/nuna/ipm-ws/install/biped_interfaces/share/biped_interfaces/local_setup.zsh
[7.963s] -- Installing: /home/nuna/ipm-ws/install/biped_interfaces/share/biped_interfaces/local_setup.dsv
[7.963s] -- Installing: /home/nuna/ipm-ws/install/biped_interfaces/share/biped_interfaces/package.dsv
[7.966s] -- Installing: /home/nuna/ipm-ws/install/biped_interfaces/share/ament_index/resource_index/packages/biped_interfaces
[7.967s] -- Installing: /home/nuna/ipm-ws/install/biped_interfaces/share/biped_interfaces/cmake/export_biped_interfaces__rosidl_generator_cExport.cmake
[7.967s] -- Installing: /home/nuna/ipm-ws/install/biped_interfaces/share/biped_interfaces/cmake/export_biped_interfaces__rosidl_generator_cExport-noconfig.cmake
[7.967s] -- Installing: /home/nuna/ipm-ws/install/biped_interfaces/share/biped_interfaces/cmake/export_biped_interfaces__rosidl_typesupport_fastrtps_cExport.cmake
[7.968s] -- Installing: /home/nuna/ipm-ws/install/biped_interfaces/share/biped_interfaces/cmake/export_biped_interfaces__rosidl_typesupport_fastrtps_cExport-noconfig.cmake
[7.968s] -- Installing: /home/nuna/ipm-ws/install/biped_interfaces/share/biped_interfaces/cmake/biped_interfaces__rosidl_typesupport_introspection_cExport.cmake
[7.968s] -- Installing: /home/nuna/ipm-ws/install/biped_interfaces/share/biped_interfaces/cmake/biped_interfaces__rosidl_typesupport_introspection_cExport-noconfig.cmake
[7.969s] -- Installing: /home/nuna/ipm-ws/install/biped_interfaces/share/biped_interfaces/cmake/biped_interfaces__rosidl_typesupport_cExport.cmake
[7.969s] -- Installing: /home/nuna/ipm-ws/install/biped_interfaces/share/biped_interfaces/cmake/biped_interfaces__rosidl_typesupport_cExport-noconfig.cmake
[7.969s] -- Installing: /home/nuna/ipm-ws/install/biped_interfaces/share/biped_interfaces/cmake/export_biped_interfaces__rosidl_generator_cppExport.cmake
[7.970s] -- Installing: /home/nuna/ipm-ws/install/biped_interfaces/share/biped_interfaces/cmake/export_biped_interfaces__rosidl_typesupport_fastrtps_cppExport.cmake
[7.971s] -- Installing: /home/nuna/ipm-ws/install/biped_interfaces/share/biped_interfaces/cmake/export_biped_interfaces__rosidl_typesupport_fastrtps_cppExport-noconfig.cmake
[7.971s] -- Installing: /home/nuna/ipm-ws/install/biped_interfaces/share/biped_interfaces/cmake/biped_interfaces__rosidl_typesupport_introspection_cppExport.cmake
[7.971s] -- Installing: /home/nuna/ipm-ws/install/biped_interfaces/share/biped_interfaces/cmake/biped_interfaces__rosidl_typesupport_introspection_cppExport-noconfig.cmake
[7.972s] -- Installing: /home/nuna/ipm-ws/install/biped_interfaces/share/biped_interfaces/cmake/biped_interfaces__rosidl_typesupport_cppExport.cmake
[7.972s] -- Installing: /home/nuna/ipm-ws/install/biped_interfaces/share/biped_interfaces/cmake/biped_interfaces__rosidl_typesupport_cppExport-noconfig.cmake
[7.973s] -- Installing: /home/nuna/ipm-ws/install/biped_interfaces/share/biped_interfaces/cmake/export_biped_interfaces__rosidl_generator_pyExport.cmake
[7.973s] -- Installing: /home/nuna/ipm-ws/install/biped_interfaces/share/biped_interfaces/cmake/export_biped_interfaces__rosidl_generator_pyExport-noconfig.cmake
[7.973s] -- Installing: /home/nuna/ipm-ws/install/biped_interfaces/share/biped_interfaces/cmake/rosidl_cmake-extras.cmake
[7.973s] -- Installing: /home/nuna/ipm-ws/install/biped_interfaces/share/biped_interfaces/cmake/ament_cmake_export_dependencies-extras.cmake
[7.974s] -- Installing: /home/nuna/ipm-ws/install/biped_interfaces/share/biped_interfaces/cmake/ament_cmake_export_include_directories-extras.cmake
[7.974s] -- Installing: /home/nuna/ipm-ws/install/biped_interfaces/share/biped_interfaces/cmake/ament_cmake_export_libraries-extras.cmake
[7.974s] -- Installing: /home/nuna/ipm-ws/install/biped_interfaces/share/biped_interfaces/cmake/ament_cmake_export_targets-extras.cmake
[7.975s] -- Installing: /home/nuna/ipm-ws/install/biped_interfaces/share/biped_interfaces/cmake/rosidl_cmake_export_typesupport_targets-extras.cmake
[7.976s] -- Installing: /home/nuna/ipm-ws/install/biped_interfaces/share/biped_interfaces/cmake/rosidl_cmake_export_typesupport_libraries-extras.cmake
[7.976s] -- Installing: /home/nuna/ipm-ws/install/biped_interfaces/share/biped_interfaces/cmake/biped_interfacesConfig.cmake
[7.977s] -- Installing: /home/nuna/ipm-ws/install/biped_interfaces/share/biped_interfaces/cmake/biped_interfacesConfig-version.cmake
[7.977s] -- Installing: /home/nuna/ipm-ws/install/biped_interfaces/share/biped_interfaces/package.xml
[7.994s] Invoked command in '/home/nuna/ipm-ws/build/biped_interfaces' returned '0': CMAKE_PREFIX_PATH=/opt/ros/rolling /home/nuna/.local/bin/cmake --install /home/nuna/ipm-ws/build/biped_interfaces
