running egg_info
writing ../../../build/ipm_library/ipm_library.egg-info/PKG-INFO
writing dependency_links to ../../../build/ipm_library/ipm_library.egg-info/dependency_links.txt
writing entry points to ../../../build/ipm_library/ipm_library.egg-info/entry_points.txt
writing requirements to ../../../build/ipm_library/ipm_library.egg-info/requires.txt
writing top-level names to ../../../build/ipm_library/ipm_library.egg-info/top_level.txt
reading manifest file '../../../build/ipm_library/ipm_library.egg-info/SOURCES.txt'
writing manifest file '../../../build/ipm_library/ipm_library.egg-info/SOURCES.txt'
running build
running build_py
running install
/usr/lib/python3/dist-packages/setuptools/command/install.py:34: SetuptoolsDeprecationWarning: setup.py install is deprecated. Use build and pip and other standards-based tools.
  warnings.warn(
running install_lib
running install_data
running install_egg_info
removing '/home/nuna/ipm-ws/install/ipm_library/lib/python3.10/site-packages/ipm_library-0.0.0-py3.10.egg-info' (and everything under it)
Copying ../../../build/ipm_library/ipm_library.egg-info to /home/nuna/ipm-ws/install/ipm_library/lib/python3.10/site-packages/ipm_library-0.0.0-py3.10.egg-info
running install_scripts
writing list of installed files to '/home/nuna/ipm-ws/build/ipm_library/install.log'
