[0.632s] Invoking command in '/home/nuna/ipm-ws/src/ipm/ipm_library': AMENT_PREFIX_PATH=/home/nuna/ipm-ws/install/ipm_interfaces:/home/nuna/ipm-ws/install/vision_msgs:${AMENT_PREFIX_PATH} CMAKE_PREFIX_PATH=/home/nuna/ipm-ws/install/ipm_interfaces:/home/nuna/ipm-ws/install/vision_msgs LD_LIBRARY_PATH=/home/nuna/ipm-ws/install/ipm_interfaces/lib:/home/nuna/ipm-ws/install/vision_msgs/lib:${LD_LIBRARY_PATH} PYTHONPATH=/home/nuna/ipm-ws/build/ipm_library/prefix_override:/home/nuna/ipm-ws/install/ipm_library/lib/python3.10/site-packages:/home/nuna/ipm-ws/install/ipm_interfaces/lib/python3.10/site-packages:/home/nuna/ipm-ws/install/vision_msgs/lib/python3.10/site-packages:${PYTHONPATH} /usr/bin/python3 setup.py egg_info --egg-base ../../../build/ipm_library build --build-base /home/nuna/ipm-ws/build/ipm_library/build install --record /home/nuna/ipm-ws/build/ipm_library/install.log --single-version-externally-managed
[0.838s] running egg_info
[0.838s] writing ../../../build/ipm_library/ipm_library.egg-info/PKG-INFO
[0.839s] writing dependency_links to ../../../build/ipm_library/ipm_library.egg-info/dependency_links.txt
[0.839s] writing entry points to ../../../build/ipm_library/ipm_library.egg-info/entry_points.txt
[0.839s] writing requirements to ../../../build/ipm_library/ipm_library.egg-info/requires.txt
[0.839s] writing top-level names to ../../../build/ipm_library/ipm_library.egg-info/top_level.txt
[0.840s] reading manifest file '../../../build/ipm_library/ipm_library.egg-info/SOURCES.txt'
[0.841s] writing manifest file '../../../build/ipm_library/ipm_library.egg-info/SOURCES.txt'
[0.841s] running build
[0.841s] running build_py
[0.841s] running install
[0.841s] /usr/lib/python3/dist-packages/setuptools/command/install.py:34: SetuptoolsDeprecationWarning: setup.py install is deprecated. Use build and pip and other standards-based tools.
[0.841s]   warnings.warn(
[0.841s] running install_lib
[0.842s] running install_data
[0.843s] running install_egg_info
[0.844s] removing '/home/nuna/ipm-ws/install/ipm_library/lib/python3.10/site-packages/ipm_library-0.0.0-py3.10.egg-info' (and everything under it)
[0.844s] Copying ../../../build/ipm_library/ipm_library.egg-info to /home/nuna/ipm-ws/install/ipm_library/lib/python3.10/site-packages/ipm_library-0.0.0-py3.10.egg-info
[0.845s] running install_scripts
[0.862s] writing list of installed files to '/home/nuna/ipm-ws/build/ipm_library/install.log'
[0.881s] Invoked command in '/home/nuna/ipm-ws/src/ipm/ipm_library' returned '0': AMENT_PREFIX_PATH=/home/nuna/ipm-ws/install/ipm_interfaces:/home/nuna/ipm-ws/install/vision_msgs:${AMENT_PREFIX_PATH} CMAKE_PREFIX_PATH=/home/nuna/ipm-ws/install/ipm_interfaces:/home/nuna/ipm-ws/install/vision_msgs LD_LIBRARY_PATH=/home/nuna/ipm-ws/install/ipm_interfaces/lib:/home/nuna/ipm-ws/install/vision_msgs/lib:${LD_LIBRARY_PATH} PYTHONPATH=/home/nuna/ipm-ws/build/ipm_library/prefix_override:/home/nuna/ipm-ws/install/ipm_library/lib/python3.10/site-packages:/home/nuna/ipm-ws/install/ipm_interfaces/lib/python3.10/site-packages:/home/nuna/ipm-ws/install/vision_msgs/lib/python3.10/site-packages:${PYTHONPATH} /usr/bin/python3 setup.py egg_info --egg-base ../../../build/ipm_library build --build-base /home/nuna/ipm-ws/build/ipm_library/build install --record /home/nuna/ipm-ws/build/ipm_library/install.log --single-version-externally-managed
