-- The C compiler identification is GNU 11.4.0
-- The CXX compiler identification is GNU 11.4.0
-- Detecting C compiler ABI info
-- Detecting C compiler ABI info - done
-- Check for working C compiler: /usr/bin/cc - skipped
-- Detecting C compile features
-- Detecting C compile features - done
-- Detecting CXX compiler ABI info
-- Detecting CXX compiler ABI info - done
-- Check for working CXX compiler: /usr/bin/c++ - skipped
-- Detecting CXX compile features
-- Detecting CXX compile features - done
-- Enabling C++11
-- Found ament_cmake: 2.3.0 (/opt/ros/rolling/share/ament_cmake/cmake)
-- Found Python3: /usr/bin/python3.10 (found version "3.10.12") found components: Interpreter 
-- Configuring done (0.8s)
-- Generating done (0.0s)
-- Build files have been written to: /home/nuna/ipm-ws/build/rot_conv
[  7%] [32mBuilding CXX object CMakeFiles/rotconvstatic.dir/src/rot_conv.cpp.o[0m
[ 21%] [32mBuilding CXX object CMakeFiles/rotconvstatic.dir/src/rot_conv_extras.cpp.o[0m
[ 21%] [32mBuilding CXX object CMakeFiles/rot_conv_sample_direct.dir/test/rot_conv_sample.cpp.o[0m
[ 28%] [32mBuilding CXX object CMakeFiles/rot_conv_sample_direct.dir/src/rot_conv_extras.cpp.o[0m
[ 35%] [32mBuilding CXX object CMakeFiles/rot_conv_sample_direct.dir/src/rot_conv.cpp.o[0m
[ 42%] [32mBuilding CXX object CMakeFiles/rotconvshared.dir/src/rot_conv.cpp.o[0m
[ 50%] [32mBuilding CXX object CMakeFiles/rotconvshared.dir/src/rot_conv_extras.cpp.o[0m
[ 57%] [32m[1mLinking CXX shared library librotconvshared.so[0m
[ 57%] Built target rotconvshared
[ 64%] [32mBuilding CXX object CMakeFiles/rot_conv_sample_shared.dir/test/rot_conv_sample.cpp.o[0m
[ 71%] [32m[1mLinking CXX static library librotconvstatic.a[0m
[ 78%] [32m[1mLinking CXX executable rot_conv_sample_direct[0m
[ 78%] Built target rotconvstatic
[ 85%] [32mBuilding CXX object CMakeFiles/rot_conv_sample_static.dir/test/rot_conv_sample.cpp.o[0m
[ 85%] Built target rot_conv_sample_direct
[ 92%] [32m[1mLinking CXX executable rot_conv_sample_shared[0m
[100%] [32m[1mLinking CXX executable rot_conv_sample_static[0m
[100%] Built target rot_conv_sample_shared
[100%] Built target rot_conv_sample_static
-- Install configuration: ""
-- Installing: /home/nuna/ipm-ws/install/rot_conv/share/rot_conv/environment/library_path.sh
-- Installing: /home/nuna/ipm-ws/install/rot_conv/share/rot_conv/environment/library_path.dsv
-- Installing: /home/nuna/ipm-ws/install/rot_conv/share/ament_index/resource_index/package_run_dependencies/rot_conv
-- Installing: /home/nuna/ipm-ws/install/rot_conv/share/ament_index/resource_index/parent_prefix_path/rot_conv
-- Installing: /home/nuna/ipm-ws/install/rot_conv/share/rot_conv/environment/ament_prefix_path.sh
-- Installing: /home/nuna/ipm-ws/install/rot_conv/share/rot_conv/environment/ament_prefix_path.dsv
-- Installing: /home/nuna/ipm-ws/install/rot_conv/share/rot_conv/environment/path.sh
-- Installing: /home/nuna/ipm-ws/install/rot_conv/share/rot_conv/environment/path.dsv
-- Installing: /home/nuna/ipm-ws/install/rot_conv/share/rot_conv/local_setup.bash
-- Installing: /home/nuna/ipm-ws/install/rot_conv/share/rot_conv/local_setup.sh
-- Installing: /home/nuna/ipm-ws/install/rot_conv/share/rot_conv/local_setup.zsh
-- Installing: /home/nuna/ipm-ws/install/rot_conv/share/rot_conv/local_setup.dsv
-- Installing: /home/nuna/ipm-ws/install/rot_conv/share/rot_conv/package.dsv
-- Installing: /home/nuna/ipm-ws/install/rot_conv/share/ament_index/resource_index/packages/rot_conv
-- Installing: /home/nuna/ipm-ws/install/rot_conv/share/rot_conv/cmake/ament_cmake_export_dependencies-extras.cmake
-- Installing: /home/nuna/ipm-ws/install/rot_conv/share/rot_conv/cmake/ament_cmake_export_include_directories-extras.cmake
-- Installing: /home/nuna/ipm-ws/install/rot_conv/share/rot_conv/cmake/ament_cmake_export_libraries-extras.cmake
-- Installing: /home/nuna/ipm-ws/install/rot_conv/share/rot_conv/cmake/rot_convConfig.cmake
-- Installing: /home/nuna/ipm-ws/install/rot_conv/share/rot_conv/cmake/rot_convConfig-version.cmake
-- Installing: /home/nuna/ipm-ws/install/rot_conv/share/rot_conv/package.xml
-- Installing: /home/nuna/ipm-ws/install/rot_conv/lib/librotconvstatic.a
-- Installing: /home/nuna/ipm-ws/install/rot_conv/lib/librotconvshared.so
-- Installing: /home/nuna/ipm-ws/install/rot_conv/include
-- Installing: /home/nuna/ipm-ws/install/rot_conv/include/rot_conv
-- Installing: /home/nuna/ipm-ws/install/rot_conv/include/rot_conv/rot_conv_extras.h
-- Installing: /home/nuna/ipm-ws/install/rot_conv/include/rot_conv/rot_conv.h
-- Installing: /home/nuna/ipm-ws/install/rot_conv/include/rot_conv/rot_conv_impl.h
-- Installing: /home/nuna/ipm-ws/install/rot_conv/include/rot_conv/rot_conv_frames.h
