[0.047s] Invoking command in '/home/nuna/ipm-ws/build/rot_conv': CMAKE_PREFIX_PATH=/opt/ros/rolling /home/nuna/.local/bin/cmake /home/nuna/ipm-ws/src/rot_conv_lib -DCMAKE_INSTALL_PREFIX=/home/nuna/ipm-ws/install/rot_conv
[0.153s] -- The C compiler identification is GNU 11.4.0
[0.246s] -- The CXX compiler identification is GNU 11.4.0
[0.261s] -- Detecting C compiler ABI info
[0.317s] -- Detecting C compiler ABI info - done
[0.333s] -- Check for working C compiler: /usr/bin/cc - skipped
[0.334s] -- Detecting C compile features
[0.334s] -- Detecting C compile features - done
[0.343s] -- Detecting CXX compiler ABI info
[0.402s] -- Detecting CXX compiler ABI info - done
[0.413s] -- Check for working CXX compiler: /usr/bin/c++ - skipped
[0.413s] -- Detecting CXX compile features
[0.414s] -- Detecting CXX compile features - done
[0.414s] -- Enabling C++11
[0.416s] -- Found ament_cmake: 2.3.0 (/opt/ros/rolling/share/ament_cmake/cmake)
[0.771s] -- Found Python3: /usr/bin/python3.10 (found version "3.10.12") found components: Interpreter 
[0.906s] -- Configuring done (0.8s)
[0.912s] -- Generating done (0.0s)
[0.913s] -- Build files have been written to: /home/nuna/ipm-ws/build/rot_conv
[0.919s] Invoked command in '/home/nuna/ipm-ws/build/rot_conv' returned '0': CMAKE_PREFIX_PATH=/opt/ros/rolling /home/nuna/.local/bin/cmake /home/nuna/ipm-ws/src/rot_conv_lib -DCMAKE_INSTALL_PREFIX=/home/nuna/ipm-ws/install/rot_conv
[0.921s] Invoking command in '/home/nuna/ipm-ws/build/rot_conv': CMAKE_PREFIX_PATH=/opt/ros/rolling /home/nuna/.local/bin/cmake --build /home/nuna/ipm-ws/build/rot_conv -- -j8 -l8
[0.955s] [  7%] [32mBuilding CXX object CMakeFiles/rotconvstatic.dir/src/rot_conv.cpp.o[0m
[0.955s] [ 21%] [32mBuilding CXX object CMakeFiles/rotconvstatic.dir/src/rot_conv_extras.cpp.o[0m
[0.956s] [ 21%] [32mBuilding CXX object CMakeFiles/rot_conv_sample_direct.dir/test/rot_conv_sample.cpp.o[0m
[0.956s] [ 28%] [32mBuilding CXX object CMakeFiles/rot_conv_sample_direct.dir/src/rot_conv_extras.cpp.o[0m
[0.956s] [ 35%] [32mBuilding CXX object CMakeFiles/rot_conv_sample_direct.dir/src/rot_conv.cpp.o[0m
[0.957s] [ 42%] [32mBuilding CXX object CMakeFiles/rotconvshared.dir/src/rot_conv.cpp.o[0m
[0.958s] [ 50%] [32mBuilding CXX object CMakeFiles/rotconvshared.dir/src/rot_conv_extras.cpp.o[0m
[4.050s] [ 57%] [32m[1mLinking CXX shared library librotconvshared.so[0m
[4.221s] [ 57%] Built target rotconvshared
[4.231s] [ 64%] [32mBuilding CXX object CMakeFiles/rot_conv_sample_shared.dir/test/rot_conv_sample.cpp.o[0m
[4.364s] [ 71%] [32m[1mLinking CXX static library librotconvstatic.a[0m
[4.412s] [ 78%] [32m[1mLinking CXX executable rot_conv_sample_direct[0m
[4.432s] [ 78%] Built target rotconvstatic
[4.443s] [ 85%] [32mBuilding CXX object CMakeFiles/rot_conv_sample_static.dir/test/rot_conv_sample.cpp.o[0m
[4.579s] [ 85%] Built target rot_conv_sample_direct
[6.417s] [ 92%] [32m[1mLinking CXX executable rot_conv_sample_shared[0m
[6.662s] [100%] [32m[1mLinking CXX executable rot_conv_sample_static[0m
[6.674s] [100%] Built target rot_conv_sample_shared
[6.824s] [100%] Built target rot_conv_sample_static
[6.833s] Invoked command in '/home/nuna/ipm-ws/build/rot_conv' returned '0': CMAKE_PREFIX_PATH=/opt/ros/rolling /home/nuna/.local/bin/cmake --build /home/nuna/ipm-ws/build/rot_conv -- -j8 -l8
[6.933s] Invoking command in '/home/nuna/ipm-ws/build/rot_conv': CMAKE_PREFIX_PATH=/opt/ros/rolling /home/nuna/.local/bin/cmake --install /home/nuna/ipm-ws/build/rot_conv
[6.966s] -- Install configuration: ""
[6.966s] -- Installing: /home/nuna/ipm-ws/install/rot_conv/share/rot_conv/environment/library_path.sh
[6.966s] -- Installing: /home/nuna/ipm-ws/install/rot_conv/share/rot_conv/environment/library_path.dsv
[6.966s] -- Installing: /home/nuna/ipm-ws/install/rot_conv/share/ament_index/resource_index/package_run_dependencies/rot_conv
[6.967s] -- Installing: /home/nuna/ipm-ws/install/rot_conv/share/ament_index/resource_index/parent_prefix_path/rot_conv
[6.967s] -- Installing: /home/nuna/ipm-ws/install/rot_conv/share/rot_conv/environment/ament_prefix_path.sh
[6.967s] -- Installing: /home/nuna/ipm-ws/install/rot_conv/share/rot_conv/environment/ament_prefix_path.dsv
[6.967s] -- Installing: /home/nuna/ipm-ws/install/rot_conv/share/rot_conv/environment/path.sh
[6.967s] -- Installing: /home/nuna/ipm-ws/install/rot_conv/share/rot_conv/environment/path.dsv
[6.967s] -- Installing: /home/nuna/ipm-ws/install/rot_conv/share/rot_conv/local_setup.bash
[6.967s] -- Installing: /home/nuna/ipm-ws/install/rot_conv/share/rot_conv/local_setup.sh
[6.967s] -- Installing: /home/nuna/ipm-ws/install/rot_conv/share/rot_conv/local_setup.zsh
[6.968s] -- Installing: /home/nuna/ipm-ws/install/rot_conv/share/rot_conv/local_setup.dsv
[6.968s] -- Installing: /home/nuna/ipm-ws/install/rot_conv/share/rot_conv/package.dsv
[6.968s] -- Installing: /home/nuna/ipm-ws/install/rot_conv/share/ament_index/resource_index/packages/rot_conv
[6.968s] -- Installing: /home/nuna/ipm-ws/install/rot_conv/share/rot_conv/cmake/ament_cmake_export_dependencies-extras.cmake
[6.968s] -- Installing: /home/nuna/ipm-ws/install/rot_conv/share/rot_conv/cmake/ament_cmake_export_include_directories-extras.cmake
[6.968s] -- Installing: /home/nuna/ipm-ws/install/rot_conv/share/rot_conv/cmake/ament_cmake_export_libraries-extras.cmake
[6.968s] -- Installing: /home/nuna/ipm-ws/install/rot_conv/share/rot_conv/cmake/rot_convConfig.cmake
[6.968s] -- Installing: /home/nuna/ipm-ws/install/rot_conv/share/rot_conv/cmake/rot_convConfig-version.cmake
[6.969s] -- Installing: /home/nuna/ipm-ws/install/rot_conv/share/rot_conv/package.xml
[6.969s] -- Installing: /home/nuna/ipm-ws/install/rot_conv/lib/librotconvstatic.a
[6.971s] -- Installing: /home/nuna/ipm-ws/install/rot_conv/lib/librotconvshared.so
[6.973s] -- Installing: /home/nuna/ipm-ws/install/rot_conv/include
[6.974s] -- Installing: /home/nuna/ipm-ws/install/rot_conv/include/rot_conv
[6.974s] -- Installing: /home/nuna/ipm-ws/install/rot_conv/include/rot_conv/rot_conv_extras.h
[6.974s] -- Installing: /home/nuna/ipm-ws/install/rot_conv/include/rot_conv/rot_conv.h
[6.974s] -- Installing: /home/nuna/ipm-ws/install/rot_conv/include/rot_conv/rot_conv_impl.h
[6.974s] -- Installing: /home/nuna/ipm-ws/install/rot_conv/include/rot_conv/rot_conv_frames.h
[6.980s] Invoked command in '/home/nuna/ipm-ws/build/rot_conv' returned '0': CMAKE_PREFIX_PATH=/opt/ros/rolling /home/nuna/.local/bin/cmake --install /home/nuna/ipm-ws/build/rot_conv
