-- The C compiler identification is GNU 11.4.0
-- The CXX compiler identification is GNU 11.4.0
-- Detecting C compiler ABI info
-- Detecting C compiler ABI info - done
-- Check for working C compiler: /usr/bin/cc - skipped
-- Detecting C compile features
-- Detecting C compile features - done
-- Detecting CXX compiler ABI info
-- Detecting CXX compiler ABI info - done
-- Check for working CXX compiler: /usr/bin/c++ - skipped
-- Detecting CXX compile features
-- Detecting CXX compile features - done
-- Found ament_cmake: 2.3.0 (/opt/ros/rolling/share/ament_cmake/cmake)
-- Found Python3: /usr/bin/python3.10 (found version "3.10.12") found components: Interpreter 
-- Found std_msgs: 5.2.0 (/opt/ros/rolling/share/std_msgs/cmake)
-- Found rosidl_generator_c: 4.4.0 (/opt/ros/rolling/share/rosidl_generator_c/cmake)
-- Found rosidl_generator_cpp: 4.4.0 (/opt/ros/rolling/share/rosidl_generator_cpp/cmake)
-- Using all available rosidl_typesupport_c: rosidl_typesupport_fastrtps_c;rosidl_typesupport_introspection_c
-- Using all available rosidl_typesupport_cpp: rosidl_typesupport_fastrtps_cpp;rosidl_typesupport_introspection_cpp
-- Found geometry_msgs: 5.2.0 (/opt/ros/rolling/share/geometry_msgs/cmake)
-- Found rosidl_default_generators: 1.6.0 (/opt/ros/rolling/share/rosidl_default_generators/cmake)
-- Found rosidl_adapter: 4.4.0 (/opt/ros/rolling/share/rosidl_adapter/cmake)
-- Found ament_cmake_cppcheck: 0.15.2 (/opt/ros/rolling/share/ament_cmake_cppcheck/cmake)
-- Found ament_cmake_cpplint: 0.15.2 (/opt/ros/rolling/share/ament_cmake_cpplint/cmake)
-- Found ament_cmake_uncrustify: 0.15.2 (/opt/ros/rolling/share/ament_cmake_uncrustify/cmake)
-- Found ament_cmake_ros: 0.12.0 (/opt/ros/rolling/share/ament_cmake_ros/cmake)
-- Using all available rosidl_typesupport_c: rosidl_typesupport_fastrtps_c;rosidl_typesupport_introspection_c
-- Using all available rosidl_typesupport_cpp: rosidl_typesupport_fastrtps_cpp;rosidl_typesupport_introspection_cpp
[33mCMake Warning (dev) at /opt/ros/rolling/share/rosidl_generator_py/cmake/rosidl_generator_py_generate_interfaces.cmake:20 (find_package):
  Policy CMP0148 is not set: The FindPythonInterp and FindPythonLibs modules
  are removed.  Run "cmake --help-policy CMP0148" for policy details.  Use
  the cmake_policy command to set the policy and suppress this warning.

Call Stack (most recent call first):
  /opt/ros/rolling/share/ament_cmake_core/cmake/core/ament_execute_extensions.cmake:48 (include)
  /opt/ros/rolling/share/rosidl_cmake/cmake/rosidl_generate_interfaces.cmake:280 (ament_execute_extensions)
  CMakeLists.txt:37 (rosidl_generate_interfaces)
This warning is for project developers.  Use -Wno-dev to suppress it.
[0m
-- Found PythonInterp: /usr/bin/python3 (found suitable version "3.10.12", minimum required is "3.6") 
-- Found python_cmake_module: 0.11.0 (/opt/ros/rolling/share/python_cmake_module/cmake)
[33mCMake Warning (dev) at /opt/ros/rolling/share/python_cmake_module/cmake/Modules/FindPythonExtra.cmake:52 (find_package):
  Policy CMP0148 is not set: The FindPythonInterp and FindPythonLibs modules
  are removed.  Run "cmake --help-policy CMP0148" for policy details.  Use
  the cmake_policy command to set the policy and suppress this warning.

Call Stack (most recent call first):
  /opt/ros/rolling/share/rosidl_generator_py/cmake/rosidl_generator_py_generate_interfaces.cmake:23 (find_package)
  /opt/ros/rolling/share/ament_cmake_core/cmake/core/ament_execute_extensions.cmake:48 (include)
  /opt/ros/rolling/share/rosidl_cmake/cmake/rosidl_generate_interfaces.cmake:280 (ament_execute_extensions)
  CMakeLists.txt:37 (rosidl_generate_interfaces)
This warning is for project developers.  Use -Wno-dev to suppress it.
[0m
[33mCMake Warning (dev) at /opt/ros/rolling/share/python_cmake_module/cmake/Modules/FindPythonExtra.cmake:140 (find_package):
  Policy CMP0148 is not set: The FindPythonInterp and FindPythonLibs modules
  are removed.  Run "cmake --help-policy CMP0148" for policy details.  Use
  the cmake_policy command to set the policy and suppress this warning.

Call Stack (most recent call first):
  /opt/ros/rolling/share/rosidl_generator_py/cmake/rosidl_generator_py_generate_interfaces.cmake:23 (find_package)
  /opt/ros/rolling/share/ament_cmake_core/cmake/core/ament_execute_extensions.cmake:48 (include)
  /opt/ros/rolling/share/rosidl_cmake/cmake/rosidl_generate_interfaces.cmake:280 (ament_execute_extensions)
  CMakeLists.txt:37 (rosidl_generate_interfaces)
This warning is for project developers.  Use -Wno-dev to suppress it.
[0m
-- Found PythonLibs: /usr/lib/x86_64-linux-gnu/libpython3.10.so (found suitable version "3.10.12", minimum required is "3.5") 
-- Using PYTHON_EXECUTABLE: /usr/bin/python3
-- Using PYTHON_INCLUDE_DIRS: /usr/include/python3.10
-- Using PYTHON_LIBRARIES: /usr/lib/x86_64-linux-gnu/libpython3.10.so
-- Found PythonExtra: .so  
-- Found ament_cmake_flake8: 0.15.2 (/opt/ros/rolling/share/ament_cmake_flake8/cmake)
-- Found ament_cmake_pep257: 0.15.2 (/opt/ros/rolling/share/ament_cmake_pep257/cmake)
-- Found ament_lint_auto: 0.15.2 (/opt/ros/rolling/share/ament_lint_auto/cmake)
-- Found gtest sources under '/opt/ros/rolling/src/gtest_vendor': C++ tests using 'Google Test' will be built
-- Performing Test CMAKE_HAVE_LIBC_PTHREAD
-- Performing Test CMAKE_HAVE_LIBC_PTHREAD - Success
-- Found Threads: TRUE  
-- Added test 'cppcheck' to perform static code analysis on C / C++ code
-- Configured cppcheck include dirs: /home/nuna/ipm-ws/src/vision_msgs/vision_msgs/include
-- Configured cppcheck exclude dirs and/or files: 
-- Added test 'cpplint' to check C / C++ code against the Google style
-- Configured cpplint exclude dirs and/or files: 
-- Added test 'uncrustify' to check C / C++ code style
-- Configured uncrustify additional arguments: 
-- Added test 'copyright' to check source files copyright and LICENSE
-- Added test 'lint_cmake' to check CMake code style
-- Added test 'xmllint' to check XML markup files
-- Configuring done (3.7s)
-- Generating done (0.1s)
-- Build files have been written to: /home/nuna/ipm-ws/build/vision_msgs
[  0%] [32mBuilding CXX object gtest/CMakeFiles/gtest_main.dir/src/gtest_main.cc.o[0m
[  0%] Built target ament_cmake_python_copy_vision_msgs
[  0%] [32mBuilding CXX object gtest/CMakeFiles/gtest.dir/src/gtest-all.cc.o[0m
[  0%] [34m[1mGenerating type hashes for ROS interfaces[0m
running egg_info
creating vision_msgs.egg-info
writing vision_msgs.egg-info/PKG-INFO
writing dependency_links to vision_msgs.egg-info/dependency_links.txt
writing top-level names to vision_msgs.egg-info/top_level.txt
writing manifest file 'vision_msgs.egg-info/SOURCES.txt'
reading manifest file 'vision_msgs.egg-info/SOURCES.txt'
writing manifest file 'vision_msgs.egg-info/SOURCES.txt'
[  0%] Built target ament_cmake_python_build_vision_msgs_egg
[  1%] [32m[1mLinking CXX static library libgtest_main.a[0m
[  1%] Built target gtest_main
[  1%] Built target vision_msgs__rosidl_generator_type_description
[  1%] [34m[1mGenerating C code for ROS interfaces[0m
[  1%] [34m[1mGenerating C++ code for ROS interfaces[0m
[  1%] Built target vision_msgs__cpp
[  2%] [32mBuilding C object CMakeFiles/vision_msgs__rosidl_generator_c.dir/rosidl_generator_c/vision_msgs/msg/detail/bounding_box2_d__functions.c.o[0m
[  3%] [32mBuilding C object CMakeFiles/vision_msgs__rosidl_generator_c.dir/rosidl_generator_c/vision_msgs/msg/detail/bounding_box2_d__description.c.o[0m
[  3%] [32mBuilding C object CMakeFiles/vision_msgs__rosidl_generator_c.dir/rosidl_generator_c/vision_msgs/msg/detail/bounding_box2_d__type_support.c.o[0m
[  5%] [32mBuilding C object CMakeFiles/vision_msgs__rosidl_generator_c.dir/rosidl_generator_c/vision_msgs/msg/detail/bounding_box3_d__description.c.o[0m
[  5%] [32mBuilding C object CMakeFiles/vision_msgs__rosidl_generator_c.dir/rosidl_generator_c/vision_msgs/msg/detail/bounding_box2_d_array__type_support.c.o[0m
[  5%] [32mBuilding C object CMakeFiles/vision_msgs__rosidl_generator_c.dir/rosidl_generator_c/vision_msgs/msg/detail/bounding_box2_d_array__functions.c.o[0m
[  5%] [32mBuilding C object CMakeFiles/vision_msgs__rosidl_generator_c.dir/rosidl_generator_c/vision_msgs/msg/detail/bounding_box2_d_array__description.c.o[0m
[  5%] [32mBuilding C object CMakeFiles/vision_msgs__rosidl_generator_c.dir/rosidl_generator_c/vision_msgs/msg/detail/bounding_box3_d__functions.c.o[0m
[  6%] [32mBuilding C object CMakeFiles/vision_msgs__rosidl_generator_c.dir/rosidl_generator_c/vision_msgs/msg/detail/bounding_box3_d__type_support.c.o[0m
[  6%] [32mBuilding C object CMakeFiles/vision_msgs__rosidl_generator_c.dir/rosidl_generator_c/vision_msgs/msg/detail/bounding_box3_d_array__description.c.o[0m
[  7%] [32mBuilding C object CMakeFiles/vision_msgs__rosidl_generator_c.dir/rosidl_generator_c/vision_msgs/msg/detail/bounding_box3_d_array__functions.c.o[0m
[  8%] [32mBuilding C object CMakeFiles/vision_msgs__rosidl_generator_c.dir/rosidl_generator_c/vision_msgs/msg/detail/bounding_box3_d_array__type_support.c.o[0m
[  8%] [32mBuilding C object CMakeFiles/vision_msgs__rosidl_generator_c.dir/rosidl_generator_c/vision_msgs/msg/detail/classification__description.c.o[0m
[  9%] [32mBuilding C object CMakeFiles/vision_msgs__rosidl_generator_c.dir/rosidl_generator_c/vision_msgs/msg/detail/classification__functions.c.o[0m
[  9%] [32mBuilding C object CMakeFiles/vision_msgs__rosidl_generator_c.dir/rosidl_generator_c/vision_msgs/msg/detail/classification__type_support.c.o[0m
[ 10%] [32mBuilding C object CMakeFiles/vision_msgs__rosidl_generator_c.dir/rosidl_generator_c/vision_msgs/msg/detail/detection2_d_array__description.c.o[0m
[ 10%] [32mBuilding C object CMakeFiles/vision_msgs__rosidl_generator_c.dir/rosidl_generator_c/vision_msgs/msg/detail/detection2_d_array__functions.c.o[0m
[ 10%] [32mBuilding C object CMakeFiles/vision_msgs__rosidl_generator_c.dir/rosidl_generator_c/vision_msgs/msg/detail/detection2_d__description.c.o[0m
[ 11%] [32mBuilding C object CMakeFiles/vision_msgs__rosidl_generator_c.dir/rosidl_generator_c/vision_msgs/msg/detail/detection2_d__functions.c.o[0m
[ 12%] [32mBuilding C object CMakeFiles/vision_msgs__rosidl_generator_c.dir/rosidl_generator_c/vision_msgs/msg/detail/detection2_d_array__type_support.c.o[0m
[ 12%] [32mBuilding C object CMakeFiles/vision_msgs__rosidl_generator_c.dir/rosidl_generator_c/vision_msgs/msg/detail/detection2_d__type_support.c.o[0m
[ 13%] [32mBuilding C object CMakeFiles/vision_msgs__rosidl_generator_c.dir/rosidl_generator_c/vision_msgs/msg/detail/detection3_d_array__description.c.o[0m
[ 13%] [32mBuilding C object CMakeFiles/vision_msgs__rosidl_generator_c.dir/rosidl_generator_c/vision_msgs/msg/detail/detection3_d_array__functions.c.o[0m
[ 14%] [32mBuilding C object CMakeFiles/vision_msgs__rosidl_generator_c.dir/rosidl_generator_c/vision_msgs/msg/detail/detection3_d__description.c.o[0m
[ 14%] [32mBuilding C object CMakeFiles/vision_msgs__rosidl_generator_c.dir/rosidl_generator_c/vision_msgs/msg/detail/detection3_d_array__type_support.c.o[0m
[ 15%] [32mBuilding C object CMakeFiles/vision_msgs__rosidl_generator_c.dir/rosidl_generator_c/vision_msgs/msg/detail/detection3_d__functions.c.o[0m
[ 15%] [32mBuilding C object CMakeFiles/vision_msgs__rosidl_generator_c.dir/rosidl_generator_c/vision_msgs/msg/detail/detection3_d__type_support.c.o[0m
[ 16%] [32mBuilding C object CMakeFiles/vision_msgs__rosidl_generator_c.dir/rosidl_generator_c/vision_msgs/msg/detail/label_info__description.c.o[0m
[ 16%] [32mBuilding C object CMakeFiles/vision_msgs__rosidl_generator_c.dir/rosidl_generator_c/vision_msgs/msg/detail/label_info__functions.c.o[0m
[ 18%] [32mBuilding C object CMakeFiles/vision_msgs__rosidl_generator_c.dir/rosidl_generator_c/vision_msgs/msg/detail/label_info__type_support.c.o[0m
[ 18%] [32mBuilding C object CMakeFiles/vision_msgs__rosidl_generator_c.dir/rosidl_generator_c/vision_msgs/msg/detail/object_hypothesis__description.c.o[0m
[ 18%] [32mBuilding C object CMakeFiles/vision_msgs__rosidl_generator_c.dir/rosidl_generator_c/vision_msgs/msg/detail/object_hypothesis__functions.c.o[0m
[ 19%] [32mBuilding C object CMakeFiles/vision_msgs__rosidl_generator_c.dir/rosidl_generator_c/vision_msgs/msg/detail/object_hypothesis__type_support.c.o[0m
[ 19%] [32mBuilding C object CMakeFiles/vision_msgs__rosidl_generator_c.dir/rosidl_generator_c/vision_msgs/msg/detail/object_hypothesis_with_pose__description.c.o[0m
[ 20%] [32mBuilding C object CMakeFiles/vision_msgs__rosidl_generator_c.dir/rosidl_generator_c/vision_msgs/msg/detail/object_hypothesis_with_pose__functions.c.o[0m
[ 20%] [32mBuilding C object CMakeFiles/vision_msgs__rosidl_generator_c.dir/rosidl_generator_c/vision_msgs/msg/detail/object_hypothesis_with_pose__type_support.c.o[0m
[ 21%] [32mBuilding C object CMakeFiles/vision_msgs__rosidl_generator_c.dir/rosidl_generator_c/vision_msgs/msg/detail/vision_class__description.c.o[0m
[ 21%] [32mBuilding C object CMakeFiles/vision_msgs__rosidl_generator_c.dir/rosidl_generator_c/vision_msgs/msg/detail/vision_class__functions.c.o[0m
[ 22%] [32mBuilding C object CMakeFiles/vision_msgs__rosidl_generator_c.dir/rosidl_generator_c/vision_msgs/msg/detail/vision_class__type_support.c.o[0m
[ 22%] [32mBuilding C object CMakeFiles/vision_msgs__rosidl_generator_c.dir/rosidl_generator_c/vision_msgs/msg/detail/point2_d__description.c.o[0m
[ 23%] [32mBuilding C object CMakeFiles/vision_msgs__rosidl_generator_c.dir/rosidl_generator_c/vision_msgs/msg/detail/point2_d__functions.c.o[0m
[ 23%] [32mBuilding C object CMakeFiles/vision_msgs__rosidl_generator_c.dir/rosidl_generator_c/vision_msgs/msg/detail/point2_d__type_support.c.o[0m
[ 24%] [32mBuilding C object CMakeFiles/vision_msgs__rosidl_generator_c.dir/rosidl_generator_c/vision_msgs/msg/detail/pose2_d__description.c.o[0m
[ 25%] [32mBuilding C object CMakeFiles/vision_msgs__rosidl_generator_c.dir/rosidl_generator_c/vision_msgs/msg/detail/pose2_d__type_support.c.o[0m
[ 25%] [32mBuilding C object CMakeFiles/vision_msgs__rosidl_generator_c.dir/rosidl_generator_c/vision_msgs/msg/detail/pose2_d__functions.c.o[0m
[ 25%] [32mBuilding C object CMakeFiles/vision_msgs__rosidl_generator_c.dir/rosidl_generator_c/vision_msgs/msg/detail/vision_info__description.c.o[0m
[ 26%] [32mBuilding C object CMakeFiles/vision_msgs__rosidl_generator_c.dir/rosidl_generator_c/vision_msgs/msg/detail/vision_info__functions.c.o[0m
[ 26%] [32mBuilding C object CMakeFiles/vision_msgs__rosidl_generator_c.dir/rosidl_generator_c/vision_msgs/msg/detail/vision_info__type_support.c.o[0m
[ 27%] [32m[1mLinking C shared library libvision_msgs__rosidl_generator_c.so[0m
[ 27%] Built target vision_msgs__rosidl_generator_c
[ 29%] [34m[1mGenerating C introspection for ROS interfaces[0m
[ 29%] [34m[1mGenerating C type support dispatch for ROS interfaces[0m
[ 31%] [34m[1mGenerating C++ type support dispatch for ROS interfaces[0m
[ 31%] [34m[1mGenerating C++ type support for eProsima Fast-RTPS[0m
[ 32%] [34m[1mGenerating C++ introspection for ROS interfaces[0m
[ 33%] [34m[1mGenerating C type support for eProsima Fast-RTPS[0m
[ 34%] [32m[1mLinking CXX static library libgtest.a[0m
[ 34%] Built target gtest
[ 34%] [32mBuilding CXX object CMakeFiles/vision_msgs__rosidl_typesupport_cpp.dir/rosidl_typesupport_cpp/vision_msgs/msg/bounding_box2_d__type_support.cpp.o[0m
[ 34%] [32mBuilding CXX object CMakeFiles/vision_msgs__rosidl_typesupport_cpp.dir/rosidl_typesupport_cpp/vision_msgs/msg/bounding_box3_d__type_support.cpp.o[0m
[ 35%] [32mBuilding CXX object CMakeFiles/vision_msgs__rosidl_typesupport_cpp.dir/rosidl_typesupport_cpp/vision_msgs/msg/bounding_box2_d_array__type_support.cpp.o[0m
[ 36%] [32mBuilding CXX object CMakeFiles/vision_msgs__rosidl_typesupport_c.dir/rosidl_typesupport_c/vision_msgs/msg/bounding_box2_d__type_support.cpp.o[0m
[ 37%] [32mBuilding CXX object CMakeFiles/vision_msgs__rosidl_typesupport_fastrtps_c.dir/rosidl_typesupport_fastrtps_c/vision_msgs/msg/detail/bounding_box2_d__type_support_c.cpp.o[0m
[ 37%] [32mBuilding CXX object CMakeFiles/vision_msgs__rosidl_typesupport_c.dir/rosidl_typesupport_c/vision_msgs/msg/bounding_box2_d_array__type_support.cpp.o[0m
[ 38%] [32mBuilding CXX object CMakeFiles/vision_msgs__rosidl_typesupport_c.dir/rosidl_typesupport_c/vision_msgs/msg/bounding_box3_d__type_support.cpp.o[0m
[ 38%] [32mBuilding CXX object CMakeFiles/vision_msgs__rosidl_typesupport_introspection_cpp.dir/rosidl_typesupport_introspection_cpp/vision_msgs/msg/detail/bounding_box2_d__type_support.cpp.o[0m
[ 38%] [32mBuilding CXX object CMakeFiles/vision_msgs__rosidl_typesupport_fastrtps_cpp.dir/rosidl_typesupport_fastrtps_cpp/vision_msgs/msg/detail/dds_fastrtps/bounding_box2_d__type_support.cpp.o[0m
[ 39%] [32mBuilding C object CMakeFiles/vision_msgs__rosidl_typesupport_introspection_c.dir/rosidl_typesupport_introspection_c/vision_msgs/msg/detail/bounding_box2_d__type_support.c.o[0m
[ 39%] [32mBuilding CXX object CMakeFiles/vision_msgs__rosidl_typesupport_c.dir/rosidl_typesupport_c/vision_msgs/msg/bounding_box3_d_array__type_support.cpp.o[0m
[ 40%] [32mBuilding CXX object CMakeFiles/vision_msgs__rosidl_typesupport_fastrtps_cpp.dir/rosidl_typesupport_fastrtps_cpp/vision_msgs/msg/detail/dds_fastrtps/bounding_box2_d_array__type_support.cpp.o[0m
[ 40%] [32mBuilding C object CMakeFiles/vision_msgs__rosidl_typesupport_introspection_c.dir/rosidl_typesupport_introspection_c/vision_msgs/msg/detail/bounding_box2_d_array__type_support.c.o[0m
[ 41%] [32mBuilding CXX object CMakeFiles/vision_msgs__rosidl_typesupport_cpp.dir/rosidl_typesupport_cpp/vision_msgs/msg/bounding_box3_d_array__type_support.cpp.o[0m
[ 42%] [32mBuilding CXX object CMakeFiles/vision_msgs__rosidl_typesupport_c.dir/rosidl_typesupport_c/vision_msgs/msg/classification__type_support.cpp.o[0m
[ 42%] [32mBuilding CXX object CMakeFiles/vision_msgs__rosidl_typesupport_cpp.dir/rosidl_typesupport_cpp/vision_msgs/msg/classification__type_support.cpp.o[0m
[ 43%] [32mBuilding C object CMakeFiles/vision_msgs__rosidl_typesupport_introspection_c.dir/rosidl_typesupport_introspection_c/vision_msgs/msg/detail/bounding_box3_d__type_support.c.o[0m
[ 43%] [32mBuilding CXX object CMakeFiles/vision_msgs__rosidl_typesupport_c.dir/rosidl_typesupport_c/vision_msgs/msg/detection2_d_array__type_support.cpp.o[0m
[ 43%] [32mBuilding C object CMakeFiles/vision_msgs__rosidl_typesupport_introspection_c.dir/rosidl_typesupport_introspection_c/vision_msgs/msg/detail/bounding_box3_d_array__type_support.c.o[0m
[ 44%] [32mBuilding CXX object CMakeFiles/vision_msgs__rosidl_typesupport_c.dir/rosidl_typesupport_c/vision_msgs/msg/detection2_d__type_support.cpp.o[0m
[ 44%] [32mBuilding CXX object CMakeFiles/vision_msgs__rosidl_typesupport_fastrtps_c.dir/rosidl_typesupport_fastrtps_c/vision_msgs/msg/detail/bounding_box2_d_array__type_support_c.cpp.o[0m
[ 45%] [32mBuilding C object CMakeFiles/vision_msgs__rosidl_typesupport_introspection_c.dir/rosidl_typesupport_introspection_c/vision_msgs/msg/detail/classification__type_support.c.o[0m
[ 45%] [32mBuilding CXX object CMakeFiles/vision_msgs__rosidl_typesupport_c.dir/rosidl_typesupport_c/vision_msgs/msg/detection3_d_array__type_support.cpp.o[0m
[ 46%] [32mBuilding CXX object CMakeFiles/vision_msgs__rosidl_typesupport_c.dir/rosidl_typesupport_c/vision_msgs/msg/detection3_d__type_support.cpp.o[0m
[ 46%] [32mBuilding C object CMakeFiles/vision_msgs__rosidl_typesupport_introspection_c.dir/rosidl_typesupport_introspection_c/vision_msgs/msg/detail/detection2_d_array__type_support.c.o[0m
[ 46%] [32mBuilding CXX object CMakeFiles/vision_msgs__rosidl_typesupport_c.dir/rosidl_typesupport_c/vision_msgs/msg/label_info__type_support.cpp.o[0m
[ 47%] [32mBuilding C object CMakeFiles/vision_msgs__rosidl_typesupport_introspection_c.dir/rosidl_typesupport_introspection_c/vision_msgs/msg/detail/detection2_d__type_support.c.o[0m
[ 48%] [32mBuilding CXX object CMakeFiles/vision_msgs__rosidl_typesupport_introspection_cpp.dir/rosidl_typesupport_introspection_cpp/vision_msgs/msg/detail/bounding_box2_d_array__type_support.cpp.o[0m
[ 48%] [32mBuilding C object CMakeFiles/vision_msgs__rosidl_typesupport_introspection_c.dir/rosidl_typesupport_introspection_c/vision_msgs/msg/detail/detection3_d_array__type_support.c.o[0m
[ 49%] [32mBuilding CXX object CMakeFiles/vision_msgs__rosidl_typesupport_c.dir/rosidl_typesupport_c/vision_msgs/msg/object_hypothesis__type_support.cpp.o[0m
[ 50%] [32mBuilding C object CMakeFiles/vision_msgs__rosidl_typesupport_introspection_c.dir/rosidl_typesupport_introspection_c/vision_msgs/msg/detail/detection3_d__type_support.c.o[0m
[ 50%] [32mBuilding CXX object CMakeFiles/vision_msgs__rosidl_typesupport_c.dir/rosidl_typesupport_c/vision_msgs/msg/object_hypothesis_with_pose__type_support.cpp.o[0m
[ 50%] [32mBuilding C object CMakeFiles/vision_msgs__rosidl_typesupport_introspection_c.dir/rosidl_typesupport_introspection_c/vision_msgs/msg/detail/label_info__type_support.c.o[0m
[ 51%] [32mBuilding CXX object CMakeFiles/vision_msgs__rosidl_typesupport_c.dir/rosidl_typesupport_c/vision_msgs/msg/vision_class__type_support.cpp.o[0m
[ 52%] [32mBuilding C object CMakeFiles/vision_msgs__rosidl_typesupport_introspection_c.dir/rosidl_typesupport_introspection_c/vision_msgs/msg/detail/object_hypothesis__type_support.c.o[0m
[ 52%] [32mBuilding CXX object CMakeFiles/vision_msgs__rosidl_typesupport_c.dir/rosidl_typesupport_c/vision_msgs/msg/point2_d__type_support.cpp.o[0m
[ 53%] [32mBuilding CXX object CMakeFiles/vision_msgs__rosidl_typesupport_cpp.dir/rosidl_typesupport_cpp/vision_msgs/msg/detection2_d_array__type_support.cpp.o[0m
[ 53%] [32mBuilding C object CMakeFiles/vision_msgs__rosidl_typesupport_introspection_c.dir/rosidl_typesupport_introspection_c/vision_msgs/msg/detail/object_hypothesis_with_pose__type_support.c.o[0m
[ 54%] [32mBuilding CXX object CMakeFiles/vision_msgs__rosidl_typesupport_c.dir/rosidl_typesupport_c/vision_msgs/msg/pose2_d__type_support.cpp.o[0m
[ 54%] [32mBuilding CXX object CMakeFiles/vision_msgs__rosidl_typesupport_fastrtps_cpp.dir/rosidl_typesupport_fastrtps_cpp/vision_msgs/msg/detail/dds_fastrtps/bounding_box3_d__type_support.cpp.o[0m
[ 55%] [32mBuilding C object CMakeFiles/vision_msgs__rosidl_typesupport_introspection_c.dir/rosidl_typesupport_introspection_c/vision_msgs/msg/detail/vision_class__type_support.c.o[0m
[ 55%] [32mBuilding CXX object CMakeFiles/vision_msgs__rosidl_typesupport_c.dir/rosidl_typesupport_c/vision_msgs/msg/vision_info__type_support.cpp.o[0m
[ 56%] [32mBuilding CXX object CMakeFiles/vision_msgs__rosidl_typesupport_fastrtps_cpp.dir/rosidl_typesupport_fastrtps_cpp/vision_msgs/msg/detail/dds_fastrtps/bounding_box3_d_array__type_support.cpp.o[0m
[ 57%] [32mBuilding CXX object CMakeFiles/vision_msgs__rosidl_typesupport_fastrtps_c.dir/rosidl_typesupport_fastrtps_c/vision_msgs/msg/detail/bounding_box3_d__type_support_c.cpp.o[0m
[ 57%] [32mBuilding CXX object CMakeFiles/vision_msgs__rosidl_typesupport_fastrtps_c.dir/rosidl_typesupport_fastrtps_c/vision_msgs/msg/detail/bounding_box3_d_array__type_support_c.cpp.o[0m
[ 57%] [32mBuilding C object CMakeFiles/vision_msgs__rosidl_typesupport_introspection_c.dir/rosidl_typesupport_introspection_c/vision_msgs/msg/detail/point2_d__type_support.c.o[0m
[ 58%] [32mBuilding C object CMakeFiles/vision_msgs__rosidl_typesupport_introspection_c.dir/rosidl_typesupport_introspection_c/vision_msgs/msg/detail/pose2_d__type_support.c.o[0m
[ 59%] [32m[1mLinking CXX shared library libvision_msgs__rosidl_typesupport_c.so[0m
[ 59%] [32mBuilding C object CMakeFiles/vision_msgs__rosidl_typesupport_introspection_c.dir/rosidl_typesupport_introspection_c/vision_msgs/msg/detail/vision_info__type_support.c.o[0m
[ 59%] Built target vision_msgs__rosidl_typesupport_c
[ 59%] [32mBuilding CXX object CMakeFiles/vision_msgs__rosidl_typesupport_fastrtps_cpp.dir/rosidl_typesupport_fastrtps_cpp/vision_msgs/msg/detail/dds_fastrtps/classification__type_support.cpp.o[0m
[ 60%] [32m[1mLinking C shared library libvision_msgs__rosidl_typesupport_introspection_c.so[0m
[ 60%] Built target vision_msgs__rosidl_typesupport_introspection_c
[ 61%] [32mBuilding CXX object CMakeFiles/vision_msgs__rosidl_typesupport_fastrtps_cpp.dir/rosidl_typesupport_fastrtps_cpp/vision_msgs/msg/detail/dds_fastrtps/detection2_d_array__type_support.cpp.o[0m
[ 61%] [32mBuilding CXX object CMakeFiles/vision_msgs__rosidl_typesupport_introspection_cpp.dir/rosidl_typesupport_introspection_cpp/vision_msgs/msg/detail/bounding_box3_d__type_support.cpp.o[0m
[ 61%] [32mBuilding CXX object CMakeFiles/vision_msgs__rosidl_typesupport_cpp.dir/rosidl_typesupport_cpp/vision_msgs/msg/detection2_d__type_support.cpp.o[0m
[ 62%] [32mBuilding CXX object CMakeFiles/vision_msgs__rosidl_typesupport_fastrtps_c.dir/rosidl_typesupport_fastrtps_c/vision_msgs/msg/detail/classification__type_support_c.cpp.o[0m
[ 62%] [32mBuilding CXX object CMakeFiles/vision_msgs__rosidl_typesupport_fastrtps_c.dir/rosidl_typesupport_fastrtps_c/vision_msgs/msg/detail/detection2_d_array__type_support_c.cpp.o[0m
[ 62%] [32mBuilding CXX object CMakeFiles/vision_msgs__rosidl_typesupport_fastrtps_cpp.dir/rosidl_typesupport_fastrtps_cpp/vision_msgs/msg/detail/dds_fastrtps/detection2_d__type_support.cpp.o[0m
[ 63%] [32mBuilding CXX object CMakeFiles/vision_msgs__rosidl_typesupport_fastrtps_c.dir/rosidl_typesupport_fastrtps_c/vision_msgs/msg/detail/detection2_d__type_support_c.cpp.o[0m
[ 64%] [32mBuilding CXX object CMakeFiles/vision_msgs__rosidl_typesupport_fastrtps_cpp.dir/rosidl_typesupport_fastrtps_cpp/vision_msgs/msg/detail/dds_fastrtps/detection3_d_array__type_support.cpp.o[0m
[ 65%] [32mBuilding CXX object CMakeFiles/vision_msgs__rosidl_typesupport_introspection_cpp.dir/rosidl_typesupport_introspection_cpp/vision_msgs/msg/detail/bounding_box3_d_array__type_support.cpp.o[0m
[ 65%] [32mBuilding CXX object CMakeFiles/vision_msgs__rosidl_typesupport_fastrtps_c.dir/rosidl_typesupport_fastrtps_c/vision_msgs/msg/detail/detection3_d_array__type_support_c.cpp.o[0m
[ 65%] [32mBuilding CXX object CMakeFiles/vision_msgs__rosidl_typesupport_introspection_cpp.dir/rosidl_typesupport_introspection_cpp/vision_msgs/msg/detail/classification__type_support.cpp.o[0m
[ 65%] [32mBuilding CXX object CMakeFiles/vision_msgs__rosidl_typesupport_fastrtps_cpp.dir/rosidl_typesupport_fastrtps_cpp/vision_msgs/msg/detail/dds_fastrtps/detection3_d__type_support.cpp.o[0m
[ 66%] [32mBuilding CXX object CMakeFiles/vision_msgs__rosidl_typesupport_cpp.dir/rosidl_typesupport_cpp/vision_msgs/msg/detection3_d_array__type_support.cpp.o[0m
[ 67%] [32mBuilding CXX object CMakeFiles/vision_msgs__rosidl_typesupport_fastrtps_cpp.dir/rosidl_typesupport_fastrtps_cpp/vision_msgs/msg/detail/dds_fastrtps/label_info__type_support.cpp.o[0m
[ 68%] [32mBuilding CXX object CMakeFiles/vision_msgs__rosidl_typesupport_fastrtps_c.dir/rosidl_typesupport_fastrtps_c/vision_msgs/msg/detail/detection3_d__type_support_c.cpp.o[0m
[ 68%] [32mBuilding CXX object CMakeFiles/vision_msgs__rosidl_typesupport_fastrtps_c.dir/rosidl_typesupport_fastrtps_c/vision_msgs/msg/detail/label_info__type_support_c.cpp.o[0m
[ 69%] [32mBuilding CXX object CMakeFiles/vision_msgs__rosidl_typesupport_introspection_cpp.dir/rosidl_typesupport_introspection_cpp/vision_msgs/msg/detail/detection2_d_array__type_support.cpp.o[0m
[ 69%] [32mBuilding CXX object CMakeFiles/vision_msgs__rosidl_typesupport_introspection_cpp.dir/rosidl_typesupport_introspection_cpp/vision_msgs/msg/detail/detection2_d__type_support.cpp.o[0m
[ 69%] [32mBuilding CXX object CMakeFiles/vision_msgs__rosidl_typesupport_cpp.dir/rosidl_typesupport_cpp/vision_msgs/msg/detection3_d__type_support.cpp.o[0m
[ 69%] [32mBuilding CXX object CMakeFiles/vision_msgs__rosidl_typesupport_fastrtps_cpp.dir/rosidl_typesupport_fastrtps_cpp/vision_msgs/msg/detail/dds_fastrtps/object_hypothesis__type_support.cpp.o[0m
[ 70%] [32mBuilding CXX object CMakeFiles/vision_msgs__rosidl_typesupport_fastrtps_c.dir/rosidl_typesupport_fastrtps_c/vision_msgs/msg/detail/object_hypothesis__type_support_c.cpp.o[0m
[ 71%] [32mBuilding CXX object CMakeFiles/vision_msgs__rosidl_typesupport_cpp.dir/rosidl_typesupport_cpp/vision_msgs/msg/label_info__type_support.cpp.o[0m
[ 72%] [32mBuilding CXX object CMakeFiles/vision_msgs__rosidl_typesupport_fastrtps_cpp.dir/rosidl_typesupport_fastrtps_cpp/vision_msgs/msg/detail/dds_fastrtps/object_hypothesis_with_pose__type_support.cpp.o[0m
[ 72%] [32mBuilding CXX object CMakeFiles/vision_msgs__rosidl_typesupport_fastrtps_c.dir/rosidl_typesupport_fastrtps_c/vision_msgs/msg/detail/object_hypothesis_with_pose__type_support_c.cpp.o[0m
[ 72%] [32mBuilding CXX object CMakeFiles/vision_msgs__rosidl_typesupport_cpp.dir/rosidl_typesupport_cpp/vision_msgs/msg/object_hypothesis__type_support.cpp.o[0m
[ 73%] [32mBuilding CXX object CMakeFiles/vision_msgs__rosidl_typesupport_introspection_cpp.dir/rosidl_typesupport_introspection_cpp/vision_msgs/msg/detail/detection3_d_array__type_support.cpp.o[0m
[ 73%] [32mBuilding CXX object CMakeFiles/vision_msgs__rosidl_typesupport_introspection_cpp.dir/rosidl_typesupport_introspection_cpp/vision_msgs/msg/detail/detection3_d__type_support.cpp.o[0m
[ 74%] [32mBuilding CXX object CMakeFiles/vision_msgs__rosidl_typesupport_fastrtps_c.dir/rosidl_typesupport_fastrtps_c/vision_msgs/msg/detail/vision_class__type_support_c.cpp.o[0m
[ 74%] [32mBuilding CXX object CMakeFiles/vision_msgs__rosidl_typesupport_fastrtps_c.dir/rosidl_typesupport_fastrtps_c/vision_msgs/msg/detail/point2_d__type_support_c.cpp.o[0m
[ 75%] [32mBuilding CXX object CMakeFiles/vision_msgs__rosidl_typesupport_fastrtps_c.dir/rosidl_typesupport_fastrtps_c/vision_msgs/msg/detail/pose2_d__type_support_c.cpp.o[0m
[ 76%] [32mBuilding CXX object CMakeFiles/vision_msgs__rosidl_typesupport_cpp.dir/rosidl_typesupport_cpp/vision_msgs/msg/object_hypothesis_with_pose__type_support.cpp.o[0m
[ 76%] [32mBuilding CXX object CMakeFiles/vision_msgs__rosidl_typesupport_fastrtps_cpp.dir/rosidl_typesupport_fastrtps_cpp/vision_msgs/msg/detail/dds_fastrtps/vision_class__type_support.cpp.o[0m
[ 76%] [32mBuilding CXX object CMakeFiles/vision_msgs__rosidl_typesupport_cpp.dir/rosidl_typesupport_cpp/vision_msgs/msg/vision_class__type_support.cpp.o[0m
[ 76%] [32mBuilding CXX object CMakeFiles/vision_msgs__rosidl_typesupport_fastrtps_c.dir/rosidl_typesupport_fastrtps_c/vision_msgs/msg/detail/vision_info__type_support_c.cpp.o[0m
[ 77%] [32mBuilding CXX object CMakeFiles/vision_msgs__rosidl_typesupport_cpp.dir/rosidl_typesupport_cpp/vision_msgs/msg/point2_d__type_support.cpp.o[0m
[ 78%] [32mBuilding CXX object CMakeFiles/vision_msgs__rosidl_typesupport_fastrtps_cpp.dir/rosidl_typesupport_fastrtps_cpp/vision_msgs/msg/detail/dds_fastrtps/point2_d__type_support.cpp.o[0m
[ 79%] [32mBuilding CXX object CMakeFiles/vision_msgs__rosidl_typesupport_introspection_cpp.dir/rosidl_typesupport_introspection_cpp/vision_msgs/msg/detail/label_info__type_support.cpp.o[0m
[ 79%] [32mBuilding CXX object CMakeFiles/vision_msgs__rosidl_typesupport_fastrtps_cpp.dir/rosidl_typesupport_fastrtps_cpp/vision_msgs/msg/detail/dds_fastrtps/pose2_d__type_support.cpp.o[0m
[ 79%] [32mBuilding CXX object CMakeFiles/vision_msgs__rosidl_typesupport_introspection_cpp.dir/rosidl_typesupport_introspection_cpp/vision_msgs/msg/detail/object_hypothesis__type_support.cpp.o[0m
[ 80%] [32m[1mLinking CXX shared library libvision_msgs__rosidl_typesupport_fastrtps_c.so[0m
[ 80%] Built target vision_msgs__rosidl_typesupport_fastrtps_c
[ 81%] [32mBuilding CXX object CMakeFiles/vision_msgs__rosidl_typesupport_introspection_cpp.dir/rosidl_typesupport_introspection_cpp/vision_msgs/msg/detail/object_hypothesis_with_pose__type_support.cpp.o[0m
[ 81%] [32mBuilding CXX object CMakeFiles/vision_msgs__rosidl_typesupport_cpp.dir/rosidl_typesupport_cpp/vision_msgs/msg/pose2_d__type_support.cpp.o[0m
[ 81%] [32mBuilding CXX object CMakeFiles/vision_msgs__rosidl_typesupport_introspection_cpp.dir/rosidl_typesupport_introspection_cpp/vision_msgs/msg/detail/vision_class__type_support.cpp.o[0m
[ 82%] [32mBuilding CXX object CMakeFiles/vision_msgs__rosidl_typesupport_cpp.dir/rosidl_typesupport_cpp/vision_msgs/msg/vision_info__type_support.cpp.o[0m
[ 83%] [32mBuilding CXX object CMakeFiles/vision_msgs__rosidl_typesupport_fastrtps_cpp.dir/rosidl_typesupport_fastrtps_cpp/vision_msgs/msg/detail/dds_fastrtps/vision_info__type_support.cpp.o[0m
[ 84%] [32mBuilding CXX object CMakeFiles/vision_msgs__rosidl_typesupport_introspection_cpp.dir/rosidl_typesupport_introspection_cpp/vision_msgs/msg/detail/point2_d__type_support.cpp.o[0m
[ 84%] [32mBuilding CXX object CMakeFiles/vision_msgs__rosidl_typesupport_introspection_cpp.dir/rosidl_typesupport_introspection_cpp/vision_msgs/msg/detail/pose2_d__type_support.cpp.o[0m
[ 85%] [32mBuilding CXX object CMakeFiles/vision_msgs__rosidl_typesupport_introspection_cpp.dir/rosidl_typesupport_introspection_cpp/vision_msgs/msg/detail/vision_info__type_support.cpp.o[0m
[ 85%] [32m[1mLinking CXX shared library libvision_msgs__rosidl_typesupport_cpp.so[0m
[ 85%] Built target vision_msgs__rosidl_typesupport_cpp
[ 85%] [32m[1mLinking CXX shared library libvision_msgs__rosidl_typesupport_fastrtps_cpp.so[0m
[ 85%] [32m[1mLinking CXX shared library libvision_msgs__rosidl_typesupport_introspection_cpp.so[0m
[ 85%] Built target vision_msgs__rosidl_typesupport_fastrtps_cpp
[ 85%] Built target vision_msgs__rosidl_typesupport_introspection_cpp
[ 85%] Built target vision_msgs
[ 86%] [32mBuilding CXX object CMakeFiles/vision_msgs_test.dir/test/main.cpp.o[0m
[ 87%] [34m[1mGenerating Python code for ROS interfaces[0m
[ 88%] [32m[1mLinking CXX executable vision_msgs_test[0m
[ 88%] Built target vision_msgs_test
[ 88%] Built target vision_msgs__py
[ 88%] [32mBuilding C object CMakeFiles/vision_msgs__rosidl_generator_py.dir/rosidl_generator_py/vision_msgs/msg/_bounding_box2_d_array_s.c.o[0m
[ 90%] [32mBuilding C object CMakeFiles/vision_msgs__rosidl_generator_py.dir/rosidl_generator_py/vision_msgs/msg/_bounding_box3_d_s.c.o[0m
[ 90%] [32mBuilding C object CMakeFiles/vision_msgs__rosidl_generator_py.dir/rosidl_generator_py/vision_msgs/msg/_bounding_box2_d_s.c.o[0m
[ 90%] [32mBuilding C object CMakeFiles/vision_msgs__rosidl_generator_py.dir/rosidl_generator_py/vision_msgs/msg/_bounding_box3_d_array_s.c.o[0m
[ 91%] [32mBuilding C object CMakeFiles/vision_msgs__rosidl_generator_py.dir/rosidl_generator_py/vision_msgs/msg/_classification_s.c.o[0m
[ 91%] [32mBuilding C object CMakeFiles/vision_msgs__rosidl_generator_py.dir/rosidl_generator_py/vision_msgs/msg/_detection2_d_array_s.c.o[0m
[ 92%] [32mBuilding C object CMakeFiles/vision_msgs__rosidl_generator_py.dir/rosidl_generator_py/vision_msgs/msg/_detection2_d_s.c.o[0m
[ 92%] [32mBuilding C object CMakeFiles/vision_msgs__rosidl_generator_py.dir/rosidl_generator_py/vision_msgs/msg/_detection3_d_array_s.c.o[0m
[ 93%] [32mBuilding C object CMakeFiles/vision_msgs__rosidl_generator_py.dir/rosidl_generator_py/vision_msgs/msg/_object_hypothesis_s.c.o[0m
[ 94%] [32mBuilding C object CMakeFiles/vision_msgs__rosidl_generator_py.dir/rosidl_generator_py/vision_msgs/msg/_detection3_d_s.c.o[0m
[ 94%] [32mBuilding C object CMakeFiles/vision_msgs__rosidl_generator_py.dir/rosidl_generator_py/vision_msgs/msg/_label_info_s.c.o[0m
[ 94%] [32mBuilding C object CMakeFiles/vision_msgs__rosidl_generator_py.dir/rosidl_generator_py/vision_msgs/msg/_object_hypothesis_with_pose_s.c.o[0m
[ 95%] [32mBuilding C object CMakeFiles/vision_msgs__rosidl_generator_py.dir/rosidl_generator_py/vision_msgs/msg/_vision_class_s.c.o[0m
[ 95%] [32mBuilding C object CMakeFiles/vision_msgs__rosidl_generator_py.dir/rosidl_generator_py/vision_msgs/msg/_point2_d_s.c.o[0m
[ 96%] [32mBuilding C object CMakeFiles/vision_msgs__rosidl_generator_py.dir/rosidl_generator_py/vision_msgs/msg/_pose2_d_s.c.o[0m
[ 96%] [32mBuilding C object CMakeFiles/vision_msgs__rosidl_generator_py.dir/rosidl_generator_py/vision_msgs/msg/_vision_info_s.c.o[0m
[ 97%] [32m[1mLinking C shared library rosidl_generator_py/vision_msgs/libvision_msgs__rosidl_generator_py.so[0m
[ 97%] Built target vision_msgs__rosidl_generator_py
[ 97%] [32mBuilding C object CMakeFiles/vision_msgs__rosidl_typesupport_fastrtps_c__pyext.dir/rosidl_generator_py/vision_msgs/_vision_msgs_s.ep.rosidl_typesupport_fastrtps_c.c.o[0m
[ 97%] [32mBuilding C object CMakeFiles/vision_msgs__rosidl_typesupport_introspection_c__pyext.dir/rosidl_generator_py/vision_msgs/_vision_msgs_s.ep.rosidl_typesupport_introspection_c.c.o[0m
[ 97%] [32mBuilding C object CMakeFiles/vision_msgs__rosidl_typesupport_c__pyext.dir/rosidl_generator_py/vision_msgs/_vision_msgs_s.ep.rosidl_typesupport_c.c.o[0m
[ 98%] [32m[1mLinking C shared library rosidl_generator_py/vision_msgs/vision_msgs_s__rosidl_typesupport_fastrtps_c.cpython-310-x86_64-linux-gnu.so[0m
[ 99%] [32m[1mLinking C shared library rosidl_generator_py/vision_msgs/vision_msgs_s__rosidl_typesupport_c.cpython-310-x86_64-linux-gnu.so[0m
[100%] [32m[1mLinking C shared library rosidl_generator_py/vision_msgs/vision_msgs_s__rosidl_typesupport_introspection_c.cpython-310-x86_64-linux-gnu.so[0m
[100%] Built target vision_msgs__rosidl_typesupport_fastrtps_c__pyext
[100%] Built target vision_msgs__rosidl_typesupport_c__pyext
[100%] Built target vision_msgs__rosidl_typesupport_introspection_c__pyext
-- Install configuration: ""
-- Installing: /home/nuna/ipm-ws/install/vision_msgs/share/ament_index/resource_index/rosidl_interfaces/vision_msgs
-- Installing: /home/nuna/ipm-ws/install/vision_msgs/share/vision_msgs/msg/BoundingBox2D.json
-- Installing: /home/nuna/ipm-ws/install/vision_msgs/share/vision_msgs/msg/BoundingBox2DArray.json
-- Installing: /home/nuna/ipm-ws/install/vision_msgs/share/vision_msgs/msg/BoundingBox3D.json
-- Installing: /home/nuna/ipm-ws/install/vision_msgs/share/vision_msgs/msg/BoundingBox3DArray.json
-- Installing: /home/nuna/ipm-ws/install/vision_msgs/share/vision_msgs/msg/Classification.json
-- Installing: /home/nuna/ipm-ws/install/vision_msgs/share/vision_msgs/msg/Detection2DArray.json
-- Installing: /home/nuna/ipm-ws/install/vision_msgs/share/vision_msgs/msg/Detection2D.json
-- Installing: /home/nuna/ipm-ws/install/vision_msgs/share/vision_msgs/msg/Detection3DArray.json
-- Installing: /home/nuna/ipm-ws/install/vision_msgs/share/vision_msgs/msg/Detection3D.json
-- Installing: /home/nuna/ipm-ws/install/vision_msgs/share/vision_msgs/msg/LabelInfo.json
-- Installing: /home/nuna/ipm-ws/install/vision_msgs/share/vision_msgs/msg/ObjectHypothesis.json
-- Installing: /home/nuna/ipm-ws/install/vision_msgs/share/vision_msgs/msg/ObjectHypothesisWithPose.json
-- Installing: /home/nuna/ipm-ws/install/vision_msgs/share/vision_msgs/msg/VisionClass.json
-- Installing: /home/nuna/ipm-ws/install/vision_msgs/share/vision_msgs/msg/Point2D.json
-- Installing: /home/nuna/ipm-ws/install/vision_msgs/share/vision_msgs/msg/Pose2D.json
-- Installing: /home/nuna/ipm-ws/install/vision_msgs/share/vision_msgs/msg/VisionInfo.json
-- Installing: /home/nuna/ipm-ws/install/vision_msgs/include/vision_msgs/vision_msgs
-- Installing: /home/nuna/ipm-ws/install/vision_msgs/include/vision_msgs/vision_msgs/msg
-- Installing: /home/nuna/ipm-ws/install/vision_msgs/include/vision_msgs/vision_msgs/msg/pose2_d.h
-- Installing: /home/nuna/ipm-ws/install/vision_msgs/include/vision_msgs/vision_msgs/msg/detection2_d.h
-- Installing: /home/nuna/ipm-ws/install/vision_msgs/include/vision_msgs/vision_msgs/msg/label_info.h
-- Installing: /home/nuna/ipm-ws/install/vision_msgs/include/vision_msgs/vision_msgs/msg/point2_d.h
-- Installing: /home/nuna/ipm-ws/install/vision_msgs/include/vision_msgs/vision_msgs/msg/bounding_box3_d_array.h
-- Installing: /home/nuna/ipm-ws/install/vision_msgs/include/vision_msgs/vision_msgs/msg/classification.h
-- Installing: /home/nuna/ipm-ws/install/vision_msgs/include/vision_msgs/vision_msgs/msg/object_hypothesis.h
-- Installing: /home/nuna/ipm-ws/install/vision_msgs/include/vision_msgs/vision_msgs/msg/object_hypothesis_with_pose.h
-- Installing: /home/nuna/ipm-ws/install/vision_msgs/include/vision_msgs/vision_msgs/msg/detection2_d_array.h
-- Installing: /home/nuna/ipm-ws/install/vision_msgs/include/vision_msgs/vision_msgs/msg/detection3_d.h
-- Installing: /home/nuna/ipm-ws/install/vision_msgs/include/vision_msgs/vision_msgs/msg/bounding_box2_d_array.h
-- Installing: /home/nuna/ipm-ws/install/vision_msgs/include/vision_msgs/vision_msgs/msg/bounding_box2_d.h
-- Installing: /home/nuna/ipm-ws/install/vision_msgs/include/vision_msgs/vision_msgs/msg/vision_class.h
-- Installing: /home/nuna/ipm-ws/install/vision_msgs/include/vision_msgs/vision_msgs/msg/vision_info.h
-- Installing: /home/nuna/ipm-ws/install/vision_msgs/include/vision_msgs/vision_msgs/msg/rosidl_generator_c__visibility_control.h
-- Installing: /home/nuna/ipm-ws/install/vision_msgs/include/vision_msgs/vision_msgs/msg/bounding_box3_d.h
-- Installing: /home/nuna/ipm-ws/install/vision_msgs/include/vision_msgs/vision_msgs/msg/detail
-- Installing: /home/nuna/ipm-ws/install/vision_msgs/include/vision_msgs/vision_msgs/msg/detail/pose2_d__struct.h
-- Installing: /home/nuna/ipm-ws/install/vision_msgs/include/vision_msgs/vision_msgs/msg/detail/detection3_d_array__type_support.h
-- Installing: /home/nuna/ipm-ws/install/vision_msgs/include/vision_msgs/vision_msgs/msg/detail/bounding_box2_d_array__type_support.h
-- Installing: /home/nuna/ipm-ws/install/vision_msgs/include/vision_msgs/vision_msgs/msg/detail/vision_info__description.c
-- Installing: /home/nuna/ipm-ws/install/vision_msgs/include/vision_msgs/vision_msgs/msg/detail/vision_info__type_support.h
-- Installing: /home/nuna/ipm-ws/install/vision_msgs/include/vision_msgs/vision_msgs/msg/detail/detection3_d__struct.h
-- Installing: /home/nuna/ipm-ws/install/vision_msgs/include/vision_msgs/vision_msgs/msg/detail/object_hypothesis_with_pose__type_support.c
-- Installing: /home/nuna/ipm-ws/install/vision_msgs/include/vision_msgs/vision_msgs/msg/detail/label_info__type_support.h
-- Installing: /home/nuna/ipm-ws/install/vision_msgs/include/vision_msgs/vision_msgs/msg/detail/detection2_d_array__type_support.c
-- Installing: /home/nuna/ipm-ws/install/vision_msgs/include/vision_msgs/vision_msgs/msg/detail/bounding_box3_d__description.c
-- Installing: /home/nuna/ipm-ws/install/vision_msgs/include/vision_msgs/vision_msgs/msg/detail/bounding_box2_d__type_support.h
-- Installing: /home/nuna/ipm-ws/install/vision_msgs/include/vision_msgs/vision_msgs/msg/detail/vision_info__struct.h
-- Installing: /home/nuna/ipm-ws/install/vision_msgs/include/vision_msgs/vision_msgs/msg/detail/bounding_box2_d__functions.h
-- Installing: /home/nuna/ipm-ws/install/vision_msgs/include/vision_msgs/vision_msgs/msg/detail/detection2_d__type_support.c
-- Installing: /home/nuna/ipm-ws/install/vision_msgs/include/vision_msgs/vision_msgs/msg/detail/label_info__functions.c
-- Installing: /home/nuna/ipm-ws/install/vision_msgs/include/vision_msgs/vision_msgs/msg/detail/vision_info__functions.h
-- Installing: /home/nuna/ipm-ws/install/vision_msgs/include/vision_msgs/vision_msgs/msg/detail/point2_d__type_support.c
-- Installing: /home/nuna/ipm-ws/install/vision_msgs/include/vision_msgs/vision_msgs/msg/detail/detection2_d__functions.h
-- Installing: /home/nuna/ipm-ws/install/vision_msgs/include/vision_msgs/vision_msgs/msg/detail/detection2_d_array__functions.c
-- Installing: /home/nuna/ipm-ws/install/vision_msgs/include/vision_msgs/vision_msgs/msg/detail/label_info__type_support.c
-- Installing: /home/nuna/ipm-ws/install/vision_msgs/include/vision_msgs/vision_msgs/msg/detail/detection3_d_array__type_support.c
-- Installing: /home/nuna/ipm-ws/install/vision_msgs/include/vision_msgs/vision_msgs/msg/detail/detection2_d__description.c
-- Installing: /home/nuna/ipm-ws/install/vision_msgs/include/vision_msgs/vision_msgs/msg/detail/object_hypothesis__functions.c
-- Installing: /home/nuna/ipm-ws/install/vision_msgs/include/vision_msgs/vision_msgs/msg/detail/object_hypothesis__struct.h
-- Installing: /home/nuna/ipm-ws/install/vision_msgs/include/vision_msgs/vision_msgs/msg/detail/detection2_d__type_support.h
-- Installing: /home/nuna/ipm-ws/install/vision_msgs/include/vision_msgs/vision_msgs/msg/detail/point2_d__struct.h
-- Installing: /home/nuna/ipm-ws/install/vision_msgs/include/vision_msgs/vision_msgs/msg/detail/pose2_d__functions.h
-- Installing: /home/nuna/ipm-ws/install/vision_msgs/include/vision_msgs/vision_msgs/msg/detail/detection3_d__type_support.h
-- Installing: /home/nuna/ipm-ws/install/vision_msgs/include/vision_msgs/vision_msgs/msg/detail/vision_class__functions.c
-- Installing: /home/nuna/ipm-ws/install/vision_msgs/include/vision_msgs/vision_msgs/msg/detail/label_info__functions.h
-- Installing: /home/nuna/ipm-ws/install/vision_msgs/include/vision_msgs/vision_msgs/msg/detail/vision_class__description.c
-- Installing: /home/nuna/ipm-ws/install/vision_msgs/include/vision_msgs/vision_msgs/msg/detail/bounding_box2_d_array__type_support.c
-- Installing: /home/nuna/ipm-ws/install/vision_msgs/include/vision_msgs/vision_msgs/msg/detail/bounding_box2_d_array__struct.h
-- Installing: /home/nuna/ipm-ws/install/vision_msgs/include/vision_msgs/vision_msgs/msg/detail/detection2_d__functions.c
-- Installing: /home/nuna/ipm-ws/install/vision_msgs/include/vision_msgs/vision_msgs/msg/detail/object_hypothesis_with_pose__description.c
-- Installing: /home/nuna/ipm-ws/install/vision_msgs/include/vision_msgs/vision_msgs/msg/detail/vision_class__type_support.h
-- Installing: /home/nuna/ipm-ws/install/vision_msgs/include/vision_msgs/vision_msgs/msg/detail/bounding_box2_d_array__description.c
-- Installing: /home/nuna/ipm-ws/install/vision_msgs/include/vision_msgs/vision_msgs/msg/detail/vision_class__functions.h
-- Installing: /home/nuna/ipm-ws/install/vision_msgs/include/vision_msgs/vision_msgs/msg/detail/detection3_d_array__functions.h
-- Installing: /home/nuna/ipm-ws/install/vision_msgs/include/vision_msgs/vision_msgs/msg/detail/bounding_box3_d_array__description.c
-- Installing: /home/nuna/ipm-ws/install/vision_msgs/include/vision_msgs/vision_msgs/msg/detail/object_hypothesis__type_support.c
-- Installing: /home/nuna/ipm-ws/install/vision_msgs/include/vision_msgs/vision_msgs/msg/detail/classification__type_support.c
-- Installing: /home/nuna/ipm-ws/install/vision_msgs/include/vision_msgs/vision_msgs/msg/detail/bounding_box2_d__type_support.c
-- Installing: /home/nuna/ipm-ws/install/vision_msgs/include/vision_msgs/vision_msgs/msg/detail/label_info__description.c
-- Installing: /home/nuna/ipm-ws/install/vision_msgs/include/vision_msgs/vision_msgs/msg/detail/pose2_d__type_support.c
-- Installing: /home/nuna/ipm-ws/install/vision_msgs/include/vision_msgs/vision_msgs/msg/detail/bounding_box3_d_array__functions.h
-- Installing: /home/nuna/ipm-ws/install/vision_msgs/include/vision_msgs/vision_msgs/msg/detail/detection3_d__type_support.c
-- Installing: /home/nuna/ipm-ws/install/vision_msgs/include/vision_msgs/vision_msgs/msg/detail/detection3_d_array__struct.h
-- Installing: /home/nuna/ipm-ws/install/vision_msgs/include/vision_msgs/vision_msgs/msg/detail/bounding_box2_d_array__functions.h
-- Installing: /home/nuna/ipm-ws/install/vision_msgs/include/vision_msgs/vision_msgs/msg/detail/point2_d__type_support.h
-- Installing: /home/nuna/ipm-ws/install/vision_msgs/include/vision_msgs/vision_msgs/msg/detail/object_hypothesis__type_support.h
-- Installing: /home/nuna/ipm-ws/install/vision_msgs/include/vision_msgs/vision_msgs/msg/detail/pose2_d__type_support.h
-- Installing: /home/nuna/ipm-ws/install/vision_msgs/include/vision_msgs/vision_msgs/msg/detail/vision_class__struct.h
-- Installing: /home/nuna/ipm-ws/install/vision_msgs/include/vision_msgs/vision_msgs/msg/detail/detection2_d_array__type_support.h
-- Installing: /home/nuna/ipm-ws/install/vision_msgs/include/vision_msgs/vision_msgs/msg/detail/detection3_d__functions.h
-- Installing: /home/nuna/ipm-ws/install/vision_msgs/include/vision_msgs/vision_msgs/msg/detail/detection2_d_array__description.c
-- Installing: /home/nuna/ipm-ws/install/vision_msgs/include/vision_msgs/vision_msgs/msg/detail/detection2_d__struct.h
-- Installing: /home/nuna/ipm-ws/install/vision_msgs/include/vision_msgs/vision_msgs/msg/detail/object_hypothesis_with_pose__functions.c
-- Installing: /home/nuna/ipm-ws/install/vision_msgs/include/vision_msgs/vision_msgs/msg/detail/bounding_box3_d__functions.h
-- Installing: /home/nuna/ipm-ws/install/vision_msgs/include/vision_msgs/vision_msgs/msg/detail/classification__functions.c
-- Installing: /home/nuna/ipm-ws/install/vision_msgs/include/vision_msgs/vision_msgs/msg/detail/point2_d__functions.h
-- Installing: /home/nuna/ipm-ws/install/vision_msgs/include/vision_msgs/vision_msgs/msg/detail/label_info__struct.h
-- Installing: /home/nuna/ipm-ws/install/vision_msgs/include/vision_msgs/vision_msgs/msg/detail/detection2_d_array__struct.h
-- Installing: /home/nuna/ipm-ws/install/vision_msgs/include/vision_msgs/vision_msgs/msg/detail/vision_info__functions.c
-- Installing: /home/nuna/ipm-ws/install/vision_msgs/include/vision_msgs/vision_msgs/msg/detail/bounding_box3_d__type_support.c
-- Installing: /home/nuna/ipm-ws/install/vision_msgs/include/vision_msgs/vision_msgs/msg/detail/pose2_d__functions.c
-- Installing: /home/nuna/ipm-ws/install/vision_msgs/include/vision_msgs/vision_msgs/msg/detail/detection2_d_array__functions.h
-- Installing: /home/nuna/ipm-ws/install/vision_msgs/include/vision_msgs/vision_msgs/msg/detail/bounding_box3_d_array__struct.h
-- Installing: /home/nuna/ipm-ws/install/vision_msgs/include/vision_msgs/vision_msgs/msg/detail/object_hypothesis__functions.h
-- Installing: /home/nuna/ipm-ws/install/vision_msgs/include/vision_msgs/vision_msgs/msg/detail/point2_d__description.c
-- Installing: /home/nuna/ipm-ws/install/vision_msgs/include/vision_msgs/vision_msgs/msg/detail/bounding_box3_d__struct.h
-- Installing: /home/nuna/ipm-ws/install/vision_msgs/include/vision_msgs/vision_msgs/msg/detail/bounding_box2_d_array__functions.c
-- Installing: /home/nuna/ipm-ws/install/vision_msgs/include/vision_msgs/vision_msgs/msg/detail/object_hypothesis_with_pose__functions.h
-- Installing: /home/nuna/ipm-ws/install/vision_msgs/include/vision_msgs/vision_msgs/msg/detail/object_hypothesis_with_pose__struct.h
-- Installing: /home/nuna/ipm-ws/install/vision_msgs/include/vision_msgs/vision_msgs/msg/detail/vision_class__type_support.c
-- Installing: /home/nuna/ipm-ws/install/vision_msgs/include/vision_msgs/vision_msgs/msg/detail/detection3_d_array__functions.c
-- Installing: /home/nuna/ipm-ws/install/vision_msgs/include/vision_msgs/vision_msgs/msg/detail/bounding_box3_d__functions.c
-- Installing: /home/nuna/ipm-ws/install/vision_msgs/include/vision_msgs/vision_msgs/msg/detail/bounding_box3_d_array__type_support.c
-- Installing: /home/nuna/ipm-ws/install/vision_msgs/include/vision_msgs/vision_msgs/msg/detail/bounding_box3_d_array__type_support.h
-- Installing: /home/nuna/ipm-ws/install/vision_msgs/include/vision_msgs/vision_msgs/msg/detail/bounding_box3_d_array__functions.c
-- Installing: /home/nuna/ipm-ws/install/vision_msgs/include/vision_msgs/vision_msgs/msg/detail/classification__type_support.h
-- Installing: /home/nuna/ipm-ws/install/vision_msgs/include/vision_msgs/vision_msgs/msg/detail/bounding_box2_d__functions.c
-- Installing: /home/nuna/ipm-ws/install/vision_msgs/include/vision_msgs/vision_msgs/msg/detail/point2_d__functions.c
-- Installing: /home/nuna/ipm-ws/install/vision_msgs/include/vision_msgs/vision_msgs/msg/detail/object_hypothesis_with_pose__type_support.h
-- Installing: /home/nuna/ipm-ws/install/vision_msgs/include/vision_msgs/vision_msgs/msg/detail/vision_info__type_support.c
-- Installing: /home/nuna/ipm-ws/install/vision_msgs/include/vision_msgs/vision_msgs/msg/detail/classification__description.c
-- Installing: /home/nuna/ipm-ws/install/vision_msgs/include/vision_msgs/vision_msgs/msg/detail/detection3_d_array__description.c
-- Installing: /home/nuna/ipm-ws/install/vision_msgs/include/vision_msgs/vision_msgs/msg/detail/object_hypothesis__description.c
-- Installing: /home/nuna/ipm-ws/install/vision_msgs/include/vision_msgs/vision_msgs/msg/detail/detection3_d__description.c
-- Installing: /home/nuna/ipm-ws/install/vision_msgs/include/vision_msgs/vision_msgs/msg/detail/bounding_box3_d__type_support.h
-- Installing: /home/nuna/ipm-ws/install/vision_msgs/include/vision_msgs/vision_msgs/msg/detail/bounding_box2_d__description.c
-- Installing: /home/nuna/ipm-ws/install/vision_msgs/include/vision_msgs/vision_msgs/msg/detail/detection3_d__functions.c
-- Installing: /home/nuna/ipm-ws/install/vision_msgs/include/vision_msgs/vision_msgs/msg/detail/pose2_d__description.c
-- Installing: /home/nuna/ipm-ws/install/vision_msgs/include/vision_msgs/vision_msgs/msg/detail/classification__functions.h
-- Installing: /home/nuna/ipm-ws/install/vision_msgs/include/vision_msgs/vision_msgs/msg/detail/classification__struct.h
-- Installing: /home/nuna/ipm-ws/install/vision_msgs/include/vision_msgs/vision_msgs/msg/detail/bounding_box2_d__struct.h
-- Installing: /home/nuna/ipm-ws/install/vision_msgs/include/vision_msgs/vision_msgs/msg/detection3_d_array.h
-- Installing: /home/nuna/ipm-ws/install/vision_msgs/share/vision_msgs/environment/library_path.sh
-- Installing: /home/nuna/ipm-ws/install/vision_msgs/share/vision_msgs/environment/library_path.dsv
-- Installing: /home/nuna/ipm-ws/install/vision_msgs/lib/libvision_msgs__rosidl_generator_c.so
-- Set runtime path of "/home/nuna/ipm-ws/install/vision_msgs/lib/libvision_msgs__rosidl_generator_c.so" to ""
-- Up-to-date: /home/nuna/ipm-ws/install/vision_msgs/include/vision_msgs/vision_msgs
-- Up-to-date: /home/nuna/ipm-ws/install/vision_msgs/include/vision_msgs/vision_msgs/msg
-- Installing: /home/nuna/ipm-ws/install/vision_msgs/include/vision_msgs/vision_msgs/msg/rosidl_typesupport_fastrtps_c__visibility_control.h
-- Up-to-date: /home/nuna/ipm-ws/install/vision_msgs/include/vision_msgs/vision_msgs/msg/detail
-- Installing: /home/nuna/ipm-ws/install/vision_msgs/include/vision_msgs/vision_msgs/msg/detail/classification__rosidl_typesupport_fastrtps_c.h
-- Installing: /home/nuna/ipm-ws/install/vision_msgs/include/vision_msgs/vision_msgs/msg/detail/detection2_d_array__rosidl_typesupport_fastrtps_c.h
-- Installing: /home/nuna/ipm-ws/install/vision_msgs/include/vision_msgs/vision_msgs/msg/detail/vision_info__rosidl_typesupport_fastrtps_c.h
-- Installing: /home/nuna/ipm-ws/install/vision_msgs/include/vision_msgs/vision_msgs/msg/detail/detection2_d__rosidl_typesupport_fastrtps_c.h
-- Installing: /home/nuna/ipm-ws/install/vision_msgs/include/vision_msgs/vision_msgs/msg/detail/object_hypothesis_with_pose__rosidl_typesupport_fastrtps_c.h
-- Installing: /home/nuna/ipm-ws/install/vision_msgs/include/vision_msgs/vision_msgs/msg/detail/bounding_box3_d_array__rosidl_typesupport_fastrtps_c.h
-- Installing: /home/nuna/ipm-ws/install/vision_msgs/include/vision_msgs/vision_msgs/msg/detail/object_hypothesis__rosidl_typesupport_fastrtps_c.h
-- Installing: /home/nuna/ipm-ws/install/vision_msgs/include/vision_msgs/vision_msgs/msg/detail/bounding_box2_d__rosidl_typesupport_fastrtps_c.h
-- Installing: /home/nuna/ipm-ws/install/vision_msgs/include/vision_msgs/vision_msgs/msg/detail/bounding_box2_d_array__rosidl_typesupport_fastrtps_c.h
-- Installing: /home/nuna/ipm-ws/install/vision_msgs/include/vision_msgs/vision_msgs/msg/detail/vision_class__rosidl_typesupport_fastrtps_c.h
-- Installing: /home/nuna/ipm-ws/install/vision_msgs/include/vision_msgs/vision_msgs/msg/detail/bounding_box3_d__rosidl_typesupport_fastrtps_c.h
-- Installing: /home/nuna/ipm-ws/install/vision_msgs/include/vision_msgs/vision_msgs/msg/detail/point2_d__rosidl_typesupport_fastrtps_c.h
-- Installing: /home/nuna/ipm-ws/install/vision_msgs/include/vision_msgs/vision_msgs/msg/detail/pose2_d__rosidl_typesupport_fastrtps_c.h
-- Installing: /home/nuna/ipm-ws/install/vision_msgs/include/vision_msgs/vision_msgs/msg/detail/detection3_d__rosidl_typesupport_fastrtps_c.h
-- Installing: /home/nuna/ipm-ws/install/vision_msgs/include/vision_msgs/vision_msgs/msg/detail/label_info__rosidl_typesupport_fastrtps_c.h
-- Installing: /home/nuna/ipm-ws/install/vision_msgs/include/vision_msgs/vision_msgs/msg/detail/detection3_d_array__rosidl_typesupport_fastrtps_c.h
-- Installing: /home/nuna/ipm-ws/install/vision_msgs/lib/libvision_msgs__rosidl_typesupport_fastrtps_c.so
-- Set runtime path of "/home/nuna/ipm-ws/install/vision_msgs/lib/libvision_msgs__rosidl_typesupport_fastrtps_c.so" to ""
-- Up-to-date: /home/nuna/ipm-ws/install/vision_msgs/include/vision_msgs/vision_msgs
-- Up-to-date: /home/nuna/ipm-ws/install/vision_msgs/include/vision_msgs/vision_msgs/msg
-- Installing: /home/nuna/ipm-ws/install/vision_msgs/include/vision_msgs/vision_msgs/msg/bounding_box3_d_array.hpp
-- Installing: /home/nuna/ipm-ws/install/vision_msgs/include/vision_msgs/vision_msgs/msg/object_hypothesis.hpp
-- Installing: /home/nuna/ipm-ws/install/vision_msgs/include/vision_msgs/vision_msgs/msg/bounding_box2_d_array.hpp
-- Installing: /home/nuna/ipm-ws/install/vision_msgs/include/vision_msgs/vision_msgs/msg/point2_d.hpp
-- Installing: /home/nuna/ipm-ws/install/vision_msgs/include/vision_msgs/vision_msgs/msg/pose2_d.hpp
-- Installing: /home/nuna/ipm-ws/install/vision_msgs/include/vision_msgs/vision_msgs/msg/classification.hpp
-- Installing: /home/nuna/ipm-ws/install/vision_msgs/include/vision_msgs/vision_msgs/msg/detection3_d_array.hpp
-- Installing: /home/nuna/ipm-ws/install/vision_msgs/include/vision_msgs/vision_msgs/msg/detection2_d.hpp
-- Installing: /home/nuna/ipm-ws/install/vision_msgs/include/vision_msgs/vision_msgs/msg/object_hypothesis_with_pose.hpp
-- Installing: /home/nuna/ipm-ws/install/vision_msgs/include/vision_msgs/vision_msgs/msg/detection3_d.hpp
-- Installing: /home/nuna/ipm-ws/install/vision_msgs/include/vision_msgs/vision_msgs/msg/bounding_box2_d.hpp
-- Installing: /home/nuna/ipm-ws/install/vision_msgs/include/vision_msgs/vision_msgs/msg/detection2_d_array.hpp
-- Installing: /home/nuna/ipm-ws/install/vision_msgs/include/vision_msgs/vision_msgs/msg/label_info.hpp
-- Installing: /home/nuna/ipm-ws/install/vision_msgs/include/vision_msgs/vision_msgs/msg/vision_class.hpp
-- Installing: /home/nuna/ipm-ws/install/vision_msgs/include/vision_msgs/vision_msgs/msg/bounding_box3_d.hpp
-- Installing: /home/nuna/ipm-ws/install/vision_msgs/include/vision_msgs/vision_msgs/msg/vision_info.hpp
-- Installing: /home/nuna/ipm-ws/install/vision_msgs/include/vision_msgs/vision_msgs/msg/rosidl_generator_cpp__visibility_control.hpp
-- Up-to-date: /home/nuna/ipm-ws/install/vision_msgs/include/vision_msgs/vision_msgs/msg/detail
-- Installing: /home/nuna/ipm-ws/install/vision_msgs/include/vision_msgs/vision_msgs/msg/detail/detection3_d__type_support.hpp
-- Installing: /home/nuna/ipm-ws/install/vision_msgs/include/vision_msgs/vision_msgs/msg/detail/bounding_box3_d__type_support.hpp
-- Installing: /home/nuna/ipm-ws/install/vision_msgs/include/vision_msgs/vision_msgs/msg/detail/detection2_d_array__struct.hpp
-- Installing: /home/nuna/ipm-ws/install/vision_msgs/include/vision_msgs/vision_msgs/msg/detail/label_info__type_support.hpp
-- Installing: /home/nuna/ipm-ws/install/vision_msgs/include/vision_msgs/vision_msgs/msg/detail/object_hypothesis_with_pose__type_support.hpp
-- Installing: /home/nuna/ipm-ws/install/vision_msgs/include/vision_msgs/vision_msgs/msg/detail/vision_class__traits.hpp
-- Installing: /home/nuna/ipm-ws/install/vision_msgs/include/vision_msgs/vision_msgs/msg/detail/detection3_d_array__builder.hpp
-- Installing: /home/nuna/ipm-ws/install/vision_msgs/include/vision_msgs/vision_msgs/msg/detail/label_info__builder.hpp
-- Installing: /home/nuna/ipm-ws/install/vision_msgs/include/vision_msgs/vision_msgs/msg/detail/detection2_d_array__traits.hpp
-- Installing: /home/nuna/ipm-ws/install/vision_msgs/include/vision_msgs/vision_msgs/msg/detail/classification__builder.hpp
-- Installing: /home/nuna/ipm-ws/install/vision_msgs/include/vision_msgs/vision_msgs/msg/detail/detection2_d__struct.hpp
-- Installing: /home/nuna/ipm-ws/install/vision_msgs/include/vision_msgs/vision_msgs/msg/detail/classification__struct.hpp
-- Installing: /home/nuna/ipm-ws/install/vision_msgs/include/vision_msgs/vision_msgs/msg/detail/vision_info__struct.hpp
-- Installing: /home/nuna/ipm-ws/install/vision_msgs/include/vision_msgs/vision_msgs/msg/detail/object_hypothesis__builder.hpp
-- Installing: /home/nuna/ipm-ws/install/vision_msgs/include/vision_msgs/vision_msgs/msg/detail/detection2_d_array__type_support.hpp
-- Installing: /home/nuna/ipm-ws/install/vision_msgs/include/vision_msgs/vision_msgs/msg/detail/bounding_box2_d__builder.hpp
-- Installing: /home/nuna/ipm-ws/install/vision_msgs/include/vision_msgs/vision_msgs/msg/detail/bounding_box3_d__struct.hpp
-- Installing: /home/nuna/ipm-ws/install/vision_msgs/include/vision_msgs/vision_msgs/msg/detail/vision_info__builder.hpp
-- Installing: /home/nuna/ipm-ws/install/vision_msgs/include/vision_msgs/vision_msgs/msg/detail/pose2_d__struct.hpp
-- Installing: /home/nuna/ipm-ws/install/vision_msgs/include/vision_msgs/vision_msgs/msg/detail/detection2_d__traits.hpp
-- Installing: /home/nuna/ipm-ws/install/vision_msgs/include/vision_msgs/vision_msgs/msg/detail/object_hypothesis__struct.hpp
-- Installing: /home/nuna/ipm-ws/install/vision_msgs/include/vision_msgs/vision_msgs/msg/detail/classification__traits.hpp
-- Installing: /home/nuna/ipm-ws/install/vision_msgs/include/vision_msgs/vision_msgs/msg/detail/bounding_box3_d_array__type_support.hpp
-- Installing: /home/nuna/ipm-ws/install/vision_msgs/include/vision_msgs/vision_msgs/msg/detail/pose2_d__traits.hpp
-- Installing: /home/nuna/ipm-ws/install/vision_msgs/include/vision_msgs/vision_msgs/msg/detail/bounding_box2_d__traits.hpp
-- Installing: /home/nuna/ipm-ws/install/vision_msgs/include/vision_msgs/vision_msgs/msg/detail/detection3_d_array__struct.hpp
-- Installing: /home/nuna/ipm-ws/install/vision_msgs/include/vision_msgs/vision_msgs/msg/detail/bounding_box2_d_array__type_support.hpp
-- Installing: /home/nuna/ipm-ws/install/vision_msgs/include/vision_msgs/vision_msgs/msg/detail/label_info__struct.hpp
-- Installing: /home/nuna/ipm-ws/install/vision_msgs/include/vision_msgs/vision_msgs/msg/detail/object_hypothesis__traits.hpp
-- Installing: /home/nuna/ipm-ws/install/vision_msgs/include/vision_msgs/vision_msgs/msg/detail/bounding_box2_d_array__builder.hpp
-- Installing: /home/nuna/ipm-ws/install/vision_msgs/include/vision_msgs/vision_msgs/msg/detail/bounding_box2_d__type_support.hpp
-- Installing: /home/nuna/ipm-ws/install/vision_msgs/include/vision_msgs/vision_msgs/msg/detail/bounding_box2_d__struct.hpp
-- Installing: /home/nuna/ipm-ws/install/vision_msgs/include/vision_msgs/vision_msgs/msg/detail/bounding_box3_d_array__traits.hpp
-- Installing: /home/nuna/ipm-ws/install/vision_msgs/include/vision_msgs/vision_msgs/msg/detail/detection2_d__builder.hpp
-- Installing: /home/nuna/ipm-ws/install/vision_msgs/include/vision_msgs/vision_msgs/msg/detail/pose2_d__type_support.hpp
-- Installing: /home/nuna/ipm-ws/install/vision_msgs/include/vision_msgs/vision_msgs/msg/detail/detection2_d__type_support.hpp
-- Installing: /home/nuna/ipm-ws/install/vision_msgs/include/vision_msgs/vision_msgs/msg/detail/point2_d__struct.hpp
-- Installing: /home/nuna/ipm-ws/install/vision_msgs/include/vision_msgs/vision_msgs/msg/detail/classification__type_support.hpp
-- Installing: /home/nuna/ipm-ws/install/vision_msgs/include/vision_msgs/vision_msgs/msg/detail/vision_info__type_support.hpp
-- Installing: /home/nuna/ipm-ws/install/vision_msgs/include/vision_msgs/vision_msgs/msg/detail/detection3_d_array__traits.hpp
-- Installing: /home/nuna/ipm-ws/install/vision_msgs/include/vision_msgs/vision_msgs/msg/detail/bounding_box3_d__builder.hpp
-- Installing: /home/nuna/ipm-ws/install/vision_msgs/include/vision_msgs/vision_msgs/msg/detail/detection3_d__struct.hpp
-- Installing: /home/nuna/ipm-ws/install/vision_msgs/include/vision_msgs/vision_msgs/msg/detail/point2_d__builder.hpp
-- Installing: /home/nuna/ipm-ws/install/vision_msgs/include/vision_msgs/vision_msgs/msg/detail/point2_d__type_support.hpp
-- Installing: /home/nuna/ipm-ws/install/vision_msgs/include/vision_msgs/vision_msgs/msg/detail/object_hypothesis_with_pose__traits.hpp
-- Installing: /home/nuna/ipm-ws/install/vision_msgs/include/vision_msgs/vision_msgs/msg/detail/vision_class__type_support.hpp
-- Installing: /home/nuna/ipm-ws/install/vision_msgs/include/vision_msgs/vision_msgs/msg/detail/bounding_box3_d_array__struct.hpp
-- Installing: /home/nuna/ipm-ws/install/vision_msgs/include/vision_msgs/vision_msgs/msg/detail/vision_info__traits.hpp
-- Installing: /home/nuna/ipm-ws/install/vision_msgs/include/vision_msgs/vision_msgs/msg/detail/object_hypothesis_with_pose__builder.hpp
-- Installing: /home/nuna/ipm-ws/install/vision_msgs/include/vision_msgs/vision_msgs/msg/detail/vision_class__builder.hpp
-- Installing: /home/nuna/ipm-ws/install/vision_msgs/include/vision_msgs/vision_msgs/msg/detail/object_hypothesis_with_pose__struct.hpp
-- Installing: /home/nuna/ipm-ws/install/vision_msgs/include/vision_msgs/vision_msgs/msg/detail/object_hypothesis__type_support.hpp
-- Installing: /home/nuna/ipm-ws/install/vision_msgs/include/vision_msgs/vision_msgs/msg/detail/bounding_box3_d_array__builder.hpp
-- Installing: /home/nuna/ipm-ws/install/vision_msgs/include/vision_msgs/vision_msgs/msg/detail/bounding_box3_d__traits.hpp
-- Installing: /home/nuna/ipm-ws/install/vision_msgs/include/vision_msgs/vision_msgs/msg/detail/bounding_box2_d_array__traits.hpp
-- Installing: /home/nuna/ipm-ws/install/vision_msgs/include/vision_msgs/vision_msgs/msg/detail/pose2_d__builder.hpp
-- Installing: /home/nuna/ipm-ws/install/vision_msgs/include/vision_msgs/vision_msgs/msg/detail/label_info__traits.hpp
-- Installing: /home/nuna/ipm-ws/install/vision_msgs/include/vision_msgs/vision_msgs/msg/detail/detection3_d__traits.hpp
-- Installing: /home/nuna/ipm-ws/install/vision_msgs/include/vision_msgs/vision_msgs/msg/detail/detection2_d_array__builder.hpp
-- Installing: /home/nuna/ipm-ws/install/vision_msgs/include/vision_msgs/vision_msgs/msg/detail/bounding_box2_d_array__struct.hpp
-- Installing: /home/nuna/ipm-ws/install/vision_msgs/include/vision_msgs/vision_msgs/msg/detail/point2_d__traits.hpp
-- Installing: /home/nuna/ipm-ws/install/vision_msgs/include/vision_msgs/vision_msgs/msg/detail/detection3_d_array__type_support.hpp
-- Installing: /home/nuna/ipm-ws/install/vision_msgs/include/vision_msgs/vision_msgs/msg/detail/vision_class__struct.hpp
-- Installing: /home/nuna/ipm-ws/install/vision_msgs/include/vision_msgs/vision_msgs/msg/detail/detection3_d__builder.hpp
-- Up-to-date: /home/nuna/ipm-ws/install/vision_msgs/include/vision_msgs/vision_msgs
-- Up-to-date: /home/nuna/ipm-ws/install/vision_msgs/include/vision_msgs/vision_msgs/msg
-- Installing: /home/nuna/ipm-ws/install/vision_msgs/include/vision_msgs/vision_msgs/msg/rosidl_typesupport_fastrtps_cpp__visibility_control.h
-- Up-to-date: /home/nuna/ipm-ws/install/vision_msgs/include/vision_msgs/vision_msgs/msg/detail
-- Installing: /home/nuna/ipm-ws/install/vision_msgs/include/vision_msgs/vision_msgs/msg/detail/bounding_box3_d__rosidl_typesupport_fastrtps_cpp.hpp
-- Installing: /home/nuna/ipm-ws/install/vision_msgs/include/vision_msgs/vision_msgs/msg/detail/detection3_d__rosidl_typesupport_fastrtps_cpp.hpp
-- Installing: /home/nuna/ipm-ws/install/vision_msgs/include/vision_msgs/vision_msgs/msg/detail/pose2_d__rosidl_typesupport_fastrtps_cpp.hpp
-- Installing: /home/nuna/ipm-ws/install/vision_msgs/include/vision_msgs/vision_msgs/msg/detail/object_hypothesis_with_pose__rosidl_typesupport_fastrtps_cpp.hpp
-- Installing: /home/nuna/ipm-ws/install/vision_msgs/include/vision_msgs/vision_msgs/msg/detail/dds_fastrtps
-- Installing: /home/nuna/ipm-ws/install/vision_msgs/include/vision_msgs/vision_msgs/msg/detail/object_hypothesis__rosidl_typesupport_fastrtps_cpp.hpp
-- Installing: /home/nuna/ipm-ws/install/vision_msgs/include/vision_msgs/vision_msgs/msg/detail/detection2_d_array__rosidl_typesupport_fastrtps_cpp.hpp
-- Installing: /home/nuna/ipm-ws/install/vision_msgs/include/vision_msgs/vision_msgs/msg/detail/point2_d__rosidl_typesupport_fastrtps_cpp.hpp
-- Installing: /home/nuna/ipm-ws/install/vision_msgs/include/vision_msgs/vision_msgs/msg/detail/detection3_d_array__rosidl_typesupport_fastrtps_cpp.hpp
-- Installing: /home/nuna/ipm-ws/install/vision_msgs/include/vision_msgs/vision_msgs/msg/detail/vision_info__rosidl_typesupport_fastrtps_cpp.hpp
-- Installing: /home/nuna/ipm-ws/install/vision_msgs/include/vision_msgs/vision_msgs/msg/detail/bounding_box3_d_array__rosidl_typesupport_fastrtps_cpp.hpp
-- Installing: /home/nuna/ipm-ws/install/vision_msgs/include/vision_msgs/vision_msgs/msg/detail/bounding_box2_d_array__rosidl_typesupport_fastrtps_cpp.hpp
-- Installing: /home/nuna/ipm-ws/install/vision_msgs/include/vision_msgs/vision_msgs/msg/detail/classification__rosidl_typesupport_fastrtps_cpp.hpp
-- Installing: /home/nuna/ipm-ws/install/vision_msgs/include/vision_msgs/vision_msgs/msg/detail/label_info__rosidl_typesupport_fastrtps_cpp.hpp
-- Installing: /home/nuna/ipm-ws/install/vision_msgs/include/vision_msgs/vision_msgs/msg/detail/bounding_box2_d__rosidl_typesupport_fastrtps_cpp.hpp
-- Installing: /home/nuna/ipm-ws/install/vision_msgs/include/vision_msgs/vision_msgs/msg/detail/vision_class__rosidl_typesupport_fastrtps_cpp.hpp
-- Installing: /home/nuna/ipm-ws/install/vision_msgs/include/vision_msgs/vision_msgs/msg/detail/detection2_d__rosidl_typesupport_fastrtps_cpp.hpp
-- Installing: /home/nuna/ipm-ws/install/vision_msgs/lib/libvision_msgs__rosidl_typesupport_fastrtps_cpp.so
-- Set runtime path of "/home/nuna/ipm-ws/install/vision_msgs/lib/libvision_msgs__rosidl_typesupport_fastrtps_cpp.so" to ""
-- Up-to-date: /home/nuna/ipm-ws/install/vision_msgs/include/vision_msgs/vision_msgs
-- Up-to-date: /home/nuna/ipm-ws/install/vision_msgs/include/vision_msgs/vision_msgs/msg
-- Installing: /home/nuna/ipm-ws/install/vision_msgs/include/vision_msgs/vision_msgs/msg/rosidl_typesupport_introspection_c__visibility_control.h
-- Up-to-date: /home/nuna/ipm-ws/install/vision_msgs/include/vision_msgs/vision_msgs/msg/detail
-- Installing: /home/nuna/ipm-ws/install/vision_msgs/include/vision_msgs/vision_msgs/msg/detail/pose2_d__rosidl_typesupport_introspection_c.h
-- Installing: /home/nuna/ipm-ws/install/vision_msgs/include/vision_msgs/vision_msgs/msg/detail/point2_d__rosidl_typesupport_introspection_c.h
-- Installing: /home/nuna/ipm-ws/install/vision_msgs/include/vision_msgs/vision_msgs/msg/detail/bounding_box2_d_array__rosidl_typesupport_introspection_c.h
-- Installing: /home/nuna/ipm-ws/install/vision_msgs/include/vision_msgs/vision_msgs/msg/detail/object_hypothesis_with_pose__type_support.c
-- Installing: /home/nuna/ipm-ws/install/vision_msgs/include/vision_msgs/vision_msgs/msg/detail/detection2_d_array__type_support.c
-- Installing: /home/nuna/ipm-ws/install/vision_msgs/include/vision_msgs/vision_msgs/msg/detail/detection2_d__type_support.c
-- Installing: /home/nuna/ipm-ws/install/vision_msgs/include/vision_msgs/vision_msgs/msg/detail/point2_d__type_support.c
-- Installing: /home/nuna/ipm-ws/install/vision_msgs/include/vision_msgs/vision_msgs/msg/detail/bounding_box2_d__rosidl_typesupport_introspection_c.h
-- Installing: /home/nuna/ipm-ws/install/vision_msgs/include/vision_msgs/vision_msgs/msg/detail/label_info__type_support.c
-- Installing: /home/nuna/ipm-ws/install/vision_msgs/include/vision_msgs/vision_msgs/msg/detail/detection3_d_array__type_support.c
-- Installing: /home/nuna/ipm-ws/install/vision_msgs/include/vision_msgs/vision_msgs/msg/detail/bounding_box3_d_array__rosidl_typesupport_introspection_c.h
-- Installing: /home/nuna/ipm-ws/install/vision_msgs/include/vision_msgs/vision_msgs/msg/detail/bounding_box2_d_array__type_support.c
-- Installing: /home/nuna/ipm-ws/install/vision_msgs/include/vision_msgs/vision_msgs/msg/detail/classification__rosidl_typesupport_introspection_c.h
-- Installing: /home/nuna/ipm-ws/install/vision_msgs/include/vision_msgs/vision_msgs/msg/detail/detection3_d_array__rosidl_typesupport_introspection_c.h
-- Installing: /home/nuna/ipm-ws/install/vision_msgs/include/vision_msgs/vision_msgs/msg/detail/detection3_d__rosidl_typesupport_introspection_c.h
-- Installing: /home/nuna/ipm-ws/install/vision_msgs/include/vision_msgs/vision_msgs/msg/detail/object_hypothesis__type_support.c
-- Installing: /home/nuna/ipm-ws/install/vision_msgs/include/vision_msgs/vision_msgs/msg/detail/classification__type_support.c
-- Installing: /home/nuna/ipm-ws/install/vision_msgs/include/vision_msgs/vision_msgs/msg/detail/bounding_box2_d__type_support.c
-- Installing: /home/nuna/ipm-ws/install/vision_msgs/include/vision_msgs/vision_msgs/msg/detail/object_hypothesis__rosidl_typesupport_introspection_c.h
-- Installing: /home/nuna/ipm-ws/install/vision_msgs/include/vision_msgs/vision_msgs/msg/detail/pose2_d__type_support.c
-- Installing: /home/nuna/ipm-ws/install/vision_msgs/include/vision_msgs/vision_msgs/msg/detail/detection3_d__type_support.c
-- Installing: /home/nuna/ipm-ws/install/vision_msgs/include/vision_msgs/vision_msgs/msg/detail/detection2_d__rosidl_typesupport_introspection_c.h
-- Installing: /home/nuna/ipm-ws/install/vision_msgs/include/vision_msgs/vision_msgs/msg/detail/label_info__rosidl_typesupport_introspection_c.h
-- Installing: /home/nuna/ipm-ws/install/vision_msgs/include/vision_msgs/vision_msgs/msg/detail/bounding_box3_d__type_support.c
-- Installing: /home/nuna/ipm-ws/install/vision_msgs/include/vision_msgs/vision_msgs/msg/detail/vision_class__type_support.c
-- Installing: /home/nuna/ipm-ws/install/vision_msgs/include/vision_msgs/vision_msgs/msg/detail/bounding_box3_d_array__type_support.c
-- Installing: /home/nuna/ipm-ws/install/vision_msgs/include/vision_msgs/vision_msgs/msg/detail/bounding_box3_d__rosidl_typesupport_introspection_c.h
-- Installing: /home/nuna/ipm-ws/install/vision_msgs/include/vision_msgs/vision_msgs/msg/detail/vision_info__rosidl_typesupport_introspection_c.h
-- Installing: /home/nuna/ipm-ws/install/vision_msgs/include/vision_msgs/vision_msgs/msg/detail/detection2_d_array__rosidl_typesupport_introspection_c.h
-- Installing: /home/nuna/ipm-ws/install/vision_msgs/include/vision_msgs/vision_msgs/msg/detail/vision_info__type_support.c
-- Installing: /home/nuna/ipm-ws/install/vision_msgs/include/vision_msgs/vision_msgs/msg/detail/vision_class__rosidl_typesupport_introspection_c.h
-- Installing: /home/nuna/ipm-ws/install/vision_msgs/include/vision_msgs/vision_msgs/msg/detail/object_hypothesis_with_pose__rosidl_typesupport_introspection_c.h
-- Installing: /home/nuna/ipm-ws/install/vision_msgs/lib/libvision_msgs__rosidl_typesupport_introspection_c.so
-- Set runtime path of "/home/nuna/ipm-ws/install/vision_msgs/lib/libvision_msgs__rosidl_typesupport_introspection_c.so" to ""
-- Installing: /home/nuna/ipm-ws/install/vision_msgs/lib/libvision_msgs__rosidl_typesupport_c.so
-- Set runtime path of "/home/nuna/ipm-ws/install/vision_msgs/lib/libvision_msgs__rosidl_typesupport_c.so" to ""
-- Up-to-date: /home/nuna/ipm-ws/install/vision_msgs/include/vision_msgs/vision_msgs
-- Up-to-date: /home/nuna/ipm-ws/install/vision_msgs/include/vision_msgs/vision_msgs/msg
-- Up-to-date: /home/nuna/ipm-ws/install/vision_msgs/include/vision_msgs/vision_msgs/msg/detail
-- Installing: /home/nuna/ipm-ws/install/vision_msgs/include/vision_msgs/vision_msgs/msg/detail/label_info__type_support.cpp
-- Installing: /home/nuna/ipm-ws/install/vision_msgs/include/vision_msgs/vision_msgs/msg/detail/detection3_d_array__type_support.cpp
-- Installing: /home/nuna/ipm-ws/install/vision_msgs/include/vision_msgs/vision_msgs/msg/detail/object_hypothesis_with_pose__rosidl_typesupport_introspection_cpp.hpp
-- Installing: /home/nuna/ipm-ws/install/vision_msgs/include/vision_msgs/vision_msgs/msg/detail/detection2_d__rosidl_typesupport_introspection_cpp.hpp
-- Installing: /home/nuna/ipm-ws/install/vision_msgs/include/vision_msgs/vision_msgs/msg/detail/vision_class__type_support.cpp
-- Installing: /home/nuna/ipm-ws/install/vision_msgs/include/vision_msgs/vision_msgs/msg/detail/vision_info__type_support.cpp
-- Installing: /home/nuna/ipm-ws/install/vision_msgs/include/vision_msgs/vision_msgs/msg/detail/bounding_box2_d__type_support.cpp
-- Installing: /home/nuna/ipm-ws/install/vision_msgs/include/vision_msgs/vision_msgs/msg/detail/object_hypothesis__rosidl_typesupport_introspection_cpp.hpp
-- Installing: /home/nuna/ipm-ws/install/vision_msgs/include/vision_msgs/vision_msgs/msg/detail/bounding_box2_d_array__rosidl_typesupport_introspection_cpp.hpp
-- Installing: /home/nuna/ipm-ws/install/vision_msgs/include/vision_msgs/vision_msgs/msg/detail/vision_info__rosidl_typesupport_introspection_cpp.hpp
-- Installing: /home/nuna/ipm-ws/install/vision_msgs/include/vision_msgs/vision_msgs/msg/detail/point2_d__rosidl_typesupport_introspection_cpp.hpp
-- Installing: /home/nuna/ipm-ws/install/vision_msgs/include/vision_msgs/vision_msgs/msg/detail/bounding_box3_d_array__type_support.cpp
-- Installing: /home/nuna/ipm-ws/install/vision_msgs/include/vision_msgs/vision_msgs/msg/detail/bounding_box2_d_array__type_support.cpp
-- Installing: /home/nuna/ipm-ws/install/vision_msgs/include/vision_msgs/vision_msgs/msg/detail/detection2_d_array__type_support.cpp
-- Installing: /home/nuna/ipm-ws/install/vision_msgs/include/vision_msgs/vision_msgs/msg/detail/detection2_d_array__rosidl_typesupport_introspection_cpp.hpp
-- Installing: /home/nuna/ipm-ws/install/vision_msgs/include/vision_msgs/vision_msgs/msg/detail/detection3_d_array__rosidl_typesupport_introspection_cpp.hpp
-- Installing: /home/nuna/ipm-ws/install/vision_msgs/include/vision_msgs/vision_msgs/msg/detail/detection2_d__type_support.cpp
-- Installing: /home/nuna/ipm-ws/install/vision_msgs/include/vision_msgs/vision_msgs/msg/detail/bounding_box2_d__rosidl_typesupport_introspection_cpp.hpp
-- Installing: /home/nuna/ipm-ws/install/vision_msgs/include/vision_msgs/vision_msgs/msg/detail/bounding_box3_d_array__rosidl_typesupport_introspection_cpp.hpp
-- Installing: /home/nuna/ipm-ws/install/vision_msgs/include/vision_msgs/vision_msgs/msg/detail/object_hypothesis__type_support.cpp
-- Installing: /home/nuna/ipm-ws/install/vision_msgs/include/vision_msgs/vision_msgs/msg/detail/point2_d__type_support.cpp
-- Installing: /home/nuna/ipm-ws/install/vision_msgs/include/vision_msgs/vision_msgs/msg/detail/bounding_box3_d__type_support.cpp
-- Installing: /home/nuna/ipm-ws/install/vision_msgs/include/vision_msgs/vision_msgs/msg/detail/detection3_d__rosidl_typesupport_introspection_cpp.hpp
-- Installing: /home/nuna/ipm-ws/install/vision_msgs/include/vision_msgs/vision_msgs/msg/detail/classification__rosidl_typesupport_introspection_cpp.hpp
-- Installing: /home/nuna/ipm-ws/install/vision_msgs/include/vision_msgs/vision_msgs/msg/detail/label_info__rosidl_typesupport_introspection_cpp.hpp
-- Installing: /home/nuna/ipm-ws/install/vision_msgs/include/vision_msgs/vision_msgs/msg/detail/object_hypothesis_with_pose__type_support.cpp
-- Installing: /home/nuna/ipm-ws/install/vision_msgs/include/vision_msgs/vision_msgs/msg/detail/bounding_box3_d__rosidl_typesupport_introspection_cpp.hpp
-- Installing: /home/nuna/ipm-ws/install/vision_msgs/include/vision_msgs/vision_msgs/msg/detail/classification__type_support.cpp
-- Installing: /home/nuna/ipm-ws/install/vision_msgs/include/vision_msgs/vision_msgs/msg/detail/pose2_d__rosidl_typesupport_introspection_cpp.hpp
-- Installing: /home/nuna/ipm-ws/install/vision_msgs/include/vision_msgs/vision_msgs/msg/detail/detection3_d__type_support.cpp
-- Installing: /home/nuna/ipm-ws/install/vision_msgs/include/vision_msgs/vision_msgs/msg/detail/pose2_d__type_support.cpp
-- Installing: /home/nuna/ipm-ws/install/vision_msgs/include/vision_msgs/vision_msgs/msg/detail/vision_class__rosidl_typesupport_introspection_cpp.hpp
-- Installing: /home/nuna/ipm-ws/install/vision_msgs/lib/libvision_msgs__rosidl_typesupport_introspection_cpp.so
-- Set runtime path of "/home/nuna/ipm-ws/install/vision_msgs/lib/libvision_msgs__rosidl_typesupport_introspection_cpp.so" to ""
-- Installing: /home/nuna/ipm-ws/install/vision_msgs/lib/libvision_msgs__rosidl_typesupport_cpp.so
-- Set runtime path of "/home/nuna/ipm-ws/install/vision_msgs/lib/libvision_msgs__rosidl_typesupport_cpp.so" to ""
-- Installing: /home/nuna/ipm-ws/install/vision_msgs/share/vision_msgs/environment/pythonpath.sh
-- Installing: /home/nuna/ipm-ws/install/vision_msgs/share/vision_msgs/environment/pythonpath.dsv
-- Installing: /home/nuna/ipm-ws/install/vision_msgs/lib/python3.10/site-packages/vision_msgs-4.1.0-py3.10.egg-info
-- Installing: /home/nuna/ipm-ws/install/vision_msgs/lib/python3.10/site-packages/vision_msgs-4.1.0-py3.10.egg-info/top_level.txt
-- Installing: /home/nuna/ipm-ws/install/vision_msgs/lib/python3.10/site-packages/vision_msgs-4.1.0-py3.10.egg-info/dependency_links.txt
-- Installing: /home/nuna/ipm-ws/install/vision_msgs/lib/python3.10/site-packages/vision_msgs-4.1.0-py3.10.egg-info/SOURCES.txt
-- Installing: /home/nuna/ipm-ws/install/vision_msgs/lib/python3.10/site-packages/vision_msgs-4.1.0-py3.10.egg-info/PKG-INFO
-- Installing: /home/nuna/ipm-ws/install/vision_msgs/lib/python3.10/site-packages/vision_msgs
-- Installing: /home/nuna/ipm-ws/install/vision_msgs/lib/python3.10/site-packages/vision_msgs/libvision_msgs__rosidl_generator_py.so
-- Installing: /home/nuna/ipm-ws/install/vision_msgs/lib/python3.10/site-packages/vision_msgs/vision_msgs_s__rosidl_typesupport_c.cpython-310-x86_64-linux-gnu.so
-- Installing: /home/nuna/ipm-ws/install/vision_msgs/lib/python3.10/site-packages/vision_msgs/vision_msgs_s__rosidl_typesupport_fastrtps_c.cpython-310-x86_64-linux-gnu.so
-- Installing: /home/nuna/ipm-ws/install/vision_msgs/lib/python3.10/site-packages/vision_msgs/msg
-- Installing: /home/nuna/ipm-ws/install/vision_msgs/lib/python3.10/site-packages/vision_msgs/msg/_bounding_box2_d.py
-- Installing: /home/nuna/ipm-ws/install/vision_msgs/lib/python3.10/site-packages/vision_msgs/msg/_point2_d.py
-- Installing: /home/nuna/ipm-ws/install/vision_msgs/lib/python3.10/site-packages/vision_msgs/msg/_object_hypothesis_with_pose_s.c
-- Installing: /home/nuna/ipm-ws/install/vision_msgs/lib/python3.10/site-packages/vision_msgs/msg/_detection3_d.py
-- Installing: /home/nuna/ipm-ws/install/vision_msgs/lib/python3.10/site-packages/vision_msgs/msg/_object_hypothesis_with_pose.py
-- Installing: /home/nuna/ipm-ws/install/vision_msgs/lib/python3.10/site-packages/vision_msgs/msg/_bounding_box2_d_s.c
-- Installing: /home/nuna/ipm-ws/install/vision_msgs/lib/python3.10/site-packages/vision_msgs/msg/_point2_d_s.c
-- Installing: /home/nuna/ipm-ws/install/vision_msgs/lib/python3.10/site-packages/vision_msgs/msg/_detection3_d_array.py
-- Installing: /home/nuna/ipm-ws/install/vision_msgs/lib/python3.10/site-packages/vision_msgs/msg/_detection2_d_array_s.c
-- Installing: /home/nuna/ipm-ws/install/vision_msgs/lib/python3.10/site-packages/vision_msgs/msg/_object_hypothesis_s.c
-- Installing: /home/nuna/ipm-ws/install/vision_msgs/lib/python3.10/site-packages/vision_msgs/msg/_object_hypothesis.py
-- Installing: /home/nuna/ipm-ws/install/vision_msgs/lib/python3.10/site-packages/vision_msgs/msg/_vision_info_s.c
-- Installing: /home/nuna/ipm-ws/install/vision_msgs/lib/python3.10/site-packages/vision_msgs/msg/_detection2_d_array.py
-- Installing: /home/nuna/ipm-ws/install/vision_msgs/lib/python3.10/site-packages/vision_msgs/msg/_label_info_s.c
-- Installing: /home/nuna/ipm-ws/install/vision_msgs/lib/python3.10/site-packages/vision_msgs/msg/_vision_class_s.c
-- Installing: /home/nuna/ipm-ws/install/vision_msgs/lib/python3.10/site-packages/vision_msgs/msg/_label_info.py
-- Installing: /home/nuna/ipm-ws/install/vision_msgs/lib/python3.10/site-packages/vision_msgs/msg/_classification_s.c
-- Installing: /home/nuna/ipm-ws/install/vision_msgs/lib/python3.10/site-packages/vision_msgs/msg/_detection2_d.py
-- Installing: /home/nuna/ipm-ws/install/vision_msgs/lib/python3.10/site-packages/vision_msgs/msg/__init__.py
-- Installing: /home/nuna/ipm-ws/install/vision_msgs/lib/python3.10/site-packages/vision_msgs/msg/_pose2_d_s.c
-- Installing: /home/nuna/ipm-ws/install/vision_msgs/lib/python3.10/site-packages/vision_msgs/msg/_pose2_d.py
-- Installing: /home/nuna/ipm-ws/install/vision_msgs/lib/python3.10/site-packages/vision_msgs/msg/_bounding_box3_d_array_s.c
-- Installing: /home/nuna/ipm-ws/install/vision_msgs/lib/python3.10/site-packages/vision_msgs/msg/_bounding_box3_d_s.c
-- Installing: /home/nuna/ipm-ws/install/vision_msgs/lib/python3.10/site-packages/vision_msgs/msg/_bounding_box2_d_array.py
-- Installing: /home/nuna/ipm-ws/install/vision_msgs/lib/python3.10/site-packages/vision_msgs/msg/_classification.py
-- Installing: /home/nuna/ipm-ws/install/vision_msgs/lib/python3.10/site-packages/vision_msgs/msg/_vision_class.py
-- Installing: /home/nuna/ipm-ws/install/vision_msgs/lib/python3.10/site-packages/vision_msgs/msg/_detection3_d_s.c
-- Installing: /home/nuna/ipm-ws/install/vision_msgs/lib/python3.10/site-packages/vision_msgs/msg/_vision_info.py
-- Installing: /home/nuna/ipm-ws/install/vision_msgs/lib/python3.10/site-packages/vision_msgs/msg/_bounding_box3_d.py
-- Installing: /home/nuna/ipm-ws/install/vision_msgs/lib/python3.10/site-packages/vision_msgs/msg/_bounding_box2_d_array_s.c
-- Installing: /home/nuna/ipm-ws/install/vision_msgs/lib/python3.10/site-packages/vision_msgs/msg/_bounding_box3_d_array.py
-- Installing: /home/nuna/ipm-ws/install/vision_msgs/lib/python3.10/site-packages/vision_msgs/msg/_detection3_d_array_s.c
-- Installing: /home/nuna/ipm-ws/install/vision_msgs/lib/python3.10/site-packages/vision_msgs/msg/_detection2_d_s.c
-- Installing: /home/nuna/ipm-ws/install/vision_msgs/lib/python3.10/site-packages/vision_msgs/__init__.py
-- Installing: /home/nuna/ipm-ws/install/vision_msgs/lib/python3.10/site-packages/vision_msgs/_vision_msgs_s.ep.rosidl_typesupport_c.c
-- Installing: /home/nuna/ipm-ws/install/vision_msgs/lib/python3.10/site-packages/vision_msgs/_vision_msgs_s.ep.rosidl_typesupport_introspection_c.c
-- Installing: /home/nuna/ipm-ws/install/vision_msgs/lib/python3.10/site-packages/vision_msgs/vision_msgs_s__rosidl_typesupport_introspection_c.cpython-310-x86_64-linux-gnu.so
-- Installing: /home/nuna/ipm-ws/install/vision_msgs/lib/python3.10/site-packages/vision_msgs/_vision_msgs_s.ep.rosidl_typesupport_fastrtps_c.c
Listing '/home/nuna/ipm-ws/install/vision_msgs/lib/python3.10/site-packages/vision_msgs'...
Compiling '/home/nuna/ipm-ws/install/vision_msgs/lib/python3.10/site-packages/vision_msgs/__init__.py'...
Listing '/home/nuna/ipm-ws/install/vision_msgs/lib/python3.10/site-packages/vision_msgs/msg'...
Compiling '/home/nuna/ipm-ws/install/vision_msgs/lib/python3.10/site-packages/vision_msgs/msg/__init__.py'...
Compiling '/home/nuna/ipm-ws/install/vision_msgs/lib/python3.10/site-packages/vision_msgs/msg/_bounding_box2_d.py'...
Compiling '/home/nuna/ipm-ws/install/vision_msgs/lib/python3.10/site-packages/vision_msgs/msg/_bounding_box2_d_array.py'...
Compiling '/home/nuna/ipm-ws/install/vision_msgs/lib/python3.10/site-packages/vision_msgs/msg/_bounding_box3_d.py'...
Compiling '/home/nuna/ipm-ws/install/vision_msgs/lib/python3.10/site-packages/vision_msgs/msg/_bounding_box3_d_array.py'...
Compiling '/home/nuna/ipm-ws/install/vision_msgs/lib/python3.10/site-packages/vision_msgs/msg/_classification.py'...
Compiling '/home/nuna/ipm-ws/install/vision_msgs/lib/python3.10/site-packages/vision_msgs/msg/_detection2_d.py'...
Compiling '/home/nuna/ipm-ws/install/vision_msgs/lib/python3.10/site-packages/vision_msgs/msg/_detection2_d_array.py'...
Compiling '/home/nuna/ipm-ws/install/vision_msgs/lib/python3.10/site-packages/vision_msgs/msg/_detection3_d.py'...
Compiling '/home/nuna/ipm-ws/install/vision_msgs/lib/python3.10/site-packages/vision_msgs/msg/_detection3_d_array.py'...
Compiling '/home/nuna/ipm-ws/install/vision_msgs/lib/python3.10/site-packages/vision_msgs/msg/_label_info.py'...
Compiling '/home/nuna/ipm-ws/install/vision_msgs/lib/python3.10/site-packages/vision_msgs/msg/_object_hypothesis.py'...
Compiling '/home/nuna/ipm-ws/install/vision_msgs/lib/python3.10/site-packages/vision_msgs/msg/_object_hypothesis_with_pose.py'...
Compiling '/home/nuna/ipm-ws/install/vision_msgs/lib/python3.10/site-packages/vision_msgs/msg/_point2_d.py'...
Compiling '/home/nuna/ipm-ws/install/vision_msgs/lib/python3.10/site-packages/vision_msgs/msg/_pose2_d.py'...
Compiling '/home/nuna/ipm-ws/install/vision_msgs/lib/python3.10/site-packages/vision_msgs/msg/_vision_class.py'...
Compiling '/home/nuna/ipm-ws/install/vision_msgs/lib/python3.10/site-packages/vision_msgs/msg/_vision_info.py'...
-- Installing: /home/nuna/ipm-ws/install/vision_msgs/lib/python3.10/site-packages/vision_msgs/vision_msgs_s__rosidl_typesupport_fastrtps_c.cpython-310-x86_64-linux-gnu.so
-- Set runtime path of "/home/nuna/ipm-ws/install/vision_msgs/lib/python3.10/site-packages/vision_msgs/vision_msgs_s__rosidl_typesupport_fastrtps_c.cpython-310-x86_64-linux-gnu.so" to ""
-- Installing: /home/nuna/ipm-ws/install/vision_msgs/lib/python3.10/site-packages/vision_msgs/vision_msgs_s__rosidl_typesupport_introspection_c.cpython-310-x86_64-linux-gnu.so
-- Set runtime path of "/home/nuna/ipm-ws/install/vision_msgs/lib/python3.10/site-packages/vision_msgs/vision_msgs_s__rosidl_typesupport_introspection_c.cpython-310-x86_64-linux-gnu.so" to ""
-- Installing: /home/nuna/ipm-ws/install/vision_msgs/lib/python3.10/site-packages/vision_msgs/vision_msgs_s__rosidl_typesupport_c.cpython-310-x86_64-linux-gnu.so
-- Set runtime path of "/home/nuna/ipm-ws/install/vision_msgs/lib/python3.10/site-packages/vision_msgs/vision_msgs_s__rosidl_typesupport_c.cpython-310-x86_64-linux-gnu.so" to ""
-- Installing: /home/nuna/ipm-ws/install/vision_msgs/lib/libvision_msgs__rosidl_generator_py.so
-- Set runtime path of "/home/nuna/ipm-ws/install/vision_msgs/lib/libvision_msgs__rosidl_generator_py.so" to ""
-- Installing: /home/nuna/ipm-ws/install/vision_msgs/share/vision_msgs/msg/BoundingBox2D.idl
-- Installing: /home/nuna/ipm-ws/install/vision_msgs/share/vision_msgs/msg/BoundingBox2DArray.idl
-- Installing: /home/nuna/ipm-ws/install/vision_msgs/share/vision_msgs/msg/BoundingBox3D.idl
-- Installing: /home/nuna/ipm-ws/install/vision_msgs/share/vision_msgs/msg/BoundingBox3DArray.idl
-- Installing: /home/nuna/ipm-ws/install/vision_msgs/share/vision_msgs/msg/Classification.idl
-- Installing: /home/nuna/ipm-ws/install/vision_msgs/share/vision_msgs/msg/Detection2DArray.idl
-- Installing: /home/nuna/ipm-ws/install/vision_msgs/share/vision_msgs/msg/Detection2D.idl
-- Installing: /home/nuna/ipm-ws/install/vision_msgs/share/vision_msgs/msg/Detection3DArray.idl
-- Installing: /home/nuna/ipm-ws/install/vision_msgs/share/vision_msgs/msg/Detection3D.idl
-- Installing: /home/nuna/ipm-ws/install/vision_msgs/share/vision_msgs/msg/LabelInfo.idl
-- Installing: /home/nuna/ipm-ws/install/vision_msgs/share/vision_msgs/msg/ObjectHypothesis.idl
-- Installing: /home/nuna/ipm-ws/install/vision_msgs/share/vision_msgs/msg/ObjectHypothesisWithPose.idl
-- Installing: /home/nuna/ipm-ws/install/vision_msgs/share/vision_msgs/msg/VisionClass.idl
-- Installing: /home/nuna/ipm-ws/install/vision_msgs/share/vision_msgs/msg/Point2D.idl
-- Installing: /home/nuna/ipm-ws/install/vision_msgs/share/vision_msgs/msg/Pose2D.idl
-- Installing: /home/nuna/ipm-ws/install/vision_msgs/share/vision_msgs/msg/VisionInfo.idl
-- Installing: /home/nuna/ipm-ws/install/vision_msgs/share/vision_msgs/msg/BoundingBox2D.msg
-- Installing: /home/nuna/ipm-ws/install/vision_msgs/share/vision_msgs/msg/BoundingBox2DArray.msg
-- Installing: /home/nuna/ipm-ws/install/vision_msgs/share/vision_msgs/msg/BoundingBox3D.msg
-- Installing: /home/nuna/ipm-ws/install/vision_msgs/share/vision_msgs/msg/BoundingBox3DArray.msg
-- Installing: /home/nuna/ipm-ws/install/vision_msgs/share/vision_msgs/msg/Classification.msg
-- Installing: /home/nuna/ipm-ws/install/vision_msgs/share/vision_msgs/msg/Detection2DArray.msg
-- Installing: /home/nuna/ipm-ws/install/vision_msgs/share/vision_msgs/msg/Detection2D.msg
-- Installing: /home/nuna/ipm-ws/install/vision_msgs/share/vision_msgs/msg/Detection3DArray.msg
-- Installing: /home/nuna/ipm-ws/install/vision_msgs/share/vision_msgs/msg/Detection3D.msg
-- Installing: /home/nuna/ipm-ws/install/vision_msgs/share/vision_msgs/msg/LabelInfo.msg
-- Installing: /home/nuna/ipm-ws/install/vision_msgs/share/vision_msgs/msg/ObjectHypothesis.msg
-- Installing: /home/nuna/ipm-ws/install/vision_msgs/share/vision_msgs/msg/ObjectHypothesisWithPose.msg
-- Installing: /home/nuna/ipm-ws/install/vision_msgs/share/vision_msgs/msg/VisionClass.msg
-- Installing: /home/nuna/ipm-ws/install/vision_msgs/share/vision_msgs/msg/Point2D.msg
-- Installing: /home/nuna/ipm-ws/install/vision_msgs/share/vision_msgs/msg/Pose2D.msg
-- Installing: /home/nuna/ipm-ws/install/vision_msgs/share/vision_msgs/msg/VisionInfo.msg
-- Up-to-date: /home/nuna/ipm-ws/install/vision_msgs/include/vision_msgs
-- Installing: /home/nuna/ipm-ws/install/vision_msgs/include/vision_msgs/create_aabb.hpp
-- Installing: /home/nuna/ipm-ws/install/vision_msgs/share/ament_index/resource_index/package_run_dependencies/vision_msgs
-- Installing: /home/nuna/ipm-ws/install/vision_msgs/share/ament_index/resource_index/parent_prefix_path/vision_msgs
-- Installing: /home/nuna/ipm-ws/install/vision_msgs/share/vision_msgs/environment/ament_prefix_path.sh
-- Installing: /home/nuna/ipm-ws/install/vision_msgs/share/vision_msgs/environment/ament_prefix_path.dsv
-- Installing: /home/nuna/ipm-ws/install/vision_msgs/share/vision_msgs/environment/path.sh
-- Installing: /home/nuna/ipm-ws/install/vision_msgs/share/vision_msgs/environment/path.dsv
-- Installing: /home/nuna/ipm-ws/install/vision_msgs/share/vision_msgs/local_setup.bash
-- Installing: /home/nuna/ipm-ws/install/vision_msgs/share/vision_msgs/local_setup.sh
-- Installing: /home/nuna/ipm-ws/install/vision_msgs/share/vision_msgs/local_setup.zsh
-- Installing: /home/nuna/ipm-ws/install/vision_msgs/share/vision_msgs/local_setup.dsv
-- Installing: /home/nuna/ipm-ws/install/vision_msgs/share/vision_msgs/package.dsv
-- Installing: /home/nuna/ipm-ws/install/vision_msgs/share/ament_index/resource_index/packages/vision_msgs
-- Installing: /home/nuna/ipm-ws/install/vision_msgs/share/vision_msgs/cmake/export_vision_msgs__rosidl_generator_cExport.cmake
-- Installing: /home/nuna/ipm-ws/install/vision_msgs/share/vision_msgs/cmake/export_vision_msgs__rosidl_generator_cExport-noconfig.cmake
-- Installing: /home/nuna/ipm-ws/install/vision_msgs/share/vision_msgs/cmake/export_vision_msgs__rosidl_typesupport_fastrtps_cExport.cmake
-- Installing: /home/nuna/ipm-ws/install/vision_msgs/share/vision_msgs/cmake/export_vision_msgs__rosidl_typesupport_fastrtps_cExport-noconfig.cmake
-- Installing: /home/nuna/ipm-ws/install/vision_msgs/share/vision_msgs/cmake/export_vision_msgs__rosidl_generator_cppExport.cmake
-- Installing: /home/nuna/ipm-ws/install/vision_msgs/share/vision_msgs/cmake/export_vision_msgs__rosidl_typesupport_fastrtps_cppExport.cmake
-- Installing: /home/nuna/ipm-ws/install/vision_msgs/share/vision_msgs/cmake/export_vision_msgs__rosidl_typesupport_fastrtps_cppExport-noconfig.cmake
-- Installing: /home/nuna/ipm-ws/install/vision_msgs/share/vision_msgs/cmake/vision_msgs__rosidl_typesupport_introspection_cExport.cmake
-- Installing: /home/nuna/ipm-ws/install/vision_msgs/share/vision_msgs/cmake/vision_msgs__rosidl_typesupport_introspection_cExport-noconfig.cmake
-- Installing: /home/nuna/ipm-ws/install/vision_msgs/share/vision_msgs/cmake/vision_msgs__rosidl_typesupport_cExport.cmake
-- Installing: /home/nuna/ipm-ws/install/vision_msgs/share/vision_msgs/cmake/vision_msgs__rosidl_typesupport_cExport-noconfig.cmake
-- Installing: /home/nuna/ipm-ws/install/vision_msgs/share/vision_msgs/cmake/vision_msgs__rosidl_typesupport_introspection_cppExport.cmake
-- Installing: /home/nuna/ipm-ws/install/vision_msgs/share/vision_msgs/cmake/vision_msgs__rosidl_typesupport_introspection_cppExport-noconfig.cmake
-- Installing: /home/nuna/ipm-ws/install/vision_msgs/share/vision_msgs/cmake/vision_msgs__rosidl_typesupport_cppExport.cmake
-- Installing: /home/nuna/ipm-ws/install/vision_msgs/share/vision_msgs/cmake/vision_msgs__rosidl_typesupport_cppExport-noconfig.cmake
-- Installing: /home/nuna/ipm-ws/install/vision_msgs/share/vision_msgs/cmake/export_vision_msgs__rosidl_generator_pyExport.cmake
-- Installing: /home/nuna/ipm-ws/install/vision_msgs/share/vision_msgs/cmake/export_vision_msgs__rosidl_generator_pyExport-noconfig.cmake
-- Installing: /home/nuna/ipm-ws/install/vision_msgs/share/vision_msgs/cmake/rosidl_cmake-extras.cmake
-- Installing: /home/nuna/ipm-ws/install/vision_msgs/share/vision_msgs/cmake/ament_cmake_export_dependencies-extras.cmake
-- Installing: /home/nuna/ipm-ws/install/vision_msgs/share/vision_msgs/cmake/ament_cmake_export_include_directories-extras.cmake
-- Installing: /home/nuna/ipm-ws/install/vision_msgs/share/vision_msgs/cmake/ament_cmake_export_libraries-extras.cmake
-- Installing: /home/nuna/ipm-ws/install/vision_msgs/share/vision_msgs/cmake/ament_cmake_export_targets-extras.cmake
-- Installing: /home/nuna/ipm-ws/install/vision_msgs/share/vision_msgs/cmake/rosidl_cmake_export_typesupport_targets-extras.cmake
-- Installing: /home/nuna/ipm-ws/install/vision_msgs/share/vision_msgs/cmake/rosidl_cmake_export_typesupport_libraries-extras.cmake
-- Installing: /home/nuna/ipm-ws/install/vision_msgs/share/vision_msgs/cmake/vision_msgsConfig.cmake
-- Installing: /home/nuna/ipm-ws/install/vision_msgs/share/vision_msgs/cmake/vision_msgsConfig-version.cmake
-- Installing: /home/nuna/ipm-ws/install/vision_msgs/share/vision_msgs/package.xml
