[  2%] Built target biped_interfaces__rosidl_generator_type_description
[  2%] Built target ament_cmake_python_copy_biped_interfaces
[  4%] Built target biped_interfaces__cpp
[ 22%] Built target biped_interfaces__rosidl_generator_c
[ 31%] Built target biped_interfaces__rosidl_typesupport_introspection_cpp
[ 40%] Built target biped_interfaces__rosidl_typesupport_cpp
[ 59%] Built target biped_interfaces__rosidl_typesupport_introspection_c
[ 59%] Built target biped_interfaces__rosidl_typesupport_fastrtps_cpp
[ 68%] Built target biped_interfaces__rosidl_typesupport_c
[ 77%] Built target biped_interfaces__rosidl_typesupport_fastrtps_c
[ 77%] Built target biped_interfaces
[ 79%] Built target biped_interfaces__py
[ 86%] Built target biped_interfaces__rosidl_generator_py
[ 90%] Built target biped_interfaces__rosidl_typesupport_fastrtps_c__pyext
[ 95%] Built target biped_interfaces__rosidl_typesupport_introspection_c__pyext
[100%] Built target biped_interfaces__rosidl_typesupport_c__pyext
running egg_info
writing biped_interfaces.egg-info/PKG-INFO
writing dependency_links to biped_interfaces.egg-info/dependency_links.txt
writing top-level names to biped_interfaces.egg-info/top_level.txt
reading manifest file 'biped_interfaces.egg-info/SOURCES.txt'
writing manifest file 'biped_interfaces.egg-info/SOURCES.txt'
[100%] Built target ament_cmake_python_build_biped_interfaces_egg
-- Install configuration: ""
-- Up-to-date: /home/nuna/ipm-ws/install/biped_interfaces/share/ament_index/resource_index/rosidl_interfaces/biped_interfaces
-- Up-to-date: /home/nuna/ipm-ws/install/biped_interfaces/share/biped_interfaces/msg/Phase.json
-- Up-to-date: /home/nuna/ipm-ws/install/biped_interfaces/share/biped_interfaces/msg/SolePoses.json
-- Up-to-date: /home/nuna/ipm-ws/install/biped_interfaces/include/biped_interfaces/biped_interfaces
-- Up-to-date: /home/nuna/ipm-ws/install/biped_interfaces/include/biped_interfaces/biped_interfaces/msg
-- Up-to-date: /home/nuna/ipm-ws/install/biped_interfaces/include/biped_interfaces/biped_interfaces/msg/phase.h
-- Up-to-date: /home/nuna/ipm-ws/install/biped_interfaces/include/biped_interfaces/biped_interfaces/msg/sole_poses.h
-- Up-to-date: /home/nuna/ipm-ws/install/biped_interfaces/include/biped_interfaces/biped_interfaces/msg/rosidl_generator_c__visibility_control.h
-- Up-to-date: /home/nuna/ipm-ws/install/biped_interfaces/include/biped_interfaces/biped_interfaces/msg/detail
-- Up-to-date: /home/nuna/ipm-ws/install/biped_interfaces/include/biped_interfaces/biped_interfaces/msg/detail/sole_poses__functions.h
-- Up-to-date: /home/nuna/ipm-ws/install/biped_interfaces/include/biped_interfaces/biped_interfaces/msg/detail/sole_poses__type_support.h
-- Up-to-date: /home/nuna/ipm-ws/install/biped_interfaces/include/biped_interfaces/biped_interfaces/msg/detail/sole_poses__struct.h
-- Up-to-date: /home/nuna/ipm-ws/install/biped_interfaces/include/biped_interfaces/biped_interfaces/msg/detail/phase__description.c
-- Up-to-date: /home/nuna/ipm-ws/install/biped_interfaces/include/biped_interfaces/biped_interfaces/msg/detail/phase__struct.h
-- Up-to-date: /home/nuna/ipm-ws/install/biped_interfaces/include/biped_interfaces/biped_interfaces/msg/detail/sole_poses__type_support.c
-- Up-to-date: /home/nuna/ipm-ws/install/biped_interfaces/include/biped_interfaces/biped_interfaces/msg/detail/sole_poses__functions.c
-- Up-to-date: /home/nuna/ipm-ws/install/biped_interfaces/include/biped_interfaces/biped_interfaces/msg/detail/sole_poses__description.c
-- Up-to-date: /home/nuna/ipm-ws/install/biped_interfaces/include/biped_interfaces/biped_interfaces/msg/detail/phase__functions.c
-- Up-to-date: /home/nuna/ipm-ws/install/biped_interfaces/include/biped_interfaces/biped_interfaces/msg/detail/phase__type_support.h
-- Up-to-date: /home/nuna/ipm-ws/install/biped_interfaces/include/biped_interfaces/biped_interfaces/msg/detail/phase__type_support.c
-- Up-to-date: /home/nuna/ipm-ws/install/biped_interfaces/include/biped_interfaces/biped_interfaces/msg/detail/phase__functions.h
-- Up-to-date: /home/nuna/ipm-ws/install/biped_interfaces/share/biped_interfaces/environment/library_path.sh
-- Up-to-date: /home/nuna/ipm-ws/install/biped_interfaces/share/biped_interfaces/environment/library_path.dsv
-- Up-to-date: /home/nuna/ipm-ws/install/biped_interfaces/lib/libbiped_interfaces__rosidl_generator_c.so
-- Up-to-date: /home/nuna/ipm-ws/install/biped_interfaces/include/biped_interfaces/biped_interfaces
-- Up-to-date: /home/nuna/ipm-ws/install/biped_interfaces/include/biped_interfaces/biped_interfaces/msg
-- Up-to-date: /home/nuna/ipm-ws/install/biped_interfaces/include/biped_interfaces/biped_interfaces/msg/rosidl_typesupport_fastrtps_c__visibility_control.h
-- Up-to-date: /home/nuna/ipm-ws/install/biped_interfaces/include/biped_interfaces/biped_interfaces/msg/detail
-- Up-to-date: /home/nuna/ipm-ws/install/biped_interfaces/include/biped_interfaces/biped_interfaces/msg/detail/phase__rosidl_typesupport_fastrtps_c.h
-- Up-to-date: /home/nuna/ipm-ws/install/biped_interfaces/include/biped_interfaces/biped_interfaces/msg/detail/sole_poses__rosidl_typesupport_fastrtps_c.h
-- Up-to-date: /home/nuna/ipm-ws/install/biped_interfaces/lib/libbiped_interfaces__rosidl_typesupport_fastrtps_c.so
-- Up-to-date: /home/nuna/ipm-ws/install/biped_interfaces/include/biped_interfaces/biped_interfaces
-- Up-to-date: /home/nuna/ipm-ws/install/biped_interfaces/include/biped_interfaces/biped_interfaces/msg
-- Up-to-date: /home/nuna/ipm-ws/install/biped_interfaces/include/biped_interfaces/biped_interfaces/msg/rosidl_typesupport_introspection_c__visibility_control.h
-- Up-to-date: /home/nuna/ipm-ws/install/biped_interfaces/include/biped_interfaces/biped_interfaces/msg/detail
-- Up-to-date: /home/nuna/ipm-ws/install/biped_interfaces/include/biped_interfaces/biped_interfaces/msg/detail/phase__rosidl_typesupport_introspection_c.h
-- Up-to-date: /home/nuna/ipm-ws/install/biped_interfaces/include/biped_interfaces/biped_interfaces/msg/detail/sole_poses__type_support.c
-- Up-to-date: /home/nuna/ipm-ws/install/biped_interfaces/include/biped_interfaces/biped_interfaces/msg/detail/phase__type_support.c
-- Up-to-date: /home/nuna/ipm-ws/install/biped_interfaces/include/biped_interfaces/biped_interfaces/msg/detail/sole_poses__rosidl_typesupport_introspection_c.h
-- Up-to-date: /home/nuna/ipm-ws/install/biped_interfaces/lib/libbiped_interfaces__rosidl_typesupport_introspection_c.so
-- Up-to-date: /home/nuna/ipm-ws/install/biped_interfaces/lib/libbiped_interfaces__rosidl_typesupport_c.so
-- Up-to-date: /home/nuna/ipm-ws/install/biped_interfaces/include/biped_interfaces/biped_interfaces
-- Up-to-date: /home/nuna/ipm-ws/install/biped_interfaces/include/biped_interfaces/biped_interfaces/msg
-- Up-to-date: /home/nuna/ipm-ws/install/biped_interfaces/include/biped_interfaces/biped_interfaces/msg/phase.hpp
-- Up-to-date: /home/nuna/ipm-ws/install/biped_interfaces/include/biped_interfaces/biped_interfaces/msg/rosidl_generator_cpp__visibility_control.hpp
-- Up-to-date: /home/nuna/ipm-ws/install/biped_interfaces/include/biped_interfaces/biped_interfaces/msg/sole_poses.hpp
-- Up-to-date: /home/nuna/ipm-ws/install/biped_interfaces/include/biped_interfaces/biped_interfaces/msg/detail
-- Up-to-date: /home/nuna/ipm-ws/install/biped_interfaces/include/biped_interfaces/biped_interfaces/msg/detail/phase__type_support.hpp
-- Up-to-date: /home/nuna/ipm-ws/install/biped_interfaces/include/biped_interfaces/biped_interfaces/msg/detail/sole_poses__type_support.hpp
-- Up-to-date: /home/nuna/ipm-ws/install/biped_interfaces/include/biped_interfaces/biped_interfaces/msg/detail/phase__struct.hpp
-- Up-to-date: /home/nuna/ipm-ws/install/biped_interfaces/include/biped_interfaces/biped_interfaces/msg/detail/sole_poses__struct.hpp
-- Up-to-date: /home/nuna/ipm-ws/install/biped_interfaces/include/biped_interfaces/biped_interfaces/msg/detail/phase__builder.hpp
-- Up-to-date: /home/nuna/ipm-ws/install/biped_interfaces/include/biped_interfaces/biped_interfaces/msg/detail/sole_poses__builder.hpp
-- Up-to-date: /home/nuna/ipm-ws/install/biped_interfaces/include/biped_interfaces/biped_interfaces/msg/detail/sole_poses__traits.hpp
-- Up-to-date: /home/nuna/ipm-ws/install/biped_interfaces/include/biped_interfaces/biped_interfaces/msg/detail/phase__traits.hpp
-- Up-to-date: /home/nuna/ipm-ws/install/biped_interfaces/include/biped_interfaces/biped_interfaces
-- Up-to-date: /home/nuna/ipm-ws/install/biped_interfaces/include/biped_interfaces/biped_interfaces/msg
-- Up-to-date: /home/nuna/ipm-ws/install/biped_interfaces/include/biped_interfaces/biped_interfaces/msg/rosidl_typesupport_fastrtps_cpp__visibility_control.h
-- Up-to-date: /home/nuna/ipm-ws/install/biped_interfaces/include/biped_interfaces/biped_interfaces/msg/detail
-- Up-to-date: /home/nuna/ipm-ws/install/biped_interfaces/include/biped_interfaces/biped_interfaces/msg/detail/phase__rosidl_typesupport_fastrtps_cpp.hpp
-- Up-to-date: /home/nuna/ipm-ws/install/biped_interfaces/include/biped_interfaces/biped_interfaces/msg/detail/dds_fastrtps
-- Up-to-date: /home/nuna/ipm-ws/install/biped_interfaces/include/biped_interfaces/biped_interfaces/msg/detail/sole_poses__rosidl_typesupport_fastrtps_cpp.hpp
-- Up-to-date: /home/nuna/ipm-ws/install/biped_interfaces/lib/libbiped_interfaces__rosidl_typesupport_fastrtps_cpp.so
-- Up-to-date: /home/nuna/ipm-ws/install/biped_interfaces/include/biped_interfaces/biped_interfaces
-- Up-to-date: /home/nuna/ipm-ws/install/biped_interfaces/include/biped_interfaces/biped_interfaces/msg
-- Up-to-date: /home/nuna/ipm-ws/install/biped_interfaces/include/biped_interfaces/biped_interfaces/msg/detail
-- Up-to-date: /home/nuna/ipm-ws/install/biped_interfaces/include/biped_interfaces/biped_interfaces/msg/detail/phase__type_support.cpp
-- Up-to-date: /home/nuna/ipm-ws/install/biped_interfaces/include/biped_interfaces/biped_interfaces/msg/detail/phase__rosidl_typesupport_introspection_cpp.hpp
-- Up-to-date: /home/nuna/ipm-ws/install/biped_interfaces/include/biped_interfaces/biped_interfaces/msg/detail/sole_poses__rosidl_typesupport_introspection_cpp.hpp
-- Up-to-date: /home/nuna/ipm-ws/install/biped_interfaces/include/biped_interfaces/biped_interfaces/msg/detail/sole_poses__type_support.cpp
-- Up-to-date: /home/nuna/ipm-ws/install/biped_interfaces/lib/libbiped_interfaces__rosidl_typesupport_introspection_cpp.so
-- Up-to-date: /home/nuna/ipm-ws/install/biped_interfaces/lib/libbiped_interfaces__rosidl_typesupport_cpp.so
-- Up-to-date: /home/nuna/ipm-ws/install/biped_interfaces/share/biped_interfaces/environment/pythonpath.sh
-- Up-to-date: /home/nuna/ipm-ws/install/biped_interfaces/share/biped_interfaces/environment/pythonpath.dsv
-- Up-to-date: /home/nuna/ipm-ws/install/biped_interfaces/lib/python3.10/site-packages/biped_interfaces-0.0.0-py3.10.egg-info
-- Installing: /home/nuna/ipm-ws/install/biped_interfaces/lib/python3.10/site-packages/biped_interfaces-0.0.0-py3.10.egg-info/top_level.txt
-- Installing: /home/nuna/ipm-ws/install/biped_interfaces/lib/python3.10/site-packages/biped_interfaces-0.0.0-py3.10.egg-info/dependency_links.txt
-- Installing: /home/nuna/ipm-ws/install/biped_interfaces/lib/python3.10/site-packages/biped_interfaces-0.0.0-py3.10.egg-info/SOURCES.txt
-- Installing: /home/nuna/ipm-ws/install/biped_interfaces/lib/python3.10/site-packages/biped_interfaces-0.0.0-py3.10.egg-info/PKG-INFO
-- Up-to-date: /home/nuna/ipm-ws/install/biped_interfaces/lib/python3.10/site-packages/biped_interfaces
-- Up-to-date: /home/nuna/ipm-ws/install/biped_interfaces/lib/python3.10/site-packages/biped_interfaces/libbiped_interfaces__rosidl_generator_py.so
-- Up-to-date: /home/nuna/ipm-ws/install/biped_interfaces/lib/python3.10/site-packages/biped_interfaces/_biped_interfaces_s.ep.rosidl_typesupport_fastrtps_c.c
-- Up-to-date: /home/nuna/ipm-ws/install/biped_interfaces/lib/python3.10/site-packages/biped_interfaces/biped_interfaces_s__rosidl_typesupport_c.cpython-310-x86_64-linux-gnu.so
-- Up-to-date: /home/nuna/ipm-ws/install/biped_interfaces/lib/python3.10/site-packages/biped_interfaces/_biped_interfaces_s.ep.rosidl_typesupport_introspection_c.c
-- Up-to-date: /home/nuna/ipm-ws/install/biped_interfaces/lib/python3.10/site-packages/biped_interfaces/msg
-- Up-to-date: /home/nuna/ipm-ws/install/biped_interfaces/lib/python3.10/site-packages/biped_interfaces/msg/_phase.py
-- Up-to-date: /home/nuna/ipm-ws/install/biped_interfaces/lib/python3.10/site-packages/biped_interfaces/msg/_sole_poses_s.c
-- Up-to-date: /home/nuna/ipm-ws/install/biped_interfaces/lib/python3.10/site-packages/biped_interfaces/msg/_phase_s.c
-- Up-to-date: /home/nuna/ipm-ws/install/biped_interfaces/lib/python3.10/site-packages/biped_interfaces/msg/__init__.py
-- Up-to-date: /home/nuna/ipm-ws/install/biped_interfaces/lib/python3.10/site-packages/biped_interfaces/msg/_sole_poses.py
-- Up-to-date: /home/nuna/ipm-ws/install/biped_interfaces/lib/python3.10/site-packages/biped_interfaces/_biped_interfaces_s.ep.rosidl_typesupport_c.c
-- Up-to-date: /home/nuna/ipm-ws/install/biped_interfaces/lib/python3.10/site-packages/biped_interfaces/__init__.py
-- Up-to-date: /home/nuna/ipm-ws/install/biped_interfaces/lib/python3.10/site-packages/biped_interfaces/biped_interfaces_s__rosidl_typesupport_fastrtps_c.cpython-310-x86_64-linux-gnu.so
-- Up-to-date: /home/nuna/ipm-ws/install/biped_interfaces/lib/python3.10/site-packages/biped_interfaces/biped_interfaces_s__rosidl_typesupport_introspection_c.cpython-310-x86_64-linux-gnu.so
Listing '/home/nuna/ipm-ws/install/biped_interfaces/lib/python3.10/site-packages/biped_interfaces'...
Listing '/home/nuna/ipm-ws/install/biped_interfaces/lib/python3.10/site-packages/biped_interfaces/msg'...
-- Up-to-date: /home/nuna/ipm-ws/install/biped_interfaces/lib/python3.10/site-packages/biped_interfaces/biped_interfaces_s__rosidl_typesupport_fastrtps_c.cpython-310-x86_64-linux-gnu.so
-- Up-to-date: /home/nuna/ipm-ws/install/biped_interfaces/lib/python3.10/site-packages/biped_interfaces/biped_interfaces_s__rosidl_typesupport_introspection_c.cpython-310-x86_64-linux-gnu.so
-- Up-to-date: /home/nuna/ipm-ws/install/biped_interfaces/lib/python3.10/site-packages/biped_interfaces/biped_interfaces_s__rosidl_typesupport_c.cpython-310-x86_64-linux-gnu.so
-- Up-to-date: /home/nuna/ipm-ws/install/biped_interfaces/lib/libbiped_interfaces__rosidl_generator_py.so
-- Up-to-date: /home/nuna/ipm-ws/install/biped_interfaces/share/biped_interfaces/msg/Phase.idl
-- Up-to-date: /home/nuna/ipm-ws/install/biped_interfaces/share/biped_interfaces/msg/SolePoses.idl
-- Up-to-date: /home/nuna/ipm-ws/install/biped_interfaces/share/biped_interfaces/msg/Phase.msg
-- Up-to-date: /home/nuna/ipm-ws/install/biped_interfaces/share/biped_interfaces/msg/SolePoses.msg
-- Up-to-date: /home/nuna/ipm-ws/install/biped_interfaces/share/ament_index/resource_index/package_run_dependencies/biped_interfaces
-- Up-to-date: /home/nuna/ipm-ws/install/biped_interfaces/share/ament_index/resource_index/parent_prefix_path/biped_interfaces
-- Up-to-date: /home/nuna/ipm-ws/install/biped_interfaces/share/biped_interfaces/environment/ament_prefix_path.sh
-- Up-to-date: /home/nuna/ipm-ws/install/biped_interfaces/share/biped_interfaces/environment/ament_prefix_path.dsv
-- Up-to-date: /home/nuna/ipm-ws/install/biped_interfaces/share/biped_interfaces/environment/path.sh
-- Up-to-date: /home/nuna/ipm-ws/install/biped_interfaces/share/biped_interfaces/environment/path.dsv
-- Up-to-date: /home/nuna/ipm-ws/install/biped_interfaces/share/biped_interfaces/local_setup.bash
-- Up-to-date: /home/nuna/ipm-ws/install/biped_interfaces/share/biped_interfaces/local_setup.sh
-- Up-to-date: /home/nuna/ipm-ws/install/biped_interfaces/share/biped_interfaces/local_setup.zsh
-- Up-to-date: /home/nuna/ipm-ws/install/biped_interfaces/share/biped_interfaces/local_setup.dsv
-- Installing: /home/nuna/ipm-ws/install/biped_interfaces/share/biped_interfaces/package.dsv
-- Up-to-date: /home/nuna/ipm-ws/install/biped_interfaces/share/ament_index/resource_index/packages/biped_interfaces
-- Up-to-date: /home/nuna/ipm-ws/install/biped_interfaces/share/biped_interfaces/cmake/export_biped_interfaces__rosidl_generator_cExport.cmake
-- Up-to-date: /home/nuna/ipm-ws/install/biped_interfaces/share/biped_interfaces/cmake/export_biped_interfaces__rosidl_generator_cExport-noconfig.cmake
-- Up-to-date: /home/nuna/ipm-ws/install/biped_interfaces/share/biped_interfaces/cmake/export_biped_interfaces__rosidl_typesupport_fastrtps_cExport.cmake
-- Up-to-date: /home/nuna/ipm-ws/install/biped_interfaces/share/biped_interfaces/cmake/export_biped_interfaces__rosidl_typesupport_fastrtps_cExport-noconfig.cmake
-- Up-to-date: /home/nuna/ipm-ws/install/biped_interfaces/share/biped_interfaces/cmake/biped_interfaces__rosidl_typesupport_introspection_cExport.cmake
-- Up-to-date: /home/nuna/ipm-ws/install/biped_interfaces/share/biped_interfaces/cmake/biped_interfaces__rosidl_typesupport_introspection_cExport-noconfig.cmake
-- Up-to-date: /home/nuna/ipm-ws/install/biped_interfaces/share/biped_interfaces/cmake/biped_interfaces__rosidl_typesupport_cExport.cmake
-- Up-to-date: /home/nuna/ipm-ws/install/biped_interfaces/share/biped_interfaces/cmake/biped_interfaces__rosidl_typesupport_cExport-noconfig.cmake
-- Up-to-date: /home/nuna/ipm-ws/install/biped_interfaces/share/biped_interfaces/cmake/export_biped_interfaces__rosidl_generator_cppExport.cmake
-- Up-to-date: /home/nuna/ipm-ws/install/biped_interfaces/share/biped_interfaces/cmake/export_biped_interfaces__rosidl_typesupport_fastrtps_cppExport.cmake
-- Up-to-date: /home/nuna/ipm-ws/install/biped_interfaces/share/biped_interfaces/cmake/export_biped_interfaces__rosidl_typesupport_fastrtps_cppExport-noconfig.cmake
-- Up-to-date: /home/nuna/ipm-ws/install/biped_interfaces/share/biped_interfaces/cmake/biped_interfaces__rosidl_typesupport_introspection_cppExport.cmake
-- Up-to-date: /home/nuna/ipm-ws/install/biped_interfaces/share/biped_interfaces/cmake/biped_interfaces__rosidl_typesupport_introspection_cppExport-noconfig.cmake
-- Up-to-date: /home/nuna/ipm-ws/install/biped_interfaces/share/biped_interfaces/cmake/biped_interfaces__rosidl_typesupport_cppExport.cmake
-- Up-to-date: /home/nuna/ipm-ws/install/biped_interfaces/share/biped_interfaces/cmake/biped_interfaces__rosidl_typesupport_cppExport-noconfig.cmake
-- Up-to-date: /home/nuna/ipm-ws/install/biped_interfaces/share/biped_interfaces/cmake/export_biped_interfaces__rosidl_generator_pyExport.cmake
-- Up-to-date: /home/nuna/ipm-ws/install/biped_interfaces/share/biped_interfaces/cmake/export_biped_interfaces__rosidl_generator_pyExport-noconfig.cmake
-- Up-to-date: /home/nuna/ipm-ws/install/biped_interfaces/share/biped_interfaces/cmake/rosidl_cmake-extras.cmake
-- Up-to-date: /home/nuna/ipm-ws/install/biped_interfaces/share/biped_interfaces/cmake/ament_cmake_export_dependencies-extras.cmake
-- Up-to-date: /home/nuna/ipm-ws/install/biped_interfaces/share/biped_interfaces/cmake/ament_cmake_export_include_directories-extras.cmake
-- Up-to-date: /home/nuna/ipm-ws/install/biped_interfaces/share/biped_interfaces/cmake/ament_cmake_export_libraries-extras.cmake
-- Up-to-date: /home/nuna/ipm-ws/install/biped_interfaces/share/biped_interfaces/cmake/ament_cmake_export_targets-extras.cmake
-- Up-to-date: /home/nuna/ipm-ws/install/biped_interfaces/share/biped_interfaces/cmake/rosidl_cmake_export_typesupport_targets-extras.cmake
-- Up-to-date: /home/nuna/ipm-ws/install/biped_interfaces/share/biped_interfaces/cmake/rosidl_cmake_export_typesupport_libraries-extras.cmake
-- Up-to-date: /home/nuna/ipm-ws/install/biped_interfaces/share/biped_interfaces/cmake/biped_interfacesConfig.cmake
-- Up-to-date: /home/nuna/ipm-ws/install/biped_interfaces/share/biped_interfaces/cmake/biped_interfacesConfig-version.cmake
-- Up-to-date: /home/nuna/ipm-ws/install/biped_interfaces/share/biped_interfaces/package.xml
