[0.129s] Invoking command in '/home/nuna/ipm-ws/build/biped_interfaces': CMAKE_PREFIX_PATH=/opt/ros/rolling /home/nuna/.local/bin/cmake --build /home/nuna/ipm-ws/build/biped_interfaces -- -j8 -l8
[0.178s] [  2%] Built target biped_interfaces__rosidl_generator_type_description
[0.185s] [  2%] Built target ament_cmake_python_copy_biped_interfaces
[0.207s] [  4%] Built target biped_interfaces__cpp
[0.209s] [ 22%] Built target biped_interfaces__rosidl_generator_c
[0.242s] [ 31%] Built target biped_interfaces__rosidl_typesupport_introspection_cpp
[0.248s] [ 40%] Built target biped_interfaces__rosidl_typesupport_cpp
[0.258s] [ 59%] Built target biped_interfaces__rosidl_typesupport_introspection_c
[0.258s] [ 59%] Built target biped_interfaces__rosidl_typesupport_fastrtps_cpp
[0.260s] [ 68%] Built target biped_interfaces__rosidl_typesupport_c
[0.265s] [ 77%] Built target biped_interfaces__rosidl_typesupport_fastrtps_c
[0.310s] [ 77%] Built target biped_interfaces
[0.338s] [ 79%] Built target biped_interfaces__py
[0.353s] [ 86%] Built target biped_interfaces__rosidl_generator_py
[0.372s] [ 90%] Built target biped_interfaces__rosidl_typesupport_fastrtps_c__pyext
[0.372s] [ 95%] Built target biped_interfaces__rosidl_typesupport_introspection_c__pyext
[0.380s] [100%] Built target biped_interfaces__rosidl_typesupport_c__pyext
[0.591s] running egg_info
[0.592s] writing biped_interfaces.egg-info/PKG-INFO
[0.592s] writing dependency_links to biped_interfaces.egg-info/dependency_links.txt
[0.592s] writing top-level names to biped_interfaces.egg-info/top_level.txt
[0.596s] reading manifest file 'biped_interfaces.egg-info/SOURCES.txt'
[0.596s] writing manifest file 'biped_interfaces.egg-info/SOURCES.txt'
[0.617s] [100%] Built target ament_cmake_python_build_biped_interfaces_egg
[0.626s] Invoked command in '/home/nuna/ipm-ws/build/biped_interfaces' returned '0': CMAKE_PREFIX_PATH=/opt/ros/rolling /home/nuna/.local/bin/cmake --build /home/nuna/ipm-ws/build/biped_interfaces -- -j8 -l8
[0.773s] Invoking command in '/home/nuna/ipm-ws/build/biped_interfaces': CMAKE_PREFIX_PATH=/opt/ros/rolling /home/nuna/.local/bin/cmake --install /home/nuna/ipm-ws/build/biped_interfaces
[0.798s] -- Install configuration: ""
[0.798s] -- Up-to-date: /home/nuna/ipm-ws/install/biped_interfaces/share/ament_index/resource_index/rosidl_interfaces/biped_interfaces
[0.798s] -- Up-to-date: /home/nuna/ipm-ws/install/biped_interfaces/share/biped_interfaces/msg/Phase.json
[0.798s] -- Up-to-date: /home/nuna/ipm-ws/install/biped_interfaces/share/biped_interfaces/msg/SolePoses.json
[0.798s] -- Up-to-date: /home/nuna/ipm-ws/install/biped_interfaces/include/biped_interfaces/biped_interfaces
[0.798s] -- Up-to-date: /home/nuna/ipm-ws/install/biped_interfaces/include/biped_interfaces/biped_interfaces/msg
[0.798s] -- Up-to-date: /home/nuna/ipm-ws/install/biped_interfaces/include/biped_interfaces/biped_interfaces/msg/phase.h
[0.798s] -- Up-to-date: /home/nuna/ipm-ws/install/biped_interfaces/include/biped_interfaces/biped_interfaces/msg/sole_poses.h
[0.798s] -- Up-to-date: /home/nuna/ipm-ws/install/biped_interfaces/include/biped_interfaces/biped_interfaces/msg/rosidl_generator_c__visibility_control.h
[0.798s] -- Up-to-date: /home/nuna/ipm-ws/install/biped_interfaces/include/biped_interfaces/biped_interfaces/msg/detail
[0.799s] -- Up-to-date: /home/nuna/ipm-ws/install/biped_interfaces/include/biped_interfaces/biped_interfaces/msg/detail/sole_poses__functions.h
[0.799s] -- Up-to-date: /home/nuna/ipm-ws/install/biped_interfaces/include/biped_interfaces/biped_interfaces/msg/detail/sole_poses__type_support.h
[0.799s] -- Up-to-date: /home/nuna/ipm-ws/install/biped_interfaces/include/biped_interfaces/biped_interfaces/msg/detail/sole_poses__struct.h
[0.799s] -- Up-to-date: /home/nuna/ipm-ws/install/biped_interfaces/include/biped_interfaces/biped_interfaces/msg/detail/phase__description.c
[0.799s] -- Up-to-date: /home/nuna/ipm-ws/install/biped_interfaces/include/biped_interfaces/biped_interfaces/msg/detail/phase__struct.h
[0.799s] -- Up-to-date: /home/nuna/ipm-ws/install/biped_interfaces/include/biped_interfaces/biped_interfaces/msg/detail/sole_poses__type_support.c
[0.799s] -- Up-to-date: /home/nuna/ipm-ws/install/biped_interfaces/include/biped_interfaces/biped_interfaces/msg/detail/sole_poses__functions.c
[0.799s] -- Up-to-date: /home/nuna/ipm-ws/install/biped_interfaces/include/biped_interfaces/biped_interfaces/msg/detail/sole_poses__description.c
[0.799s] -- Up-to-date: /home/nuna/ipm-ws/install/biped_interfaces/include/biped_interfaces/biped_interfaces/msg/detail/phase__functions.c
[0.799s] -- Up-to-date: /home/nuna/ipm-ws/install/biped_interfaces/include/biped_interfaces/biped_interfaces/msg/detail/phase__type_support.h
[0.799s] -- Up-to-date: /home/nuna/ipm-ws/install/biped_interfaces/include/biped_interfaces/biped_interfaces/msg/detail/phase__type_support.c
[0.800s] -- Up-to-date: /home/nuna/ipm-ws/install/biped_interfaces/include/biped_interfaces/biped_interfaces/msg/detail/phase__functions.h
[0.800s] -- Up-to-date: /home/nuna/ipm-ws/install/biped_interfaces/share/biped_interfaces/environment/library_path.sh
[0.800s] -- Up-to-date: /home/nuna/ipm-ws/install/biped_interfaces/share/biped_interfaces/environment/library_path.dsv
[0.800s] -- Up-to-date: /home/nuna/ipm-ws/install/biped_interfaces/lib/libbiped_interfaces__rosidl_generator_c.so
[0.800s] -- Up-to-date: /home/nuna/ipm-ws/install/biped_interfaces/include/biped_interfaces/biped_interfaces
[0.800s] -- Up-to-date: /home/nuna/ipm-ws/install/biped_interfaces/include/biped_interfaces/biped_interfaces/msg
[0.800s] -- Up-to-date: /home/nuna/ipm-ws/install/biped_interfaces/include/biped_interfaces/biped_interfaces/msg/rosidl_typesupport_fastrtps_c__visibility_control.h
[0.800s] -- Up-to-date: /home/nuna/ipm-ws/install/biped_interfaces/include/biped_interfaces/biped_interfaces/msg/detail
[0.801s] -- Up-to-date: /home/nuna/ipm-ws/install/biped_interfaces/include/biped_interfaces/biped_interfaces/msg/detail/phase__rosidl_typesupport_fastrtps_c.h
[0.801s] -- Up-to-date: /home/nuna/ipm-ws/install/biped_interfaces/include/biped_interfaces/biped_interfaces/msg/detail/sole_poses__rosidl_typesupport_fastrtps_c.h
[0.801s] -- Up-to-date: /home/nuna/ipm-ws/install/biped_interfaces/lib/libbiped_interfaces__rosidl_typesupport_fastrtps_c.so
[0.801s] -- Up-to-date: /home/nuna/ipm-ws/install/biped_interfaces/include/biped_interfaces/biped_interfaces
[0.801s] -- Up-to-date: /home/nuna/ipm-ws/install/biped_interfaces/include/biped_interfaces/biped_interfaces/msg
[0.801s] -- Up-to-date: /home/nuna/ipm-ws/install/biped_interfaces/include/biped_interfaces/biped_interfaces/msg/rosidl_typesupport_introspection_c__visibility_control.h
[0.801s] -- Up-to-date: /home/nuna/ipm-ws/install/biped_interfaces/include/biped_interfaces/biped_interfaces/msg/detail
[0.802s] -- Up-to-date: /home/nuna/ipm-ws/install/biped_interfaces/include/biped_interfaces/biped_interfaces/msg/detail/phase__rosidl_typesupport_introspection_c.h
[0.802s] -- Up-to-date: /home/nuna/ipm-ws/install/biped_interfaces/include/biped_interfaces/biped_interfaces/msg/detail/sole_poses__type_support.c
[0.802s] -- Up-to-date: /home/nuna/ipm-ws/install/biped_interfaces/include/biped_interfaces/biped_interfaces/msg/detail/phase__type_support.c
[0.802s] -- Up-to-date: /home/nuna/ipm-ws/install/biped_interfaces/include/biped_interfaces/biped_interfaces/msg/detail/sole_poses__rosidl_typesupport_introspection_c.h
[0.802s] -- Up-to-date: /home/nuna/ipm-ws/install/biped_interfaces/lib/libbiped_interfaces__rosidl_typesupport_introspection_c.so
[0.802s] -- Up-to-date: /home/nuna/ipm-ws/install/biped_interfaces/lib/libbiped_interfaces__rosidl_typesupport_c.so
[0.802s] -- Up-to-date: /home/nuna/ipm-ws/install/biped_interfaces/include/biped_interfaces/biped_interfaces
[0.802s] -- Up-to-date: /home/nuna/ipm-ws/install/biped_interfaces/include/biped_interfaces/biped_interfaces/msg
[0.802s] -- Up-to-date: /home/nuna/ipm-ws/install/biped_interfaces/include/biped_interfaces/biped_interfaces/msg/phase.hpp
[0.802s] -- Up-to-date: /home/nuna/ipm-ws/install/biped_interfaces/include/biped_interfaces/biped_interfaces/msg/rosidl_generator_cpp__visibility_control.hpp
[0.802s] -- Up-to-date: /home/nuna/ipm-ws/install/biped_interfaces/include/biped_interfaces/biped_interfaces/msg/sole_poses.hpp
[0.802s] -- Up-to-date: /home/nuna/ipm-ws/install/biped_interfaces/include/biped_interfaces/biped_interfaces/msg/detail
[0.802s] -- Up-to-date: /home/nuna/ipm-ws/install/biped_interfaces/include/biped_interfaces/biped_interfaces/msg/detail/phase__type_support.hpp
[0.802s] -- Up-to-date: /home/nuna/ipm-ws/install/biped_interfaces/include/biped_interfaces/biped_interfaces/msg/detail/sole_poses__type_support.hpp
[0.803s] -- Up-to-date: /home/nuna/ipm-ws/install/biped_interfaces/include/biped_interfaces/biped_interfaces/msg/detail/phase__struct.hpp
[0.803s] -- Up-to-date: /home/nuna/ipm-ws/install/biped_interfaces/include/biped_interfaces/biped_interfaces/msg/detail/sole_poses__struct.hpp
[0.803s] -- Up-to-date: /home/nuna/ipm-ws/install/biped_interfaces/include/biped_interfaces/biped_interfaces/msg/detail/phase__builder.hpp
[0.803s] -- Up-to-date: /home/nuna/ipm-ws/install/biped_interfaces/include/biped_interfaces/biped_interfaces/msg/detail/sole_poses__builder.hpp
[0.803s] -- Up-to-date: /home/nuna/ipm-ws/install/biped_interfaces/include/biped_interfaces/biped_interfaces/msg/detail/sole_poses__traits.hpp
[0.803s] -- Up-to-date: /home/nuna/ipm-ws/install/biped_interfaces/include/biped_interfaces/biped_interfaces/msg/detail/phase__traits.hpp
[0.803s] -- Up-to-date: /home/nuna/ipm-ws/install/biped_interfaces/include/biped_interfaces/biped_interfaces
[0.803s] -- Up-to-date: /home/nuna/ipm-ws/install/biped_interfaces/include/biped_interfaces/biped_interfaces/msg
[0.803s] -- Up-to-date: /home/nuna/ipm-ws/install/biped_interfaces/include/biped_interfaces/biped_interfaces/msg/rosidl_typesupport_fastrtps_cpp__visibility_control.h
[0.803s] -- Up-to-date: /home/nuna/ipm-ws/install/biped_interfaces/include/biped_interfaces/biped_interfaces/msg/detail
[0.803s] -- Up-to-date: /home/nuna/ipm-ws/install/biped_interfaces/include/biped_interfaces/biped_interfaces/msg/detail/phase__rosidl_typesupport_fastrtps_cpp.hpp
[0.803s] -- Up-to-date: /home/nuna/ipm-ws/install/biped_interfaces/include/biped_interfaces/biped_interfaces/msg/detail/dds_fastrtps
[0.803s] -- Up-to-date: /home/nuna/ipm-ws/install/biped_interfaces/include/biped_interfaces/biped_interfaces/msg/detail/sole_poses__rosidl_typesupport_fastrtps_cpp.hpp
[0.803s] -- Up-to-date: /home/nuna/ipm-ws/install/biped_interfaces/lib/libbiped_interfaces__rosidl_typesupport_fastrtps_cpp.so
[0.803s] -- Up-to-date: /home/nuna/ipm-ws/install/biped_interfaces/include/biped_interfaces/biped_interfaces
[0.803s] -- Up-to-date: /home/nuna/ipm-ws/install/biped_interfaces/include/biped_interfaces/biped_interfaces/msg
[0.804s] -- Up-to-date: /home/nuna/ipm-ws/install/biped_interfaces/include/biped_interfaces/biped_interfaces/msg/detail
[0.804s] -- Up-to-date: /home/nuna/ipm-ws/install/biped_interfaces/include/biped_interfaces/biped_interfaces/msg/detail/phase__type_support.cpp
[0.804s] -- Up-to-date: /home/nuna/ipm-ws/install/biped_interfaces/include/biped_interfaces/biped_interfaces/msg/detail/phase__rosidl_typesupport_introspection_cpp.hpp
[0.804s] -- Up-to-date: /home/nuna/ipm-ws/install/biped_interfaces/include/biped_interfaces/biped_interfaces/msg/detail/sole_poses__rosidl_typesupport_introspection_cpp.hpp
[0.804s] -- Up-to-date: /home/nuna/ipm-ws/install/biped_interfaces/include/biped_interfaces/biped_interfaces/msg/detail/sole_poses__type_support.cpp
[0.804s] -- Up-to-date: /home/nuna/ipm-ws/install/biped_interfaces/lib/libbiped_interfaces__rosidl_typesupport_introspection_cpp.so
[0.804s] -- Up-to-date: /home/nuna/ipm-ws/install/biped_interfaces/lib/libbiped_interfaces__rosidl_typesupport_cpp.so
[0.804s] -- Up-to-date: /home/nuna/ipm-ws/install/biped_interfaces/share/biped_interfaces/environment/pythonpath.sh
[0.804s] -- Up-to-date: /home/nuna/ipm-ws/install/biped_interfaces/share/biped_interfaces/environment/pythonpath.dsv
[0.804s] -- Up-to-date: /home/nuna/ipm-ws/install/biped_interfaces/lib/python3.10/site-packages/biped_interfaces-0.0.0-py3.10.egg-info
[0.804s] -- Installing: /home/nuna/ipm-ws/install/biped_interfaces/lib/python3.10/site-packages/biped_interfaces-0.0.0-py3.10.egg-info/top_level.txt
[0.804s] -- Installing: /home/nuna/ipm-ws/install/biped_interfaces/lib/python3.10/site-packages/biped_interfaces-0.0.0-py3.10.egg-info/dependency_links.txt
[0.804s] -- Installing: /home/nuna/ipm-ws/install/biped_interfaces/lib/python3.10/site-packages/biped_interfaces-0.0.0-py3.10.egg-info/SOURCES.txt
[0.804s] -- Installing: /home/nuna/ipm-ws/install/biped_interfaces/lib/python3.10/site-packages/biped_interfaces-0.0.0-py3.10.egg-info/PKG-INFO
[0.804s] -- Up-to-date: /home/nuna/ipm-ws/install/biped_interfaces/lib/python3.10/site-packages/biped_interfaces
[0.804s] -- Up-to-date: /home/nuna/ipm-ws/install/biped_interfaces/lib/python3.10/site-packages/biped_interfaces/libbiped_interfaces__rosidl_generator_py.so
[0.805s] -- Up-to-date: /home/nuna/ipm-ws/install/biped_interfaces/lib/python3.10/site-packages/biped_interfaces/_biped_interfaces_s.ep.rosidl_typesupport_fastrtps_c.c
[0.805s] -- Up-to-date: /home/nuna/ipm-ws/install/biped_interfaces/lib/python3.10/site-packages/biped_interfaces/biped_interfaces_s__rosidl_typesupport_c.cpython-310-x86_64-linux-gnu.so
[0.805s] -- Up-to-date: /home/nuna/ipm-ws/install/biped_interfaces/lib/python3.10/site-packages/biped_interfaces/_biped_interfaces_s.ep.rosidl_typesupport_introspection_c.c
[0.805s] -- Up-to-date: /home/nuna/ipm-ws/install/biped_interfaces/lib/python3.10/site-packages/biped_interfaces/msg
[0.805s] -- Up-to-date: /home/nuna/ipm-ws/install/biped_interfaces/lib/python3.10/site-packages/biped_interfaces/msg/_phase.py
[0.805s] -- Up-to-date: /home/nuna/ipm-ws/install/biped_interfaces/lib/python3.10/site-packages/biped_interfaces/msg/_sole_poses_s.c
[0.805s] -- Up-to-date: /home/nuna/ipm-ws/install/biped_interfaces/lib/python3.10/site-packages/biped_interfaces/msg/_phase_s.c
[0.805s] -- Up-to-date: /home/nuna/ipm-ws/install/biped_interfaces/lib/python3.10/site-packages/biped_interfaces/msg/__init__.py
[0.805s] -- Up-to-date: /home/nuna/ipm-ws/install/biped_interfaces/lib/python3.10/site-packages/biped_interfaces/msg/_sole_poses.py
[0.805s] -- Up-to-date: /home/nuna/ipm-ws/install/biped_interfaces/lib/python3.10/site-packages/biped_interfaces/_biped_interfaces_s.ep.rosidl_typesupport_c.c
[0.805s] -- Up-to-date: /home/nuna/ipm-ws/install/biped_interfaces/lib/python3.10/site-packages/biped_interfaces/__init__.py
[0.805s] -- Up-to-date: /home/nuna/ipm-ws/install/biped_interfaces/lib/python3.10/site-packages/biped_interfaces/biped_interfaces_s__rosidl_typesupport_fastrtps_c.cpython-310-x86_64-linux-gnu.so
[0.805s] -- Up-to-date: /home/nuna/ipm-ws/install/biped_interfaces/lib/python3.10/site-packages/biped_interfaces/biped_interfaces_s__rosidl_typesupport_introspection_c.cpython-310-x86_64-linux-gnu.so
[0.830s] Listing '/home/nuna/ipm-ws/install/biped_interfaces/lib/python3.10/site-packages/biped_interfaces'...
[0.830s] Listing '/home/nuna/ipm-ws/install/biped_interfaces/lib/python3.10/site-packages/biped_interfaces/msg'...
[0.834s] -- Up-to-date: /home/nuna/ipm-ws/install/biped_interfaces/lib/python3.10/site-packages/biped_interfaces/biped_interfaces_s__rosidl_typesupport_fastrtps_c.cpython-310-x86_64-linux-gnu.so
[0.834s] -- Up-to-date: /home/nuna/ipm-ws/install/biped_interfaces/lib/python3.10/site-packages/biped_interfaces/biped_interfaces_s__rosidl_typesupport_introspection_c.cpython-310-x86_64-linux-gnu.so
[0.834s] -- Up-to-date: /home/nuna/ipm-ws/install/biped_interfaces/lib/python3.10/site-packages/biped_interfaces/biped_interfaces_s__rosidl_typesupport_c.cpython-310-x86_64-linux-gnu.so
[0.834s] -- Up-to-date: /home/nuna/ipm-ws/install/biped_interfaces/lib/libbiped_interfaces__rosidl_generator_py.so
[0.835s] -- Up-to-date: /home/nuna/ipm-ws/install/biped_interfaces/share/biped_interfaces/msg/Phase.idl
[0.835s] -- Up-to-date: /home/nuna/ipm-ws/install/biped_interfaces/share/biped_interfaces/msg/SolePoses.idl
[0.835s] -- Up-to-date: /home/nuna/ipm-ws/install/biped_interfaces/share/biped_interfaces/msg/Phase.msg
[0.835s] -- Up-to-date: /home/nuna/ipm-ws/install/biped_interfaces/share/biped_interfaces/msg/SolePoses.msg
[0.835s] -- Up-to-date: /home/nuna/ipm-ws/install/biped_interfaces/share/ament_index/resource_index/package_run_dependencies/biped_interfaces
[0.835s] -- Up-to-date: /home/nuna/ipm-ws/install/biped_interfaces/share/ament_index/resource_index/parent_prefix_path/biped_interfaces
[0.835s] -- Up-to-date: /home/nuna/ipm-ws/install/biped_interfaces/share/biped_interfaces/environment/ament_prefix_path.sh
[0.836s] -- Up-to-date: /home/nuna/ipm-ws/install/biped_interfaces/share/biped_interfaces/environment/ament_prefix_path.dsv
[0.836s] -- Up-to-date: /home/nuna/ipm-ws/install/biped_interfaces/share/biped_interfaces/environment/path.sh
[0.836s] -- Up-to-date: /home/nuna/ipm-ws/install/biped_interfaces/share/biped_interfaces/environment/path.dsv
[0.836s] -- Up-to-date: /home/nuna/ipm-ws/install/biped_interfaces/share/biped_interfaces/local_setup.bash
[0.836s] -- Up-to-date: /home/nuna/ipm-ws/install/biped_interfaces/share/biped_interfaces/local_setup.sh
[0.836s] -- Up-to-date: /home/nuna/ipm-ws/install/biped_interfaces/share/biped_interfaces/local_setup.zsh
[0.836s] -- Up-to-date: /home/nuna/ipm-ws/install/biped_interfaces/share/biped_interfaces/local_setup.dsv
[0.837s] -- Installing: /home/nuna/ipm-ws/install/biped_interfaces/share/biped_interfaces/package.dsv
[0.837s] -- Up-to-date: /home/nuna/ipm-ws/install/biped_interfaces/share/ament_index/resource_index/packages/biped_interfaces
[0.837s] -- Up-to-date: /home/nuna/ipm-ws/install/biped_interfaces/share/biped_interfaces/cmake/export_biped_interfaces__rosidl_generator_cExport.cmake
[0.837s] -- Up-to-date: /home/nuna/ipm-ws/install/biped_interfaces/share/biped_interfaces/cmake/export_biped_interfaces__rosidl_generator_cExport-noconfig.cmake
[0.837s] -- Up-to-date: /home/nuna/ipm-ws/install/biped_interfaces/share/biped_interfaces/cmake/export_biped_interfaces__rosidl_typesupport_fastrtps_cExport.cmake
[0.837s] -- Up-to-date: /home/nuna/ipm-ws/install/biped_interfaces/share/biped_interfaces/cmake/export_biped_interfaces__rosidl_typesupport_fastrtps_cExport-noconfig.cmake
[0.837s] -- Up-to-date: /home/nuna/ipm-ws/install/biped_interfaces/share/biped_interfaces/cmake/biped_interfaces__rosidl_typesupport_introspection_cExport.cmake
[0.837s] -- Up-to-date: /home/nuna/ipm-ws/install/biped_interfaces/share/biped_interfaces/cmake/biped_interfaces__rosidl_typesupport_introspection_cExport-noconfig.cmake
[0.837s] -- Up-to-date: /home/nuna/ipm-ws/install/biped_interfaces/share/biped_interfaces/cmake/biped_interfaces__rosidl_typesupport_cExport.cmake
[0.837s] -- Up-to-date: /home/nuna/ipm-ws/install/biped_interfaces/share/biped_interfaces/cmake/biped_interfaces__rosidl_typesupport_cExport-noconfig.cmake
[0.838s] -- Up-to-date: /home/nuna/ipm-ws/install/biped_interfaces/share/biped_interfaces/cmake/export_biped_interfaces__rosidl_generator_cppExport.cmake
[0.838s] -- Up-to-date: /home/nuna/ipm-ws/install/biped_interfaces/share/biped_interfaces/cmake/export_biped_interfaces__rosidl_typesupport_fastrtps_cppExport.cmake
[0.838s] -- Up-to-date: /home/nuna/ipm-ws/install/biped_interfaces/share/biped_interfaces/cmake/export_biped_interfaces__rosidl_typesupport_fastrtps_cppExport-noconfig.cmake
[0.838s] -- Up-to-date: /home/nuna/ipm-ws/install/biped_interfaces/share/biped_interfaces/cmake/biped_interfaces__rosidl_typesupport_introspection_cppExport.cmake
[0.838s] -- Up-to-date: /home/nuna/ipm-ws/install/biped_interfaces/share/biped_interfaces/cmake/biped_interfaces__rosidl_typesupport_introspection_cppExport-noconfig.cmake
[0.838s] -- Up-to-date: /home/nuna/ipm-ws/install/biped_interfaces/share/biped_interfaces/cmake/biped_interfaces__rosidl_typesupport_cppExport.cmake
[0.838s] -- Up-to-date: /home/nuna/ipm-ws/install/biped_interfaces/share/biped_interfaces/cmake/biped_interfaces__rosidl_typesupport_cppExport-noconfig.cmake
[0.838s] -- Up-to-date: /home/nuna/ipm-ws/install/biped_interfaces/share/biped_interfaces/cmake/export_biped_interfaces__rosidl_generator_pyExport.cmake
[0.838s] -- Up-to-date: /home/nuna/ipm-ws/install/biped_interfaces/share/biped_interfaces/cmake/export_biped_interfaces__rosidl_generator_pyExport-noconfig.cmake
[0.838s] -- Up-to-date: /home/nuna/ipm-ws/install/biped_interfaces/share/biped_interfaces/cmake/rosidl_cmake-extras.cmake
[0.838s] -- Up-to-date: /home/nuna/ipm-ws/install/biped_interfaces/share/biped_interfaces/cmake/ament_cmake_export_dependencies-extras.cmake
[0.839s] -- Up-to-date: /home/nuna/ipm-ws/install/biped_interfaces/share/biped_interfaces/cmake/ament_cmake_export_include_directories-extras.cmake
[0.839s] -- Up-to-date: /home/nuna/ipm-ws/install/biped_interfaces/share/biped_interfaces/cmake/ament_cmake_export_libraries-extras.cmake
[0.839s] -- Up-to-date: /home/nuna/ipm-ws/install/biped_interfaces/share/biped_interfaces/cmake/ament_cmake_export_targets-extras.cmake
[0.839s] -- Up-to-date: /home/nuna/ipm-ws/install/biped_interfaces/share/biped_interfaces/cmake/rosidl_cmake_export_typesupport_targets-extras.cmake
[0.839s] -- Up-to-date: /home/nuna/ipm-ws/install/biped_interfaces/share/biped_interfaces/cmake/rosidl_cmake_export_typesupport_libraries-extras.cmake
[0.839s] -- Up-to-date: /home/nuna/ipm-ws/install/biped_interfaces/share/biped_interfaces/cmake/biped_interfacesConfig.cmake
[0.839s] -- Up-to-date: /home/nuna/ipm-ws/install/biped_interfaces/share/biped_interfaces/cmake/biped_interfacesConfig-version.cmake
[0.839s] -- Up-to-date: /home/nuna/ipm-ws/install/biped_interfaces/share/biped_interfaces/package.xml
[0.842s] Invoked command in '/home/nuna/ipm-ws/build/biped_interfaces' returned '0': CMAKE_PREFIX_PATH=/opt/ros/rolling /home/nuna/.local/bin/cmake --install /home/nuna/ipm-ws/build/biped_interfaces
