-- The C compiler identification is GNU 11.4.0
-- The CXX compiler identification is GNU 11.4.0
-- Detecting C compiler ABI info
-- Detecting C compiler ABI info - done
-- Check for working C compiler: /usr/bin/cc - skipped
-- Detecting C compile features
-- Detecting C compile features - done
-- Detecting CXX compiler ABI info
-- Detecting CXX compiler ABI info - done
-- Check for working CXX compiler: /usr/bin/c++ - skipped
-- Detecting CXX compile features
-- Detecting CXX compile features - done
-- Found biped_interfaces: 0.0.0 (/home/nuna/ipm-ws/install/biped_interfaces/share/biped_interfaces/cmake)
-- Found Python3: /usr/bin/python3.10 (found version "3.10.12") found components: Interpreter 
-- Found rosidl_generator_c: 4.4.0 (/opt/ros/rolling/share/rosidl_generator_c/cmake)
-- Found rosidl_generator_cpp: 4.4.0 (/opt/ros/rolling/share/rosidl_generator_cpp/cmake)
-- Using all available rosidl_typesupport_c: rosidl_typesupport_fastrtps_c;rosidl_typesupport_introspection_c
-- Using all available rosidl_typesupport_cpp: rosidl_typesupport_fastrtps_cpp;rosidl_typesupport_introspection_cpp
-- Found rclcpp: 23.0.0 (/opt/ros/rolling/share/rclcpp/cmake)
-- Found rmw_implementation_cmake: 7.2.1 (/opt/ros/rolling/share/rmw_implementation_cmake/cmake)
-- Found rmw_fastrtps_cpp: 7.5.0 (/opt/ros/rolling/share/rmw_fastrtps_cpp/cmake)
-- Found OpenSSL: /usr/lib/x86_64-linux-gnu/libcrypto.so (found version "3.0.2")  
-- Found FastRTPS: /opt/ros/rolling/include  
-- Using RMW implementation 'rmw_fastrtps_cpp' as default
-- Found rclcpp_components: 23.0.0 (/opt/ros/rolling/share/rclcpp_components/cmake)
-- Found rot_conv: 1.0.0 (/home/nuna/ipm-ws/install/rot_conv/share/rot_conv/cmake)
-- Found tf2_eigen: 0.33.1 (/opt/ros/rolling/share/tf2_eigen/cmake)
-- Found tf2_geometry_msgs: 0.33.1 (/opt/ros/rolling/share/tf2_geometry_msgs/cmake)
-- Found eigen3_cmake_module: 0.3.0 (/opt/ros/rolling/share/eigen3_cmake_module/cmake)
-- Found Eigen3: TRUE (found version "3.4.0") 
-- Ensuring Eigen3 include directory is part of orocos-kdl CMake target
-- Found ament_cmake_gtest: 2.3.0 (/opt/ros/rolling/share/ament_cmake_gtest/cmake)
-- Found gtest sources under '/opt/ros/rolling/src/gtest_vendor': C++ tests using 'Google Test' will be built
-- Performing Test CMAKE_HAVE_LIBC_PTHREAD
-- Performing Test CMAKE_HAVE_LIBC_PTHREAD - Success
-- Found Threads: TRUE  
-- Found sensor_msgs: 5.2.0 (/opt/ros/rolling/share/sensor_msgs/cmake)
-- Found ament_lint_auto: 0.15.2 (/opt/ros/rolling/share/ament_lint_auto/cmake)
-- Added test 'copyright' to check source files copyright and LICENSE
-- Added test 'cppcheck' to perform static code analysis on C / C++ code
-- Configured cppcheck include dirs: $<BUILD_INTERFACE:/home/nuna/ipm-ws/src/humanoid_base_footprint/include>
-- Configured cppcheck exclude dirs and/or files: 
-- Added test 'cpplint' to check C / C++ code against the Google style
-- Configured cpplint exclude dirs and/or files: 
-- Added test 'lint_cmake' to check CMake code style
-- Added test 'uncrustify' to check C / C++ code style
-- Configured uncrustify additional arguments: 
-- Added test 'xmllint' to check XML markup files
-- Configuring done (5.4s)
-- Generating done (0.1s)
-- Build files have been written to: /home/nuna/ipm-ws/build/humanoid_base_footprint
[ 10%] [32mBuilding CXX object CMakeFiles/base_footprint_node.dir/src/base_footprint.cpp.o[0m
[ 20%] [32mBuilding CXX object CMakeFiles/base_footprint.dir/rclcpp_components/node_main_base_footprint.cpp.o[0m
[ 30%] [32mBuilding CXX object gtest/CMakeFiles/gtest_main.dir/src/gtest_main.cc.o[0m
[ 40%] [32mBuilding CXX object gtest/CMakeFiles/gtest.dir/src/gtest-all.cc.o[0m
[ 50%] [32m[1mLinking CXX static library libgtest_main.a[0m
[ 50%] Built target gtest_main
[ 60%] [32m[1mLinking CXX static library libgtest.a[0m
[ 60%] Built target gtest
[ 70%] [32m[1mLinking CXX executable base_footprint[0m
[ 70%] Built target base_footprint
[ 80%] [32m[1mLinking CXX shared library libbase_footprint_node.so[0m
[ 80%] Built target base_footprint_node
[ 90%] [32mBuilding CXX object test/CMakeFiles/test_base_footprint.dir/test_base_footprint.cpp.o[0m
[100%] [32m[1mLinking CXX executable test_base_footprint[0m
[100%] Built target test_base_footprint
-- Install configuration: ""
-- Installing: /home/nuna/ipm-ws/install/humanoid_base_footprint/lib/humanoid_base_footprint/base_footprint
-- Set runtime path of "/home/nuna/ipm-ws/install/humanoid_base_footprint/lib/humanoid_base_footprint/base_footprint" to ""
-- Installing: /home/nuna/ipm-ws/install/humanoid_base_footprint/share/humanoid_base_footprint/environment/library_path.sh
-- Installing: /home/nuna/ipm-ws/install/humanoid_base_footprint/share/humanoid_base_footprint/environment/library_path.dsv
-- Installing: /home/nuna/ipm-ws/install/humanoid_base_footprint/include
-- Installing: /home/nuna/ipm-ws/install/humanoid_base_footprint/include/humanoid_base_footprint
-- Installing: /home/nuna/ipm-ws/install/humanoid_base_footprint/include/humanoid_base_footprint/base_footprint.hpp
-- Installing: /home/nuna/ipm-ws/install/humanoid_base_footprint/lib/libbase_footprint_node.so
-- Set runtime path of "/home/nuna/ipm-ws/install/humanoid_base_footprint/lib/libbase_footprint_node.so" to ""
-- Installing: /home/nuna/ipm-ws/install/humanoid_base_footprint/share/humanoid_base_footprint/launch
-- Installing: /home/nuna/ipm-ws/install/humanoid_base_footprint/share/humanoid_base_footprint/launch/base_footprint.launch
-- Installing: /home/nuna/ipm-ws/install/humanoid_base_footprint/share/ament_index/resource_index/package_run_dependencies/humanoid_base_footprint
-- Installing: /home/nuna/ipm-ws/install/humanoid_base_footprint/share/ament_index/resource_index/parent_prefix_path/humanoid_base_footprint
-- Installing: /home/nuna/ipm-ws/install/humanoid_base_footprint/share/humanoid_base_footprint/environment/ament_prefix_path.sh
-- Installing: /home/nuna/ipm-ws/install/humanoid_base_footprint/share/humanoid_base_footprint/environment/ament_prefix_path.dsv
-- Installing: /home/nuna/ipm-ws/install/humanoid_base_footprint/share/humanoid_base_footprint/environment/path.sh
-- Installing: /home/nuna/ipm-ws/install/humanoid_base_footprint/share/humanoid_base_footprint/environment/path.dsv
-- Installing: /home/nuna/ipm-ws/install/humanoid_base_footprint/share/humanoid_base_footprint/local_setup.bash
-- Installing: /home/nuna/ipm-ws/install/humanoid_base_footprint/share/humanoid_base_footprint/local_setup.sh
-- Installing: /home/nuna/ipm-ws/install/humanoid_base_footprint/share/humanoid_base_footprint/local_setup.zsh
-- Installing: /home/nuna/ipm-ws/install/humanoid_base_footprint/share/humanoid_base_footprint/local_setup.dsv
-- Installing: /home/nuna/ipm-ws/install/humanoid_base_footprint/share/humanoid_base_footprint/package.dsv
-- Installing: /home/nuna/ipm-ws/install/humanoid_base_footprint/share/ament_index/resource_index/packages/humanoid_base_footprint
-- Installing: /home/nuna/ipm-ws/install/humanoid_base_footprint/share/ament_index/resource_index/rclcpp_components/humanoid_base_footprint
-- Installing: /home/nuna/ipm-ws/install/humanoid_base_footprint/share/humanoid_base_footprint/cmake/export_base_footprintExport.cmake
-- Installing: /home/nuna/ipm-ws/install/humanoid_base_footprint/share/humanoid_base_footprint/cmake/export_base_footprintExport-noconfig.cmake
-- Installing: /home/nuna/ipm-ws/install/humanoid_base_footprint/share/humanoid_base_footprint/cmake/ament_cmake_export_targets-extras.cmake
-- Installing: /home/nuna/ipm-ws/install/humanoid_base_footprint/share/humanoid_base_footprint/cmake/ament_cmake_export_dependencies-extras.cmake
-- Installing: /home/nuna/ipm-ws/install/humanoid_base_footprint/share/humanoid_base_footprint/cmake/humanoid_base_footprintConfig.cmake
-- Installing: /home/nuna/ipm-ws/install/humanoid_base_footprint/share/humanoid_base_footprint/cmake/humanoid_base_footprintConfig-version.cmake
-- Installing: /home/nuna/ipm-ws/install/humanoid_base_footprint/share/humanoid_base_footprint/package.xml
