[0.091s] Invoking command in '/home/nuna/ipm-ws/build/ipm_interfaces': AMENT_PREFIX_PATH=/home/nuna/ipm-ws/install/vision_msgs:${AMENT_PREFIX_PATH} CMAKE_PREFIX_PATH=/home/nuna/ipm-ws/install/vision_msgs:/opt/ros/rolling LD_LIBRARY_PATH=/home/nuna/ipm-ws/install/vision_msgs/lib:${LD_LIBRARY_PATH} PYTHONPATH=/home/nuna/ipm-ws/install/vision_msgs/lib/python3.10/site-packages:${PYTHONPATH} /home/nuna/.local/bin/cmake /home/nuna/ipm-ws/src/ipm/ipm_interfaces -DCMAKE_INSTALL_PREFIX=/home/nuna/ipm-ws/install/ipm_interfaces
[0.149s] -- The C compiler identification is GNU 11.4.0
[0.191s] -- The CXX compiler identification is GNU 11.4.0
[0.204s] -- Detecting C compiler ABI info
[0.253s] -- Detecting C compiler ABI info - done
[0.263s] -- Check for working C compiler: /usr/bin/cc - skipped
[0.263s] -- Detecting C compile features
[0.263s] -- Detecting C compile features - done
[0.270s] -- Detecting CXX compiler ABI info
[0.328s] -- Detecting CXX compiler ABI info - done
[0.341s] -- Check for working CXX compiler: /usr/bin/c++ - skipped
[0.341s] -- Detecting CXX compile features
[0.341s] -- Detecting CXX compile features - done
[0.343s] -- Found ament_cmake: 2.3.0 (/opt/ros/rolling/share/ament_cmake/cmake)
[0.704s] -- Found Python3: /usr/bin/python3.10 (found version "3.10.12") found components: Interpreter 
[0.779s] -- Found builtin_interfaces: 2.0.0 (/opt/ros/rolling/share/builtin_interfaces/cmake)
[0.811s] -- Found rosidl_generator_c: 4.4.0 (/opt/ros/rolling/share/rosidl_generator_c/cmake)
[0.831s] -- Found rosidl_generator_cpp: 4.4.0 (/opt/ros/rolling/share/rosidl_generator_cpp/cmake)
[0.857s] -- Using all available rosidl_typesupport_c: rosidl_typesupport_fastrtps_c;rosidl_typesupport_introspection_c
[0.891s] -- Using all available rosidl_typesupport_cpp: rosidl_typesupport_fastrtps_cpp;rosidl_typesupport_introspection_cpp
[0.912s] -- Found geometry_msgs: 5.2.0 (/opt/ros/rolling/share/geometry_msgs/cmake)
[0.995s] -- Found rosidl_default_generators: 1.6.0 (/opt/ros/rolling/share/rosidl_default_generators/cmake)
[1.006s] -- Found rosidl_adapter: 4.4.0 (/opt/ros/rolling/share/rosidl_adapter/cmake)
[1.011s] -- Found sensor_msgs: 5.2.0 (/opt/ros/rolling/share/sensor_msgs/cmake)
[1.129s] -- Found shape_msgs: 5.2.0 (/opt/ros/rolling/share/shape_msgs/cmake)
[1.183s] -- Found vision_msgs: 4.1.0 (/home/nuna/ipm-ws/install/vision_msgs/share/vision_msgs/cmake)
[1.274s] -- Found ament_lint_auto: 0.15.2 (/opt/ros/rolling/share/ament_lint_auto/cmake)
[1.840s] -- Found ament_cmake_ros: 0.12.0 (/opt/ros/rolling/share/ament_cmake_ros/cmake)
[2.711s] -- Using all available rosidl_typesupport_c: rosidl_typesupport_fastrtps_c;rosidl_typesupport_introspection_c
[3.046s] -- Using all available rosidl_typesupport_cpp: rosidl_typesupport_fastrtps_cpp;rosidl_typesupport_introspection_cpp
[3.048s] [33mCMake Warning (dev) at /opt/ros/rolling/share/rosidl_generator_py/cmake/rosidl_generator_py_generate_interfaces.cmake:20 (find_package):
[3.048s]   Policy CMP0148 is not set: The FindPythonInterp and FindPythonLibs modules
[3.048s]   are removed.  Run "cmake --help-policy CMP0148" for policy details.  Use
[3.048s]   the cmake_policy command to set the policy and suppress this warning.
[3.048s] 
[3.048s] Call Stack (most recent call first):
[3.048s]   /opt/ros/rolling/share/ament_cmake_core/cmake/core/ament_execute_extensions.cmake:48 (include)
[3.048s]   /opt/ros/rolling/share/rosidl_cmake/cmake/rosidl_generate_interfaces.cmake:280 (ament_execute_extensions)
[3.048s]   CMakeLists.txt:22 (rosidl_generate_interfaces)
[3.048s] This warning is for project developers.  Use -Wno-dev to suppress it.
[3.048s] [0m
[3.065s] -- Found PythonInterp: /usr/bin/python3 (found suitable version "3.10.12", minimum required is "3.6") 
[3.066s] -- Found python_cmake_module: 0.11.0 (/opt/ros/rolling/share/python_cmake_module/cmake)
[3.067s] [33mCMake Warning (dev) at /opt/ros/rolling/share/python_cmake_module/cmake/Modules/FindPythonExtra.cmake:52 (find_package):
[3.067s]   Policy CMP0148 is not set: The FindPythonInterp and FindPythonLibs modules
[3.067s]   are removed.  Run "cmake --help-policy CMP0148" for policy details.  Use
[3.067s]   the cmake_policy command to set the policy and suppress this warning.
[3.067s] 
[3.067s] Call Stack (most recent call first):
[3.067s]   /opt/ros/rolling/share/rosidl_generator_py/cmake/rosidl_generator_py_generate_interfaces.cmake:23 (find_package)
[3.067s]   /opt/ros/rolling/share/ament_cmake_core/cmake/core/ament_execute_extensions.cmake:48 (include)
[3.067s]   /opt/ros/rolling/share/rosidl_cmake/cmake/rosidl_generate_interfaces.cmake:280 (ament_execute_extensions)
[3.067s]   CMakeLists.txt:22 (rosidl_generate_interfaces)
[3.067s] This warning is for project developers.  Use -Wno-dev to suppress it.
[3.068s] [0m
[3.084s] [33mCMake Warning (dev) at /opt/ros/rolling/share/python_cmake_module/cmake/Modules/FindPythonExtra.cmake:140 (find_package):
[3.084s]   Policy CMP0148 is not set: The FindPythonInterp and FindPythonLibs modules
[3.084s]   are removed.  Run "cmake --help-policy CMP0148" for policy details.  Use
[3.084s]   the cmake_policy command to set the policy and suppress this warning.
[3.084s] 
[3.084s] Call Stack (most recent call first):
[3.085s]   /opt/ros/rolling/share/rosidl_generator_py/cmake/rosidl_generator_py_generate_interfaces.cmake:23 (find_package)
[3.085s]   /opt/ros/rolling/share/ament_cmake_core/cmake/core/ament_execute_extensions.cmake:48 (include)
[3.085s]   /opt/ros/rolling/share/rosidl_cmake/cmake/rosidl_generate_interfaces.cmake:280 (ament_execute_extensions)
[3.085s]   CMakeLists.txt:22 (rosidl_generate_interfaces)
[3.085s] This warning is for project developers.  Use -Wno-dev to suppress it.
[3.085s] [0m
[3.089s] -- Found PythonLibs: /usr/lib/x86_64-linux-gnu/libpython3.10.so (found suitable version "3.10.12", minimum required is "3.5") 
[3.089s] -- Using PYTHON_EXECUTABLE: /usr/bin/python3
[3.089s] -- Using PYTHON_INCLUDE_DIRS: /usr/include/python3.10
[3.090s] -- Using PYTHON_LIBRARIES: /usr/lib/x86_64-linux-gnu/libpython3.10.so
[3.107s] -- Found PythonExtra: .so  
[3.200s] -- Added test 'copyright' to check source files copyright and LICENSE
[3.201s] -- Added test 'lint_cmake' to check CMake code style
[3.202s] -- Added test 'xmllint' to check XML markup files
[3.205s] -- Configuring done (3.1s)
[3.252s] -- Generating done (0.0s)
[3.254s] -- Build files have been written to: /home/nuna/ipm-ws/build/ipm_interfaces
[3.268s] Invoked command in '/home/nuna/ipm-ws/build/ipm_interfaces' returned '0': AMENT_PREFIX_PATH=/home/nuna/ipm-ws/install/vision_msgs:${AMENT_PREFIX_PATH} CMAKE_PREFIX_PATH=/home/nuna/ipm-ws/install/vision_msgs:/opt/ros/rolling LD_LIBRARY_PATH=/home/nuna/ipm-ws/install/vision_msgs/lib:${LD_LIBRARY_PATH} PYTHONPATH=/home/nuna/ipm-ws/install/vision_msgs/lib/python3.10/site-packages:${PYTHONPATH} /home/nuna/.local/bin/cmake /home/nuna/ipm-ws/src/ipm/ipm_interfaces -DCMAKE_INSTALL_PREFIX=/home/nuna/ipm-ws/install/ipm_interfaces
[3.269s] Invoking command in '/home/nuna/ipm-ws/build/ipm_interfaces': AMENT_PREFIX_PATH=/home/nuna/ipm-ws/install/vision_msgs:${AMENT_PREFIX_PATH} CMAKE_PREFIX_PATH=/home/nuna/ipm-ws/install/vision_msgs:/opt/ros/rolling LD_LIBRARY_PATH=/home/nuna/ipm-ws/install/vision_msgs/lib:${LD_LIBRARY_PATH} PYTHONPATH=/home/nuna/ipm-ws/install/vision_msgs/lib/python3.10/site-packages:${PYTHONPATH} /home/nuna/.local/bin/cmake --build /home/nuna/ipm-ws/build/ipm_interfaces -- -j8 -l8
[3.307s] [  2%] [34m[1mGenerating type hashes for ROS interfaces[0m
[3.309s] [  2%] Built target ament_cmake_python_copy_ipm_interfaces
[3.532s] running egg_info
[3.532s] creating ipm_interfaces.egg-info
[3.533s] writing ipm_interfaces.egg-info/PKG-INFO
[3.533s] writing dependency_links to ipm_interfaces.egg-info/dependency_links.txt
[3.533s] writing top-level names to ipm_interfaces.egg-info/top_level.txt
[3.533s] writing manifest file 'ipm_interfaces.egg-info/SOURCES.txt'
[3.535s] reading manifest file 'ipm_interfaces.egg-info/SOURCES.txt'
[3.535s] writing manifest file 'ipm_interfaces.egg-info/SOURCES.txt'
[3.555s] [  2%] Built target ament_cmake_python_build_ipm_interfaces_egg
[3.579s] [  2%] Built target ipm_interfaces__rosidl_generator_type_description
[3.583s] [  4%] [34m[1mGenerating C code for ROS interfaces[0m
[3.586s] [  6%] [34m[1mGenerating C++ code for ROS interfaces[0m
[4.283s] [  9%] [32mBuilding C object CMakeFiles/ipm_interfaces__rosidl_generator_c.dir/rosidl_generator_c/ipm_interfaces/srv/detail/map_point__functions.c.o[0m
[4.303s] [ 11%] [32mBuilding C object CMakeFiles/ipm_interfaces__rosidl_generator_c.dir/rosidl_generator_c/ipm_interfaces/srv/detail/map_point__description.c.o[0m
[4.308s] [ 13%] [32mBuilding C object CMakeFiles/ipm_interfaces__rosidl_generator_c.dir/rosidl_generator_c/ipm_interfaces/srv/detail/map_point__type_support.c.o[0m
[4.338s] [ 15%] [32mBuilding C object CMakeFiles/ipm_interfaces__rosidl_generator_c.dir/rosidl_generator_c/ipm_interfaces/srv/detail/map_point_cloud2__description.c.o[0m
[4.346s] [ 15%] Built target ipm_interfaces__cpp
[4.354s] [ 18%] [32mBuilding C object CMakeFiles/ipm_interfaces__rosidl_generator_c.dir/rosidl_generator_c/ipm_interfaces/srv/detail/map_point_cloud2__functions.c.o[0m
[4.356s] [ 20%] [32mBuilding C object CMakeFiles/ipm_interfaces__rosidl_generator_c.dir/rosidl_generator_c/ipm_interfaces/srv/detail/map_point_cloud2__type_support.c.o[0m
[4.500s] [ 22%] [32m[1mLinking C shared library libipm_interfaces__rosidl_generator_c.so[0m
[4.594s] [ 22%] Built target ipm_interfaces__rosidl_generator_c
[4.606s] [ 27%] [34m[1mGenerating C++ type support for eProsima Fast-RTPS[0m
[4.607s] [ 27%] [34m[1mGenerating C type support for eProsima Fast-RTPS[0m
[4.610s] [ 29%] [34m[1mGenerating C introspection for ROS interfaces[0m
[4.612s] [ 31%] [34m[1mGenerating C++ type support dispatch for ROS interfaces[0m
[4.657s] [ 36%] [34m[1mGenerating C++ introspection for ROS interfaces[0m
[4.658s] [ 36%] [34m[1mGenerating C type support dispatch for ROS interfaces[0m
[5.713s] [ 38%] [32mBuilding CXX object CMakeFiles/ipm_interfaces__rosidl_typesupport_fastrtps_c.dir/rosidl_typesupport_fastrtps_c/ipm_interfaces/srv/detail/map_point__type_support_c.cpp.o[0m
[5.754s] [ 40%] [32mBuilding CXX object CMakeFiles/ipm_interfaces__rosidl_typesupport_fastrtps_c.dir/rosidl_typesupport_fastrtps_c/ipm_interfaces/srv/detail/map_point_cloud2__type_support_c.cpp.o[0m
[5.957s] [ 43%] [32mBuilding CXX object CMakeFiles/ipm_interfaces__rosidl_typesupport_fastrtps_cpp.dir/rosidl_typesupport_fastrtps_cpp/ipm_interfaces/srv/detail/dds_fastrtps/map_point__type_support.cpp.o[0m
[5.960s] [ 45%] [32mBuilding CXX object CMakeFiles/ipm_interfaces__rosidl_typesupport_fastrtps_cpp.dir/rosidl_typesupport_fastrtps_cpp/ipm_interfaces/srv/detail/dds_fastrtps/map_point_cloud2__type_support.cpp.o[0m
[6.009s] [ 47%] [32mBuilding CXX object CMakeFiles/ipm_interfaces__rosidl_typesupport_cpp.dir/rosidl_typesupport_cpp/ipm_interfaces/srv/map_point__type_support.cpp.o[0m
[6.166s] [ 50%] [32mBuilding CXX object CMakeFiles/ipm_interfaces__rosidl_typesupport_c.dir/rosidl_typesupport_c/ipm_interfaces/srv/map_point__type_support.cpp.o[0m
[6.186s] [ 52%] [32mBuilding C object CMakeFiles/ipm_interfaces__rosidl_typesupport_introspection_c.dir/rosidl_typesupport_introspection_c/ipm_interfaces/srv/detail/map_point__type_support.c.o[0m
[6.248s] [ 54%] [32mBuilding CXX object CMakeFiles/ipm_interfaces__rosidl_typesupport_introspection_cpp.dir/rosidl_typesupport_introspection_cpp/ipm_interfaces/srv/detail/map_point__type_support.cpp.o[0m
[6.430s] [ 56%] [32mBuilding CXX object CMakeFiles/ipm_interfaces__rosidl_typesupport_c.dir/rosidl_typesupport_c/ipm_interfaces/srv/map_point_cloud2__type_support.cpp.o[0m
[6.454s] [ 59%] [32mBuilding C object CMakeFiles/ipm_interfaces__rosidl_typesupport_introspection_c.dir/rosidl_typesupport_introspection_c/ipm_interfaces/srv/detail/map_point_cloud2__type_support.c.o[0m
[6.698s] [ 61%] [32m[1mLinking CXX shared library libipm_interfaces__rosidl_typesupport_c.so[0m
[6.767s] [ 63%] [32m[1mLinking C shared library libipm_interfaces__rosidl_typesupport_introspection_c.so[0m
[6.888s] [ 65%] [32mBuilding CXX object CMakeFiles/ipm_interfaces__rosidl_typesupport_cpp.dir/rosidl_typesupport_cpp/ipm_interfaces/srv/map_point_cloud2__type_support.cpp.o[0m
[6.907s] [ 65%] Built target ipm_interfaces__rosidl_typesupport_introspection_c
[6.960s] [ 68%] [32mBuilding CXX object CMakeFiles/ipm_interfaces__rosidl_typesupport_introspection_cpp.dir/rosidl_typesupport_introspection_cpp/ipm_interfaces/srv/detail/map_point_cloud2__type_support.cpp.o[0m
[6.967s] [ 68%] Built target ipm_interfaces__rosidl_typesupport_c
[7.064s] [ 70%] [32m[1mLinking CXX shared library libipm_interfaces__rosidl_typesupport_fastrtps_c.so[0m
[7.293s] [ 70%] Built target ipm_interfaces__rosidl_typesupport_fastrtps_c
[8.237s] [ 72%] [32m[1mLinking CXX shared library libipm_interfaces__rosidl_typesupport_fastrtps_cpp.so[0m
[8.309s] [ 75%] [32m[1mLinking CXX shared library libipm_interfaces__rosidl_typesupport_introspection_cpp.so[0m
[8.494s] [ 75%] Built target ipm_interfaces__rosidl_typesupport_fastrtps_cpp
[8.592s] [ 77%] [32m[1mLinking CXX shared library libipm_interfaces__rosidl_typesupport_cpp.so[0m
[8.663s] [ 77%] Built target ipm_interfaces__rosidl_typesupport_introspection_cpp
[8.926s] [ 77%] Built target ipm_interfaces__rosidl_typesupport_cpp
[9.025s] [ 77%] Built target ipm_interfaces
[9.141s] [ 79%] [34m[1mGenerating Python code for ROS interfaces[0m
[11.580s] [ 79%] Built target ipm_interfaces__py
[11.676s] [ 81%] [32mBuilding C object CMakeFiles/ipm_interfaces__rosidl_generator_py.dir/rosidl_generator_py/ipm_interfaces/srv/_map_point_s.c.o[0m
[11.705s] [ 84%] [32mBuilding C object CMakeFiles/ipm_interfaces__rosidl_generator_py.dir/rosidl_generator_py/ipm_interfaces/srv/_map_point_cloud2_s.c.o[0m
[12.005s] [ 86%] [32m[1mLinking C shared library rosidl_generator_py/ipm_interfaces/libipm_interfaces__rosidl_generator_py.so[0m
[12.169s] [ 86%] Built target ipm_interfaces__rosidl_generator_py
[12.294s] [ 88%] [32mBuilding C object CMakeFiles/ipm_interfaces__rosidl_typesupport_fastrtps_c__pyext.dir/rosidl_generator_py/ipm_interfaces/_ipm_interfaces_s.ep.rosidl_typesupport_fastrtps_c.c.o[0m
[12.295s] [ 90%] [32mBuilding C object CMakeFiles/ipm_interfaces__rosidl_typesupport_introspection_c__pyext.dir/rosidl_generator_py/ipm_interfaces/_ipm_interfaces_s.ep.rosidl_typesupport_introspection_c.c.o[0m
[12.325s] [ 93%] [32mBuilding C object CMakeFiles/ipm_interfaces__rosidl_typesupport_c__pyext.dir/rosidl_generator_py/ipm_interfaces/_ipm_interfaces_s.ep.rosidl_typesupport_c.c.o[0m
[12.665s] [ 95%] [32m[1mLinking C shared library rosidl_generator_py/ipm_interfaces/ipm_interfaces_s__rosidl_typesupport_fastrtps_c.cpython-310-x86_64-linux-gnu.so[0m
[12.685s] [ 97%] [32m[1mLinking C shared library rosidl_generator_py/ipm_interfaces/ipm_interfaces_s__rosidl_typesupport_c.cpython-310-x86_64-linux-gnu.so[0m
[12.725s] [100%] [32m[1mLinking C shared library rosidl_generator_py/ipm_interfaces/ipm_interfaces_s__rosidl_typesupport_introspection_c.cpython-310-x86_64-linux-gnu.so[0m
[12.855s] [100%] Built target ipm_interfaces__rosidl_typesupport_fastrtps_c__pyext
[12.863s] [100%] Built target ipm_interfaces__rosidl_typesupport_c__pyext
[12.937s] [100%] Built target ipm_interfaces__rosidl_typesupport_introspection_c__pyext
[12.973s] Invoked command in '/home/nuna/ipm-ws/build/ipm_interfaces' returned '0': AMENT_PREFIX_PATH=/home/nuna/ipm-ws/install/vision_msgs:${AMENT_PREFIX_PATH} CMAKE_PREFIX_PATH=/home/nuna/ipm-ws/install/vision_msgs:/opt/ros/rolling LD_LIBRARY_PATH=/home/nuna/ipm-ws/install/vision_msgs/lib:${LD_LIBRARY_PATH} PYTHONPATH=/home/nuna/ipm-ws/install/vision_msgs/lib/python3.10/site-packages:${PYTHONPATH} /home/nuna/.local/bin/cmake --build /home/nuna/ipm-ws/build/ipm_interfaces -- -j8 -l8
[13.362s] Invoking command in '/home/nuna/ipm-ws/build/ipm_interfaces': AMENT_PREFIX_PATH=/home/nuna/ipm-ws/install/vision_msgs:${AMENT_PREFIX_PATH} CMAKE_PREFIX_PATH=/home/nuna/ipm-ws/install/vision_msgs:/opt/ros/rolling LD_LIBRARY_PATH=/home/nuna/ipm-ws/install/vision_msgs/lib:${LD_LIBRARY_PATH} PYTHONPATH=/home/nuna/ipm-ws/install/vision_msgs/lib/python3.10/site-packages:${PYTHONPATH} /home/nuna/.local/bin/cmake --install /home/nuna/ipm-ws/build/ipm_interfaces
[13.450s] -- Install configuration: ""
[13.454s] -- Installing: /home/nuna/ipm-ws/install/ipm_interfaces/share/ament_index/resource_index/rosidl_interfaces/ipm_interfaces
[13.456s] -- Installing: /home/nuna/ipm-ws/install/ipm_interfaces/share/ipm_interfaces/srv/MapPoint.json
[13.458s] -- Installing: /home/nuna/ipm-ws/install/ipm_interfaces/share/ipm_interfaces/srv/MapPointCloud2.json
[13.459s] -- Installing: /home/nuna/ipm-ws/install/ipm_interfaces/include/ipm_interfaces/ipm_interfaces
[13.460s] -- Installing: /home/nuna/ipm-ws/install/ipm_interfaces/include/ipm_interfaces/ipm_interfaces/srv
[13.460s] -- Installing: /home/nuna/ipm-ws/install/ipm_interfaces/include/ipm_interfaces/ipm_interfaces/srv/map_point_cloud2.h
[13.462s] -- Installing: /home/nuna/ipm-ws/install/ipm_interfaces/include/ipm_interfaces/ipm_interfaces/srv/map_point.h
[13.463s] -- Installing: /home/nuna/ipm-ws/install/ipm_interfaces/include/ipm_interfaces/ipm_interfaces/srv/detail
[13.464s] -- Installing: /home/nuna/ipm-ws/install/ipm_interfaces/include/ipm_interfaces/ipm_interfaces/srv/detail/map_point_cloud2__functions.h
[13.470s] -- Installing: /home/nuna/ipm-ws/install/ipm_interfaces/include/ipm_interfaces/ipm_interfaces/srv/detail/map_point__type_support.c
[13.470s] -- Installing: /home/nuna/ipm-ws/install/ipm_interfaces/include/ipm_interfaces/ipm_interfaces/srv/detail/map_point__functions.h
[13.470s] -- Installing: /home/nuna/ipm-ws/install/ipm_interfaces/include/ipm_interfaces/ipm_interfaces/srv/detail/map_point__type_support.h
[13.471s] -- Installing: /home/nuna/ipm-ws/install/ipm_interfaces/include/ipm_interfaces/ipm_interfaces/srv/detail/map_point__functions.c
[13.471s] -- Installing: /home/nuna/ipm-ws/install/ipm_interfaces/include/ipm_interfaces/ipm_interfaces/srv/detail/map_point__struct.h
[13.471s] -- Installing: /home/nuna/ipm-ws/install/ipm_interfaces/include/ipm_interfaces/ipm_interfaces/srv/detail/map_point_cloud2__type_support.h
[13.471s] -- Installing: /home/nuna/ipm-ws/install/ipm_interfaces/include/ipm_interfaces/ipm_interfaces/srv/detail/map_point__description.c
[13.471s] -- Installing: /home/nuna/ipm-ws/install/ipm_interfaces/include/ipm_interfaces/ipm_interfaces/srv/detail/map_point_cloud2__description.c
[13.471s] -- Installing: /home/nuna/ipm-ws/install/ipm_interfaces/include/ipm_interfaces/ipm_interfaces/srv/detail/map_point_cloud2__functions.c
[13.471s] -- Installing: /home/nuna/ipm-ws/install/ipm_interfaces/include/ipm_interfaces/ipm_interfaces/srv/detail/map_point_cloud2__struct.h
[13.471s] -- Installing: /home/nuna/ipm-ws/install/ipm_interfaces/include/ipm_interfaces/ipm_interfaces/srv/detail/map_point_cloud2__type_support.c
[13.472s] -- Installing: /home/nuna/ipm-ws/install/ipm_interfaces/include/ipm_interfaces/ipm_interfaces/msg
[13.472s] -- Installing: /home/nuna/ipm-ws/install/ipm_interfaces/include/ipm_interfaces/ipm_interfaces/msg/rosidl_generator_c__visibility_control.h
[13.472s] -- Installing: /home/nuna/ipm-ws/install/ipm_interfaces/share/ipm_interfaces/environment/library_path.sh
[13.472s] -- Installing: /home/nuna/ipm-ws/install/ipm_interfaces/share/ipm_interfaces/environment/library_path.dsv
[13.472s] -- Installing: /home/nuna/ipm-ws/install/ipm_interfaces/lib/libipm_interfaces__rosidl_generator_c.so
[13.473s] -- Set runtime path of "/home/nuna/ipm-ws/install/ipm_interfaces/lib/libipm_interfaces__rosidl_generator_c.so" to ""
[13.473s] -- Up-to-date: /home/nuna/ipm-ws/install/ipm_interfaces/include/ipm_interfaces/ipm_interfaces
[13.473s] -- Up-to-date: /home/nuna/ipm-ws/install/ipm_interfaces/include/ipm_interfaces/ipm_interfaces/srv
[13.473s] -- Up-to-date: /home/nuna/ipm-ws/install/ipm_interfaces/include/ipm_interfaces/ipm_interfaces/srv/detail
[13.473s] -- Installing: /home/nuna/ipm-ws/install/ipm_interfaces/include/ipm_interfaces/ipm_interfaces/srv/detail/map_point__rosidl_typesupport_fastrtps_c.h
[13.473s] -- Installing: /home/nuna/ipm-ws/install/ipm_interfaces/include/ipm_interfaces/ipm_interfaces/srv/detail/map_point_cloud2__rosidl_typesupport_fastrtps_c.h
[13.473s] -- Up-to-date: /home/nuna/ipm-ws/install/ipm_interfaces/include/ipm_interfaces/ipm_interfaces/msg
[13.474s] -- Installing: /home/nuna/ipm-ws/install/ipm_interfaces/include/ipm_interfaces/ipm_interfaces/msg/rosidl_typesupport_fastrtps_c__visibility_control.h
[13.474s] -- Installing: /home/nuna/ipm-ws/install/ipm_interfaces/lib/libipm_interfaces__rosidl_typesupport_fastrtps_c.so
[13.478s] -- Set runtime path of "/home/nuna/ipm-ws/install/ipm_interfaces/lib/libipm_interfaces__rosidl_typesupport_fastrtps_c.so" to ""
[13.478s] -- Up-to-date: /home/nuna/ipm-ws/install/ipm_interfaces/include/ipm_interfaces/ipm_interfaces
[13.478s] -- Up-to-date: /home/nuna/ipm-ws/install/ipm_interfaces/include/ipm_interfaces/ipm_interfaces/srv
[13.478s] -- Installing: /home/nuna/ipm-ws/install/ipm_interfaces/include/ipm_interfaces/ipm_interfaces/srv/map_point.hpp
[13.478s] -- Installing: /home/nuna/ipm-ws/install/ipm_interfaces/include/ipm_interfaces/ipm_interfaces/srv/map_point_cloud2.hpp
[13.478s] -- Up-to-date: /home/nuna/ipm-ws/install/ipm_interfaces/include/ipm_interfaces/ipm_interfaces/srv/detail
[13.479s] -- Installing: /home/nuna/ipm-ws/install/ipm_interfaces/include/ipm_interfaces/ipm_interfaces/srv/detail/map_point_cloud2__struct.hpp
[13.479s] -- Installing: /home/nuna/ipm-ws/install/ipm_interfaces/include/ipm_interfaces/ipm_interfaces/srv/detail/map_point__type_support.hpp
[13.479s] -- Installing: /home/nuna/ipm-ws/install/ipm_interfaces/include/ipm_interfaces/ipm_interfaces/srv/detail/map_point_cloud2__builder.hpp
[13.479s] -- Installing: /home/nuna/ipm-ws/install/ipm_interfaces/include/ipm_interfaces/ipm_interfaces/srv/detail/map_point__builder.hpp
[13.479s] -- Installing: /home/nuna/ipm-ws/install/ipm_interfaces/include/ipm_interfaces/ipm_interfaces/srv/detail/map_point__traits.hpp
[13.479s] -- Installing: /home/nuna/ipm-ws/install/ipm_interfaces/include/ipm_interfaces/ipm_interfaces/srv/detail/map_point_cloud2__type_support.hpp
[13.479s] -- Installing: /home/nuna/ipm-ws/install/ipm_interfaces/include/ipm_interfaces/ipm_interfaces/srv/detail/map_point__struct.hpp
[13.479s] -- Installing: /home/nuna/ipm-ws/install/ipm_interfaces/include/ipm_interfaces/ipm_interfaces/srv/detail/map_point_cloud2__traits.hpp
[13.479s] -- Up-to-date: /home/nuna/ipm-ws/install/ipm_interfaces/include/ipm_interfaces/ipm_interfaces/msg
[13.479s] -- Installing: /home/nuna/ipm-ws/install/ipm_interfaces/include/ipm_interfaces/ipm_interfaces/msg/rosidl_generator_cpp__visibility_control.hpp
[13.480s] -- Up-to-date: /home/nuna/ipm-ws/install/ipm_interfaces/include/ipm_interfaces/ipm_interfaces
[13.480s] -- Up-to-date: /home/nuna/ipm-ws/install/ipm_interfaces/include/ipm_interfaces/ipm_interfaces/srv
[13.480s] -- Up-to-date: /home/nuna/ipm-ws/install/ipm_interfaces/include/ipm_interfaces/ipm_interfaces/srv/detail
[13.480s] -- Installing: /home/nuna/ipm-ws/install/ipm_interfaces/include/ipm_interfaces/ipm_interfaces/srv/detail/map_point_cloud2__rosidl_typesupport_fastrtps_cpp.hpp
[13.480s] -- Installing: /home/nuna/ipm-ws/install/ipm_interfaces/include/ipm_interfaces/ipm_interfaces/srv/detail/dds_fastrtps
[13.480s] -- Installing: /home/nuna/ipm-ws/install/ipm_interfaces/include/ipm_interfaces/ipm_interfaces/srv/detail/map_point__rosidl_typesupport_fastrtps_cpp.hpp
[13.480s] -- Up-to-date: /home/nuna/ipm-ws/install/ipm_interfaces/include/ipm_interfaces/ipm_interfaces/msg
[13.480s] -- Installing: /home/nuna/ipm-ws/install/ipm_interfaces/include/ipm_interfaces/ipm_interfaces/msg/rosidl_typesupport_fastrtps_cpp__visibility_control.h
[13.480s] -- Installing: /home/nuna/ipm-ws/install/ipm_interfaces/lib/libipm_interfaces__rosidl_typesupport_fastrtps_cpp.so
[13.481s] -- Set runtime path of "/home/nuna/ipm-ws/install/ipm_interfaces/lib/libipm_interfaces__rosidl_typesupport_fastrtps_cpp.so" to ""
[13.481s] -- Up-to-date: /home/nuna/ipm-ws/install/ipm_interfaces/include/ipm_interfaces/ipm_interfaces
[13.481s] -- Up-to-date: /home/nuna/ipm-ws/install/ipm_interfaces/include/ipm_interfaces/ipm_interfaces/srv
[13.481s] -- Up-to-date: /home/nuna/ipm-ws/install/ipm_interfaces/include/ipm_interfaces/ipm_interfaces/srv/detail
[13.481s] -- Installing: /home/nuna/ipm-ws/install/ipm_interfaces/include/ipm_interfaces/ipm_interfaces/srv/detail/map_point_cloud2__rosidl_typesupport_introspection_c.h
[13.482s] -- Installing: /home/nuna/ipm-ws/install/ipm_interfaces/include/ipm_interfaces/ipm_interfaces/srv/detail/map_point__type_support.c
[13.482s] -- Installing: /home/nuna/ipm-ws/install/ipm_interfaces/include/ipm_interfaces/ipm_interfaces/srv/detail/map_point__rosidl_typesupport_introspection_c.h
[13.482s] -- Installing: /home/nuna/ipm-ws/install/ipm_interfaces/include/ipm_interfaces/ipm_interfaces/srv/detail/map_point_cloud2__type_support.c
[13.490s] -- Up-to-date: /home/nuna/ipm-ws/install/ipm_interfaces/include/ipm_interfaces/ipm_interfaces/msg
[13.490s] -- Installing: /home/nuna/ipm-ws/install/ipm_interfaces/include/ipm_interfaces/ipm_interfaces/msg/rosidl_typesupport_introspection_c__visibility_control.h
[13.490s] -- Installing: /home/nuna/ipm-ws/install/ipm_interfaces/lib/libipm_interfaces__rosidl_typesupport_introspection_c.so
[13.490s] -- Set runtime path of "/home/nuna/ipm-ws/install/ipm_interfaces/lib/libipm_interfaces__rosidl_typesupport_introspection_c.so" to ""
[13.491s] -- Installing: /home/nuna/ipm-ws/install/ipm_interfaces/lib/libipm_interfaces__rosidl_typesupport_c.so
[13.491s] -- Set runtime path of "/home/nuna/ipm-ws/install/ipm_interfaces/lib/libipm_interfaces__rosidl_typesupport_c.so" to ""
[13.491s] -- Up-to-date: /home/nuna/ipm-ws/install/ipm_interfaces/include/ipm_interfaces/ipm_interfaces
[13.491s] -- Up-to-date: /home/nuna/ipm-ws/install/ipm_interfaces/include/ipm_interfaces/ipm_interfaces/srv
[13.491s] -- Up-to-date: /home/nuna/ipm-ws/install/ipm_interfaces/include/ipm_interfaces/ipm_interfaces/srv/detail
[13.491s] -- Installing: /home/nuna/ipm-ws/install/ipm_interfaces/include/ipm_interfaces/ipm_interfaces/srv/detail/map_point_cloud2__type_support.cpp
[13.491s] -- Installing: /home/nuna/ipm-ws/install/ipm_interfaces/include/ipm_interfaces/ipm_interfaces/srv/detail/map_point__rosidl_typesupport_introspection_cpp.hpp
[13.492s] -- Installing: /home/nuna/ipm-ws/install/ipm_interfaces/include/ipm_interfaces/ipm_interfaces/srv/detail/map_point_cloud2__rosidl_typesupport_introspection_cpp.hpp
[13.492s] -- Installing: /home/nuna/ipm-ws/install/ipm_interfaces/include/ipm_interfaces/ipm_interfaces/srv/detail/map_point__type_support.cpp
[13.492s] -- Installing: /home/nuna/ipm-ws/install/ipm_interfaces/lib/libipm_interfaces__rosidl_typesupport_introspection_cpp.so
[13.493s] -- Set runtime path of "/home/nuna/ipm-ws/install/ipm_interfaces/lib/libipm_interfaces__rosidl_typesupport_introspection_cpp.so" to ""
[13.493s] -- Installing: /home/nuna/ipm-ws/install/ipm_interfaces/lib/libipm_interfaces__rosidl_typesupport_cpp.so
[13.494s] -- Set runtime path of "/home/nuna/ipm-ws/install/ipm_interfaces/lib/libipm_interfaces__rosidl_typesupport_cpp.so" to ""
[13.494s] -- Installing: /home/nuna/ipm-ws/install/ipm_interfaces/share/ipm_interfaces/environment/pythonpath.sh
[13.495s] -- Installing: /home/nuna/ipm-ws/install/ipm_interfaces/share/ipm_interfaces/environment/pythonpath.dsv
[13.495s] -- Installing: /home/nuna/ipm-ws/install/ipm_interfaces/lib/python3.10/site-packages/ipm_interfaces-0.0.0-py3.10.egg-info
[13.495s] -- Installing: /home/nuna/ipm-ws/install/ipm_interfaces/lib/python3.10/site-packages/ipm_interfaces-0.0.0-py3.10.egg-info/top_level.txt
[13.496s] -- Installing: /home/nuna/ipm-ws/install/ipm_interfaces/lib/python3.10/site-packages/ipm_interfaces-0.0.0-py3.10.egg-info/dependency_links.txt
[13.496s] -- Installing: /home/nuna/ipm-ws/install/ipm_interfaces/lib/python3.10/site-packages/ipm_interfaces-0.0.0-py3.10.egg-info/SOURCES.txt
[13.496s] -- Installing: /home/nuna/ipm-ws/install/ipm_interfaces/lib/python3.10/site-packages/ipm_interfaces-0.0.0-py3.10.egg-info/PKG-INFO
[13.497s] -- Installing: /home/nuna/ipm-ws/install/ipm_interfaces/lib/python3.10/site-packages/ipm_interfaces
[13.497s] -- Installing: /home/nuna/ipm-ws/install/ipm_interfaces/lib/python3.10/site-packages/ipm_interfaces/_ipm_interfaces_s.ep.rosidl_typesupport_introspection_c.c
[13.497s] -- Installing: /home/nuna/ipm-ws/install/ipm_interfaces/lib/python3.10/site-packages/ipm_interfaces/srv
[13.497s] -- Installing: /home/nuna/ipm-ws/install/ipm_interfaces/lib/python3.10/site-packages/ipm_interfaces/srv/_map_point.py
[13.498s] -- Installing: /home/nuna/ipm-ws/install/ipm_interfaces/lib/python3.10/site-packages/ipm_interfaces/srv/_map_point_s.c
[13.498s] -- Installing: /home/nuna/ipm-ws/install/ipm_interfaces/lib/python3.10/site-packages/ipm_interfaces/srv/_map_point_cloud2_s.c
[13.498s] -- Installing: /home/nuna/ipm-ws/install/ipm_interfaces/lib/python3.10/site-packages/ipm_interfaces/srv/_map_point_cloud2.py
[13.499s] -- Installing: /home/nuna/ipm-ws/install/ipm_interfaces/lib/python3.10/site-packages/ipm_interfaces/srv/__init__.py
[13.499s] -- Installing: /home/nuna/ipm-ws/install/ipm_interfaces/lib/python3.10/site-packages/ipm_interfaces/libipm_interfaces__rosidl_generator_py.so
[13.499s] -- Installing: /home/nuna/ipm-ws/install/ipm_interfaces/lib/python3.10/site-packages/ipm_interfaces/ipm_interfaces_s__rosidl_typesupport_fastrtps_c.cpython-310-x86_64-linux-gnu.so
[13.500s] -- Installing: /home/nuna/ipm-ws/install/ipm_interfaces/lib/python3.10/site-packages/ipm_interfaces/ipm_interfaces_s__rosidl_typesupport_c.cpython-310-x86_64-linux-gnu.so
[13.500s] -- Installing: /home/nuna/ipm-ws/install/ipm_interfaces/lib/python3.10/site-packages/ipm_interfaces/_ipm_interfaces_s.ep.rosidl_typesupport_c.c
[13.500s] -- Installing: /home/nuna/ipm-ws/install/ipm_interfaces/lib/python3.10/site-packages/ipm_interfaces/__init__.py
[13.501s] -- Installing: /home/nuna/ipm-ws/install/ipm_interfaces/lib/python3.10/site-packages/ipm_interfaces/ipm_interfaces_s__rosidl_typesupport_introspection_c.cpython-310-x86_64-linux-gnu.so
[13.501s] -- Installing: /home/nuna/ipm-ws/install/ipm_interfaces/lib/python3.10/site-packages/ipm_interfaces/_ipm_interfaces_s.ep.rosidl_typesupport_fastrtps_c.c
[13.558s] Listing '/home/nuna/ipm-ws/install/ipm_interfaces/lib/python3.10/site-packages/ipm_interfaces'...
[13.558s] Compiling '/home/nuna/ipm-ws/install/ipm_interfaces/lib/python3.10/site-packages/ipm_interfaces/__init__.py'...
[13.558s] Listing '/home/nuna/ipm-ws/install/ipm_interfaces/lib/python3.10/site-packages/ipm_interfaces/srv'...
[13.558s] Compiling '/home/nuna/ipm-ws/install/ipm_interfaces/lib/python3.10/site-packages/ipm_interfaces/srv/__init__.py'...
[13.558s] Compiling '/home/nuna/ipm-ws/install/ipm_interfaces/lib/python3.10/site-packages/ipm_interfaces/srv/_map_point.py'...
[13.559s] Compiling '/home/nuna/ipm-ws/install/ipm_interfaces/lib/python3.10/site-packages/ipm_interfaces/srv/_map_point_cloud2.py'...
[13.566s] -- Installing: /home/nuna/ipm-ws/install/ipm_interfaces/lib/python3.10/site-packages/ipm_interfaces/ipm_interfaces_s__rosidl_typesupport_fastrtps_c.cpython-310-x86_64-linux-gnu.so
[13.567s] -- Set runtime path of "/home/nuna/ipm-ws/install/ipm_interfaces/lib/python3.10/site-packages/ipm_interfaces/ipm_interfaces_s__rosidl_typesupport_fastrtps_c.cpython-310-x86_64-linux-gnu.so" to ""
[13.567s] -- Installing: /home/nuna/ipm-ws/install/ipm_interfaces/lib/python3.10/site-packages/ipm_interfaces/ipm_interfaces_s__rosidl_typesupport_introspection_c.cpython-310-x86_64-linux-gnu.so
[13.568s] -- Set runtime path of "/home/nuna/ipm-ws/install/ipm_interfaces/lib/python3.10/site-packages/ipm_interfaces/ipm_interfaces_s__rosidl_typesupport_introspection_c.cpython-310-x86_64-linux-gnu.so" to ""
[13.568s] -- Installing: /home/nuna/ipm-ws/install/ipm_interfaces/lib/python3.10/site-packages/ipm_interfaces/ipm_interfaces_s__rosidl_typesupport_c.cpython-310-x86_64-linux-gnu.so
[13.569s] -- Set runtime path of "/home/nuna/ipm-ws/install/ipm_interfaces/lib/python3.10/site-packages/ipm_interfaces/ipm_interfaces_s__rosidl_typesupport_c.cpython-310-x86_64-linux-gnu.so" to ""
[13.569s] -- Installing: /home/nuna/ipm-ws/install/ipm_interfaces/lib/libipm_interfaces__rosidl_generator_py.so
[13.570s] -- Set runtime path of "/home/nuna/ipm-ws/install/ipm_interfaces/lib/libipm_interfaces__rosidl_generator_py.so" to ""
[13.570s] -- Installing: /home/nuna/ipm-ws/install/ipm_interfaces/share/ipm_interfaces/srv/MapPoint.idl
[13.570s] -- Installing: /home/nuna/ipm-ws/install/ipm_interfaces/share/ipm_interfaces/srv/MapPointCloud2.idl
[13.571s] -- Installing: /home/nuna/ipm-ws/install/ipm_interfaces/share/ipm_interfaces/srv/MapPoint.srv
[13.571s] -- Installing: /home/nuna/ipm-ws/install/ipm_interfaces/share/ipm_interfaces/srv/MapPointCloud2.srv
[13.571s] -- Installing: /home/nuna/ipm-ws/install/ipm_interfaces/share/ament_index/resource_index/package_run_dependencies/ipm_interfaces
[13.572s] -- Installing: /home/nuna/ipm-ws/install/ipm_interfaces/share/ament_index/resource_index/parent_prefix_path/ipm_interfaces
[13.572s] -- Installing: /home/nuna/ipm-ws/install/ipm_interfaces/share/ipm_interfaces/environment/ament_prefix_path.sh
[13.572s] -- Installing: /home/nuna/ipm-ws/install/ipm_interfaces/share/ipm_interfaces/environment/ament_prefix_path.dsv
[13.573s] -- Installing: /home/nuna/ipm-ws/install/ipm_interfaces/share/ipm_interfaces/environment/path.sh
[13.573s] -- Installing: /home/nuna/ipm-ws/install/ipm_interfaces/share/ipm_interfaces/environment/path.dsv
[13.573s] -- Installing: /home/nuna/ipm-ws/install/ipm_interfaces/share/ipm_interfaces/local_setup.bash
[13.574s] -- Installing: /home/nuna/ipm-ws/install/ipm_interfaces/share/ipm_interfaces/local_setup.sh
[13.574s] -- Installing: /home/nuna/ipm-ws/install/ipm_interfaces/share/ipm_interfaces/local_setup.zsh
[13.574s] -- Installing: /home/nuna/ipm-ws/install/ipm_interfaces/share/ipm_interfaces/local_setup.dsv
[13.575s] -- Installing: /home/nuna/ipm-ws/install/ipm_interfaces/share/ipm_interfaces/package.dsv
[13.575s] -- Installing: /home/nuna/ipm-ws/install/ipm_interfaces/share/ament_index/resource_index/packages/ipm_interfaces
[13.575s] -- Installing: /home/nuna/ipm-ws/install/ipm_interfaces/share/ipm_interfaces/cmake/export_ipm_interfaces__rosidl_generator_cExport.cmake
[13.576s] -- Installing: /home/nuna/ipm-ws/install/ipm_interfaces/share/ipm_interfaces/cmake/export_ipm_interfaces__rosidl_generator_cExport-noconfig.cmake
[13.576s] -- Installing: /home/nuna/ipm-ws/install/ipm_interfaces/share/ipm_interfaces/cmake/export_ipm_interfaces__rosidl_typesupport_fastrtps_cExport.cmake
[13.576s] -- Installing: /home/nuna/ipm-ws/install/ipm_interfaces/share/ipm_interfaces/cmake/export_ipm_interfaces__rosidl_typesupport_fastrtps_cExport-noconfig.cmake
[13.577s] -- Installing: /home/nuna/ipm-ws/install/ipm_interfaces/share/ipm_interfaces/cmake/export_ipm_interfaces__rosidl_generator_cppExport.cmake
[13.577s] -- Installing: /home/nuna/ipm-ws/install/ipm_interfaces/share/ipm_interfaces/cmake/export_ipm_interfaces__rosidl_typesupport_fastrtps_cppExport.cmake
[13.578s] -- Installing: /home/nuna/ipm-ws/install/ipm_interfaces/share/ipm_interfaces/cmake/export_ipm_interfaces__rosidl_typesupport_fastrtps_cppExport-noconfig.cmake
[13.578s] -- Installing: /home/nuna/ipm-ws/install/ipm_interfaces/share/ipm_interfaces/cmake/ipm_interfaces__rosidl_typesupport_introspection_cExport.cmake
[13.578s] -- Installing: /home/nuna/ipm-ws/install/ipm_interfaces/share/ipm_interfaces/cmake/ipm_interfaces__rosidl_typesupport_introspection_cExport-noconfig.cmake
[13.579s] -- Installing: /home/nuna/ipm-ws/install/ipm_interfaces/share/ipm_interfaces/cmake/ipm_interfaces__rosidl_typesupport_cExport.cmake
[13.579s] -- Installing: /home/nuna/ipm-ws/install/ipm_interfaces/share/ipm_interfaces/cmake/ipm_interfaces__rosidl_typesupport_cExport-noconfig.cmake
[13.579s] -- Installing: /home/nuna/ipm-ws/install/ipm_interfaces/share/ipm_interfaces/cmake/ipm_interfaces__rosidl_typesupport_introspection_cppExport.cmake
[13.580s] -- Installing: /home/nuna/ipm-ws/install/ipm_interfaces/share/ipm_interfaces/cmake/ipm_interfaces__rosidl_typesupport_introspection_cppExport-noconfig.cmake
[13.580s] -- Installing: /home/nuna/ipm-ws/install/ipm_interfaces/share/ipm_interfaces/cmake/ipm_interfaces__rosidl_typesupport_cppExport.cmake
[13.580s] -- Installing: /home/nuna/ipm-ws/install/ipm_interfaces/share/ipm_interfaces/cmake/ipm_interfaces__rosidl_typesupport_cppExport-noconfig.cmake
[13.581s] -- Installing: /home/nuna/ipm-ws/install/ipm_interfaces/share/ipm_interfaces/cmake/export_ipm_interfaces__rosidl_generator_pyExport.cmake
[13.581s] -- Installing: /home/nuna/ipm-ws/install/ipm_interfaces/share/ipm_interfaces/cmake/export_ipm_interfaces__rosidl_generator_pyExport-noconfig.cmake
[13.582s] -- Installing: /home/nuna/ipm-ws/install/ipm_interfaces/share/ipm_interfaces/cmake/rosidl_cmake-extras.cmake
[13.582s] -- Installing: /home/nuna/ipm-ws/install/ipm_interfaces/share/ipm_interfaces/cmake/ament_cmake_export_dependencies-extras.cmake
[13.582s] -- Installing: /home/nuna/ipm-ws/install/ipm_interfaces/share/ipm_interfaces/cmake/ament_cmake_export_include_directories-extras.cmake
[13.583s] -- Installing: /home/nuna/ipm-ws/install/ipm_interfaces/share/ipm_interfaces/cmake/ament_cmake_export_libraries-extras.cmake
[13.583s] -- Installing: /home/nuna/ipm-ws/install/ipm_interfaces/share/ipm_interfaces/cmake/ament_cmake_export_targets-extras.cmake
[13.583s] -- Installing: /home/nuna/ipm-ws/install/ipm_interfaces/share/ipm_interfaces/cmake/rosidl_cmake_export_typesupport_targets-extras.cmake
[13.584s] -- Installing: /home/nuna/ipm-ws/install/ipm_interfaces/share/ipm_interfaces/cmake/rosidl_cmake_export_typesupport_libraries-extras.cmake
[13.584s] -- Installing: /home/nuna/ipm-ws/install/ipm_interfaces/share/ipm_interfaces/cmake/ipm_interfacesConfig.cmake
[13.584s] -- Installing: /home/nuna/ipm-ws/install/ipm_interfaces/share/ipm_interfaces/cmake/ipm_interfacesConfig-version.cmake
[13.585s] -- Installing: /home/nuna/ipm-ws/install/ipm_interfaces/share/ipm_interfaces/package.xml
[13.600s] Invoked command in '/home/nuna/ipm-ws/build/ipm_interfaces' returned '0': AMENT_PREFIX_PATH=/home/nuna/ipm-ws/install/vision_msgs:${AMENT_PREFIX_PATH} CMAKE_PREFIX_PATH=/home/nuna/ipm-ws/install/vision_msgs:/opt/ros/rolling LD_LIBRARY_PATH=/home/nuna/ipm-ws/install/vision_msgs/lib:${LD_LIBRARY_PATH} PYTHONPATH=/home/nuna/ipm-ws/install/vision_msgs/lib/python3.10/site-packages:${PYTHONPATH} /home/nuna/.local/bin/cmake --install /home/nuna/ipm-ws/build/ipm_interfaces
