[ 20%] Built target gtest
[ 40%] Built target gtest_main
[ 60%] Built target base_footprint
[ 80%] Built target base_footprint_node
[100%] Built target test_base_footprint
-- Install configuration: ""
-- Up-to-date: /home/nuna/ipm-ws/install/humanoid_base_footprint/lib/humanoid_base_footprint/base_footprint
-- Up-to-date: /home/nuna/ipm-ws/install/humanoid_base_footprint/share/humanoid_base_footprint/environment/library_path.sh
-- Up-to-date: /home/nuna/ipm-ws/install/humanoid_base_footprint/share/humanoid_base_footprint/environment/library_path.dsv
-- Up-to-date: /home/nuna/ipm-ws/install/humanoid_base_footprint/include
-- Up-to-date: /home/nuna/ipm-ws/install/humanoid_base_footprint/include/humanoid_base_footprint
-- Up-to-date: /home/nuna/ipm-ws/install/humanoid_base_footprint/include/humanoid_base_footprint/base_footprint.hpp
-- Up-to-date: /home/nuna/ipm-ws/install/humanoid_base_footprint/lib/libbase_footprint_node.so
-- Up-to-date: /home/nuna/ipm-ws/install/humanoid_base_footprint/share/humanoid_base_footprint/launch
-- Up-to-date: /home/nuna/ipm-ws/install/humanoid_base_footprint/share/humanoid_base_footprint/launch/base_footprint.launch
-- Up-to-date: /home/nuna/ipm-ws/install/humanoid_base_footprint/share/ament_index/resource_index/package_run_dependencies/humanoid_base_footprint
-- Up-to-date: /home/nuna/ipm-ws/install/humanoid_base_footprint/share/ament_index/resource_index/parent_prefix_path/humanoid_base_footprint
-- Up-to-date: /home/nuna/ipm-ws/install/humanoid_base_footprint/share/humanoid_base_footprint/environment/ament_prefix_path.sh
-- Up-to-date: /home/nuna/ipm-ws/install/humanoid_base_footprint/share/humanoid_base_footprint/environment/ament_prefix_path.dsv
-- Up-to-date: /home/nuna/ipm-ws/install/humanoid_base_footprint/share/humanoid_base_footprint/environment/path.sh
-- Up-to-date: /home/nuna/ipm-ws/install/humanoid_base_footprint/share/humanoid_base_footprint/environment/path.dsv
-- Up-to-date: /home/nuna/ipm-ws/install/humanoid_base_footprint/share/humanoid_base_footprint/local_setup.bash
-- Up-to-date: /home/nuna/ipm-ws/install/humanoid_base_footprint/share/humanoid_base_footprint/local_setup.sh
-- Up-to-date: /home/nuna/ipm-ws/install/humanoid_base_footprint/share/humanoid_base_footprint/local_setup.zsh
-- Up-to-date: /home/nuna/ipm-ws/install/humanoid_base_footprint/share/humanoid_base_footprint/local_setup.dsv
-- Installing: /home/nuna/ipm-ws/install/humanoid_base_footprint/share/humanoid_base_footprint/package.dsv
-- Up-to-date: /home/nuna/ipm-ws/install/humanoid_base_footprint/share/ament_index/resource_index/packages/humanoid_base_footprint
-- Up-to-date: /home/nuna/ipm-ws/install/humanoid_base_footprint/share/ament_index/resource_index/rclcpp_components/humanoid_base_footprint
-- Up-to-date: /home/nuna/ipm-ws/install/humanoid_base_footprint/share/humanoid_base_footprint/cmake/export_base_footprintExport.cmake
-- Up-to-date: /home/nuna/ipm-ws/install/humanoid_base_footprint/share/humanoid_base_footprint/cmake/export_base_footprintExport-noconfig.cmake
-- Up-to-date: /home/nuna/ipm-ws/install/humanoid_base_footprint/share/humanoid_base_footprint/cmake/ament_cmake_export_targets-extras.cmake
-- Up-to-date: /home/nuna/ipm-ws/install/humanoid_base_footprint/share/humanoid_base_footprint/cmake/ament_cmake_export_dependencies-extras.cmake
-- Up-to-date: /home/nuna/ipm-ws/install/humanoid_base_footprint/share/humanoid_base_footprint/cmake/humanoid_base_footprintConfig.cmake
-- Up-to-date: /home/nuna/ipm-ws/install/humanoid_base_footprint/share/humanoid_base_footprint/cmake/humanoid_base_footprintConfig-version.cmake
-- Up-to-date: /home/nuna/ipm-ws/install/humanoid_base_footprint/share/humanoid_base_footprint/package.xml
