[0.944s] Invoking command in '/home/nuna/ipm-ws/src/ipm/ipm_service': AMENT_PREFIX_PATH=/home/nuna/ipm-ws/install/ipm_library:/home/nuna/ipm-ws/install/ipm_interfaces:/home/nuna/ipm-ws/install/vision_msgs:${AMENT_PREFIX_PATH} CMAKE_PREFIX_PATH=/home/nuna/ipm-ws/install/ipm_interfaces:/home/nuna/ipm-ws/install/vision_msgs LD_LIBRARY_PATH=/home/nuna/ipm-ws/install/ipm_interfaces/lib:/home/nuna/ipm-ws/install/vision_msgs/lib:${LD_LIBRARY_PATH} PYTHONPATH=/home/nuna/ipm-ws/build/ipm_service/prefix_override:/home/nuna/ipm-ws/install/ipm_service/lib/python3.10/site-packages:/home/nuna/ipm-ws/install/ipm_library/lib/python3.10/site-packages:/home/nuna/ipm-ws/install/ipm_interfaces/lib/python3.10/site-packages:/home/nuna/ipm-ws/install/vision_msgs/lib/python3.10/site-packages:${PYTHONPATH} /usr/bin/python3 setup.py egg_info --egg-base ../../../build/ipm_service build --build-base /home/nuna/ipm-ws/build/ipm_service/build install --record /home/nuna/ipm-ws/build/ipm_service/install.log --single-version-externally-managed
[1.202s] running egg_info
[1.202s] writing ../../../build/ipm_service/ipm_service.egg-info/PKG-INFO
[1.203s] writing dependency_links to ../../../build/ipm_service/ipm_service.egg-info/dependency_links.txt
[1.203s] writing entry points to ../../../build/ipm_service/ipm_service.egg-info/entry_points.txt
[1.203s] writing requirements to ../../../build/ipm_service/ipm_service.egg-info/requires.txt
[1.203s] writing top-level names to ../../../build/ipm_service/ipm_service.egg-info/top_level.txt
[1.205s] reading manifest file '../../../build/ipm_service/ipm_service.egg-info/SOURCES.txt'
[1.206s] writing manifest file '../../../build/ipm_service/ipm_service.egg-info/SOURCES.txt'
[1.206s] running build
[1.206s] running build_py
[1.206s] running install
[1.206s] /usr/lib/python3/dist-packages/setuptools/command/install.py:34: SetuptoolsDeprecationWarning: setup.py install is deprecated. Use build and pip and other standards-based tools.
[1.206s]   warnings.warn(
[1.206s] running install_lib
[1.207s] running install_data
[1.208s] running install_egg_info
[1.209s] removing '/home/nuna/ipm-ws/install/ipm_service/lib/python3.10/site-packages/ipm_service-0.0.0-py3.10.egg-info' (and everything under it)
[1.209s] Copying ../../../build/ipm_service/ipm_service.egg-info to /home/nuna/ipm-ws/install/ipm_service/lib/python3.10/site-packages/ipm_service-0.0.0-py3.10.egg-info
[1.210s] running install_scripts
[1.230s] Installing ipm_service script to /home/nuna/ipm-ws/install/ipm_service/lib/ipm_service
[1.230s] writing list of installed files to '/home/nuna/ipm-ws/build/ipm_service/install.log'
[1.253s] Invoked command in '/home/nuna/ipm-ws/src/ipm/ipm_service' returned '0': AMENT_PREFIX_PATH=/home/nuna/ipm-ws/install/ipm_library:/home/nuna/ipm-ws/install/ipm_interfaces:/home/nuna/ipm-ws/install/vision_msgs:${AMENT_PREFIX_PATH} CMAKE_PREFIX_PATH=/home/nuna/ipm-ws/install/ipm_interfaces:/home/nuna/ipm-ws/install/vision_msgs LD_LIBRARY_PATH=/home/nuna/ipm-ws/install/ipm_interfaces/lib:/home/nuna/ipm-ws/install/vision_msgs/lib:${LD_LIBRARY_PATH} PYTHONPATH=/home/nuna/ipm-ws/build/ipm_service/prefix_override:/home/nuna/ipm-ws/install/ipm_service/lib/python3.10/site-packages:/home/nuna/ipm-ws/install/ipm_library/lib/python3.10/site-packages:/home/nuna/ipm-ws/install/ipm_interfaces/lib/python3.10/site-packages:/home/nuna/ipm-ws/install/vision_msgs/lib/python3.10/site-packages:${PYTHONPATH} /usr/bin/python3 setup.py egg_info --egg-base ../../../build/ipm_service build --build-base /home/nuna/ipm-ws/build/ipm_service/build install --record /home/nuna/ipm-ws/build/ipm_service/install.log --single-version-externally-managed
