[  6%] [34m[1mAutomatic MOC for target vision_msgs_rviz_plugins[0m
[  6%] Built target vision_msgs_rviz_plugins_autogen
[100%] Built target vision_msgs_rviz_plugins
-- Install configuration: ""
-- Up-to-date: /home/nuna/ipm-ws/install/vision_msgs_rviz_plugins/share/vision_msgs_rviz_plugins/plugins_description.xml
-- Up-to-date: /home/nuna/ipm-ws/install/vision_msgs_rviz_plugins/share/vision_msgs_rviz_plugins/environment/library_path.sh
-- Up-to-date: /home/nuna/ipm-ws/install/vision_msgs_rviz_plugins/share/vision_msgs_rviz_plugins/environment/library_path.dsv
-- Up-to-date: /home/nuna/ipm-ws/install/vision_msgs_rviz_plugins/lib/libvision_msgs_rviz_plugins.so
-- Up-to-date: /home/nuna/ipm-ws/install/vision_msgs_rviz_plugins/include/vision_msgs_rviz_plugins
-- Up-to-date: /home/nuna/ipm-ws/install/vision_msgs_rviz_plugins/include/vision_msgs_rviz_plugins/vision_msgs_rviz_plugins
-- Up-to-date: /home/nuna/ipm-ws/install/vision_msgs_rviz_plugins/include/vision_msgs_rviz_plugins/vision_msgs_rviz_plugins/bounding_box_3d.hpp
-- Up-to-date: /home/nuna/ipm-ws/install/vision_msgs_rviz_plugins/include/vision_msgs_rviz_plugins/vision_msgs_rviz_plugins/bounding_box_3d_array.hpp
-- Up-to-date: /home/nuna/ipm-ws/install/vision_msgs_rviz_plugins/include/vision_msgs_rviz_plugins/vision_msgs_rviz_plugins/detection_3d.hpp
-- Up-to-date: /home/nuna/ipm-ws/install/vision_msgs_rviz_plugins/include/vision_msgs_rviz_plugins/vision_msgs_rviz_plugins/visibility_control.hpp
-- Up-to-date: /home/nuna/ipm-ws/install/vision_msgs_rviz_plugins/include/vision_msgs_rviz_plugins/vision_msgs_rviz_plugins/detection_3d_common.hpp
-- Up-to-date: /home/nuna/ipm-ws/install/vision_msgs_rviz_plugins/include/vision_msgs_rviz_plugins/vision_msgs_rviz_plugins/detection_3d_array.hpp
-- Up-to-date: /home/nuna/ipm-ws/install/vision_msgs_rviz_plugins/include/vision_msgs_rviz_plugins/vision_msgs_rviz_plugins/bounding_box_3d_common.hpp
-- Up-to-date: /home/nuna/ipm-ws/install/vision_msgs_rviz_plugins/share/vision_msgs_rviz_plugins/launch
-- Up-to-date: /home/nuna/ipm-ws/install/vision_msgs_rviz_plugins/share/vision_msgs_rviz_plugins/launch/test_all.launch.py
-- Up-to-date: /home/nuna/ipm-ws/install/vision_msgs_rviz_plugins/share/vision_msgs_rviz_plugins/conf
-- Up-to-date: /home/nuna/ipm-ws/install/vision_msgs_rviz_plugins/share/vision_msgs_rviz_plugins/conf/conf.rviz
-- Up-to-date: /home/nuna/ipm-ws/install/vision_msgs_rviz_plugins/share/vision_msgs_rviz_plugins/conf/example.yaml
-- Up-to-date: /home/nuna/ipm-ws/install/vision_msgs_rviz_plugins/share/vision_msgs_rviz_plugins/icons
-- Up-to-date: /home/nuna/ipm-ws/install/vision_msgs_rviz_plugins/share/vision_msgs_rviz_plugins/icons/classes
-- Up-to-date: /home/nuna/ipm-ws/install/vision_msgs_rviz_plugins/share/vision_msgs_rviz_plugins/icons/classes/Detection3D.png
-- Up-to-date: /home/nuna/ipm-ws/install/vision_msgs_rviz_plugins/share/vision_msgs_rviz_plugins/icons/classes/BoundingBox3DArray.png
-- Up-to-date: /home/nuna/ipm-ws/install/vision_msgs_rviz_plugins/share/vision_msgs_rviz_plugins/icons/classes/BoundingBox3D.png
-- Up-to-date: /home/nuna/ipm-ws/install/vision_msgs_rviz_plugins/share/vision_msgs_rviz_plugins/icons/classes/Detection3DArray.png
-- Up-to-date: /home/nuna/ipm-ws/install/vision_msgs_rviz_plugins/lib/vision_msgs_rviz_plugins/Detection3DArray.py
-- Up-to-date: /home/nuna/ipm-ws/install/vision_msgs_rviz_plugins/lib/vision_msgs_rviz_plugins/Detection3D.py
-- Up-to-date: /home/nuna/ipm-ws/install/vision_msgs_rviz_plugins/lib/vision_msgs_rviz_plugins/BoundingBox3D.py
-- Up-to-date: /home/nuna/ipm-ws/install/vision_msgs_rviz_plugins/lib/vision_msgs_rviz_plugins/BoundingBox3DArray.py
-- Up-to-date: /home/nuna/ipm-ws/install/vision_msgs_rviz_plugins/share/ament_index/resource_index/package_run_dependencies/vision_msgs_rviz_plugins
-- Up-to-date: /home/nuna/ipm-ws/install/vision_msgs_rviz_plugins/share/ament_index/resource_index/parent_prefix_path/vision_msgs_rviz_plugins
-- Up-to-date: /home/nuna/ipm-ws/install/vision_msgs_rviz_plugins/share/vision_msgs_rviz_plugins/environment/ament_prefix_path.sh
-- Up-to-date: /home/nuna/ipm-ws/install/vision_msgs_rviz_plugins/share/vision_msgs_rviz_plugins/environment/ament_prefix_path.dsv
-- Up-to-date: /home/nuna/ipm-ws/install/vision_msgs_rviz_plugins/share/vision_msgs_rviz_plugins/environment/path.sh
-- Up-to-date: /home/nuna/ipm-ws/install/vision_msgs_rviz_plugins/share/vision_msgs_rviz_plugins/environment/path.dsv
-- Up-to-date: /home/nuna/ipm-ws/install/vision_msgs_rviz_plugins/share/vision_msgs_rviz_plugins/local_setup.bash
-- Up-to-date: /home/nuna/ipm-ws/install/vision_msgs_rviz_plugins/share/vision_msgs_rviz_plugins/local_setup.sh
-- Up-to-date: /home/nuna/ipm-ws/install/vision_msgs_rviz_plugins/share/vision_msgs_rviz_plugins/local_setup.zsh
-- Up-to-date: /home/nuna/ipm-ws/install/vision_msgs_rviz_plugins/share/vision_msgs_rviz_plugins/local_setup.dsv
-- Installing: /home/nuna/ipm-ws/install/vision_msgs_rviz_plugins/share/vision_msgs_rviz_plugins/package.dsv
-- Up-to-date: /home/nuna/ipm-ws/install/vision_msgs_rviz_plugins/share/ament_index/resource_index/packages/vision_msgs_rviz_plugins
-- Up-to-date: /home/nuna/ipm-ws/install/vision_msgs_rviz_plugins/share/ament_index/resource_index/rviz_common__pluginlib__plugin/vision_msgs_rviz_plugins
-- Up-to-date: /home/nuna/ipm-ws/install/vision_msgs_rviz_plugins/share/vision_msgs_rviz_plugins/cmake/vision_msgs_rviz_pluginsExport.cmake
-- Up-to-date: /home/nuna/ipm-ws/install/vision_msgs_rviz_plugins/share/vision_msgs_rviz_plugins/cmake/vision_msgs_rviz_pluginsExport-noconfig.cmake
-- Up-to-date: /home/nuna/ipm-ws/install/vision_msgs_rviz_plugins/share/vision_msgs_rviz_plugins/cmake/ament_cmake_export_include_directories-extras.cmake
-- Up-to-date: /home/nuna/ipm-ws/install/vision_msgs_rviz_plugins/share/vision_msgs_rviz_plugins/cmake/ament_cmake_export_targets-extras.cmake
-- Up-to-date: /home/nuna/ipm-ws/install/vision_msgs_rviz_plugins/share/vision_msgs_rviz_plugins/cmake/ament_cmake_export_dependencies-extras.cmake
-- Up-to-date: /home/nuna/ipm-ws/install/vision_msgs_rviz_plugins/share/vision_msgs_rviz_plugins/cmake/vision_msgs_rviz_pluginsConfig.cmake
-- Up-to-date: /home/nuna/ipm-ws/install/vision_msgs_rviz_plugins/share/vision_msgs_rviz_plugins/cmake/vision_msgs_rviz_pluginsConfig-version.cmake
-- Up-to-date: /home/nuna/ipm-ws/install/vision_msgs_rviz_plugins/share/vision_msgs_rviz_plugins/package.xml
