[0.051s] Invoking command in '/home/nuna/ipm-ws/build/vision_msgs_rviz_plugins': AMENT_PREFIX_PATH=/home/nuna/ipm-ws/install/vision_msgs:${AMENT_PREFIX_PATH} CMAKE_PREFIX_PATH=/home/nuna/ipm-ws/install/vision_msgs:/opt/ros/rolling LD_LIBRARY_PATH=/home/nuna/ipm-ws/install/vision_msgs/lib:${LD_LIBRARY_PATH} PYTHONPATH=/home/nuna/ipm-ws/install/vision_msgs/lib/python3.10/site-packages:${PYTHONPATH} /home/nuna/.local/bin/cmake --build /home/nuna/ipm-ws/build/vision_msgs_rviz_plugins -- -j8 -l8
[0.091s] [  6%] [34m[1mAutomatic MOC for target vision_msgs_rviz_plugins[0m
[0.098s] [  6%] Built target vision_msgs_rviz_plugins_autogen
[0.164s] [100%] Built target vision_msgs_rviz_plugins
[0.173s] Invoked command in '/home/nuna/ipm-ws/build/vision_msgs_rviz_plugins' returned '0': AMENT_PREFIX_PATH=/home/nuna/ipm-ws/install/vision_msgs:${AMENT_PREFIX_PATH} CMAKE_PREFIX_PATH=/home/nuna/ipm-ws/install/vision_msgs:/opt/ros/rolling LD_LIBRARY_PATH=/home/nuna/ipm-ws/install/vision_msgs/lib:${LD_LIBRARY_PATH} PYTHONPATH=/home/nuna/ipm-ws/install/vision_msgs/lib/python3.10/site-packages:${PYTHONPATH} /home/nuna/.local/bin/cmake --build /home/nuna/ipm-ws/build/vision_msgs_rviz_plugins -- -j8 -l8
[0.226s] Invoking command in '/home/nuna/ipm-ws/build/vision_msgs_rviz_plugins': AMENT_PREFIX_PATH=/home/nuna/ipm-ws/install/vision_msgs:${AMENT_PREFIX_PATH} CMAKE_PREFIX_PATH=/home/nuna/ipm-ws/install/vision_msgs:/opt/ros/rolling LD_LIBRARY_PATH=/home/nuna/ipm-ws/install/vision_msgs/lib:${LD_LIBRARY_PATH} PYTHONPATH=/home/nuna/ipm-ws/install/vision_msgs/lib/python3.10/site-packages:${PYTHONPATH} /home/nuna/.local/bin/cmake --install /home/nuna/ipm-ws/build/vision_msgs_rviz_plugins
[0.253s] -- Install configuration: ""
[0.253s] -- Up-to-date: /home/nuna/ipm-ws/install/vision_msgs_rviz_plugins/share/vision_msgs_rviz_plugins/plugins_description.xml
[0.253s] -- Up-to-date: /home/nuna/ipm-ws/install/vision_msgs_rviz_plugins/share/vision_msgs_rviz_plugins/environment/library_path.sh
[0.253s] -- Up-to-date: /home/nuna/ipm-ws/install/vision_msgs_rviz_plugins/share/vision_msgs_rviz_plugins/environment/library_path.dsv
[0.253s] -- Up-to-date: /home/nuna/ipm-ws/install/vision_msgs_rviz_plugins/lib/libvision_msgs_rviz_plugins.so
[0.253s] -- Up-to-date: /home/nuna/ipm-ws/install/vision_msgs_rviz_plugins/include/vision_msgs_rviz_plugins
[0.253s] -- Up-to-date: /home/nuna/ipm-ws/install/vision_msgs_rviz_plugins/include/vision_msgs_rviz_plugins/vision_msgs_rviz_plugins
[0.253s] -- Up-to-date: /home/nuna/ipm-ws/install/vision_msgs_rviz_plugins/include/vision_msgs_rviz_plugins/vision_msgs_rviz_plugins/bounding_box_3d.hpp
[0.254s] -- Up-to-date: /home/nuna/ipm-ws/install/vision_msgs_rviz_plugins/include/vision_msgs_rviz_plugins/vision_msgs_rviz_plugins/bounding_box_3d_array.hpp
[0.254s] -- Up-to-date: /home/nuna/ipm-ws/install/vision_msgs_rviz_plugins/include/vision_msgs_rviz_plugins/vision_msgs_rviz_plugins/detection_3d.hpp
[0.254s] -- Up-to-date: /home/nuna/ipm-ws/install/vision_msgs_rviz_plugins/include/vision_msgs_rviz_plugins/vision_msgs_rviz_plugins/visibility_control.hpp
[0.254s] -- Up-to-date: /home/nuna/ipm-ws/install/vision_msgs_rviz_plugins/include/vision_msgs_rviz_plugins/vision_msgs_rviz_plugins/detection_3d_common.hpp
[0.254s] -- Up-to-date: /home/nuna/ipm-ws/install/vision_msgs_rviz_plugins/include/vision_msgs_rviz_plugins/vision_msgs_rviz_plugins/detection_3d_array.hpp
[0.254s] -- Up-to-date: /home/nuna/ipm-ws/install/vision_msgs_rviz_plugins/include/vision_msgs_rviz_plugins/vision_msgs_rviz_plugins/bounding_box_3d_common.hpp
[0.254s] -- Up-to-date: /home/nuna/ipm-ws/install/vision_msgs_rviz_plugins/share/vision_msgs_rviz_plugins/launch
[0.254s] -- Up-to-date: /home/nuna/ipm-ws/install/vision_msgs_rviz_plugins/share/vision_msgs_rviz_plugins/launch/test_all.launch.py
[0.254s] -- Up-to-date: /home/nuna/ipm-ws/install/vision_msgs_rviz_plugins/share/vision_msgs_rviz_plugins/conf
[0.254s] -- Up-to-date: /home/nuna/ipm-ws/install/vision_msgs_rviz_plugins/share/vision_msgs_rviz_plugins/conf/conf.rviz
[0.254s] -- Up-to-date: /home/nuna/ipm-ws/install/vision_msgs_rviz_plugins/share/vision_msgs_rviz_plugins/conf/example.yaml
[0.254s] -- Up-to-date: /home/nuna/ipm-ws/install/vision_msgs_rviz_plugins/share/vision_msgs_rviz_plugins/icons
[0.254s] -- Up-to-date: /home/nuna/ipm-ws/install/vision_msgs_rviz_plugins/share/vision_msgs_rviz_plugins/icons/classes
[0.254s] -- Up-to-date: /home/nuna/ipm-ws/install/vision_msgs_rviz_plugins/share/vision_msgs_rviz_plugins/icons/classes/Detection3D.png
[0.254s] -- Up-to-date: /home/nuna/ipm-ws/install/vision_msgs_rviz_plugins/share/vision_msgs_rviz_plugins/icons/classes/BoundingBox3DArray.png
[0.254s] -- Up-to-date: /home/nuna/ipm-ws/install/vision_msgs_rviz_plugins/share/vision_msgs_rviz_plugins/icons/classes/BoundingBox3D.png
[0.255s] -- Up-to-date: /home/nuna/ipm-ws/install/vision_msgs_rviz_plugins/share/vision_msgs_rviz_plugins/icons/classes/Detection3DArray.png
[0.255s] -- Up-to-date: /home/nuna/ipm-ws/install/vision_msgs_rviz_plugins/lib/vision_msgs_rviz_plugins/Detection3DArray.py
[0.255s] -- Up-to-date: /home/nuna/ipm-ws/install/vision_msgs_rviz_plugins/lib/vision_msgs_rviz_plugins/Detection3D.py
[0.255s] -- Up-to-date: /home/nuna/ipm-ws/install/vision_msgs_rviz_plugins/lib/vision_msgs_rviz_plugins/BoundingBox3D.py
[0.255s] -- Up-to-date: /home/nuna/ipm-ws/install/vision_msgs_rviz_plugins/lib/vision_msgs_rviz_plugins/BoundingBox3DArray.py
[0.255s] -- Up-to-date: /home/nuna/ipm-ws/install/vision_msgs_rviz_plugins/share/ament_index/resource_index/package_run_dependencies/vision_msgs_rviz_plugins
[0.255s] -- Up-to-date: /home/nuna/ipm-ws/install/vision_msgs_rviz_plugins/share/ament_index/resource_index/parent_prefix_path/vision_msgs_rviz_plugins
[0.255s] -- Up-to-date: /home/nuna/ipm-ws/install/vision_msgs_rviz_plugins/share/vision_msgs_rviz_plugins/environment/ament_prefix_path.sh
[0.255s] -- Up-to-date: /home/nuna/ipm-ws/install/vision_msgs_rviz_plugins/share/vision_msgs_rviz_plugins/environment/ament_prefix_path.dsv
[0.255s] -- Up-to-date: /home/nuna/ipm-ws/install/vision_msgs_rviz_plugins/share/vision_msgs_rviz_plugins/environment/path.sh
[0.255s] -- Up-to-date: /home/nuna/ipm-ws/install/vision_msgs_rviz_plugins/share/vision_msgs_rviz_plugins/environment/path.dsv
[0.255s] -- Up-to-date: /home/nuna/ipm-ws/install/vision_msgs_rviz_plugins/share/vision_msgs_rviz_plugins/local_setup.bash
[0.255s] -- Up-to-date: /home/nuna/ipm-ws/install/vision_msgs_rviz_plugins/share/vision_msgs_rviz_plugins/local_setup.sh
[0.255s] -- Up-to-date: /home/nuna/ipm-ws/install/vision_msgs_rviz_plugins/share/vision_msgs_rviz_plugins/local_setup.zsh
[0.255s] -- Up-to-date: /home/nuna/ipm-ws/install/vision_msgs_rviz_plugins/share/vision_msgs_rviz_plugins/local_setup.dsv
[0.256s] -- Installing: /home/nuna/ipm-ws/install/vision_msgs_rviz_plugins/share/vision_msgs_rviz_plugins/package.dsv
[0.256s] -- Up-to-date: /home/nuna/ipm-ws/install/vision_msgs_rviz_plugins/share/ament_index/resource_index/packages/vision_msgs_rviz_plugins
[0.256s] -- Up-to-date: /home/nuna/ipm-ws/install/vision_msgs_rviz_plugins/share/ament_index/resource_index/rviz_common__pluginlib__plugin/vision_msgs_rviz_plugins
[0.256s] -- Up-to-date: /home/nuna/ipm-ws/install/vision_msgs_rviz_plugins/share/vision_msgs_rviz_plugins/cmake/vision_msgs_rviz_pluginsExport.cmake
[0.256s] -- Up-to-date: /home/nuna/ipm-ws/install/vision_msgs_rviz_plugins/share/vision_msgs_rviz_plugins/cmake/vision_msgs_rviz_pluginsExport-noconfig.cmake
[0.256s] -- Up-to-date: /home/nuna/ipm-ws/install/vision_msgs_rviz_plugins/share/vision_msgs_rviz_plugins/cmake/ament_cmake_export_include_directories-extras.cmake
[0.256s] -- Up-to-date: /home/nuna/ipm-ws/install/vision_msgs_rviz_plugins/share/vision_msgs_rviz_plugins/cmake/ament_cmake_export_targets-extras.cmake
[0.256s] -- Up-to-date: /home/nuna/ipm-ws/install/vision_msgs_rviz_plugins/share/vision_msgs_rviz_plugins/cmake/ament_cmake_export_dependencies-extras.cmake
[0.256s] -- Up-to-date: /home/nuna/ipm-ws/install/vision_msgs_rviz_plugins/share/vision_msgs_rviz_plugins/cmake/vision_msgs_rviz_pluginsConfig.cmake
[0.256s] -- Up-to-date: /home/nuna/ipm-ws/install/vision_msgs_rviz_plugins/share/vision_msgs_rviz_plugins/cmake/vision_msgs_rviz_pluginsConfig-version.cmake
[0.256s] -- Up-to-date: /home/nuna/ipm-ws/install/vision_msgs_rviz_plugins/share/vision_msgs_rviz_plugins/package.xml
[0.259s] Invoked command in '/home/nuna/ipm-ws/build/vision_msgs_rviz_plugins' returned '0': AMENT_PREFIX_PATH=/home/nuna/ipm-ws/install/vision_msgs:${AMENT_PREFIX_PATH} CMAKE_PREFIX_PATH=/home/nuna/ipm-ws/install/vision_msgs:/opt/ros/rolling LD_LIBRARY_PATH=/home/nuna/ipm-ws/install/vision_msgs/lib:${LD_LIBRARY_PATH} PYTHONPATH=/home/nuna/ipm-ws/install/vision_msgs/lib/python3.10/site-packages:${PYTHONPATH} /home/nuna/.local/bin/cmake --install /home/nuna/ipm-ws/build/vision_msgs_rviz_plugins
