[0.170s] Invoking command in '/home/nuna/ipm-ws/build/vision_msgs': CMAKE_PREFIX_PATH=/opt/ros/rolling /home/nuna/.local/bin/cmake --build /home/nuna/ipm-ws/build/vision_msgs -- -j8 -l8
[0.234s] [  0%] Built target vision_msgs__rosidl_generator_type_description
[0.245s] [  0%] Built target ament_cmake_python_copy_vision_msgs
[0.251s] [  1%] Built target gtest_main
[0.257s] [  2%] Built target gtest
[0.263s] [  2%] Built target vision_msgs__cpp
[0.303s] [ 28%] Built target vision_msgs__rosidl_generator_c
[0.353s] [ 38%] Built target vision_msgs__rosidl_typesupport_c
[0.372s] [ 47%] Built target vision_msgs__rosidl_typesupport_introspection_cpp
[0.375s] [ 56%] Built target vision_msgs__rosidl_typesupport_cpp
[0.379s] [ 66%] Built target vision_msgs__rosidl_typesupport_introspection_c
[0.385s] [ 76%] Built target vision_msgs__rosidl_typesupport_fastrtps_c
[0.394s] [ 85%] Built target vision_msgs__rosidl_typesupport_fastrtps_cpp
[0.415s] [ 85%] Built target vision_msgs
[0.428s] [ 86%] Built target vision_msgs__py
[0.435s] [ 88%] Built target vision_msgs_test
[0.466s] [ 97%] Built target vision_msgs__rosidl_generator_py
[0.483s] [ 98%] Built target vision_msgs__rosidl_typesupport_fastrtps_c__pyext
[0.486s] [ 99%] Built target vision_msgs__rosidl_typesupport_c__pyext
[0.487s] [100%] Built target vision_msgs__rosidl_typesupport_introspection_c__pyext
[0.629s] running egg_info
[0.631s] writing vision_msgs.egg-info/PKG-INFO
[0.631s] writing dependency_links to vision_msgs.egg-info/dependency_links.txt
[0.631s] writing top-level names to vision_msgs.egg-info/top_level.txt
[0.634s] reading manifest file 'vision_msgs.egg-info/SOURCES.txt'
[0.635s] writing manifest file 'vision_msgs.egg-info/SOURCES.txt'
[0.660s] [100%] Built target ament_cmake_python_build_vision_msgs_egg
[0.672s] Invoked command in '/home/nuna/ipm-ws/build/vision_msgs' returned '0': CMAKE_PREFIX_PATH=/opt/ros/rolling /home/nuna/.local/bin/cmake --build /home/nuna/ipm-ws/build/vision_msgs -- -j8 -l8
[1.023s] Invoking command in '/home/nuna/ipm-ws/build/vision_msgs': CMAKE_PREFIX_PATH=/opt/ros/rolling /home/nuna/.local/bin/cmake --install /home/nuna/ipm-ws/build/vision_msgs
[1.049s] -- Install configuration: ""
[1.050s] -- Up-to-date: /home/nuna/ipm-ws/install/vision_msgs/share/ament_index/resource_index/rosidl_interfaces/vision_msgs
[1.050s] -- Up-to-date: /home/nuna/ipm-ws/install/vision_msgs/share/vision_msgs/msg/BoundingBox2D.json
[1.050s] -- Up-to-date: /home/nuna/ipm-ws/install/vision_msgs/share/vision_msgs/msg/BoundingBox2DArray.json
[1.050s] -- Up-to-date: /home/nuna/ipm-ws/install/vision_msgs/share/vision_msgs/msg/BoundingBox3D.json
[1.050s] -- Up-to-date: /home/nuna/ipm-ws/install/vision_msgs/share/vision_msgs/msg/BoundingBox3DArray.json
[1.050s] -- Up-to-date: /home/nuna/ipm-ws/install/vision_msgs/share/vision_msgs/msg/Classification.json
[1.050s] -- Up-to-date: /home/nuna/ipm-ws/install/vision_msgs/share/vision_msgs/msg/Detection2DArray.json
[1.050s] -- Up-to-date: /home/nuna/ipm-ws/install/vision_msgs/share/vision_msgs/msg/Detection2D.json
[1.050s] -- Up-to-date: /home/nuna/ipm-ws/install/vision_msgs/share/vision_msgs/msg/Detection3DArray.json
[1.050s] -- Up-to-date: /home/nuna/ipm-ws/install/vision_msgs/share/vision_msgs/msg/Detection3D.json
[1.050s] -- Up-to-date: /home/nuna/ipm-ws/install/vision_msgs/share/vision_msgs/msg/LabelInfo.json
[1.050s] -- Up-to-date: /home/nuna/ipm-ws/install/vision_msgs/share/vision_msgs/msg/ObjectHypothesis.json
[1.051s] -- Up-to-date: /home/nuna/ipm-ws/install/vision_msgs/share/vision_msgs/msg/ObjectHypothesisWithPose.json
[1.051s] -- Up-to-date: /home/nuna/ipm-ws/install/vision_msgs/share/vision_msgs/msg/VisionClass.json
[1.051s] -- Up-to-date: /home/nuna/ipm-ws/install/vision_msgs/share/vision_msgs/msg/Point2D.json
[1.051s] -- Up-to-date: /home/nuna/ipm-ws/install/vision_msgs/share/vision_msgs/msg/Pose2D.json
[1.051s] -- Up-to-date: /home/nuna/ipm-ws/install/vision_msgs/share/vision_msgs/msg/VisionInfo.json
[1.051s] -- Up-to-date: /home/nuna/ipm-ws/install/vision_msgs/include/vision_msgs/vision_msgs
[1.051s] -- Up-to-date: /home/nuna/ipm-ws/install/vision_msgs/include/vision_msgs/vision_msgs/msg
[1.051s] -- Up-to-date: /home/nuna/ipm-ws/install/vision_msgs/include/vision_msgs/vision_msgs/msg/pose2_d.h
[1.051s] -- Up-to-date: /home/nuna/ipm-ws/install/vision_msgs/include/vision_msgs/vision_msgs/msg/detection2_d.h
[1.051s] -- Up-to-date: /home/nuna/ipm-ws/install/vision_msgs/include/vision_msgs/vision_msgs/msg/label_info.h
[1.051s] -- Up-to-date: /home/nuna/ipm-ws/install/vision_msgs/include/vision_msgs/vision_msgs/msg/point2_d.h
[1.052s] -- Up-to-date: /home/nuna/ipm-ws/install/vision_msgs/include/vision_msgs/vision_msgs/msg/bounding_box3_d_array.h
[1.052s] -- Up-to-date: /home/nuna/ipm-ws/install/vision_msgs/include/vision_msgs/vision_msgs/msg/classification.h
[1.052s] -- Up-to-date: /home/nuna/ipm-ws/install/vision_msgs/include/vision_msgs/vision_msgs/msg/object_hypothesis.h
[1.052s] -- Up-to-date: /home/nuna/ipm-ws/install/vision_msgs/include/vision_msgs/vision_msgs/msg/object_hypothesis_with_pose.h
[1.052s] -- Up-to-date: /home/nuna/ipm-ws/install/vision_msgs/include/vision_msgs/vision_msgs/msg/detection2_d_array.h
[1.052s] -- Up-to-date: /home/nuna/ipm-ws/install/vision_msgs/include/vision_msgs/vision_msgs/msg/detection3_d.h
[1.052s] -- Up-to-date: /home/nuna/ipm-ws/install/vision_msgs/include/vision_msgs/vision_msgs/msg/bounding_box2_d_array.h
[1.052s] -- Up-to-date: /home/nuna/ipm-ws/install/vision_msgs/include/vision_msgs/vision_msgs/msg/bounding_box2_d.h
[1.052s] -- Up-to-date: /home/nuna/ipm-ws/install/vision_msgs/include/vision_msgs/vision_msgs/msg/vision_class.h
[1.052s] -- Up-to-date: /home/nuna/ipm-ws/install/vision_msgs/include/vision_msgs/vision_msgs/msg/vision_info.h
[1.052s] -- Up-to-date: /home/nuna/ipm-ws/install/vision_msgs/include/vision_msgs/vision_msgs/msg/rosidl_generator_c__visibility_control.h
[1.052s] -- Up-to-date: /home/nuna/ipm-ws/install/vision_msgs/include/vision_msgs/vision_msgs/msg/bounding_box3_d.h
[1.052s] -- Up-to-date: /home/nuna/ipm-ws/install/vision_msgs/include/vision_msgs/vision_msgs/msg/detail
[1.052s] -- Up-to-date: /home/nuna/ipm-ws/install/vision_msgs/include/vision_msgs/vision_msgs/msg/detail/pose2_d__struct.h
[1.052s] -- Up-to-date: /home/nuna/ipm-ws/install/vision_msgs/include/vision_msgs/vision_msgs/msg/detail/detection3_d_array__type_support.h
[1.053s] -- Up-to-date: /home/nuna/ipm-ws/install/vision_msgs/include/vision_msgs/vision_msgs/msg/detail/bounding_box2_d_array__type_support.h
[1.053s] -- Up-to-date: /home/nuna/ipm-ws/install/vision_msgs/include/vision_msgs/vision_msgs/msg/detail/vision_info__description.c
[1.053s] -- Up-to-date: /home/nuna/ipm-ws/install/vision_msgs/include/vision_msgs/vision_msgs/msg/detail/vision_info__type_support.h
[1.053s] -- Up-to-date: /home/nuna/ipm-ws/install/vision_msgs/include/vision_msgs/vision_msgs/msg/detail/detection3_d__struct.h
[1.053s] -- Installing: /home/nuna/ipm-ws/install/vision_msgs/include/vision_msgs/vision_msgs/msg/detail/object_hypothesis_with_pose__type_support.c
[1.053s] -- Up-to-date: /home/nuna/ipm-ws/install/vision_msgs/include/vision_msgs/vision_msgs/msg/detail/label_info__type_support.h
[1.053s] -- Installing: /home/nuna/ipm-ws/install/vision_msgs/include/vision_msgs/vision_msgs/msg/detail/detection2_d_array__type_support.c
[1.053s] -- Up-to-date: /home/nuna/ipm-ws/install/vision_msgs/include/vision_msgs/vision_msgs/msg/detail/bounding_box3_d__description.c
[1.053s] -- Up-to-date: /home/nuna/ipm-ws/install/vision_msgs/include/vision_msgs/vision_msgs/msg/detail/bounding_box2_d__type_support.h
[1.053s] -- Up-to-date: /home/nuna/ipm-ws/install/vision_msgs/include/vision_msgs/vision_msgs/msg/detail/vision_info__struct.h
[1.053s] -- Up-to-date: /home/nuna/ipm-ws/install/vision_msgs/include/vision_msgs/vision_msgs/msg/detail/bounding_box2_d__functions.h
[1.053s] -- Installing: /home/nuna/ipm-ws/install/vision_msgs/include/vision_msgs/vision_msgs/msg/detail/detection2_d__type_support.c
[1.053s] -- Up-to-date: /home/nuna/ipm-ws/install/vision_msgs/include/vision_msgs/vision_msgs/msg/detail/label_info__functions.c
[1.053s] -- Up-to-date: /home/nuna/ipm-ws/install/vision_msgs/include/vision_msgs/vision_msgs/msg/detail/vision_info__functions.h
[1.054s] -- Installing: /home/nuna/ipm-ws/install/vision_msgs/include/vision_msgs/vision_msgs/msg/detail/point2_d__type_support.c
[1.054s] -- Up-to-date: /home/nuna/ipm-ws/install/vision_msgs/include/vision_msgs/vision_msgs/msg/detail/detection2_d__functions.h
[1.054s] -- Up-to-date: /home/nuna/ipm-ws/install/vision_msgs/include/vision_msgs/vision_msgs/msg/detail/detection2_d_array__functions.c
[1.054s] -- Installing: /home/nuna/ipm-ws/install/vision_msgs/include/vision_msgs/vision_msgs/msg/detail/label_info__type_support.c
[1.054s] -- Installing: /home/nuna/ipm-ws/install/vision_msgs/include/vision_msgs/vision_msgs/msg/detail/detection3_d_array__type_support.c
[1.055s] -- Up-to-date: /home/nuna/ipm-ws/install/vision_msgs/include/vision_msgs/vision_msgs/msg/detail/detection2_d__description.c
[1.055s] -- Up-to-date: /home/nuna/ipm-ws/install/vision_msgs/include/vision_msgs/vision_msgs/msg/detail/object_hypothesis__functions.c
[1.055s] -- Up-to-date: /home/nuna/ipm-ws/install/vision_msgs/include/vision_msgs/vision_msgs/msg/detail/object_hypothesis__struct.h
[1.055s] -- Up-to-date: /home/nuna/ipm-ws/install/vision_msgs/include/vision_msgs/vision_msgs/msg/detail/detection2_d__type_support.h
[1.056s] -- Up-to-date: /home/nuna/ipm-ws/install/vision_msgs/include/vision_msgs/vision_msgs/msg/detail/point2_d__struct.h
[1.056s] -- Up-to-date: /home/nuna/ipm-ws/install/vision_msgs/include/vision_msgs/vision_msgs/msg/detail/pose2_d__functions.h
[1.057s] -- Up-to-date: /home/nuna/ipm-ws/install/vision_msgs/include/vision_msgs/vision_msgs/msg/detail/detection3_d__type_support.h
[1.057s] -- Up-to-date: /home/nuna/ipm-ws/install/vision_msgs/include/vision_msgs/vision_msgs/msg/detail/vision_class__functions.c
[1.057s] -- Up-to-date: /home/nuna/ipm-ws/install/vision_msgs/include/vision_msgs/vision_msgs/msg/detail/label_info__functions.h
[1.057s] -- Up-to-date: /home/nuna/ipm-ws/install/vision_msgs/include/vision_msgs/vision_msgs/msg/detail/vision_class__description.c
[1.057s] -- Installing: /home/nuna/ipm-ws/install/vision_msgs/include/vision_msgs/vision_msgs/msg/detail/bounding_box2_d_array__type_support.c
[1.057s] -- Up-to-date: /home/nuna/ipm-ws/install/vision_msgs/include/vision_msgs/vision_msgs/msg/detail/bounding_box2_d_array__struct.h
[1.057s] -- Up-to-date: /home/nuna/ipm-ws/install/vision_msgs/include/vision_msgs/vision_msgs/msg/detail/detection2_d__functions.c
[1.057s] -- Up-to-date: /home/nuna/ipm-ws/install/vision_msgs/include/vision_msgs/vision_msgs/msg/detail/object_hypothesis_with_pose__description.c
[1.057s] -- Up-to-date: /home/nuna/ipm-ws/install/vision_msgs/include/vision_msgs/vision_msgs/msg/detail/vision_class__type_support.h
[1.057s] -- Up-to-date: /home/nuna/ipm-ws/install/vision_msgs/include/vision_msgs/vision_msgs/msg/detail/bounding_box2_d_array__description.c
[1.057s] -- Up-to-date: /home/nuna/ipm-ws/install/vision_msgs/include/vision_msgs/vision_msgs/msg/detail/vision_class__functions.h
[1.057s] -- Up-to-date: /home/nuna/ipm-ws/install/vision_msgs/include/vision_msgs/vision_msgs/msg/detail/detection3_d_array__functions.h
[1.058s] -- Up-to-date: /home/nuna/ipm-ws/install/vision_msgs/include/vision_msgs/vision_msgs/msg/detail/bounding_box3_d_array__description.c
[1.058s] -- Installing: /home/nuna/ipm-ws/install/vision_msgs/include/vision_msgs/vision_msgs/msg/detail/object_hypothesis__type_support.c
[1.058s] -- Installing: /home/nuna/ipm-ws/install/vision_msgs/include/vision_msgs/vision_msgs/msg/detail/classification__type_support.c
[1.058s] -- Installing: /home/nuna/ipm-ws/install/vision_msgs/include/vision_msgs/vision_msgs/msg/detail/bounding_box2_d__type_support.c
[1.058s] -- Up-to-date: /home/nuna/ipm-ws/install/vision_msgs/include/vision_msgs/vision_msgs/msg/detail/label_info__description.c
[1.058s] -- Installing: /home/nuna/ipm-ws/install/vision_msgs/include/vision_msgs/vision_msgs/msg/detail/pose2_d__type_support.c
[1.058s] -- Up-to-date: /home/nuna/ipm-ws/install/vision_msgs/include/vision_msgs/vision_msgs/msg/detail/bounding_box3_d_array__functions.h
[1.058s] -- Installing: /home/nuna/ipm-ws/install/vision_msgs/include/vision_msgs/vision_msgs/msg/detail/detection3_d__type_support.c
[1.058s] -- Up-to-date: /home/nuna/ipm-ws/install/vision_msgs/include/vision_msgs/vision_msgs/msg/detail/detection3_d_array__struct.h
[1.058s] -- Up-to-date: /home/nuna/ipm-ws/install/vision_msgs/include/vision_msgs/vision_msgs/msg/detail/bounding_box2_d_array__functions.h
[1.059s] -- Up-to-date: /home/nuna/ipm-ws/install/vision_msgs/include/vision_msgs/vision_msgs/msg/detail/point2_d__type_support.h
[1.059s] -- Up-to-date: /home/nuna/ipm-ws/install/vision_msgs/include/vision_msgs/vision_msgs/msg/detail/object_hypothesis__type_support.h
[1.059s] -- Up-to-date: /home/nuna/ipm-ws/install/vision_msgs/include/vision_msgs/vision_msgs/msg/detail/pose2_d__type_support.h
[1.059s] -- Up-to-date: /home/nuna/ipm-ws/install/vision_msgs/include/vision_msgs/vision_msgs/msg/detail/vision_class__struct.h
[1.059s] -- Up-to-date: /home/nuna/ipm-ws/install/vision_msgs/include/vision_msgs/vision_msgs/msg/detail/detection2_d_array__type_support.h
[1.059s] -- Up-to-date: /home/nuna/ipm-ws/install/vision_msgs/include/vision_msgs/vision_msgs/msg/detail/detection3_d__functions.h
[1.059s] -- Up-to-date: /home/nuna/ipm-ws/install/vision_msgs/include/vision_msgs/vision_msgs/msg/detail/detection2_d_array__description.c
[1.059s] -- Up-to-date: /home/nuna/ipm-ws/install/vision_msgs/include/vision_msgs/vision_msgs/msg/detail/detection2_d__struct.h
[1.059s] -- Up-to-date: /home/nuna/ipm-ws/install/vision_msgs/include/vision_msgs/vision_msgs/msg/detail/object_hypothesis_with_pose__functions.c
[1.059s] -- Up-to-date: /home/nuna/ipm-ws/install/vision_msgs/include/vision_msgs/vision_msgs/msg/detail/bounding_box3_d__functions.h
[1.060s] -- Up-to-date: /home/nuna/ipm-ws/install/vision_msgs/include/vision_msgs/vision_msgs/msg/detail/classification__functions.c
[1.060s] -- Up-to-date: /home/nuna/ipm-ws/install/vision_msgs/include/vision_msgs/vision_msgs/msg/detail/point2_d__functions.h
[1.060s] -- Up-to-date: /home/nuna/ipm-ws/install/vision_msgs/include/vision_msgs/vision_msgs/msg/detail/label_info__struct.h
[1.060s] -- Up-to-date: /home/nuna/ipm-ws/install/vision_msgs/include/vision_msgs/vision_msgs/msg/detail/detection2_d_array__struct.h
[1.060s] -- Up-to-date: /home/nuna/ipm-ws/install/vision_msgs/include/vision_msgs/vision_msgs/msg/detail/vision_info__functions.c
[1.060s] -- Installing: /home/nuna/ipm-ws/install/vision_msgs/include/vision_msgs/vision_msgs/msg/detail/bounding_box3_d__type_support.c
[1.060s] -- Up-to-date: /home/nuna/ipm-ws/install/vision_msgs/include/vision_msgs/vision_msgs/msg/detail/pose2_d__functions.c
[1.060s] -- Up-to-date: /home/nuna/ipm-ws/install/vision_msgs/include/vision_msgs/vision_msgs/msg/detail/detection2_d_array__functions.h
[1.060s] -- Up-to-date: /home/nuna/ipm-ws/install/vision_msgs/include/vision_msgs/vision_msgs/msg/detail/bounding_box3_d_array__struct.h
[1.060s] -- Up-to-date: /home/nuna/ipm-ws/install/vision_msgs/include/vision_msgs/vision_msgs/msg/detail/object_hypothesis__functions.h
[1.060s] -- Up-to-date: /home/nuna/ipm-ws/install/vision_msgs/include/vision_msgs/vision_msgs/msg/detail/point2_d__description.c
[1.060s] -- Up-to-date: /home/nuna/ipm-ws/install/vision_msgs/include/vision_msgs/vision_msgs/msg/detail/bounding_box3_d__struct.h
[1.060s] -- Up-to-date: /home/nuna/ipm-ws/install/vision_msgs/include/vision_msgs/vision_msgs/msg/detail/bounding_box2_d_array__functions.c
[1.060s] -- Up-to-date: /home/nuna/ipm-ws/install/vision_msgs/include/vision_msgs/vision_msgs/msg/detail/object_hypothesis_with_pose__functions.h
[1.060s] -- Up-to-date: /home/nuna/ipm-ws/install/vision_msgs/include/vision_msgs/vision_msgs/msg/detail/object_hypothesis_with_pose__struct.h
[1.061s] -- Installing: /home/nuna/ipm-ws/install/vision_msgs/include/vision_msgs/vision_msgs/msg/detail/vision_class__type_support.c
[1.061s] -- Up-to-date: /home/nuna/ipm-ws/install/vision_msgs/include/vision_msgs/vision_msgs/msg/detail/detection3_d_array__functions.c
[1.061s] -- Up-to-date: /home/nuna/ipm-ws/install/vision_msgs/include/vision_msgs/vision_msgs/msg/detail/bounding_box3_d__functions.c
[1.061s] -- Installing: /home/nuna/ipm-ws/install/vision_msgs/include/vision_msgs/vision_msgs/msg/detail/bounding_box3_d_array__type_support.c
[1.061s] -- Up-to-date: /home/nuna/ipm-ws/install/vision_msgs/include/vision_msgs/vision_msgs/msg/detail/bounding_box3_d_array__type_support.h
[1.061s] -- Up-to-date: /home/nuna/ipm-ws/install/vision_msgs/include/vision_msgs/vision_msgs/msg/detail/bounding_box3_d_array__functions.c
[1.061s] -- Up-to-date: /home/nuna/ipm-ws/install/vision_msgs/include/vision_msgs/vision_msgs/msg/detail/classification__type_support.h
[1.061s] -- Up-to-date: /home/nuna/ipm-ws/install/vision_msgs/include/vision_msgs/vision_msgs/msg/detail/bounding_box2_d__functions.c
[1.062s] -- Up-to-date: /home/nuna/ipm-ws/install/vision_msgs/include/vision_msgs/vision_msgs/msg/detail/point2_d__functions.c
[1.062s] -- Up-to-date: /home/nuna/ipm-ws/install/vision_msgs/include/vision_msgs/vision_msgs/msg/detail/object_hypothesis_with_pose__type_support.h
[1.062s] -- Installing: /home/nuna/ipm-ws/install/vision_msgs/include/vision_msgs/vision_msgs/msg/detail/vision_info__type_support.c
[1.062s] -- Up-to-date: /home/nuna/ipm-ws/install/vision_msgs/include/vision_msgs/vision_msgs/msg/detail/classification__description.c
[1.062s] -- Up-to-date: /home/nuna/ipm-ws/install/vision_msgs/include/vision_msgs/vision_msgs/msg/detail/detection3_d_array__description.c
[1.062s] -- Up-to-date: /home/nuna/ipm-ws/install/vision_msgs/include/vision_msgs/vision_msgs/msg/detail/object_hypothesis__description.c
[1.062s] -- Up-to-date: /home/nuna/ipm-ws/install/vision_msgs/include/vision_msgs/vision_msgs/msg/detail/detection3_d__description.c
[1.062s] -- Up-to-date: /home/nuna/ipm-ws/install/vision_msgs/include/vision_msgs/vision_msgs/msg/detail/bounding_box3_d__type_support.h
[1.063s] -- Up-to-date: /home/nuna/ipm-ws/install/vision_msgs/include/vision_msgs/vision_msgs/msg/detail/bounding_box2_d__description.c
[1.063s] -- Up-to-date: /home/nuna/ipm-ws/install/vision_msgs/include/vision_msgs/vision_msgs/msg/detail/detection3_d__functions.c
[1.063s] -- Up-to-date: /home/nuna/ipm-ws/install/vision_msgs/include/vision_msgs/vision_msgs/msg/detail/pose2_d__description.c
[1.063s] -- Up-to-date: /home/nuna/ipm-ws/install/vision_msgs/include/vision_msgs/vision_msgs/msg/detail/classification__functions.h
[1.063s] -- Up-to-date: /home/nuna/ipm-ws/install/vision_msgs/include/vision_msgs/vision_msgs/msg/detail/classification__struct.h
[1.063s] -- Up-to-date: /home/nuna/ipm-ws/install/vision_msgs/include/vision_msgs/vision_msgs/msg/detail/bounding_box2_d__struct.h
[1.063s] -- Up-to-date: /home/nuna/ipm-ws/install/vision_msgs/include/vision_msgs/vision_msgs/msg/detection3_d_array.h
[1.063s] -- Up-to-date: /home/nuna/ipm-ws/install/vision_msgs/share/vision_msgs/environment/library_path.sh
[1.063s] -- Up-to-date: /home/nuna/ipm-ws/install/vision_msgs/share/vision_msgs/environment/library_path.dsv
[1.064s] -- Up-to-date: /home/nuna/ipm-ws/install/vision_msgs/lib/libvision_msgs__rosidl_generator_c.so
[1.064s] -- Up-to-date: /home/nuna/ipm-ws/install/vision_msgs/include/vision_msgs/vision_msgs
[1.064s] -- Up-to-date: /home/nuna/ipm-ws/install/vision_msgs/include/vision_msgs/vision_msgs/msg
[1.064s] -- Up-to-date: /home/nuna/ipm-ws/install/vision_msgs/include/vision_msgs/vision_msgs/msg/rosidl_typesupport_fastrtps_c__visibility_control.h
[1.064s] -- Up-to-date: /home/nuna/ipm-ws/install/vision_msgs/include/vision_msgs/vision_msgs/msg/detail
[1.064s] -- Up-to-date: /home/nuna/ipm-ws/install/vision_msgs/include/vision_msgs/vision_msgs/msg/detail/classification__rosidl_typesupport_fastrtps_c.h
[1.064s] -- Up-to-date: /home/nuna/ipm-ws/install/vision_msgs/include/vision_msgs/vision_msgs/msg/detail/detection2_d_array__rosidl_typesupport_fastrtps_c.h
[1.064s] -- Up-to-date: /home/nuna/ipm-ws/install/vision_msgs/include/vision_msgs/vision_msgs/msg/detail/vision_info__rosidl_typesupport_fastrtps_c.h
[1.064s] -- Up-to-date: /home/nuna/ipm-ws/install/vision_msgs/include/vision_msgs/vision_msgs/msg/detail/detection2_d__rosidl_typesupport_fastrtps_c.h
[1.064s] -- Up-to-date: /home/nuna/ipm-ws/install/vision_msgs/include/vision_msgs/vision_msgs/msg/detail/object_hypothesis_with_pose__rosidl_typesupport_fastrtps_c.h
[1.064s] -- Up-to-date: /home/nuna/ipm-ws/install/vision_msgs/include/vision_msgs/vision_msgs/msg/detail/bounding_box3_d_array__rosidl_typesupport_fastrtps_c.h
[1.064s] -- Up-to-date: /home/nuna/ipm-ws/install/vision_msgs/include/vision_msgs/vision_msgs/msg/detail/object_hypothesis__rosidl_typesupport_fastrtps_c.h
[1.065s] -- Up-to-date: /home/nuna/ipm-ws/install/vision_msgs/include/vision_msgs/vision_msgs/msg/detail/bounding_box2_d__rosidl_typesupport_fastrtps_c.h
[1.065s] -- Up-to-date: /home/nuna/ipm-ws/install/vision_msgs/include/vision_msgs/vision_msgs/msg/detail/bounding_box2_d_array__rosidl_typesupport_fastrtps_c.h
[1.065s] -- Up-to-date: /home/nuna/ipm-ws/install/vision_msgs/include/vision_msgs/vision_msgs/msg/detail/vision_class__rosidl_typesupport_fastrtps_c.h
[1.065s] -- Up-to-date: /home/nuna/ipm-ws/install/vision_msgs/include/vision_msgs/vision_msgs/msg/detail/bounding_box3_d__rosidl_typesupport_fastrtps_c.h
[1.065s] -- Up-to-date: /home/nuna/ipm-ws/install/vision_msgs/include/vision_msgs/vision_msgs/msg/detail/point2_d__rosidl_typesupport_fastrtps_c.h
[1.065s] -- Up-to-date: /home/nuna/ipm-ws/install/vision_msgs/include/vision_msgs/vision_msgs/msg/detail/pose2_d__rosidl_typesupport_fastrtps_c.h
[1.065s] -- Up-to-date: /home/nuna/ipm-ws/install/vision_msgs/include/vision_msgs/vision_msgs/msg/detail/detection3_d__rosidl_typesupport_fastrtps_c.h
[1.066s] -- Up-to-date: /home/nuna/ipm-ws/install/vision_msgs/include/vision_msgs/vision_msgs/msg/detail/label_info__rosidl_typesupport_fastrtps_c.h
[1.066s] -- Up-to-date: /home/nuna/ipm-ws/install/vision_msgs/include/vision_msgs/vision_msgs/msg/detail/detection3_d_array__rosidl_typesupport_fastrtps_c.h
[1.066s] -- Up-to-date: /home/nuna/ipm-ws/install/vision_msgs/lib/libvision_msgs__rosidl_typesupport_fastrtps_c.so
[1.066s] -- Up-to-date: /home/nuna/ipm-ws/install/vision_msgs/include/vision_msgs/vision_msgs
[1.066s] -- Up-to-date: /home/nuna/ipm-ws/install/vision_msgs/include/vision_msgs/vision_msgs/msg
[1.066s] -- Up-to-date: /home/nuna/ipm-ws/install/vision_msgs/include/vision_msgs/vision_msgs/msg/bounding_box3_d_array.hpp
[1.066s] -- Up-to-date: /home/nuna/ipm-ws/install/vision_msgs/include/vision_msgs/vision_msgs/msg/object_hypothesis.hpp
[1.066s] -- Up-to-date: /home/nuna/ipm-ws/install/vision_msgs/include/vision_msgs/vision_msgs/msg/bounding_box2_d_array.hpp
[1.067s] -- Up-to-date: /home/nuna/ipm-ws/install/vision_msgs/include/vision_msgs/vision_msgs/msg/point2_d.hpp
[1.067s] -- Up-to-date: /home/nuna/ipm-ws/install/vision_msgs/include/vision_msgs/vision_msgs/msg/pose2_d.hpp
[1.067s] -- Up-to-date: /home/nuna/ipm-ws/install/vision_msgs/include/vision_msgs/vision_msgs/msg/classification.hpp
[1.067s] -- Up-to-date: /home/nuna/ipm-ws/install/vision_msgs/include/vision_msgs/vision_msgs/msg/detection3_d_array.hpp
[1.067s] -- Up-to-date: /home/nuna/ipm-ws/install/vision_msgs/include/vision_msgs/vision_msgs/msg/detection2_d.hpp
[1.067s] -- Up-to-date: /home/nuna/ipm-ws/install/vision_msgs/include/vision_msgs/vision_msgs/msg/object_hypothesis_with_pose.hpp
[1.067s] -- Up-to-date: /home/nuna/ipm-ws/install/vision_msgs/include/vision_msgs/vision_msgs/msg/detection3_d.hpp
[1.067s] -- Up-to-date: /home/nuna/ipm-ws/install/vision_msgs/include/vision_msgs/vision_msgs/msg/bounding_box2_d.hpp
[1.067s] -- Up-to-date: /home/nuna/ipm-ws/install/vision_msgs/include/vision_msgs/vision_msgs/msg/detection2_d_array.hpp
[1.067s] -- Up-to-date: /home/nuna/ipm-ws/install/vision_msgs/include/vision_msgs/vision_msgs/msg/label_info.hpp
[1.067s] -- Up-to-date: /home/nuna/ipm-ws/install/vision_msgs/include/vision_msgs/vision_msgs/msg/vision_class.hpp
[1.067s] -- Up-to-date: /home/nuna/ipm-ws/install/vision_msgs/include/vision_msgs/vision_msgs/msg/bounding_box3_d.hpp
[1.067s] -- Up-to-date: /home/nuna/ipm-ws/install/vision_msgs/include/vision_msgs/vision_msgs/msg/vision_info.hpp
[1.068s] -- Up-to-date: /home/nuna/ipm-ws/install/vision_msgs/include/vision_msgs/vision_msgs/msg/rosidl_generator_cpp__visibility_control.hpp
[1.068s] -- Up-to-date: /home/nuna/ipm-ws/install/vision_msgs/include/vision_msgs/vision_msgs/msg/detail
[1.068s] -- Up-to-date: /home/nuna/ipm-ws/install/vision_msgs/include/vision_msgs/vision_msgs/msg/detail/detection3_d__type_support.hpp
[1.068s] -- Up-to-date: /home/nuna/ipm-ws/install/vision_msgs/include/vision_msgs/vision_msgs/msg/detail/bounding_box3_d__type_support.hpp
[1.068s] -- Up-to-date: /home/nuna/ipm-ws/install/vision_msgs/include/vision_msgs/vision_msgs/msg/detail/detection2_d_array__struct.hpp
[1.068s] -- Up-to-date: /home/nuna/ipm-ws/install/vision_msgs/include/vision_msgs/vision_msgs/msg/detail/label_info__type_support.hpp
[1.068s] -- Up-to-date: /home/nuna/ipm-ws/install/vision_msgs/include/vision_msgs/vision_msgs/msg/detail/object_hypothesis_with_pose__type_support.hpp
[1.068s] -- Up-to-date: /home/nuna/ipm-ws/install/vision_msgs/include/vision_msgs/vision_msgs/msg/detail/vision_class__traits.hpp
[1.068s] -- Up-to-date: /home/nuna/ipm-ws/install/vision_msgs/include/vision_msgs/vision_msgs/msg/detail/detection3_d_array__builder.hpp
[1.068s] -- Up-to-date: /home/nuna/ipm-ws/install/vision_msgs/include/vision_msgs/vision_msgs/msg/detail/label_info__builder.hpp
[1.068s] -- Up-to-date: /home/nuna/ipm-ws/install/vision_msgs/include/vision_msgs/vision_msgs/msg/detail/detection2_d_array__traits.hpp
[1.068s] -- Up-to-date: /home/nuna/ipm-ws/install/vision_msgs/include/vision_msgs/vision_msgs/msg/detail/classification__builder.hpp
[1.069s] -- Up-to-date: /home/nuna/ipm-ws/install/vision_msgs/include/vision_msgs/vision_msgs/msg/detail/detection2_d__struct.hpp
[1.069s] -- Up-to-date: /home/nuna/ipm-ws/install/vision_msgs/include/vision_msgs/vision_msgs/msg/detail/classification__struct.hpp
[1.069s] -- Up-to-date: /home/nuna/ipm-ws/install/vision_msgs/include/vision_msgs/vision_msgs/msg/detail/vision_info__struct.hpp
[1.069s] -- Up-to-date: /home/nuna/ipm-ws/install/vision_msgs/include/vision_msgs/vision_msgs/msg/detail/object_hypothesis__builder.hpp
[1.069s] -- Up-to-date: /home/nuna/ipm-ws/install/vision_msgs/include/vision_msgs/vision_msgs/msg/detail/detection2_d_array__type_support.hpp
[1.069s] -- Up-to-date: /home/nuna/ipm-ws/install/vision_msgs/include/vision_msgs/vision_msgs/msg/detail/bounding_box2_d__builder.hpp
[1.069s] -- Up-to-date: /home/nuna/ipm-ws/install/vision_msgs/include/vision_msgs/vision_msgs/msg/detail/bounding_box3_d__struct.hpp
[1.069s] -- Up-to-date: /home/nuna/ipm-ws/install/vision_msgs/include/vision_msgs/vision_msgs/msg/detail/vision_info__builder.hpp
[1.069s] -- Up-to-date: /home/nuna/ipm-ws/install/vision_msgs/include/vision_msgs/vision_msgs/msg/detail/pose2_d__struct.hpp
[1.069s] -- Up-to-date: /home/nuna/ipm-ws/install/vision_msgs/include/vision_msgs/vision_msgs/msg/detail/detection2_d__traits.hpp
[1.069s] -- Up-to-date: /home/nuna/ipm-ws/install/vision_msgs/include/vision_msgs/vision_msgs/msg/detail/object_hypothesis__struct.hpp
[1.069s] -- Up-to-date: /home/nuna/ipm-ws/install/vision_msgs/include/vision_msgs/vision_msgs/msg/detail/classification__traits.hpp
[1.069s] -- Up-to-date: /home/nuna/ipm-ws/install/vision_msgs/include/vision_msgs/vision_msgs/msg/detail/bounding_box3_d_array__type_support.hpp
[1.070s] -- Up-to-date: /home/nuna/ipm-ws/install/vision_msgs/include/vision_msgs/vision_msgs/msg/detail/pose2_d__traits.hpp
[1.070s] -- Up-to-date: /home/nuna/ipm-ws/install/vision_msgs/include/vision_msgs/vision_msgs/msg/detail/bounding_box2_d__traits.hpp
[1.070s] -- Up-to-date: /home/nuna/ipm-ws/install/vision_msgs/include/vision_msgs/vision_msgs/msg/detail/detection3_d_array__struct.hpp
[1.070s] -- Up-to-date: /home/nuna/ipm-ws/install/vision_msgs/include/vision_msgs/vision_msgs/msg/detail/bounding_box2_d_array__type_support.hpp
[1.070s] -- Up-to-date: /home/nuna/ipm-ws/install/vision_msgs/include/vision_msgs/vision_msgs/msg/detail/label_info__struct.hpp
[1.070s] -- Up-to-date: /home/nuna/ipm-ws/install/vision_msgs/include/vision_msgs/vision_msgs/msg/detail/object_hypothesis__traits.hpp
[1.070s] -- Up-to-date: /home/nuna/ipm-ws/install/vision_msgs/include/vision_msgs/vision_msgs/msg/detail/bounding_box2_d_array__builder.hpp
[1.070s] -- Up-to-date: /home/nuna/ipm-ws/install/vision_msgs/include/vision_msgs/vision_msgs/msg/detail/bounding_box2_d__type_support.hpp
[1.070s] -- Up-to-date: /home/nuna/ipm-ws/install/vision_msgs/include/vision_msgs/vision_msgs/msg/detail/bounding_box2_d__struct.hpp
[1.071s] -- Up-to-date: /home/nuna/ipm-ws/install/vision_msgs/include/vision_msgs/vision_msgs/msg/detail/bounding_box3_d_array__traits.hpp
[1.071s] -- Up-to-date: /home/nuna/ipm-ws/install/vision_msgs/include/vision_msgs/vision_msgs/msg/detail/detection2_d__builder.hpp
[1.071s] -- Up-to-date: /home/nuna/ipm-ws/install/vision_msgs/include/vision_msgs/vision_msgs/msg/detail/pose2_d__type_support.hpp
[1.071s] -- Up-to-date: /home/nuna/ipm-ws/install/vision_msgs/include/vision_msgs/vision_msgs/msg/detail/detection2_d__type_support.hpp
[1.071s] -- Up-to-date: /home/nuna/ipm-ws/install/vision_msgs/include/vision_msgs/vision_msgs/msg/detail/point2_d__struct.hpp
[1.071s] -- Up-to-date: /home/nuna/ipm-ws/install/vision_msgs/include/vision_msgs/vision_msgs/msg/detail/classification__type_support.hpp
[1.071s] -- Up-to-date: /home/nuna/ipm-ws/install/vision_msgs/include/vision_msgs/vision_msgs/msg/detail/vision_info__type_support.hpp
[1.071s] -- Up-to-date: /home/nuna/ipm-ws/install/vision_msgs/include/vision_msgs/vision_msgs/msg/detail/detection3_d_array__traits.hpp
[1.071s] -- Up-to-date: /home/nuna/ipm-ws/install/vision_msgs/include/vision_msgs/vision_msgs/msg/detail/bounding_box3_d__builder.hpp
[1.071s] -- Up-to-date: /home/nuna/ipm-ws/install/vision_msgs/include/vision_msgs/vision_msgs/msg/detail/detection3_d__struct.hpp
[1.071s] -- Up-to-date: /home/nuna/ipm-ws/install/vision_msgs/include/vision_msgs/vision_msgs/msg/detail/point2_d__builder.hpp
[1.072s] -- Up-to-date: /home/nuna/ipm-ws/install/vision_msgs/include/vision_msgs/vision_msgs/msg/detail/point2_d__type_support.hpp
[1.072s] -- Up-to-date: /home/nuna/ipm-ws/install/vision_msgs/include/vision_msgs/vision_msgs/msg/detail/object_hypothesis_with_pose__traits.hpp
[1.072s] -- Up-to-date: /home/nuna/ipm-ws/install/vision_msgs/include/vision_msgs/vision_msgs/msg/detail/vision_class__type_support.hpp
[1.072s] -- Up-to-date: /home/nuna/ipm-ws/install/vision_msgs/include/vision_msgs/vision_msgs/msg/detail/bounding_box3_d_array__struct.hpp
[1.072s] -- Up-to-date: /home/nuna/ipm-ws/install/vision_msgs/include/vision_msgs/vision_msgs/msg/detail/vision_info__traits.hpp
[1.072s] -- Up-to-date: /home/nuna/ipm-ws/install/vision_msgs/include/vision_msgs/vision_msgs/msg/detail/object_hypothesis_with_pose__builder.hpp
[1.072s] -- Up-to-date: /home/nuna/ipm-ws/install/vision_msgs/include/vision_msgs/vision_msgs/msg/detail/vision_class__builder.hpp
[1.072s] -- Up-to-date: /home/nuna/ipm-ws/install/vision_msgs/include/vision_msgs/vision_msgs/msg/detail/object_hypothesis_with_pose__struct.hpp
[1.072s] -- Up-to-date: /home/nuna/ipm-ws/install/vision_msgs/include/vision_msgs/vision_msgs/msg/detail/object_hypothesis__type_support.hpp
[1.072s] -- Up-to-date: /home/nuna/ipm-ws/install/vision_msgs/include/vision_msgs/vision_msgs/msg/detail/bounding_box3_d_array__builder.hpp
[1.072s] -- Up-to-date: /home/nuna/ipm-ws/install/vision_msgs/include/vision_msgs/vision_msgs/msg/detail/bounding_box3_d__traits.hpp
[1.073s] -- Up-to-date: /home/nuna/ipm-ws/install/vision_msgs/include/vision_msgs/vision_msgs/msg/detail/bounding_box2_d_array__traits.hpp
[1.073s] -- Up-to-date: /home/nuna/ipm-ws/install/vision_msgs/include/vision_msgs/vision_msgs/msg/detail/pose2_d__builder.hpp
[1.073s] -- Up-to-date: /home/nuna/ipm-ws/install/vision_msgs/include/vision_msgs/vision_msgs/msg/detail/label_info__traits.hpp
[1.073s] -- Up-to-date: /home/nuna/ipm-ws/install/vision_msgs/include/vision_msgs/vision_msgs/msg/detail/detection3_d__traits.hpp
[1.073s] -- Up-to-date: /home/nuna/ipm-ws/install/vision_msgs/include/vision_msgs/vision_msgs/msg/detail/detection2_d_array__builder.hpp
[1.073s] -- Up-to-date: /home/nuna/ipm-ws/install/vision_msgs/include/vision_msgs/vision_msgs/msg/detail/bounding_box2_d_array__struct.hpp
[1.073s] -- Up-to-date: /home/nuna/ipm-ws/install/vision_msgs/include/vision_msgs/vision_msgs/msg/detail/point2_d__traits.hpp
[1.073s] -- Up-to-date: /home/nuna/ipm-ws/install/vision_msgs/include/vision_msgs/vision_msgs/msg/detail/detection3_d_array__type_support.hpp
[1.073s] -- Up-to-date: /home/nuna/ipm-ws/install/vision_msgs/include/vision_msgs/vision_msgs/msg/detail/vision_class__struct.hpp
[1.073s] -- Up-to-date: /home/nuna/ipm-ws/install/vision_msgs/include/vision_msgs/vision_msgs/msg/detail/detection3_d__builder.hpp
[1.073s] -- Up-to-date: /home/nuna/ipm-ws/install/vision_msgs/include/vision_msgs/vision_msgs
[1.073s] -- Up-to-date: /home/nuna/ipm-ws/install/vision_msgs/include/vision_msgs/vision_msgs/msg
[1.073s] -- Up-to-date: /home/nuna/ipm-ws/install/vision_msgs/include/vision_msgs/vision_msgs/msg/rosidl_typesupport_fastrtps_cpp__visibility_control.h
[1.073s] -- Up-to-date: /home/nuna/ipm-ws/install/vision_msgs/include/vision_msgs/vision_msgs/msg/detail
[1.074s] -- Up-to-date: /home/nuna/ipm-ws/install/vision_msgs/include/vision_msgs/vision_msgs/msg/detail/bounding_box3_d__rosidl_typesupport_fastrtps_cpp.hpp
[1.074s] -- Up-to-date: /home/nuna/ipm-ws/install/vision_msgs/include/vision_msgs/vision_msgs/msg/detail/detection3_d__rosidl_typesupport_fastrtps_cpp.hpp
[1.074s] -- Up-to-date: /home/nuna/ipm-ws/install/vision_msgs/include/vision_msgs/vision_msgs/msg/detail/pose2_d__rosidl_typesupport_fastrtps_cpp.hpp
[1.074s] -- Up-to-date: /home/nuna/ipm-ws/install/vision_msgs/include/vision_msgs/vision_msgs/msg/detail/object_hypothesis_with_pose__rosidl_typesupport_fastrtps_cpp.hpp
[1.074s] -- Up-to-date: /home/nuna/ipm-ws/install/vision_msgs/include/vision_msgs/vision_msgs/msg/detail/dds_fastrtps
[1.074s] -- Up-to-date: /home/nuna/ipm-ws/install/vision_msgs/include/vision_msgs/vision_msgs/msg/detail/object_hypothesis__rosidl_typesupport_fastrtps_cpp.hpp
[1.074s] -- Up-to-date: /home/nuna/ipm-ws/install/vision_msgs/include/vision_msgs/vision_msgs/msg/detail/detection2_d_array__rosidl_typesupport_fastrtps_cpp.hpp
[1.074s] -- Up-to-date: /home/nuna/ipm-ws/install/vision_msgs/include/vision_msgs/vision_msgs/msg/detail/point2_d__rosidl_typesupport_fastrtps_cpp.hpp
[1.074s] -- Up-to-date: /home/nuna/ipm-ws/install/vision_msgs/include/vision_msgs/vision_msgs/msg/detail/detection3_d_array__rosidl_typesupport_fastrtps_cpp.hpp
[1.074s] -- Up-to-date: /home/nuna/ipm-ws/install/vision_msgs/include/vision_msgs/vision_msgs/msg/detail/vision_info__rosidl_typesupport_fastrtps_cpp.hpp
[1.074s] -- Up-to-date: /home/nuna/ipm-ws/install/vision_msgs/include/vision_msgs/vision_msgs/msg/detail/bounding_box3_d_array__rosidl_typesupport_fastrtps_cpp.hpp
[1.074s] -- Up-to-date: /home/nuna/ipm-ws/install/vision_msgs/include/vision_msgs/vision_msgs/msg/detail/bounding_box2_d_array__rosidl_typesupport_fastrtps_cpp.hpp
[1.075s] -- Up-to-date: /home/nuna/ipm-ws/install/vision_msgs/include/vision_msgs/vision_msgs/msg/detail/classification__rosidl_typesupport_fastrtps_cpp.hpp
[1.075s] -- Up-to-date: /home/nuna/ipm-ws/install/vision_msgs/include/vision_msgs/vision_msgs/msg/detail/label_info__rosidl_typesupport_fastrtps_cpp.hpp
[1.075s] -- Up-to-date: /home/nuna/ipm-ws/install/vision_msgs/include/vision_msgs/vision_msgs/msg/detail/bounding_box2_d__rosidl_typesupport_fastrtps_cpp.hpp
[1.075s] -- Up-to-date: /home/nuna/ipm-ws/install/vision_msgs/include/vision_msgs/vision_msgs/msg/detail/vision_class__rosidl_typesupport_fastrtps_cpp.hpp
[1.075s] -- Up-to-date: /home/nuna/ipm-ws/install/vision_msgs/include/vision_msgs/vision_msgs/msg/detail/detection2_d__rosidl_typesupport_fastrtps_cpp.hpp
[1.075s] -- Up-to-date: /home/nuna/ipm-ws/install/vision_msgs/lib/libvision_msgs__rosidl_typesupport_fastrtps_cpp.so
[1.075s] -- Up-to-date: /home/nuna/ipm-ws/install/vision_msgs/include/vision_msgs/vision_msgs
[1.075s] -- Up-to-date: /home/nuna/ipm-ws/install/vision_msgs/include/vision_msgs/vision_msgs/msg
[1.075s] -- Up-to-date: /home/nuna/ipm-ws/install/vision_msgs/include/vision_msgs/vision_msgs/msg/rosidl_typesupport_introspection_c__visibility_control.h
[1.075s] -- Up-to-date: /home/nuna/ipm-ws/install/vision_msgs/include/vision_msgs/vision_msgs/msg/detail
[1.075s] -- Up-to-date: /home/nuna/ipm-ws/install/vision_msgs/include/vision_msgs/vision_msgs/msg/detail/pose2_d__rosidl_typesupport_introspection_c.h
[1.075s] -- Up-to-date: /home/nuna/ipm-ws/install/vision_msgs/include/vision_msgs/vision_msgs/msg/detail/point2_d__rosidl_typesupport_introspection_c.h
[1.076s] -- Up-to-date: /home/nuna/ipm-ws/install/vision_msgs/include/vision_msgs/vision_msgs/msg/detail/bounding_box2_d_array__rosidl_typesupport_introspection_c.h
[1.076s] -- Installing: /home/nuna/ipm-ws/install/vision_msgs/include/vision_msgs/vision_msgs/msg/detail/object_hypothesis_with_pose__type_support.c
[1.076s] -- Installing: /home/nuna/ipm-ws/install/vision_msgs/include/vision_msgs/vision_msgs/msg/detail/detection2_d_array__type_support.c
[1.076s] -- Installing: /home/nuna/ipm-ws/install/vision_msgs/include/vision_msgs/vision_msgs/msg/detail/detection2_d__type_support.c
[1.076s] -- Installing: /home/nuna/ipm-ws/install/vision_msgs/include/vision_msgs/vision_msgs/msg/detail/point2_d__type_support.c
[1.076s] -- Up-to-date: /home/nuna/ipm-ws/install/vision_msgs/include/vision_msgs/vision_msgs/msg/detail/bounding_box2_d__rosidl_typesupport_introspection_c.h
[1.076s] -- Installing: /home/nuna/ipm-ws/install/vision_msgs/include/vision_msgs/vision_msgs/msg/detail/label_info__type_support.c
[1.076s] -- Installing: /home/nuna/ipm-ws/install/vision_msgs/include/vision_msgs/vision_msgs/msg/detail/detection3_d_array__type_support.c
[1.076s] -- Up-to-date: /home/nuna/ipm-ws/install/vision_msgs/include/vision_msgs/vision_msgs/msg/detail/bounding_box3_d_array__rosidl_typesupport_introspection_c.h
[1.076s] -- Installing: /home/nuna/ipm-ws/install/vision_msgs/include/vision_msgs/vision_msgs/msg/detail/bounding_box2_d_array__type_support.c
[1.076s] -- Up-to-date: /home/nuna/ipm-ws/install/vision_msgs/include/vision_msgs/vision_msgs/msg/detail/classification__rosidl_typesupport_introspection_c.h
[1.076s] -- Up-to-date: /home/nuna/ipm-ws/install/vision_msgs/include/vision_msgs/vision_msgs/msg/detail/detection3_d_array__rosidl_typesupport_introspection_c.h
[1.076s] -- Up-to-date: /home/nuna/ipm-ws/install/vision_msgs/include/vision_msgs/vision_msgs/msg/detail/detection3_d__rosidl_typesupport_introspection_c.h
[1.076s] -- Installing: /home/nuna/ipm-ws/install/vision_msgs/include/vision_msgs/vision_msgs/msg/detail/object_hypothesis__type_support.c
[1.076s] -- Installing: /home/nuna/ipm-ws/install/vision_msgs/include/vision_msgs/vision_msgs/msg/detail/classification__type_support.c
[1.077s] -- Installing: /home/nuna/ipm-ws/install/vision_msgs/include/vision_msgs/vision_msgs/msg/detail/bounding_box2_d__type_support.c
[1.077s] -- Up-to-date: /home/nuna/ipm-ws/install/vision_msgs/include/vision_msgs/vision_msgs/msg/detail/object_hypothesis__rosidl_typesupport_introspection_c.h
[1.077s] -- Installing: /home/nuna/ipm-ws/install/vision_msgs/include/vision_msgs/vision_msgs/msg/detail/pose2_d__type_support.c
[1.077s] -- Installing: /home/nuna/ipm-ws/install/vision_msgs/include/vision_msgs/vision_msgs/msg/detail/detection3_d__type_support.c
[1.077s] -- Up-to-date: /home/nuna/ipm-ws/install/vision_msgs/include/vision_msgs/vision_msgs/msg/detail/detection2_d__rosidl_typesupport_introspection_c.h
[1.077s] -- Up-to-date: /home/nuna/ipm-ws/install/vision_msgs/include/vision_msgs/vision_msgs/msg/detail/label_info__rosidl_typesupport_introspection_c.h
[1.077s] -- Installing: /home/nuna/ipm-ws/install/vision_msgs/include/vision_msgs/vision_msgs/msg/detail/bounding_box3_d__type_support.c
[1.077s] -- Installing: /home/nuna/ipm-ws/install/vision_msgs/include/vision_msgs/vision_msgs/msg/detail/vision_class__type_support.c
[1.077s] -- Installing: /home/nuna/ipm-ws/install/vision_msgs/include/vision_msgs/vision_msgs/msg/detail/bounding_box3_d_array__type_support.c
[1.077s] -- Up-to-date: /home/nuna/ipm-ws/install/vision_msgs/include/vision_msgs/vision_msgs/msg/detail/bounding_box3_d__rosidl_typesupport_introspection_c.h
[1.078s] -- Up-to-date: /home/nuna/ipm-ws/install/vision_msgs/include/vision_msgs/vision_msgs/msg/detail/vision_info__rosidl_typesupport_introspection_c.h
[1.078s] -- Up-to-date: /home/nuna/ipm-ws/install/vision_msgs/include/vision_msgs/vision_msgs/msg/detail/detection2_d_array__rosidl_typesupport_introspection_c.h
[1.078s] -- Installing: /home/nuna/ipm-ws/install/vision_msgs/include/vision_msgs/vision_msgs/msg/detail/vision_info__type_support.c
[1.078s] -- Up-to-date: /home/nuna/ipm-ws/install/vision_msgs/include/vision_msgs/vision_msgs/msg/detail/vision_class__rosidl_typesupport_introspection_c.h
[1.078s] -- Up-to-date: /home/nuna/ipm-ws/install/vision_msgs/include/vision_msgs/vision_msgs/msg/detail/object_hypothesis_with_pose__rosidl_typesupport_introspection_c.h
[1.078s] -- Up-to-date: /home/nuna/ipm-ws/install/vision_msgs/lib/libvision_msgs__rosidl_typesupport_introspection_c.so
[1.079s] -- Up-to-date: /home/nuna/ipm-ws/install/vision_msgs/lib/libvision_msgs__rosidl_typesupport_c.so
[1.079s] -- Up-to-date: /home/nuna/ipm-ws/install/vision_msgs/include/vision_msgs/vision_msgs
[1.079s] -- Up-to-date: /home/nuna/ipm-ws/install/vision_msgs/include/vision_msgs/vision_msgs/msg
[1.080s] -- Up-to-date: /home/nuna/ipm-ws/install/vision_msgs/include/vision_msgs/vision_msgs/msg/detail
[1.080s] -- Up-to-date: /home/nuna/ipm-ws/install/vision_msgs/include/vision_msgs/vision_msgs/msg/detail/label_info__type_support.cpp
[1.080s] -- Up-to-date: /home/nuna/ipm-ws/install/vision_msgs/include/vision_msgs/vision_msgs/msg/detail/detection3_d_array__type_support.cpp
[1.081s] -- Up-to-date: /home/nuna/ipm-ws/install/vision_msgs/include/vision_msgs/vision_msgs/msg/detail/object_hypothesis_with_pose__rosidl_typesupport_introspection_cpp.hpp
[1.081s] -- Up-to-date: /home/nuna/ipm-ws/install/vision_msgs/include/vision_msgs/vision_msgs/msg/detail/detection2_d__rosidl_typesupport_introspection_cpp.hpp
[1.081s] -- Up-to-date: /home/nuna/ipm-ws/install/vision_msgs/include/vision_msgs/vision_msgs/msg/detail/vision_class__type_support.cpp
[1.081s] -- Up-to-date: /home/nuna/ipm-ws/install/vision_msgs/include/vision_msgs/vision_msgs/msg/detail/vision_info__type_support.cpp
[1.081s] -- Up-to-date: /home/nuna/ipm-ws/install/vision_msgs/include/vision_msgs/vision_msgs/msg/detail/bounding_box2_d__type_support.cpp
[1.082s] -- Up-to-date: /home/nuna/ipm-ws/install/vision_msgs/include/vision_msgs/vision_msgs/msg/detail/object_hypothesis__rosidl_typesupport_introspection_cpp.hpp
[1.082s] -- Up-to-date: /home/nuna/ipm-ws/install/vision_msgs/include/vision_msgs/vision_msgs/msg/detail/bounding_box2_d_array__rosidl_typesupport_introspection_cpp.hpp
[1.082s] -- Up-to-date: /home/nuna/ipm-ws/install/vision_msgs/include/vision_msgs/vision_msgs/msg/detail/vision_info__rosidl_typesupport_introspection_cpp.hpp
[1.082s] -- Up-to-date: /home/nuna/ipm-ws/install/vision_msgs/include/vision_msgs/vision_msgs/msg/detail/point2_d__rosidl_typesupport_introspection_cpp.hpp
[1.082s] -- Up-to-date: /home/nuna/ipm-ws/install/vision_msgs/include/vision_msgs/vision_msgs/msg/detail/bounding_box3_d_array__type_support.cpp
[1.082s] -- Up-to-date: /home/nuna/ipm-ws/install/vision_msgs/include/vision_msgs/vision_msgs/msg/detail/bounding_box2_d_array__type_support.cpp
[1.082s] -- Up-to-date: /home/nuna/ipm-ws/install/vision_msgs/include/vision_msgs/vision_msgs/msg/detail/detection2_d_array__type_support.cpp
[1.083s] -- Up-to-date: /home/nuna/ipm-ws/install/vision_msgs/include/vision_msgs/vision_msgs/msg/detail/detection2_d_array__rosidl_typesupport_introspection_cpp.hpp
[1.083s] -- Up-to-date: /home/nuna/ipm-ws/install/vision_msgs/include/vision_msgs/vision_msgs/msg/detail/detection3_d_array__rosidl_typesupport_introspection_cpp.hpp
[1.083s] -- Up-to-date: /home/nuna/ipm-ws/install/vision_msgs/include/vision_msgs/vision_msgs/msg/detail/detection2_d__type_support.cpp
[1.083s] -- Up-to-date: /home/nuna/ipm-ws/install/vision_msgs/include/vision_msgs/vision_msgs/msg/detail/bounding_box2_d__rosidl_typesupport_introspection_cpp.hpp
[1.083s] -- Up-to-date: /home/nuna/ipm-ws/install/vision_msgs/include/vision_msgs/vision_msgs/msg/detail/bounding_box3_d_array__rosidl_typesupport_introspection_cpp.hpp
[1.083s] -- Up-to-date: /home/nuna/ipm-ws/install/vision_msgs/include/vision_msgs/vision_msgs/msg/detail/object_hypothesis__type_support.cpp
[1.083s] -- Up-to-date: /home/nuna/ipm-ws/install/vision_msgs/include/vision_msgs/vision_msgs/msg/detail/point2_d__type_support.cpp
[1.083s] -- Up-to-date: /home/nuna/ipm-ws/install/vision_msgs/include/vision_msgs/vision_msgs/msg/detail/bounding_box3_d__type_support.cpp
[1.083s] -- Up-to-date: /home/nuna/ipm-ws/install/vision_msgs/include/vision_msgs/vision_msgs/msg/detail/detection3_d__rosidl_typesupport_introspection_cpp.hpp
[1.083s] -- Up-to-date: /home/nuna/ipm-ws/install/vision_msgs/include/vision_msgs/vision_msgs/msg/detail/classification__rosidl_typesupport_introspection_cpp.hpp
[1.083s] -- Up-to-date: /home/nuna/ipm-ws/install/vision_msgs/include/vision_msgs/vision_msgs/msg/detail/label_info__rosidl_typesupport_introspection_cpp.hpp
[1.083s] -- Up-to-date: /home/nuna/ipm-ws/install/vision_msgs/include/vision_msgs/vision_msgs/msg/detail/object_hypothesis_with_pose__type_support.cpp
[1.083s] -- Up-to-date: /home/nuna/ipm-ws/install/vision_msgs/include/vision_msgs/vision_msgs/msg/detail/bounding_box3_d__rosidl_typesupport_introspection_cpp.hpp
[1.083s] -- Up-to-date: /home/nuna/ipm-ws/install/vision_msgs/include/vision_msgs/vision_msgs/msg/detail/classification__type_support.cpp
[1.083s] -- Up-to-date: /home/nuna/ipm-ws/install/vision_msgs/include/vision_msgs/vision_msgs/msg/detail/pose2_d__rosidl_typesupport_introspection_cpp.hpp
[1.083s] -- Up-to-date: /home/nuna/ipm-ws/install/vision_msgs/include/vision_msgs/vision_msgs/msg/detail/detection3_d__type_support.cpp
[1.083s] -- Up-to-date: /home/nuna/ipm-ws/install/vision_msgs/include/vision_msgs/vision_msgs/msg/detail/pose2_d__type_support.cpp
[1.083s] -- Up-to-date: /home/nuna/ipm-ws/install/vision_msgs/include/vision_msgs/vision_msgs/msg/detail/vision_class__rosidl_typesupport_introspection_cpp.hpp
[1.083s] -- Up-to-date: /home/nuna/ipm-ws/install/vision_msgs/lib/libvision_msgs__rosidl_typesupport_introspection_cpp.so
[1.084s] -- Up-to-date: /home/nuna/ipm-ws/install/vision_msgs/lib/libvision_msgs__rosidl_typesupport_cpp.so
[1.084s] -- Up-to-date: /home/nuna/ipm-ws/install/vision_msgs/share/vision_msgs/environment/pythonpath.sh
[1.084s] -- Up-to-date: /home/nuna/ipm-ws/install/vision_msgs/share/vision_msgs/environment/pythonpath.dsv
[1.084s] -- Up-to-date: /home/nuna/ipm-ws/install/vision_msgs/lib/python3.10/site-packages/vision_msgs-4.1.0-py3.10.egg-info
[1.084s] -- Installing: /home/nuna/ipm-ws/install/vision_msgs/lib/python3.10/site-packages/vision_msgs-4.1.0-py3.10.egg-info/top_level.txt
[1.084s] -- Installing: /home/nuna/ipm-ws/install/vision_msgs/lib/python3.10/site-packages/vision_msgs-4.1.0-py3.10.egg-info/dependency_links.txt
[1.084s] -- Installing: /home/nuna/ipm-ws/install/vision_msgs/lib/python3.10/site-packages/vision_msgs-4.1.0-py3.10.egg-info/SOURCES.txt
[1.084s] -- Installing: /home/nuna/ipm-ws/install/vision_msgs/lib/python3.10/site-packages/vision_msgs-4.1.0-py3.10.egg-info/PKG-INFO
[1.084s] -- Up-to-date: /home/nuna/ipm-ws/install/vision_msgs/lib/python3.10/site-packages/vision_msgs
[1.084s] -- Up-to-date: /home/nuna/ipm-ws/install/vision_msgs/lib/python3.10/site-packages/vision_msgs/libvision_msgs__rosidl_generator_py.so
[1.084s] -- Up-to-date: /home/nuna/ipm-ws/install/vision_msgs/lib/python3.10/site-packages/vision_msgs/vision_msgs_s__rosidl_typesupport_c.cpython-310-x86_64-linux-gnu.so
[1.084s] -- Up-to-date: /home/nuna/ipm-ws/install/vision_msgs/lib/python3.10/site-packages/vision_msgs/vision_msgs_s__rosidl_typesupport_fastrtps_c.cpython-310-x86_64-linux-gnu.so
[1.084s] -- Up-to-date: /home/nuna/ipm-ws/install/vision_msgs/lib/python3.10/site-packages/vision_msgs/msg
[1.084s] -- Up-to-date: /home/nuna/ipm-ws/install/vision_msgs/lib/python3.10/site-packages/vision_msgs/msg/_bounding_box2_d.py
[1.085s] -- Up-to-date: /home/nuna/ipm-ws/install/vision_msgs/lib/python3.10/site-packages/vision_msgs/msg/_point2_d.py
[1.085s] -- Up-to-date: /home/nuna/ipm-ws/install/vision_msgs/lib/python3.10/site-packages/vision_msgs/msg/_object_hypothesis_with_pose_s.c
[1.085s] -- Up-to-date: /home/nuna/ipm-ws/install/vision_msgs/lib/python3.10/site-packages/vision_msgs/msg/_detection3_d.py
[1.085s] -- Up-to-date: /home/nuna/ipm-ws/install/vision_msgs/lib/python3.10/site-packages/vision_msgs/msg/_object_hypothesis_with_pose.py
[1.085s] -- Up-to-date: /home/nuna/ipm-ws/install/vision_msgs/lib/python3.10/site-packages/vision_msgs/msg/_bounding_box2_d_s.c
[1.085s] -- Up-to-date: /home/nuna/ipm-ws/install/vision_msgs/lib/python3.10/site-packages/vision_msgs/msg/_point2_d_s.c
[1.085s] -- Up-to-date: /home/nuna/ipm-ws/install/vision_msgs/lib/python3.10/site-packages/vision_msgs/msg/_detection3_d_array.py
[1.085s] -- Up-to-date: /home/nuna/ipm-ws/install/vision_msgs/lib/python3.10/site-packages/vision_msgs/msg/_detection2_d_array_s.c
[1.085s] -- Up-to-date: /home/nuna/ipm-ws/install/vision_msgs/lib/python3.10/site-packages/vision_msgs/msg/_object_hypothesis_s.c
[1.085s] -- Up-to-date: /home/nuna/ipm-ws/install/vision_msgs/lib/python3.10/site-packages/vision_msgs/msg/_object_hypothesis.py
[1.085s] -- Up-to-date: /home/nuna/ipm-ws/install/vision_msgs/lib/python3.10/site-packages/vision_msgs/msg/_vision_info_s.c
[1.085s] -- Up-to-date: /home/nuna/ipm-ws/install/vision_msgs/lib/python3.10/site-packages/vision_msgs/msg/_detection2_d_array.py
[1.085s] -- Up-to-date: /home/nuna/ipm-ws/install/vision_msgs/lib/python3.10/site-packages/vision_msgs/msg/_label_info_s.c
[1.085s] -- Up-to-date: /home/nuna/ipm-ws/install/vision_msgs/lib/python3.10/site-packages/vision_msgs/msg/_vision_class_s.c
[1.085s] -- Up-to-date: /home/nuna/ipm-ws/install/vision_msgs/lib/python3.10/site-packages/vision_msgs/msg/_label_info.py
[1.086s] -- Up-to-date: /home/nuna/ipm-ws/install/vision_msgs/lib/python3.10/site-packages/vision_msgs/msg/_classification_s.c
[1.086s] -- Up-to-date: /home/nuna/ipm-ws/install/vision_msgs/lib/python3.10/site-packages/vision_msgs/msg/_detection2_d.py
[1.086s] -- Up-to-date: /home/nuna/ipm-ws/install/vision_msgs/lib/python3.10/site-packages/vision_msgs/msg/__init__.py
[1.086s] -- Up-to-date: /home/nuna/ipm-ws/install/vision_msgs/lib/python3.10/site-packages/vision_msgs/msg/_pose2_d_s.c
[1.086s] -- Up-to-date: /home/nuna/ipm-ws/install/vision_msgs/lib/python3.10/site-packages/vision_msgs/msg/_pose2_d.py
[1.086s] -- Up-to-date: /home/nuna/ipm-ws/install/vision_msgs/lib/python3.10/site-packages/vision_msgs/msg/_bounding_box3_d_array_s.c
[1.086s] -- Up-to-date: /home/nuna/ipm-ws/install/vision_msgs/lib/python3.10/site-packages/vision_msgs/msg/_bounding_box3_d_s.c
[1.086s] -- Up-to-date: /home/nuna/ipm-ws/install/vision_msgs/lib/python3.10/site-packages/vision_msgs/msg/_bounding_box2_d_array.py
[1.086s] -- Up-to-date: /home/nuna/ipm-ws/install/vision_msgs/lib/python3.10/site-packages/vision_msgs/msg/_classification.py
[1.086s] -- Up-to-date: /home/nuna/ipm-ws/install/vision_msgs/lib/python3.10/site-packages/vision_msgs/msg/_vision_class.py
[1.086s] -- Up-to-date: /home/nuna/ipm-ws/install/vision_msgs/lib/python3.10/site-packages/vision_msgs/msg/_detection3_d_s.c
[1.086s] -- Up-to-date: /home/nuna/ipm-ws/install/vision_msgs/lib/python3.10/site-packages/vision_msgs/msg/_vision_info.py
[1.086s] -- Up-to-date: /home/nuna/ipm-ws/install/vision_msgs/lib/python3.10/site-packages/vision_msgs/msg/_bounding_box3_d.py
[1.086s] -- Up-to-date: /home/nuna/ipm-ws/install/vision_msgs/lib/python3.10/site-packages/vision_msgs/msg/_bounding_box2_d_array_s.c
[1.086s] -- Up-to-date: /home/nuna/ipm-ws/install/vision_msgs/lib/python3.10/site-packages/vision_msgs/msg/_bounding_box3_d_array.py
[1.087s] -- Up-to-date: /home/nuna/ipm-ws/install/vision_msgs/lib/python3.10/site-packages/vision_msgs/msg/_detection3_d_array_s.c
[1.087s] -- Up-to-date: /home/nuna/ipm-ws/install/vision_msgs/lib/python3.10/site-packages/vision_msgs/msg/_detection2_d_s.c
[1.087s] -- Up-to-date: /home/nuna/ipm-ws/install/vision_msgs/lib/python3.10/site-packages/vision_msgs/__init__.py
[1.087s] -- Up-to-date: /home/nuna/ipm-ws/install/vision_msgs/lib/python3.10/site-packages/vision_msgs/_vision_msgs_s.ep.rosidl_typesupport_c.c
[1.087s] -- Up-to-date: /home/nuna/ipm-ws/install/vision_msgs/lib/python3.10/site-packages/vision_msgs/_vision_msgs_s.ep.rosidl_typesupport_introspection_c.c
[1.087s] -- Up-to-date: /home/nuna/ipm-ws/install/vision_msgs/lib/python3.10/site-packages/vision_msgs/vision_msgs_s__rosidl_typesupport_introspection_c.cpython-310-x86_64-linux-gnu.so
[1.087s] -- Up-to-date: /home/nuna/ipm-ws/install/vision_msgs/lib/python3.10/site-packages/vision_msgs/_vision_msgs_s.ep.rosidl_typesupport_fastrtps_c.c
[1.092s] Listing '/home/nuna/ipm-ws/install/vision_msgs/lib/python3.10/site-packages/vision_msgs'...
[1.092s] Listing '/home/nuna/ipm-ws/install/vision_msgs/lib/python3.10/site-packages/vision_msgs/msg'...
[1.098s] -- Up-to-date: /home/nuna/ipm-ws/install/vision_msgs/lib/python3.10/site-packages/vision_msgs/vision_msgs_s__rosidl_typesupport_fastrtps_c.cpython-310-x86_64-linux-gnu.so
[1.098s] -- Up-to-date: /home/nuna/ipm-ws/install/vision_msgs/lib/python3.10/site-packages/vision_msgs/vision_msgs_s__rosidl_typesupport_introspection_c.cpython-310-x86_64-linux-gnu.so
[1.098s] -- Up-to-date: /home/nuna/ipm-ws/install/vision_msgs/lib/python3.10/site-packages/vision_msgs/vision_msgs_s__rosidl_typesupport_c.cpython-310-x86_64-linux-gnu.so
[1.098s] -- Up-to-date: /home/nuna/ipm-ws/install/vision_msgs/lib/libvision_msgs__rosidl_generator_py.so
[1.099s] -- Up-to-date: /home/nuna/ipm-ws/install/vision_msgs/share/vision_msgs/msg/BoundingBox2D.idl
[1.099s] -- Up-to-date: /home/nuna/ipm-ws/install/vision_msgs/share/vision_msgs/msg/BoundingBox2DArray.idl
[1.099s] -- Up-to-date: /home/nuna/ipm-ws/install/vision_msgs/share/vision_msgs/msg/BoundingBox3D.idl
[1.099s] -- Up-to-date: /home/nuna/ipm-ws/install/vision_msgs/share/vision_msgs/msg/BoundingBox3DArray.idl
[1.100s] -- Up-to-date: /home/nuna/ipm-ws/install/vision_msgs/share/vision_msgs/msg/Classification.idl
[1.100s] -- Up-to-date: /home/nuna/ipm-ws/install/vision_msgs/share/vision_msgs/msg/Detection2DArray.idl
[1.100s] -- Up-to-date: /home/nuna/ipm-ws/install/vision_msgs/share/vision_msgs/msg/Detection2D.idl
[1.100s] -- Up-to-date: /home/nuna/ipm-ws/install/vision_msgs/share/vision_msgs/msg/Detection3DArray.idl
[1.100s] -- Up-to-date: /home/nuna/ipm-ws/install/vision_msgs/share/vision_msgs/msg/Detection3D.idl
[1.100s] -- Up-to-date: /home/nuna/ipm-ws/install/vision_msgs/share/vision_msgs/msg/LabelInfo.idl
[1.100s] -- Up-to-date: /home/nuna/ipm-ws/install/vision_msgs/share/vision_msgs/msg/ObjectHypothesis.idl
[1.101s] -- Up-to-date: /home/nuna/ipm-ws/install/vision_msgs/share/vision_msgs/msg/ObjectHypothesisWithPose.idl
[1.102s] -- Up-to-date: /home/nuna/ipm-ws/install/vision_msgs/share/vision_msgs/msg/VisionClass.idl
[1.102s] -- Up-to-date: /home/nuna/ipm-ws/install/vision_msgs/share/vision_msgs/msg/Point2D.idl
[1.102s] -- Up-to-date: /home/nuna/ipm-ws/install/vision_msgs/share/vision_msgs/msg/Pose2D.idl
[1.102s] -- Up-to-date: /home/nuna/ipm-ws/install/vision_msgs/share/vision_msgs/msg/VisionInfo.idl
[1.102s] -- Up-to-date: /home/nuna/ipm-ws/install/vision_msgs/share/vision_msgs/msg/BoundingBox2D.msg
[1.102s] -- Up-to-date: /home/nuna/ipm-ws/install/vision_msgs/share/vision_msgs/msg/BoundingBox2DArray.msg
[1.102s] -- Up-to-date: /home/nuna/ipm-ws/install/vision_msgs/share/vision_msgs/msg/BoundingBox3D.msg
[1.103s] -- Up-to-date: /home/nuna/ipm-ws/install/vision_msgs/share/vision_msgs/msg/BoundingBox3DArray.msg
[1.103s] -- Up-to-date: /home/nuna/ipm-ws/install/vision_msgs/share/vision_msgs/msg/Classification.msg
[1.103s] -- Up-to-date: /home/nuna/ipm-ws/install/vision_msgs/share/vision_msgs/msg/Detection2DArray.msg
[1.103s] -- Up-to-date: /home/nuna/ipm-ws/install/vision_msgs/share/vision_msgs/msg/Detection2D.msg
[1.103s] -- Up-to-date: /home/nuna/ipm-ws/install/vision_msgs/share/vision_msgs/msg/Detection3DArray.msg
[1.103s] -- Up-to-date: /home/nuna/ipm-ws/install/vision_msgs/share/vision_msgs/msg/Detection3D.msg
[1.103s] -- Up-to-date: /home/nuna/ipm-ws/install/vision_msgs/share/vision_msgs/msg/LabelInfo.msg
[1.103s] -- Up-to-date: /home/nuna/ipm-ws/install/vision_msgs/share/vision_msgs/msg/ObjectHypothesis.msg
[1.104s] -- Up-to-date: /home/nuna/ipm-ws/install/vision_msgs/share/vision_msgs/msg/ObjectHypothesisWithPose.msg
[1.104s] -- Up-to-date: /home/nuna/ipm-ws/install/vision_msgs/share/vision_msgs/msg/VisionClass.msg
[1.105s] -- Up-to-date: /home/nuna/ipm-ws/install/vision_msgs/share/vision_msgs/msg/Point2D.msg
[1.105s] -- Up-to-date: /home/nuna/ipm-ws/install/vision_msgs/share/vision_msgs/msg/Pose2D.msg
[1.105s] -- Up-to-date: /home/nuna/ipm-ws/install/vision_msgs/share/vision_msgs/msg/VisionInfo.msg
[1.105s] -- Up-to-date: /home/nuna/ipm-ws/install/vision_msgs/include/vision_msgs
[1.105s] -- Up-to-date: /home/nuna/ipm-ws/install/vision_msgs/include/vision_msgs/create_aabb.hpp
[1.105s] -- Up-to-date: /home/nuna/ipm-ws/install/vision_msgs/share/ament_index/resource_index/package_run_dependencies/vision_msgs
[1.106s] -- Up-to-date: /home/nuna/ipm-ws/install/vision_msgs/share/ament_index/resource_index/parent_prefix_path/vision_msgs
[1.106s] -- Up-to-date: /home/nuna/ipm-ws/install/vision_msgs/share/vision_msgs/environment/ament_prefix_path.sh
[1.106s] -- Up-to-date: /home/nuna/ipm-ws/install/vision_msgs/share/vision_msgs/environment/ament_prefix_path.dsv
[1.106s] -- Up-to-date: /home/nuna/ipm-ws/install/vision_msgs/share/vision_msgs/environment/path.sh
[1.106s] -- Up-to-date: /home/nuna/ipm-ws/install/vision_msgs/share/vision_msgs/environment/path.dsv
[1.106s] -- Up-to-date: /home/nuna/ipm-ws/install/vision_msgs/share/vision_msgs/local_setup.bash
[1.107s] -- Up-to-date: /home/nuna/ipm-ws/install/vision_msgs/share/vision_msgs/local_setup.sh
[1.107s] -- Up-to-date: /home/nuna/ipm-ws/install/vision_msgs/share/vision_msgs/local_setup.zsh
[1.107s] -- Up-to-date: /home/nuna/ipm-ws/install/vision_msgs/share/vision_msgs/local_setup.dsv
[1.107s] -- Installing: /home/nuna/ipm-ws/install/vision_msgs/share/vision_msgs/package.dsv
[1.107s] -- Up-to-date: /home/nuna/ipm-ws/install/vision_msgs/share/ament_index/resource_index/packages/vision_msgs
[1.107s] -- Up-to-date: /home/nuna/ipm-ws/install/vision_msgs/share/vision_msgs/cmake/export_vision_msgs__rosidl_generator_cExport.cmake
[1.107s] -- Up-to-date: /home/nuna/ipm-ws/install/vision_msgs/share/vision_msgs/cmake/export_vision_msgs__rosidl_generator_cExport-noconfig.cmake
[1.107s] -- Up-to-date: /home/nuna/ipm-ws/install/vision_msgs/share/vision_msgs/cmake/export_vision_msgs__rosidl_typesupport_fastrtps_cExport.cmake
[1.107s] -- Up-to-date: /home/nuna/ipm-ws/install/vision_msgs/share/vision_msgs/cmake/export_vision_msgs__rosidl_typesupport_fastrtps_cExport-noconfig.cmake
[1.107s] -- Up-to-date: /home/nuna/ipm-ws/install/vision_msgs/share/vision_msgs/cmake/export_vision_msgs__rosidl_generator_cppExport.cmake
[1.107s] -- Up-to-date: /home/nuna/ipm-ws/install/vision_msgs/share/vision_msgs/cmake/export_vision_msgs__rosidl_typesupport_fastrtps_cppExport.cmake
[1.107s] -- Up-to-date: /home/nuna/ipm-ws/install/vision_msgs/share/vision_msgs/cmake/export_vision_msgs__rosidl_typesupport_fastrtps_cppExport-noconfig.cmake
[1.108s] -- Up-to-date: /home/nuna/ipm-ws/install/vision_msgs/share/vision_msgs/cmake/vision_msgs__rosidl_typesupport_introspection_cExport.cmake
[1.108s] -- Up-to-date: /home/nuna/ipm-ws/install/vision_msgs/share/vision_msgs/cmake/vision_msgs__rosidl_typesupport_introspection_cExport-noconfig.cmake
[1.108s] -- Up-to-date: /home/nuna/ipm-ws/install/vision_msgs/share/vision_msgs/cmake/vision_msgs__rosidl_typesupport_cExport.cmake
[1.108s] -- Up-to-date: /home/nuna/ipm-ws/install/vision_msgs/share/vision_msgs/cmake/vision_msgs__rosidl_typesupport_cExport-noconfig.cmake
[1.108s] -- Up-to-date: /home/nuna/ipm-ws/install/vision_msgs/share/vision_msgs/cmake/vision_msgs__rosidl_typesupport_introspection_cppExport.cmake
[1.108s] -- Up-to-date: /home/nuna/ipm-ws/install/vision_msgs/share/vision_msgs/cmake/vision_msgs__rosidl_typesupport_introspection_cppExport-noconfig.cmake
[1.108s] -- Up-to-date: /home/nuna/ipm-ws/install/vision_msgs/share/vision_msgs/cmake/vision_msgs__rosidl_typesupport_cppExport.cmake
[1.108s] -- Up-to-date: /home/nuna/ipm-ws/install/vision_msgs/share/vision_msgs/cmake/vision_msgs__rosidl_typesupport_cppExport-noconfig.cmake
[1.108s] -- Up-to-date: /home/nuna/ipm-ws/install/vision_msgs/share/vision_msgs/cmake/export_vision_msgs__rosidl_generator_pyExport.cmake
[1.108s] -- Up-to-date: /home/nuna/ipm-ws/install/vision_msgs/share/vision_msgs/cmake/export_vision_msgs__rosidl_generator_pyExport-noconfig.cmake
[1.108s] -- Up-to-date: /home/nuna/ipm-ws/install/vision_msgs/share/vision_msgs/cmake/rosidl_cmake-extras.cmake
[1.109s] -- Up-to-date: /home/nuna/ipm-ws/install/vision_msgs/share/vision_msgs/cmake/ament_cmake_export_dependencies-extras.cmake
[1.109s] -- Up-to-date: /home/nuna/ipm-ws/install/vision_msgs/share/vision_msgs/cmake/ament_cmake_export_include_directories-extras.cmake
[1.109s] -- Up-to-date: /home/nuna/ipm-ws/install/vision_msgs/share/vision_msgs/cmake/ament_cmake_export_libraries-extras.cmake
[1.109s] -- Up-to-date: /home/nuna/ipm-ws/install/vision_msgs/share/vision_msgs/cmake/ament_cmake_export_targets-extras.cmake
[1.109s] -- Up-to-date: /home/nuna/ipm-ws/install/vision_msgs/share/vision_msgs/cmake/rosidl_cmake_export_typesupport_targets-extras.cmake
[1.110s] -- Up-to-date: /home/nuna/ipm-ws/install/vision_msgs/share/vision_msgs/cmake/rosidl_cmake_export_typesupport_libraries-extras.cmake
[1.110s] -- Up-to-date: /home/nuna/ipm-ws/install/vision_msgs/share/vision_msgs/cmake/vision_msgsConfig.cmake
[1.110s] -- Up-to-date: /home/nuna/ipm-ws/install/vision_msgs/share/vision_msgs/cmake/vision_msgsConfig-version.cmake
[1.110s] -- Up-to-date: /home/nuna/ipm-ws/install/vision_msgs/share/vision_msgs/package.xml
[1.236s] Invoked command in '/home/nuna/ipm-ws/build/vision_msgs' returned '0': CMAKE_PREFIX_PATH=/opt/ros/rolling /home/nuna/.local/bin/cmake --install /home/nuna/ipm-ws/build/vision_msgs
