running egg_info
creating ../../../build/ipm_service/ipm_service.egg-info
writing ../../../build/ipm_service/ipm_service.egg-info/PKG-INFO
writing dependency_links to ../../../build/ipm_service/ipm_service.egg-info/dependency_links.txt
writing entry points to ../../../build/ipm_service/ipm_service.egg-info/entry_points.txt
writing requirements to ../../../build/ipm_service/ipm_service.egg-info/requires.txt
writing top-level names to ../../../build/ipm_service/ipm_service.egg-info/top_level.txt
writing manifest file '../../../build/ipm_service/ipm_service.egg-info/SOURCES.txt'
reading manifest file '../../../build/ipm_service/ipm_service.egg-info/SOURCES.txt'
writing manifest file '../../../build/ipm_service/ipm_service.egg-info/SOURCES.txt'
running build
running build_py
creating /home/nuna/ipm-ws/build/ipm_service/build
creating /home/nuna/ipm-ws/build/ipm_service/build/lib
creating /home/nuna/ipm-ws/build/ipm_service/build/lib/ipm_service
copying ipm_service/__init__.py -> /home/nuna/ipm-ws/build/ipm_service/build/lib/ipm_service
copying ipm_service/ipm.py -> /home/nuna/ipm-ws/build/ipm_service/build/lib/ipm_service
running install
/usr/lib/python3/dist-packages/setuptools/command/install.py:34: SetuptoolsDeprecationWarning: setup.py install is deprecated. Use build and pip and other standards-based tools.
  warnings.warn(
running install_lib
creating /home/nuna/ipm-ws/install/ipm_service/lib/python3.10/site-packages/ipm_service
copying /home/nuna/ipm-ws/build/ipm_service/build/lib/ipm_service/__init__.py -> /home/nuna/ipm-ws/install/ipm_service/lib/python3.10/site-packages/ipm_service
copying /home/nuna/ipm-ws/build/ipm_service/build/lib/ipm_service/ipm.py -> /home/nuna/ipm-ws/install/ipm_service/lib/python3.10/site-packages/ipm_service
byte-compiling /home/nuna/ipm-ws/install/ipm_service/lib/python3.10/site-packages/ipm_service/__init__.py to __init__.cpython-310.pyc
byte-compiling /home/nuna/ipm-ws/install/ipm_service/lib/python3.10/site-packages/ipm_service/ipm.py to ipm.cpython-310.pyc
running install_data
creating /home/nuna/ipm-ws/install/ipm_service/share/ament_index
creating /home/nuna/ipm-ws/install/ipm_service/share/ament_index/resource_index
creating /home/nuna/ipm-ws/install/ipm_service/share/ament_index/resource_index/packages
copying resource/ipm_service -> /home/nuna/ipm-ws/install/ipm_service/share/ament_index/resource_index/packages
copying package.xml -> /home/nuna/ipm-ws/install/ipm_service/share/ipm_service
running install_egg_info
Copying ../../../build/ipm_service/ipm_service.egg-info to /home/nuna/ipm-ws/install/ipm_service/lib/python3.10/site-packages/ipm_service-0.0.0-py3.10.egg-info
running install_scripts
Installing ipm_service script to /home/nuna/ipm-ws/install/ipm_service/lib/ipm_service
writing list of installed files to '/home/nuna/ipm-ws/build/ipm_service/install.log'
