[2.983s] Invoking command in '/home/nuna/ipm-ws/src/ipm/ipm_service': AMENT_PREFIX_PATH=/home/nuna/ipm-ws/install/ipm_library:/home/nuna/ipm-ws/install/ipm_interfaces:/home/nuna/ipm-ws/install/vision_msgs:${AMENT_PREFIX_PATH} CMAKE_PREFIX_PATH=/home/nuna/ipm-ws/install/ipm_interfaces:/home/nuna/ipm-ws/install/vision_msgs LD_LIBRARY_PATH=/home/nuna/ipm-ws/install/ipm_interfaces/lib:/home/nuna/ipm-ws/install/vision_msgs/lib:${LD_LIBRARY_PATH} PYTHONPATH=/home/nuna/ipm-ws/build/ipm_service/prefix_override:/home/nuna/ipm-ws/install/ipm_service/lib/python3.10/site-packages:/home/nuna/ipm-ws/install/ipm_library/lib/python3.10/site-packages:/home/nuna/ipm-ws/install/ipm_interfaces/lib/python3.10/site-packages:/home/nuna/ipm-ws/install/vision_msgs/lib/python3.10/site-packages:${PYTHONPATH} /usr/bin/python3 setup.py egg_info --egg-base ../../../build/ipm_service build --build-base /home/nuna/ipm-ws/build/ipm_service/build install --record /home/nuna/ipm-ws/build/ipm_service/install.log --single-version-externally-managed
[3.592s] running egg_info
[3.597s] creating ../../../build/ipm_service/ipm_service.egg-info
[3.598s] writing ../../../build/ipm_service/ipm_service.egg-info/PKG-INFO
[3.598s] writing dependency_links to ../../../build/ipm_service/ipm_service.egg-info/dependency_links.txt
[3.598s] writing entry points to ../../../build/ipm_service/ipm_service.egg-info/entry_points.txt
[3.598s] writing requirements to ../../../build/ipm_service/ipm_service.egg-info/requires.txt
[3.598s] writing top-level names to ../../../build/ipm_service/ipm_service.egg-info/top_level.txt
[3.598s] writing manifest file '../../../build/ipm_service/ipm_service.egg-info/SOURCES.txt'
[3.598s] reading manifest file '../../../build/ipm_service/ipm_service.egg-info/SOURCES.txt'
[3.598s] writing manifest file '../../../build/ipm_service/ipm_service.egg-info/SOURCES.txt'
[3.599s] running build
[3.599s] running build_py
[3.599s] creating /home/nuna/ipm-ws/build/ipm_service/build
[3.599s] creating /home/nuna/ipm-ws/build/ipm_service/build/lib
[3.599s] creating /home/nuna/ipm-ws/build/ipm_service/build/lib/ipm_service
[3.599s] copying ipm_service/__init__.py -> /home/nuna/ipm-ws/build/ipm_service/build/lib/ipm_service
[3.600s] copying ipm_service/ipm.py -> /home/nuna/ipm-ws/build/ipm_service/build/lib/ipm_service
[3.600s] running install
[3.601s] /usr/lib/python3/dist-packages/setuptools/command/install.py:34: SetuptoolsDeprecationWarning: setup.py install is deprecated. Use build and pip and other standards-based tools.
[3.601s]   warnings.warn(
[3.601s] running install_lib
[3.602s] creating /home/nuna/ipm-ws/install/ipm_service/lib/python3.10/site-packages/ipm_service
[3.602s] copying /home/nuna/ipm-ws/build/ipm_service/build/lib/ipm_service/__init__.py -> /home/nuna/ipm-ws/install/ipm_service/lib/python3.10/site-packages/ipm_service
[3.603s] copying /home/nuna/ipm-ws/build/ipm_service/build/lib/ipm_service/ipm.py -> /home/nuna/ipm-ws/install/ipm_service/lib/python3.10/site-packages/ipm_service
[3.603s] byte-compiling /home/nuna/ipm-ws/install/ipm_service/lib/python3.10/site-packages/ipm_service/__init__.py to __init__.cpython-310.pyc
[3.604s] byte-compiling /home/nuna/ipm-ws/install/ipm_service/lib/python3.10/site-packages/ipm_service/ipm.py to ipm.cpython-310.pyc
[3.605s] running install_data
[3.606s] creating /home/nuna/ipm-ws/install/ipm_service/share/ament_index
[3.606s] creating /home/nuna/ipm-ws/install/ipm_service/share/ament_index/resource_index
[3.606s] creating /home/nuna/ipm-ws/install/ipm_service/share/ament_index/resource_index/packages
[3.607s] copying resource/ipm_service -> /home/nuna/ipm-ws/install/ipm_service/share/ament_index/resource_index/packages
[3.608s] copying package.xml -> /home/nuna/ipm-ws/install/ipm_service/share/ipm_service
[3.608s] running install_egg_info
[3.616s] Copying ../../../build/ipm_service/ipm_service.egg-info to /home/nuna/ipm-ws/install/ipm_service/lib/python3.10/site-packages/ipm_service-0.0.0-py3.10.egg-info
[3.616s] running install_scripts
[3.649s] Installing ipm_service script to /home/nuna/ipm-ws/install/ipm_service/lib/ipm_service
[3.649s] writing list of installed files to '/home/nuna/ipm-ws/build/ipm_service/install.log'
[3.711s] Invoked command in '/home/nuna/ipm-ws/src/ipm/ipm_service' returned '0': AMENT_PREFIX_PATH=/home/nuna/ipm-ws/install/ipm_library:/home/nuna/ipm-ws/install/ipm_interfaces:/home/nuna/ipm-ws/install/vision_msgs:${AMENT_PREFIX_PATH} CMAKE_PREFIX_PATH=/home/nuna/ipm-ws/install/ipm_interfaces:/home/nuna/ipm-ws/install/vision_msgs LD_LIBRARY_PATH=/home/nuna/ipm-ws/install/ipm_interfaces/lib:/home/nuna/ipm-ws/install/vision_msgs/lib:${LD_LIBRARY_PATH} PYTHONPATH=/home/nuna/ipm-ws/build/ipm_service/prefix_override:/home/nuna/ipm-ws/install/ipm_service/lib/python3.10/site-packages:/home/nuna/ipm-ws/install/ipm_library/lib/python3.10/site-packages:/home/nuna/ipm-ws/install/ipm_interfaces/lib/python3.10/site-packages:/home/nuna/ipm-ws/install/vision_msgs/lib/python3.10/site-packages:${PYTHONPATH} /usr/bin/python3 setup.py egg_info --egg-base ../../../build/ipm_service build --build-base /home/nuna/ipm-ws/build/ipm_service/build install --record /home/nuna/ipm-ws/build/ipm_service/install.log --single-version-externally-managed
