running egg_info
creating ../../../build/ipm_image_node/ipm_image_node.egg-info
writing ../../../build/ipm_image_node/ipm_image_node.egg-info/PKG-INFO
writing dependency_links to ../../../build/ipm_image_node/ipm_image_node.egg-info/dependency_links.txt
writing entry points to ../../../build/ipm_image_node/ipm_image_node.egg-info/entry_points.txt
writing requirements to ../../../build/ipm_image_node/ipm_image_node.egg-info/requires.txt
writing top-level names to ../../../build/ipm_image_node/ipm_image_node.egg-info/top_level.txt
writing manifest file '../../../build/ipm_image_node/ipm_image_node.egg-info/SOURCES.txt'
reading manifest file '../../../build/ipm_image_node/ipm_image_node.egg-info/SOURCES.txt'
writing manifest file '../../../build/ipm_image_node/ipm_image_node.egg-info/SOURCES.txt'
running build
running build_py
creating /home/nuna/ipm-ws/build/ipm_image_node/build
creating /home/nuna/ipm-ws/build/ipm_image_node/build/lib
creating /home/nuna/ipm-ws/build/ipm_image_node/build/lib/ipm_image_node
copying ipm_image_node/__init__.py -> /home/nuna/ipm-ws/build/ipm_image_node/build/lib/ipm_image_node
copying ipm_image_node/ipm.py -> /home/nuna/ipm-ws/build/ipm_image_node/build/lib/ipm_image_node
running install
running install_lib
creating /home/nuna/ipm-ws/install/ipm_image_node/lib/python3.10/site-packages/ipm_image_node
copying /home/nuna/ipm-ws/build/ipm_image_node/build/lib/ipm_image_node/__init__.py -> /home/nuna/ipm-ws/install/ipm_image_node/lib/python3.10/site-packages/ipm_image_node
copying /home/nuna/ipm-ws/build/ipm_image_node/build/lib/ipm_image_node/ipm.py -> /home/nuna/ipm-ws/install/ipm_image_node/lib/python3.10/site-packages/ipm_image_node
byte-compiling /home/nuna/ipm-ws/install/ipm_image_node/lib/python3.10/site-packages/ipm_image_node/__init__.py to __init__.cpython-310.pyc
byte-compiling /home/nuna/ipm-ws/install/ipm_image_node/lib/python3.10/site-packages/ipm_image_node/ipm.py to ipm.cpython-310.pyc
running install_data
creating /home/nuna/ipm-ws/install/ipm_image_node/share/ament_index
creating /home/nuna/ipm-ws/install/ipm_image_node/share/ament_index/resource_index
creating /home/nuna/ipm-ws/install/ipm_image_node/share/ament_index/resource_index/packages
copying resource/ipm_image_node -> /home/nuna/ipm-ws/install/ipm_image_node/share/ament_index/resource_index/packages
copying package.xml -> /home/nuna/ipm-ws/install/ipm_image_node/share/ipm_image_node
running install_egg_info
Copying ../../../build/ipm_image_node/ipm_image_node.egg-info to /home/nuna/ipm-ws/install/ipm_image_node/lib/python3.10/site-packages/ipm_image_node-0.0.0-py3.10.egg-info
running install_scripts
Installing ipm script to /home/nuna/ipm-ws/install/ipm_image_node/lib/ipm_image_node
writing list of installed files to '/home/nuna/ipm-ws/build/ipm_image_node/install.log'
