[2.970s] Invoking command in '/home/nuna/ipm-ws/src/ipm/ipm_image_node': AMENT_PREFIX_PATH=/home/nuna/ipm-ws/install/ipm_library:/home/nuna/ipm-ws/install/ipm_interfaces:/home/nuna/ipm-ws/install/vision_msgs:${AMENT_PREFIX_PATH} CMAKE_PREFIX_PATH=/home/nuna/ipm-ws/install/ipm_interfaces:/home/nuna/ipm-ws/install/vision_msgs LD_LIBRARY_PATH=/home/nuna/ipm-ws/install/ipm_interfaces/lib:/home/nuna/ipm-ws/install/vision_msgs/lib:${LD_LIBRARY_PATH} PYTHONPATH=/home/nuna/ipm-ws/build/ipm_image_node/prefix_override:/home/nuna/ipm-ws/install/ipm_image_node/lib/python3.10/site-packages:/home/nuna/ipm-ws/install/ipm_library/lib/python3.10/site-packages:/home/nuna/ipm-ws/install/ipm_interfaces/lib/python3.10/site-packages:/home/nuna/ipm-ws/install/vision_msgs/lib/python3.10/site-packages:${PYTHONPATH} /usr/bin/python3 setup.py egg_info --egg-base ../../../build/ipm_image_node build --build-base /home/nuna/ipm-ws/build/ipm_image_node/build install --record /home/nuna/ipm-ws/build/ipm_image_node/install.log --single-version-externally-managed
[3.604s] running egg_info
[3.605s] creating ../../../build/ipm_image_node/ipm_image_node.egg-info
[3.606s] writing ../../../build/ipm_image_node/ipm_image_node.egg-info/PKG-INFO
[3.606s] writing dependency_links to ../../../build/ipm_image_node/ipm_image_node.egg-info/dependency_links.txt
[3.606s] writing entry points to ../../../build/ipm_image_node/ipm_image_node.egg-info/entry_points.txt
[3.606s] writing requirements to ../../../build/ipm_image_node/ipm_image_node.egg-info/requires.txt
[3.607s] writing top-level names to ../../../build/ipm_image_node/ipm_image_node.egg-info/top_level.txt
[3.627s] writing manifest file '../../../build/ipm_image_node/ipm_image_node.egg-info/SOURCES.txt'
[3.630s] reading manifest file '../../../build/ipm_image_node/ipm_image_node.egg-info/SOURCES.txt'
[3.631s] writing manifest file '../../../build/ipm_image_node/ipm_image_node.egg-info/SOURCES.txt'
[3.631s] running build
[3.631s] running build_py
[3.631s] creating /home/nuna/ipm-ws/build/ipm_image_node/build
[3.631s] creating /home/nuna/ipm-ws/build/ipm_image_node/build/lib
[3.635s] creating /home/nuna/ipm-ws/build/ipm_image_node/build/lib/ipm_image_node
[3.635s] copying ipm_image_node/__init__.py -> /home/nuna/ipm-ws/build/ipm_image_node/build/lib/ipm_image_node
[3.635s] copying ipm_image_node/ipm.py -> /home/nuna/ipm-ws/build/ipm_image_node/build/lib/ipm_image_node
[3.635s] running install
[3.636s] /usr/lib/python3/dist-packages/setuptools/command/install.py:34: SetuptoolsDeprecationWarning: setup.py install is deprecated. Use build and pip and other standards-based tools.
[3.636s]   warnings.warn(
[3.636s] running install_lib
[3.637s] creating /home/nuna/ipm-ws/install/ipm_image_node/lib/python3.10/site-packages/ipm_image_node
[3.637s] copying /home/nuna/ipm-ws/build/ipm_image_node/build/lib/ipm_image_node/__init__.py -> /home/nuna/ipm-ws/install/ipm_image_node/lib/python3.10/site-packages/ipm_image_node
[3.638s] copying /home/nuna/ipm-ws/build/ipm_image_node/build/lib/ipm_image_node/ipm.py -> /home/nuna/ipm-ws/install/ipm_image_node/lib/python3.10/site-packages/ipm_image_node
[3.639s] byte-compiling /home/nuna/ipm-ws/install/ipm_image_node/lib/python3.10/site-packages/ipm_image_node/__init__.py to __init__.cpython-310.pyc
[3.643s] byte-compiling /home/nuna/ipm-ws/install/ipm_image_node/lib/python3.10/site-packages/ipm_image_node/ipm.py to ipm.cpython-310.pyc
[3.644s] running install_data
[3.645s] creating /home/nuna/ipm-ws/install/ipm_image_node/share/ament_index
[3.645s] creating /home/nuna/ipm-ws/install/ipm_image_node/share/ament_index/resource_index
[3.646s] creating /home/nuna/ipm-ws/install/ipm_image_node/share/ament_index/resource_index/packages
[3.646s] copying resource/ipm_image_node -> /home/nuna/ipm-ws/install/ipm_image_node/share/ament_index/resource_index/packages
[3.647s] copying package.xml -> /home/nuna/ipm-ws/install/ipm_image_node/share/ipm_image_node
[3.647s] running install_egg_info
[3.650s] Copying ../../../build/ipm_image_node/ipm_image_node.egg-info to /home/nuna/ipm-ws/install/ipm_image_node/lib/python3.10/site-packages/ipm_image_node-0.0.0-py3.10.egg-info
[3.659s] running install_scripts
[3.691s] Installing ipm script to /home/nuna/ipm-ws/install/ipm_image_node/lib/ipm_image_node
[3.692s] writing list of installed files to '/home/nuna/ipm-ws/build/ipm_image_node/install.log'
[3.732s] Invoked command in '/home/nuna/ipm-ws/src/ipm/ipm_image_node' returned '0': AMENT_PREFIX_PATH=/home/nuna/ipm-ws/install/ipm_library:/home/nuna/ipm-ws/install/ipm_interfaces:/home/nuna/ipm-ws/install/vision_msgs:${AMENT_PREFIX_PATH} CMAKE_PREFIX_PATH=/home/nuna/ipm-ws/install/ipm_interfaces:/home/nuna/ipm-ws/install/vision_msgs LD_LIBRARY_PATH=/home/nuna/ipm-ws/install/ipm_interfaces/lib:/home/nuna/ipm-ws/install/vision_msgs/lib:${LD_LIBRARY_PATH} PYTHONPATH=/home/nuna/ipm-ws/build/ipm_image_node/prefix_override:/home/nuna/ipm-ws/install/ipm_image_node/lib/python3.10/site-packages:/home/nuna/ipm-ws/install/ipm_library/lib/python3.10/site-packages:/home/nuna/ipm-ws/install/ipm_interfaces/lib/python3.10/site-packages:/home/nuna/ipm-ws/install/vision_msgs/lib/python3.10/site-packages:${PYTHONPATH} /usr/bin/python3 setup.py egg_info --egg-base ../../../build/ipm_image_node build --build-base /home/nuna/ipm-ws/build/ipm_image_node/build install --record /home/nuna/ipm-ws/build/ipm_image_node/install.log --single-version-externally-managed
