[2.030s] Invoking command in '/home/nuna/ipm-ws/src/ipm/ipm_library': AMENT_PREFIX_PATH=/home/nuna/ipm-ws/install/ipm_interfaces:/home/nuna/ipm-ws/install/vision_msgs:${AMENT_PREFIX_PATH} CMAKE_PREFIX_PATH=/home/nuna/ipm-ws/install/ipm_interfaces:/home/nuna/ipm-ws/install/vision_msgs LD_LIBRARY_PATH=/home/nuna/ipm-ws/install/ipm_interfaces/lib:/home/nuna/ipm-ws/install/vision_msgs/lib:${LD_LIBRARY_PATH} PYTHONPATH=/home/nuna/ipm-ws/build/ipm_library/prefix_override:/home/nuna/ipm-ws/install/ipm_library/lib/python3.10/site-packages:/home/nuna/ipm-ws/install/ipm_interfaces/lib/python3.10/site-packages:/home/nuna/ipm-ws/install/vision_msgs/lib/python3.10/site-packages:${PYTHONPATH} /usr/bin/python3 setup.py egg_info --egg-base ../../../build/ipm_library build --build-base /home/nuna/ipm-ws/build/ipm_library/build install --record /home/nuna/ipm-ws/build/ipm_library/install.log --single-version-externally-managed
[2.625s] running egg_info
[2.626s] creating ../../../build/ipm_library/ipm_library.egg-info
[2.627s] writing ../../../build/ipm_library/ipm_library.egg-info/PKG-INFO
[2.642s] writing dependency_links to ../../../build/ipm_library/ipm_library.egg-info/dependency_links.txt
[2.643s] writing entry points to ../../../build/ipm_library/ipm_library.egg-info/entry_points.txt
[2.644s] writing requirements to ../../../build/ipm_library/ipm_library.egg-info/requires.txt
[2.644s] writing top-level names to ../../../build/ipm_library/ipm_library.egg-info/top_level.txt
[2.644s] writing manifest file '../../../build/ipm_library/ipm_library.egg-info/SOURCES.txt'
[2.645s] reading manifest file '../../../build/ipm_library/ipm_library.egg-info/SOURCES.txt'
[2.647s] writing manifest file '../../../build/ipm_library/ipm_library.egg-info/SOURCES.txt'
[2.647s] running build
[2.647s] running build_py
[2.647s] creating /home/nuna/ipm-ws/build/ipm_library/build
[2.647s] creating /home/nuna/ipm-ws/build/ipm_library/build/lib
[2.647s] creating /home/nuna/ipm-ws/build/ipm_library/build/lib/ipm_library
[2.650s] copying ipm_library/utils.py -> /home/nuna/ipm-ws/build/ipm_library/build/lib/ipm_library
[2.650s] copying ipm_library/exceptions.py -> /home/nuna/ipm-ws/build/ipm_library/build/lib/ipm_library
[2.650s] copying ipm_library/__init__.py -> /home/nuna/ipm-ws/build/ipm_library/build/lib/ipm_library
[2.650s] copying ipm_library/ipm.py -> /home/nuna/ipm-ws/build/ipm_library/build/lib/ipm_library
[2.651s] running install
[2.666s] /usr/lib/python3/dist-packages/setuptools/command/install.py:34: SetuptoolsDeprecationWarning: setup.py install is deprecated. Use build and pip and other standards-based tools.
[2.666s]   warnings.warn(
[2.666s] running install_lib
[2.668s] creating /home/nuna/ipm-ws/install/ipm_library/lib/python3.10/site-packages/ipm_library
[2.668s] copying /home/nuna/ipm-ws/build/ipm_library/build/lib/ipm_library/utils.py -> /home/nuna/ipm-ws/install/ipm_library/lib/python3.10/site-packages/ipm_library
[2.668s] copying /home/nuna/ipm-ws/build/ipm_library/build/lib/ipm_library/exceptions.py -> /home/nuna/ipm-ws/install/ipm_library/lib/python3.10/site-packages/ipm_library
[2.668s] copying /home/nuna/ipm-ws/build/ipm_library/build/lib/ipm_library/__init__.py -> /home/nuna/ipm-ws/install/ipm_library/lib/python3.10/site-packages/ipm_library
[2.668s] copying /home/nuna/ipm-ws/build/ipm_library/build/lib/ipm_library/ipm.py -> /home/nuna/ipm-ws/install/ipm_library/lib/python3.10/site-packages/ipm_library
[2.669s] byte-compiling /home/nuna/ipm-ws/install/ipm_library/lib/python3.10/site-packages/ipm_library/utils.py to utils.cpython-310.pyc
[2.671s] byte-compiling /home/nuna/ipm-ws/install/ipm_library/lib/python3.10/site-packages/ipm_library/exceptions.py to exceptions.cpython-310.pyc
[2.671s] byte-compiling /home/nuna/ipm-ws/install/ipm_library/lib/python3.10/site-packages/ipm_library/__init__.py to __init__.cpython-310.pyc
[2.671s] byte-compiling /home/nuna/ipm-ws/install/ipm_library/lib/python3.10/site-packages/ipm_library/ipm.py to ipm.cpython-310.pyc
[2.673s] running install_data
[2.673s] creating /home/nuna/ipm-ws/install/ipm_library/share/ament_index
[2.674s] creating /home/nuna/ipm-ws/install/ipm_library/share/ament_index/resource_index
[2.674s] creating /home/nuna/ipm-ws/install/ipm_library/share/ament_index/resource_index/packages
[2.674s] copying resource/ipm_library -> /home/nuna/ipm-ws/install/ipm_library/share/ament_index/resource_index/packages
[2.675s] copying package.xml -> /home/nuna/ipm-ws/install/ipm_library/share/ipm_library
[2.675s] running install_egg_info
[2.678s] Copying ../../../build/ipm_library/ipm_library.egg-info to /home/nuna/ipm-ws/install/ipm_library/lib/python3.10/site-packages/ipm_library-0.0.0-py3.10.egg-info
[2.679s] running install_scripts
[2.735s] writing list of installed files to '/home/nuna/ipm-ws/build/ipm_library/install.log'
[2.798s] Invoked command in '/home/nuna/ipm-ws/src/ipm/ipm_library' returned '0': AMENT_PREFIX_PATH=/home/nuna/ipm-ws/install/ipm_interfaces:/home/nuna/ipm-ws/install/vision_msgs:${AMENT_PREFIX_PATH} CMAKE_PREFIX_PATH=/home/nuna/ipm-ws/install/ipm_interfaces:/home/nuna/ipm-ws/install/vision_msgs LD_LIBRARY_PATH=/home/nuna/ipm-ws/install/ipm_interfaces/lib:/home/nuna/ipm-ws/install/vision_msgs/lib:${LD_LIBRARY_PATH} PYTHONPATH=/home/nuna/ipm-ws/build/ipm_library/prefix_override:/home/nuna/ipm-ws/install/ipm_library/lib/python3.10/site-packages:/home/nuna/ipm-ws/install/ipm_interfaces/lib/python3.10/site-packages:/home/nuna/ipm-ws/install/vision_msgs/lib/python3.10/site-packages:${PYTHONPATH} /usr/bin/python3 setup.py egg_info --egg-base ../../../build/ipm_library build --build-base /home/nuna/ipm-ws/build/ipm_library/build install --record /home/nuna/ipm-ws/build/ipm_library/install.log --single-version-externally-managed
