[ 28%] Built target rot_conv_sample_direct
[ 50%] Built target rotconvshared
[ 71%] Built target rotconvstatic
[ 85%] Built target rot_conv_sample_shared
[100%] Built target rot_conv_sample_static
-- Install configuration: ""
-- Up-to-date: /home/nuna/ipm-ws/install/rot_conv/share/rot_conv/environment/library_path.sh
-- Up-to-date: /home/nuna/ipm-ws/install/rot_conv/share/rot_conv/environment/library_path.dsv
-- Up-to-date: /home/nuna/ipm-ws/install/rot_conv/share/ament_index/resource_index/package_run_dependencies/rot_conv
-- Up-to-date: /home/nuna/ipm-ws/install/rot_conv/share/ament_index/resource_index/parent_prefix_path/rot_conv
-- Up-to-date: /home/nuna/ipm-ws/install/rot_conv/share/rot_conv/environment/ament_prefix_path.sh
-- Up-to-date: /home/nuna/ipm-ws/install/rot_conv/share/rot_conv/environment/ament_prefix_path.dsv
-- Up-to-date: /home/nuna/ipm-ws/install/rot_conv/share/rot_conv/environment/path.sh
-- Up-to-date: /home/nuna/ipm-ws/install/rot_conv/share/rot_conv/environment/path.dsv
-- Up-to-date: /home/nuna/ipm-ws/install/rot_conv/share/rot_conv/local_setup.bash
-- Up-to-date: /home/nuna/ipm-ws/install/rot_conv/share/rot_conv/local_setup.sh
-- Up-to-date: /home/nuna/ipm-ws/install/rot_conv/share/rot_conv/local_setup.zsh
-- Up-to-date: /home/nuna/ipm-ws/install/rot_conv/share/rot_conv/local_setup.dsv
-- Installing: /home/nuna/ipm-ws/install/rot_conv/share/rot_conv/package.dsv
-- Up-to-date: /home/nuna/ipm-ws/install/rot_conv/share/ament_index/resource_index/packages/rot_conv
-- Up-to-date: /home/nuna/ipm-ws/install/rot_conv/share/rot_conv/cmake/ament_cmake_export_dependencies-extras.cmake
-- Up-to-date: /home/nuna/ipm-ws/install/rot_conv/share/rot_conv/cmake/ament_cmake_export_include_directories-extras.cmake
-- Up-to-date: /home/nuna/ipm-ws/install/rot_conv/share/rot_conv/cmake/ament_cmake_export_libraries-extras.cmake
-- Up-to-date: /home/nuna/ipm-ws/install/rot_conv/share/rot_conv/cmake/rot_convConfig.cmake
-- Up-to-date: /home/nuna/ipm-ws/install/rot_conv/share/rot_conv/cmake/rot_convConfig-version.cmake
-- Up-to-date: /home/nuna/ipm-ws/install/rot_conv/share/rot_conv/package.xml
-- Up-to-date: /home/nuna/ipm-ws/install/rot_conv/lib/librotconvstatic.a
-- Up-to-date: /home/nuna/ipm-ws/install/rot_conv/lib/librotconvshared.so
-- Up-to-date: /home/nuna/ipm-ws/install/rot_conv/include
-- Up-to-date: /home/nuna/ipm-ws/install/rot_conv/include/rot_conv
-- Up-to-date: /home/nuna/ipm-ws/install/rot_conv/include/rot_conv/rot_conv_extras.h
-- Up-to-date: /home/nuna/ipm-ws/install/rot_conv/include/rot_conv/rot_conv.h
-- Up-to-date: /home/nuna/ipm-ws/install/rot_conv/include/rot_conv/rot_conv_impl.h
-- Up-to-date: /home/nuna/ipm-ws/install/rot_conv/include/rot_conv/rot_conv_frames.h
