[0.094s] Invoking command in '/home/nuna/ipm-ws/build/rot_conv': CMAKE_PREFIX_PATH=/opt/ros/rolling /home/nuna/.local/bin/cmake --build /home/nuna/ipm-ws/build/rot_conv -- -j8 -l8
[0.165s] [ 28%] Built target rot_conv_sample_direct
[0.167s] [ 50%] Built target rotconvshared
[0.171s] [ 71%] Built target rotconvstatic
[0.198s] [ 85%] Built target rot_conv_sample_shared
[0.204s] [100%] Built target rot_conv_sample_static
[0.215s] Invoked command in '/home/nuna/ipm-ws/build/rot_conv' returned '0': CMAKE_PREFIX_PATH=/opt/ros/rolling /home/nuna/.local/bin/cmake --build /home/nuna/ipm-ws/build/rot_conv -- -j8 -l8
[0.370s] Invoking command in '/home/nuna/ipm-ws/build/rot_conv': CMAKE_PREFIX_PATH=/opt/ros/rolling /home/nuna/.local/bin/cmake --install /home/nuna/ipm-ws/build/rot_conv
[0.404s] -- Install configuration: ""
[0.404s] -- Up-to-date: /home/nuna/ipm-ws/install/rot_conv/share/rot_conv/environment/library_path.sh
[0.405s] -- Up-to-date: /home/nuna/ipm-ws/install/rot_conv/share/rot_conv/environment/library_path.dsv
[0.405s] -- Up-to-date: /home/nuna/ipm-ws/install/rot_conv/share/ament_index/resource_index/package_run_dependencies/rot_conv
[0.405s] -- Up-to-date: /home/nuna/ipm-ws/install/rot_conv/share/ament_index/resource_index/parent_prefix_path/rot_conv
[0.405s] -- Up-to-date: /home/nuna/ipm-ws/install/rot_conv/share/rot_conv/environment/ament_prefix_path.sh
[0.405s] -- Up-to-date: /home/nuna/ipm-ws/install/rot_conv/share/rot_conv/environment/ament_prefix_path.dsv
[0.405s] -- Up-to-date: /home/nuna/ipm-ws/install/rot_conv/share/rot_conv/environment/path.sh
[0.405s] -- Up-to-date: /home/nuna/ipm-ws/install/rot_conv/share/rot_conv/environment/path.dsv
[0.405s] -- Up-to-date: /home/nuna/ipm-ws/install/rot_conv/share/rot_conv/local_setup.bash
[0.405s] -- Up-to-date: /home/nuna/ipm-ws/install/rot_conv/share/rot_conv/local_setup.sh
[0.406s] -- Up-to-date: /home/nuna/ipm-ws/install/rot_conv/share/rot_conv/local_setup.zsh
[0.406s] -- Up-to-date: /home/nuna/ipm-ws/install/rot_conv/share/rot_conv/local_setup.dsv
[0.406s] -- Installing: /home/nuna/ipm-ws/install/rot_conv/share/rot_conv/package.dsv
[0.406s] -- Up-to-date: /home/nuna/ipm-ws/install/rot_conv/share/ament_index/resource_index/packages/rot_conv
[0.406s] -- Up-to-date: /home/nuna/ipm-ws/install/rot_conv/share/rot_conv/cmake/ament_cmake_export_dependencies-extras.cmake
[0.406s] -- Up-to-date: /home/nuna/ipm-ws/install/rot_conv/share/rot_conv/cmake/ament_cmake_export_include_directories-extras.cmake
[0.406s] -- Up-to-date: /home/nuna/ipm-ws/install/rot_conv/share/rot_conv/cmake/ament_cmake_export_libraries-extras.cmake
[0.406s] -- Up-to-date: /home/nuna/ipm-ws/install/rot_conv/share/rot_conv/cmake/rot_convConfig.cmake
[0.406s] -- Up-to-date: /home/nuna/ipm-ws/install/rot_conv/share/rot_conv/cmake/rot_convConfig-version.cmake
[0.406s] -- Up-to-date: /home/nuna/ipm-ws/install/rot_conv/share/rot_conv/package.xml
[0.407s] -- Up-to-date: /home/nuna/ipm-ws/install/rot_conv/lib/librotconvstatic.a
[0.407s] -- Up-to-date: /home/nuna/ipm-ws/install/rot_conv/lib/librotconvshared.so
[0.407s] -- Up-to-date: /home/nuna/ipm-ws/install/rot_conv/include
[0.407s] -- Up-to-date: /home/nuna/ipm-ws/install/rot_conv/include/rot_conv
[0.407s] -- Up-to-date: /home/nuna/ipm-ws/install/rot_conv/include/rot_conv/rot_conv_extras.h
[0.407s] -- Up-to-date: /home/nuna/ipm-ws/install/rot_conv/include/rot_conv/rot_conv.h
[0.407s] -- Up-to-date: /home/nuna/ipm-ws/install/rot_conv/include/rot_conv/rot_conv_impl.h
[0.407s] -- Up-to-date: /home/nuna/ipm-ws/install/rot_conv/include/rot_conv/rot_conv_frames.h
[0.413s] Invoked command in '/home/nuna/ipm-ws/build/rot_conv' returned '0': CMAKE_PREFIX_PATH=/opt/ros/rolling /home/nuna/.local/bin/cmake --install /home/nuna/ipm-ws/build/rot_conv
